[2024-10-18T19:04:58.149+0000] {taskinstance.py:1037} DEBUG - previous_execution_date was called
[2024-10-18T19:04:58.180+0000] {__init__.py:51} DEBUG - Loading core task runner: StandardTaskRunner
[2024-10-18T19:04:58.199+0000] {taskinstance.py:1037} DEBUG - previous_execution_date was called
[2024-10-18T19:04:58.210+0000] {base_task_runner.py:68} DEBUG - Planning to run as the  user
[2024-10-18T19:04:58.214+0000] {taskinstance.py:789} DEBUG - Refreshing TaskInstance <TaskInstance: btcusdt_data_ingestion.ingest_btcusdt manual__2024-10-18T18:59:49.566391+00:00 [queued]> from DB
[2024-10-18T19:04:58.246+0000] {taskinstance.py:1112} DEBUG - <TaskInstance: btcusdt_data_ingestion.ingest_btcusdt manual__2024-10-18T18:59:49.566391+00:00 [queued]> dependency 'Task Instance Not Running' PASSED: True, Task is not in running state.
[2024-10-18T19:04:58.246+0000] {taskinstance.py:1112} DEBUG - <TaskInstance: btcusdt_data_ingestion.ingest_btcusdt manual__2024-10-18T18:59:49.566391+00:00 [queued]> dependency 'Previous Dagrun State' PASSED: True, The task did not have depends_on_past set.
[2024-10-18T19:04:58.246+0000] {taskinstance.py:1112} DEBUG - <TaskInstance: btcusdt_data_ingestion.ingest_btcusdt manual__2024-10-18T18:59:49.566391+00:00 [queued]> dependency 'Not In Retry Period' PASSED: True, The task instance was not marked for retrying.
[2024-10-18T19:04:58.247+0000] {taskinstance.py:1112} DEBUG - <TaskInstance: btcusdt_data_ingestion.ingest_btcusdt manual__2024-10-18T18:59:49.566391+00:00 [queued]> dependency 'Task Instance State' PASSED: True, Task state queued was valid.
[2024-10-18T19:04:58.248+0000] {taskinstance.py:1103} INFO - Dependencies all met for dep_context=non-requeueable deps ti=<TaskInstance: btcusdt_data_ingestion.ingest_btcusdt manual__2024-10-18T18:59:49.566391+00:00 [queued]>
[2024-10-18T19:04:58.250+0000] {taskinstance.py:1112} DEBUG - <TaskInstance: btcusdt_data_ingestion.ingest_btcusdt manual__2024-10-18T18:59:49.566391+00:00 [queued]> dependency 'Previous Dagrun State' PASSED: True, The task did not have depends_on_past set.
[2024-10-18T19:04:58.251+0000] {taskinstance.py:1112} DEBUG - <TaskInstance: btcusdt_data_ingestion.ingest_btcusdt manual__2024-10-18T18:59:49.566391+00:00 [queued]> dependency 'Task Concurrency' PASSED: True, Task concurrency is not set.
[2024-10-18T19:04:58.257+0000] {taskinstance.py:1112} DEBUG - <TaskInstance: btcusdt_data_ingestion.ingest_btcusdt manual__2024-10-18T18:59:49.566391+00:00 [queued]> dependency 'Pool Slots Available' PASSED: True, There are enough open slots in default_pool to execute the task
[2024-10-18T19:04:58.259+0000] {taskinstance.py:1112} DEBUG - <TaskInstance: btcusdt_data_ingestion.ingest_btcusdt manual__2024-10-18T18:59:49.566391+00:00 [queued]> dependency 'Not In Retry Period' PASSED: True, The task instance was not marked for retrying.
[2024-10-18T19:04:58.260+0000] {taskinstance.py:1103} INFO - Dependencies all met for dep_context=requeueable deps ti=<TaskInstance: btcusdt_data_ingestion.ingest_btcusdt manual__2024-10-18T18:59:49.566391+00:00 [queued]>
[2024-10-18T19:04:58.260+0000] {taskinstance.py:1308} INFO - Starting attempt 1 of 2
[2024-10-18T19:04:58.278+0000] {taskinstance.py:1327} INFO - Executing <Task(PythonOperator): ingest_btcusdt> on 2024-10-18 18:59:49.566391+00:00
[2024-10-18T19:04:58.284+0000] {standard_task_runner.py:57} INFO - Started process 242 to run task
[2024-10-18T19:04:58.289+0000] {standard_task_runner.py:84} INFO - Running: ['airflow', 'tasks', 'run', 'btcusdt_data_ingestion', 'ingest_btcusdt', 'manual__2024-10-18T18:59:49.566391+00:00', '--job-id', '161', '--raw', '--subdir', 'DAGS_FOLDER/ingest_btcusdt_data.py', '--cfg-path', '/tmp/tmpw3lfstxv']
[2024-10-18T19:04:58.293+0000] {standard_task_runner.py:85} INFO - Job 161: Subtask ingest_btcusdt
[2024-10-18T19:04:58.294+0000] {cli_action_loggers.py:65} DEBUG - Calling callbacks: [<function default_action_log at 0x7fb8145ae550>]
[2024-10-18T19:04:58.374+0000] {taskinstance.py:1037} DEBUG - previous_execution_date was called
[2024-10-18T19:04:58.386+0000] {task_command.py:410} INFO - Running <TaskInstance: btcusdt_data_ingestion.ingest_btcusdt manual__2024-10-18T18:59:49.566391+00:00 [running]> on host cd6dcf6990b1
[2024-10-18T19:04:58.387+0000] {settings.py:353} DEBUG - Disposing DB connection pool (PID 242)
[2024-10-18T19:04:58.387+0000] {settings.py:212} DEBUG - Setting up DB connection pool (PID 242)
[2024-10-18T19:04:58.388+0000] {settings.py:285} DEBUG - settings.prepare_engine_args(): Using NullPool
[2024-10-18T19:04:58.391+0000] {taskinstance.py:789} DEBUG - Refreshing TaskInstance <TaskInstance: btcusdt_data_ingestion.ingest_btcusdt manual__2024-10-18T18:59:49.566391+00:00 [running]> from DB
[2024-10-18T19:04:58.572+0000] {taskinstance.py:1037} DEBUG - previous_execution_date was called
[2024-10-18T19:04:58.583+0000] {taskinstance.py:868} DEBUG - Clearing XCom data
[2024-10-18T19:04:58.628+0000] {retries.py:80} DEBUG - Running RenderedTaskInstanceFields._do_delete_old_records with retries. Try 1 of 3
[2024-10-18T19:04:58.652+0000] {taskinstance.py:1545} INFO - Exporting env vars: AIRFLOW_CTX_DAG_OWNER='airflow' AIRFLOW_CTX_DAG_ID='btcusdt_data_ingestion' AIRFLOW_CTX_TASK_ID='ingest_btcusdt' AIRFLOW_CTX_EXECUTION_DATE='2024-10-18T18:59:49.566391+00:00' AIRFLOW_CTX_TRY_NUMBER='1' AIRFLOW_CTX_DAG_RUN_ID='manual__2024-10-18T18:59:49.566391+00:00'
[2024-10-18T19:04:58.653+0000] {__init__.py:117} DEBUG - Preparing lineage inlets and outlets
[2024-10-18T19:04:58.653+0000] {__init__.py:155} DEBUG - inlets: [], outlets: []
[2024-10-18T19:04:58.670+0000] {base.py:73} INFO - Using connection ID 'company_dw' for task execution.
[2024-10-18T19:04:58.778+0000] {logging_mixin.py:149} INFO - Loading file 1 of 10: data/tmp/split_7.csv
[2024-10-18T19:04:58.779+0000] {base.py:73} INFO - Using connection ID 'company_dw' for task execution.
[2024-10-18T19:05:03.330+0000] {taskinstance.py:789} DEBUG - Refreshing TaskInstance <TaskInstance: btcusdt_data_ingestion.ingest_btcusdt manual__2024-10-18T18:59:49.566391+00:00 [running]> from DB
[2024-10-18T19:05:03.345+0000] {job.py:213} DEBUG - [heartbeat]
[2024-10-18T19:05:03.396+0000] {logging_mixin.py:149} INFO - File 1 of 10 written to table 'btcusdt'
[2024-10-18T19:05:03.397+0000] {logging_mixin.py:149} INFO - Loading file 2 of 10: data/tmp/split_6.csv
[2024-10-18T19:05:03.398+0000] {base.py:73} INFO - Using connection ID 'company_dw' for task execution.
[2024-10-18T19:05:08.120+0000] {logging_mixin.py:149} INFO - File 2 of 10 written to table 'btcusdt'
[2024-10-18T19:05:08.122+0000] {logging_mixin.py:149} INFO - Loading file 3 of 10: data/tmp/split_4.csv
[2024-10-18T19:05:08.123+0000] {base.py:73} INFO - Using connection ID 'company_dw' for task execution.
[2024-10-18T19:05:08.382+0000] {taskinstance.py:789} DEBUG - Refreshing TaskInstance <TaskInstance: btcusdt_data_ingestion.ingest_btcusdt manual__2024-10-18T18:59:49.566391+00:00 [running]> from DB
[2024-10-18T19:05:08.394+0000] {job.py:213} DEBUG - [heartbeat]
[2024-10-18T19:05:13.431+0000] {taskinstance.py:789} DEBUG - Refreshing TaskInstance <TaskInstance: btcusdt_data_ingestion.ingest_btcusdt manual__2024-10-18T18:59:49.566391+00:00 [running]> from DB
[2024-10-18T19:05:13.448+0000] {job.py:213} DEBUG - [heartbeat]
[2024-10-18T19:05:13.878+0000] {logging_mixin.py:149} INFO - File 3 of 10 written to table 'btcusdt'
[2024-10-18T19:05:13.878+0000] {logging_mixin.py:149} INFO - Loading file 4 of 10: data/tmp/split_5.csv
[2024-10-18T19:05:13.880+0000] {base.py:73} INFO - Using connection ID 'company_dw' for task execution.
[2024-10-18T19:05:18.502+0000] {taskinstance.py:789} DEBUG - Refreshing TaskInstance <TaskInstance: btcusdt_data_ingestion.ingest_btcusdt manual__2024-10-18T18:59:49.566391+00:00 [running]> from DB
[2024-10-18T19:05:18.519+0000] {job.py:213} DEBUG - [heartbeat]
[2024-10-18T19:05:22.981+0000] {logging_mixin.py:149} INFO - File 4 of 10 written to table 'btcusdt'
[2024-10-18T19:05:22.983+0000] {logging_mixin.py:149} INFO - Loading file 5 of 10: data/tmp/split_1.csv
[2024-10-18T19:05:22.986+0000] {base.py:73} INFO - Using connection ID 'company_dw' for task execution.
[2024-10-18T19:05:23.552+0000] {taskinstance.py:789} DEBUG - Refreshing TaskInstance <TaskInstance: btcusdt_data_ingestion.ingest_btcusdt manual__2024-10-18T18:59:49.566391+00:00 [running]> from DB
[2024-10-18T19:05:23.576+0000] {job.py:213} DEBUG - [heartbeat]
[2024-10-18T19:05:28.643+0000] {taskinstance.py:789} DEBUG - Refreshing TaskInstance <TaskInstance: btcusdt_data_ingestion.ingest_btcusdt manual__2024-10-18T18:59:49.566391+00:00 [running]> from DB
[2024-10-18T19:05:28.660+0000] {job.py:213} DEBUG - [heartbeat]
[2024-10-18T19:05:31.108+0000] {logging_mixin.py:149} INFO - File 5 of 10 written to table 'btcusdt'
[2024-10-18T19:05:31.109+0000] {logging_mixin.py:149} INFO - Loading file 6 of 10: data/tmp/split_2.csv
[2024-10-18T19:05:31.111+0000] {base.py:73} INFO - Using connection ID 'company_dw' for task execution.
[2024-10-18T19:05:33.700+0000] {taskinstance.py:789} DEBUG - Refreshing TaskInstance <TaskInstance: btcusdt_data_ingestion.ingest_btcusdt manual__2024-10-18T18:59:49.566391+00:00 [running]> from DB
[2024-10-18T19:05:33.737+0000] {job.py:213} DEBUG - [heartbeat]
[2024-10-18T19:05:38.419+0000] {logging_mixin.py:149} INFO - File 6 of 10 written to table 'btcusdt'
[2024-10-18T19:05:38.420+0000] {logging_mixin.py:149} INFO - Loading file 7 of 10: data/tmp/split_3.csv
[2024-10-18T19:05:38.421+0000] {base.py:73} INFO - Using connection ID 'company_dw' for task execution.
[2024-10-18T19:05:38.788+0000] {taskinstance.py:789} DEBUG - Refreshing TaskInstance <TaskInstance: btcusdt_data_ingestion.ingest_btcusdt manual__2024-10-18T18:59:49.566391+00:00 [running]> from DB
[2024-10-18T19:05:38.801+0000] {job.py:213} DEBUG - [heartbeat]
[2024-10-18T19:05:43.856+0000] {taskinstance.py:789} DEBUG - Refreshing TaskInstance <TaskInstance: btcusdt_data_ingestion.ingest_btcusdt manual__2024-10-18T18:59:49.566391+00:00 [running]> from DB
[2024-10-18T19:05:43.886+0000] {job.py:213} DEBUG - [heartbeat]
[2024-10-18T19:05:44.456+0000] {logging_mixin.py:149} INFO - File 7 of 10 written to table 'btcusdt'
[2024-10-18T19:05:44.456+0000] {logging_mixin.py:149} INFO - Loading file 8 of 10: data/tmp/split_10.csv
[2024-10-18T19:05:44.458+0000] {base.py:73} INFO - Using connection ID 'company_dw' for task execution.
[2024-10-18T19:05:48.943+0000] {taskinstance.py:789} DEBUG - Refreshing TaskInstance <TaskInstance: btcusdt_data_ingestion.ingest_btcusdt manual__2024-10-18T18:59:49.566391+00:00 [running]> from DB
[2024-10-18T19:05:48.967+0000] {job.py:213} DEBUG - [heartbeat]
[2024-10-18T19:05:53.358+0000] {logging_mixin.py:149} INFO - File 8 of 10 written to table 'btcusdt'
[2024-10-18T19:05:53.360+0000] {logging_mixin.py:149} INFO - Loading file 9 of 10: data/tmp/split_8.csv
[2024-10-18T19:05:53.368+0000] {base.py:73} INFO - Using connection ID 'company_dw' for task execution.
[2024-10-18T19:05:54.007+0000] {taskinstance.py:789} DEBUG - Refreshing TaskInstance <TaskInstance: btcusdt_data_ingestion.ingest_btcusdt manual__2024-10-18T18:59:49.566391+00:00 [running]> from DB
[2024-10-18T19:05:54.021+0000] {job.py:213} DEBUG - [heartbeat]
[2024-10-18T19:05:59.044+0000] {logging_mixin.py:149} INFO - File 9 of 10 written to table 'btcusdt'
[2024-10-18T19:05:59.044+0000] {logging_mixin.py:149} INFO - Loading file 10 of 10: data/tmp/split_9.csv
[2024-10-18T19:05:59.046+0000] {base.py:73} INFO - Using connection ID 'company_dw' for task execution.
[2024-10-18T19:05:59.067+0000] {taskinstance.py:789} DEBUG - Refreshing TaskInstance <TaskInstance: btcusdt_data_ingestion.ingest_btcusdt manual__2024-10-18T18:59:49.566391+00:00 [running]> from DB
[2024-10-18T19:05:59.084+0000] {job.py:213} DEBUG - [heartbeat]
[2024-10-18T19:06:04.059+0000] {logging_mixin.py:149} INFO - File 10 of 10 written to table 'btcusdt'
[2024-10-18T19:06:04.060+0000] {python.py:183} INFO - Done. Returned value was: None
[2024-10-18T19:06:04.068+0000] {__init__.py:75} DEBUG - Lineage called with inlets: [], outlets: []
[2024-10-18T19:06:04.069+0000] {taskinstance.py:789} DEBUG - Refreshing TaskInstance <TaskInstance: btcusdt_data_ingestion.ingest_btcusdt manual__2024-10-18T18:59:49.566391+00:00 [running]> from DB
[2024-10-18T19:06:04.118+0000] {taskinstance.py:1356} DEBUG - Clearing next_method and next_kwargs.
[2024-10-18T19:06:04.119+0000] {taskinstance.py:1345} INFO - Marking task as SUCCESS. dag_id=btcusdt_data_ingestion, task_id=ingest_btcusdt, execution_date=20241018T185949, start_date=20241018T190458, end_date=20241018T190604
[2024-10-18T19:06:04.120+0000] {taskinstance.py:2305} DEBUG - Task Duration set to 65.87066
[2024-10-18T19:06:04.124+0000] {taskinstance.py:789} DEBUG - Refreshing TaskInstance <TaskInstance: btcusdt_data_ingestion.ingest_btcusdt manual__2024-10-18T18:59:49.566391+00:00 [running]> from DB
[2024-10-18T19:06:04.144+0000] {job.py:213} DEBUG - [heartbeat]
[2024-10-18T19:06:04.573+0000] {cli_action_loggers.py:83} DEBUG - Calling callbacks: []
[2024-10-18T19:06:04.620+0000] {local_task_job_runner.py:225} INFO - Task exited with return code 0
[2024-10-18T19:06:04.655+0000] {dagrun.py:697} DEBUG - number of tis tasks for <DagRun btcusdt_data_ingestion @ 2024-10-18 18:59:49.566391+00:00: manual__2024-10-18T18:59:49.566391+00:00, state:running, queued_at: 2024-10-18 18:59:49.574846+00:00. externally triggered: True>: 0 task(s)
[2024-10-18T19:06:04.655+0000] {taskinstance.py:2651} INFO - 0 downstream tasks scheduled from follow-on schedule check
