[2024-10-18T17:32:05.165+0000] {taskinstance.py:1037} DEBUG - previous_execution_date was called
[2024-10-18T17:32:05.190+0000] {__init__.py:51} DEBUG - Loading core task runner: StandardTaskRunner
[2024-10-18T17:32:05.206+0000] {taskinstance.py:1037} DEBUG - previous_execution_date was called
[2024-10-18T17:32:05.212+0000] {base_task_runner.py:68} DEBUG - Planning to run as the  user
[2024-10-18T17:32:05.219+0000] {taskinstance.py:789} DEBUG - Refreshing TaskInstance <TaskInstance: btcusdt_data_ingestion.ingest_btcusdt manual__2024-10-18T17:22:30.643429+00:00 [queued]> from DB
[2024-10-18T17:32:05.244+0000] {taskinstance.py:1112} DEBUG - <TaskInstance: btcusdt_data_ingestion.ingest_btcusdt manual__2024-10-18T17:22:30.643429+00:00 [queued]> dependency 'Task Instance State' PASSED: True, Task state queued was valid.
[2024-10-18T17:32:05.244+0000] {taskinstance.py:1112} DEBUG - <TaskInstance: btcusdt_data_ingestion.ingest_btcusdt manual__2024-10-18T17:22:30.643429+00:00 [queued]> dependency 'Previous Dagrun State' PASSED: True, The task did not have depends_on_past set.
[2024-10-18T17:32:05.245+0000] {taskinstance.py:1112} DEBUG - <TaskInstance: btcusdt_data_ingestion.ingest_btcusdt manual__2024-10-18T17:22:30.643429+00:00 [queued]> dependency 'Task Instance Not Running' PASSED: True, Task is not in running state.
[2024-10-18T17:32:05.254+0000] {taskinstance.py:1112} DEBUG - <TaskInstance: btcusdt_data_ingestion.ingest_btcusdt manual__2024-10-18T17:22:30.643429+00:00 [queued]> dependency 'Not In Retry Period' PASSED: True, The task instance was not marked for retrying.
[2024-10-18T17:32:05.255+0000] {taskinstance.py:1103} INFO - Dependencies all met for dep_context=non-requeueable deps ti=<TaskInstance: btcusdt_data_ingestion.ingest_btcusdt manual__2024-10-18T17:22:30.643429+00:00 [queued]>
[2024-10-18T17:32:05.256+0000] {taskinstance.py:1112} DEBUG - <TaskInstance: btcusdt_data_ingestion.ingest_btcusdt manual__2024-10-18T17:22:30.643429+00:00 [queued]> dependency 'Task Concurrency' PASSED: True, Task concurrency is not set.
[2024-10-18T17:32:05.256+0000] {taskinstance.py:1112} DEBUG - <TaskInstance: btcusdt_data_ingestion.ingest_btcusdt manual__2024-10-18T17:22:30.643429+00:00 [queued]> dependency 'Previous Dagrun State' PASSED: True, The task did not have depends_on_past set.
[2024-10-18T17:32:05.261+0000] {taskinstance.py:1112} DEBUG - <TaskInstance: btcusdt_data_ingestion.ingest_btcusdt manual__2024-10-18T17:22:30.643429+00:00 [queued]> dependency 'Not In Retry Period' PASSED: True, The task instance was not marked for retrying.
[2024-10-18T17:32:05.265+0000] {taskinstance.py:1112} DEBUG - <TaskInstance: btcusdt_data_ingestion.ingest_btcusdt manual__2024-10-18T17:22:30.643429+00:00 [queued]> dependency 'Pool Slots Available' PASSED: True, There are enough open slots in default_pool to execute the task
[2024-10-18T17:32:05.266+0000] {taskinstance.py:1103} INFO - Dependencies all met for dep_context=requeueable deps ti=<TaskInstance: btcusdt_data_ingestion.ingest_btcusdt manual__2024-10-18T17:22:30.643429+00:00 [queued]>
[2024-10-18T17:32:05.266+0000] {taskinstance.py:1308} INFO - Starting attempt 2 of 2
[2024-10-18T17:32:05.279+0000] {taskinstance.py:1327} INFO - Executing <Task(PythonOperator): ingest_btcusdt> on 2024-10-18 17:22:30.643429+00:00
[2024-10-18T17:32:05.283+0000] {standard_task_runner.py:57} INFO - Started process 19421 to run task
[2024-10-18T17:32:05.289+0000] {standard_task_runner.py:84} INFO - Running: ['airflow', 'tasks', 'run', 'btcusdt_data_ingestion', 'ingest_btcusdt', 'manual__2024-10-18T17:22:30.643429+00:00', '--job-id', '126', '--raw', '--subdir', 'DAGS_FOLDER/ingest_btcusdt_data.py', '--cfg-path', '/tmp/tmp3_fbkrb9']
[2024-10-18T17:32:05.292+0000] {standard_task_runner.py:85} INFO - Job 126: Subtask ingest_btcusdt
[2024-10-18T17:32:05.293+0000] {cli_action_loggers.py:65} DEBUG - Calling callbacks: [<function default_action_log at 0x7f7ca9505550>]
[2024-10-18T17:32:05.357+0000] {taskinstance.py:1037} DEBUG - previous_execution_date was called
[2024-10-18T17:32:05.365+0000] {task_command.py:410} INFO - Running <TaskInstance: btcusdt_data_ingestion.ingest_btcusdt manual__2024-10-18T17:22:30.643429+00:00 [running]> on host 888d2c584607
[2024-10-18T17:32:05.366+0000] {settings.py:353} DEBUG - Disposing DB connection pool (PID 19421)
[2024-10-18T17:32:05.366+0000] {settings.py:212} DEBUG - Setting up DB connection pool (PID 19421)
[2024-10-18T17:32:05.367+0000] {settings.py:285} DEBUG - settings.prepare_engine_args(): Using NullPool
[2024-10-18T17:32:05.369+0000] {taskinstance.py:789} DEBUG - Refreshing TaskInstance <TaskInstance: btcusdt_data_ingestion.ingest_btcusdt manual__2024-10-18T17:22:30.643429+00:00 [running]> from DB
[2024-10-18T17:32:05.413+0000] {taskinstance.py:1037} DEBUG - previous_execution_date was called
[2024-10-18T17:32:05.422+0000] {taskinstance.py:868} DEBUG - Clearing XCom data
[2024-10-18T17:32:05.468+0000] {retries.py:80} DEBUG - Running RenderedTaskInstanceFields._do_delete_old_records with retries. Try 1 of 3
[2024-10-18T17:32:05.487+0000] {taskinstance.py:1545} INFO - Exporting env vars: AIRFLOW_CTX_DAG_OWNER='airflow' AIRFLOW_CTX_DAG_ID='btcusdt_data_ingestion' AIRFLOW_CTX_TASK_ID='ingest_btcusdt' AIRFLOW_CTX_EXECUTION_DATE='2024-10-18T17:22:30.643429+00:00' AIRFLOW_CTX_TRY_NUMBER='2' AIRFLOW_CTX_DAG_RUN_ID='manual__2024-10-18T17:22:30.643429+00:00'
[2024-10-18T17:32:05.488+0000] {__init__.py:117} DEBUG - Preparing lineage inlets and outlets
[2024-10-18T17:32:05.489+0000] {__init__.py:155} DEBUG - inlets: [], outlets: []
[2024-10-18T17:32:10.400+0000] {taskinstance.py:789} DEBUG - Refreshing TaskInstance <TaskInstance: btcusdt_data_ingestion.ingest_btcusdt manual__2024-10-18T17:22:30.643429+00:00 [running]> from DB
[2024-10-18T17:32:10.424+0000] {job.py:213} DEBUG - [heartbeat]
[2024-10-18T17:32:15.464+0000] {taskinstance.py:789} DEBUG - Refreshing TaskInstance <TaskInstance: btcusdt_data_ingestion.ingest_btcusdt manual__2024-10-18T17:22:30.643429+00:00 [running]> from DB
[2024-10-18T17:32:15.478+0000] {job.py:213} DEBUG - [heartbeat]
[2024-10-18T17:32:20.522+0000] {taskinstance.py:789} DEBUG - Refreshing TaskInstance <TaskInstance: btcusdt_data_ingestion.ingest_btcusdt manual__2024-10-18T17:22:30.643429+00:00 [running]> from DB
[2024-10-18T17:32:20.535+0000] {job.py:213} DEBUG - [heartbeat]
[2024-10-18T17:32:25.580+0000] {taskinstance.py:789} DEBUG - Refreshing TaskInstance <TaskInstance: btcusdt_data_ingestion.ingest_btcusdt manual__2024-10-18T17:22:30.643429+00:00 [running]> from DB
[2024-10-18T17:32:25.596+0000] {job.py:213} DEBUG - [heartbeat]
[2024-10-18T17:32:30.629+0000] {taskinstance.py:789} DEBUG - Refreshing TaskInstance <TaskInstance: btcusdt_data_ingestion.ingest_btcusdt manual__2024-10-18T17:22:30.643429+00:00 [running]> from DB
[2024-10-18T17:32:30.647+0000] {job.py:213} DEBUG - [heartbeat]
[2024-10-18T17:32:35.750+0000] {taskinstance.py:789} DEBUG - Refreshing TaskInstance <TaskInstance: btcusdt_data_ingestion.ingest_btcusdt manual__2024-10-18T17:22:30.643429+00:00 [running]> from DB
[2024-10-18T17:32:35.774+0000] {job.py:213} DEBUG - [heartbeat]
[2024-10-18T17:32:40.811+0000] {taskinstance.py:789} DEBUG - Refreshing TaskInstance <TaskInstance: btcusdt_data_ingestion.ingest_btcusdt manual__2024-10-18T17:22:30.643429+00:00 [running]> from DB
[2024-10-18T17:32:40.827+0000] {job.py:213} DEBUG - [heartbeat]
[2024-10-18T17:32:45.863+0000] {taskinstance.py:789} DEBUG - Refreshing TaskInstance <TaskInstance: btcusdt_data_ingestion.ingest_btcusdt manual__2024-10-18T17:22:30.643429+00:00 [running]> from DB
[2024-10-18T17:32:45.877+0000] {job.py:213} DEBUG - [heartbeat]
[2024-10-18T17:32:50.909+0000] {taskinstance.py:789} DEBUG - Refreshing TaskInstance <TaskInstance: btcusdt_data_ingestion.ingest_btcusdt manual__2024-10-18T17:22:30.643429+00:00 [running]> from DB
[2024-10-18T17:32:50.924+0000] {job.py:213} DEBUG - [heartbeat]
[2024-10-18T17:32:55.942+0000] {taskinstance.py:789} DEBUG - Refreshing TaskInstance <TaskInstance: btcusdt_data_ingestion.ingest_btcusdt manual__2024-10-18T17:22:30.643429+00:00 [running]> from DB
[2024-10-18T17:32:55.956+0000] {job.py:213} DEBUG - [heartbeat]
[2024-10-18T17:33:00.985+0000] {taskinstance.py:789} DEBUG - Refreshing TaskInstance <TaskInstance: btcusdt_data_ingestion.ingest_btcusdt manual__2024-10-18T17:22:30.643429+00:00 [running]> from DB
[2024-10-18T17:33:00.999+0000] {job.py:213} DEBUG - [heartbeat]
[2024-10-18T17:33:06.040+0000] {taskinstance.py:789} DEBUG - Refreshing TaskInstance <TaskInstance: btcusdt_data_ingestion.ingest_btcusdt manual__2024-10-18T17:22:30.643429+00:00 [running]> from DB
[2024-10-18T17:33:06.055+0000] {job.py:213} DEBUG - [heartbeat]
[2024-10-18T17:33:11.086+0000] {taskinstance.py:789} DEBUG - Refreshing TaskInstance <TaskInstance: btcusdt_data_ingestion.ingest_btcusdt manual__2024-10-18T17:22:30.643429+00:00 [running]> from DB
[2024-10-18T17:33:11.097+0000] {job.py:213} DEBUG - [heartbeat]
[2024-10-18T17:33:16.127+0000] {taskinstance.py:789} DEBUG - Refreshing TaskInstance <TaskInstance: btcusdt_data_ingestion.ingest_btcusdt manual__2024-10-18T17:22:30.643429+00:00 [running]> from DB
[2024-10-18T17:33:16.138+0000] {job.py:213} DEBUG - [heartbeat]
[2024-10-18T17:33:21.169+0000] {taskinstance.py:789} DEBUG - Refreshing TaskInstance <TaskInstance: btcusdt_data_ingestion.ingest_btcusdt manual__2024-10-18T17:22:30.643429+00:00 [running]> from DB
[2024-10-18T17:33:21.180+0000] {job.py:213} DEBUG - [heartbeat]
[2024-10-18T17:33:26.214+0000] {taskinstance.py:789} DEBUG - Refreshing TaskInstance <TaskInstance: btcusdt_data_ingestion.ingest_btcusdt manual__2024-10-18T17:22:30.643429+00:00 [running]> from DB
[2024-10-18T17:33:26.226+0000] {job.py:213} DEBUG - [heartbeat]
[2024-10-18T17:33:31.265+0000] {taskinstance.py:789} DEBUG - Refreshing TaskInstance <TaskInstance: btcusdt_data_ingestion.ingest_btcusdt manual__2024-10-18T17:22:30.643429+00:00 [running]> from DB
[2024-10-18T17:33:31.277+0000] {job.py:213} DEBUG - [heartbeat]
[2024-10-18T17:33:36.319+0000] {taskinstance.py:789} DEBUG - Refreshing TaskInstance <TaskInstance: btcusdt_data_ingestion.ingest_btcusdt manual__2024-10-18T17:22:30.643429+00:00 [running]> from DB
[2024-10-18T17:33:36.330+0000] {job.py:213} DEBUG - [heartbeat]
[2024-10-18T17:33:41.365+0000] {taskinstance.py:789} DEBUG - Refreshing TaskInstance <TaskInstance: btcusdt_data_ingestion.ingest_btcusdt manual__2024-10-18T17:22:30.643429+00:00 [running]> from DB
[2024-10-18T17:33:41.378+0000] {job.py:213} DEBUG - [heartbeat]
[2024-10-18T17:33:46.411+0000] {taskinstance.py:789} DEBUG - Refreshing TaskInstance <TaskInstance: btcusdt_data_ingestion.ingest_btcusdt manual__2024-10-18T17:22:30.643429+00:00 [running]> from DB
[2024-10-18T17:33:46.425+0000] {job.py:213} DEBUG - [heartbeat]
[2024-10-18T17:33:51.455+0000] {taskinstance.py:789} DEBUG - Refreshing TaskInstance <TaskInstance: btcusdt_data_ingestion.ingest_btcusdt manual__2024-10-18T17:22:30.643429+00:00 [running]> from DB
[2024-10-18T17:33:51.467+0000] {job.py:213} DEBUG - [heartbeat]
[2024-10-18T17:33:56.497+0000] {taskinstance.py:789} DEBUG - Refreshing TaskInstance <TaskInstance: btcusdt_data_ingestion.ingest_btcusdt manual__2024-10-18T17:22:30.643429+00:00 [running]> from DB
[2024-10-18T17:33:56.508+0000] {job.py:213} DEBUG - [heartbeat]
[2024-10-18T17:34:01.538+0000] {taskinstance.py:789} DEBUG - Refreshing TaskInstance <TaskInstance: btcusdt_data_ingestion.ingest_btcusdt manual__2024-10-18T17:22:30.643429+00:00 [running]> from DB
[2024-10-18T17:34:01.550+0000] {job.py:213} DEBUG - [heartbeat]
[2024-10-18T17:34:06.586+0000] {taskinstance.py:789} DEBUG - Refreshing TaskInstance <TaskInstance: btcusdt_data_ingestion.ingest_btcusdt manual__2024-10-18T17:22:30.643429+00:00 [running]> from DB
[2024-10-18T17:34:06.599+0000] {job.py:213} DEBUG - [heartbeat]
[2024-10-18T17:34:11.627+0000] {taskinstance.py:789} DEBUG - Refreshing TaskInstance <TaskInstance: btcusdt_data_ingestion.ingest_btcusdt manual__2024-10-18T17:22:30.643429+00:00 [running]> from DB
[2024-10-18T17:34:11.639+0000] {job.py:213} DEBUG - [heartbeat]
[2024-10-18T17:34:16.684+0000] {taskinstance.py:789} DEBUG - Refreshing TaskInstance <TaskInstance: btcusdt_data_ingestion.ingest_btcusdt manual__2024-10-18T17:22:30.643429+00:00 [running]> from DB
[2024-10-18T17:34:16.695+0000] {job.py:213} DEBUG - [heartbeat]
[2024-10-18T17:34:21.723+0000] {taskinstance.py:789} DEBUG - Refreshing TaskInstance <TaskInstance: btcusdt_data_ingestion.ingest_btcusdt manual__2024-10-18T17:22:30.643429+00:00 [running]> from DB
[2024-10-18T17:34:21.736+0000] {job.py:213} DEBUG - [heartbeat]
[2024-10-18T17:34:26.770+0000] {taskinstance.py:789} DEBUG - Refreshing TaskInstance <TaskInstance: btcusdt_data_ingestion.ingest_btcusdt manual__2024-10-18T17:22:30.643429+00:00 [running]> from DB
[2024-10-18T17:34:26.785+0000] {job.py:213} DEBUG - [heartbeat]
[2024-10-18T17:34:31.813+0000] {taskinstance.py:789} DEBUG - Refreshing TaskInstance <TaskInstance: btcusdt_data_ingestion.ingest_btcusdt manual__2024-10-18T17:22:30.643429+00:00 [running]> from DB
[2024-10-18T17:34:31.825+0000] {job.py:213} DEBUG - [heartbeat]
[2024-10-18T17:34:36.893+0000] {taskinstance.py:789} DEBUG - Refreshing TaskInstance <TaskInstance: btcusdt_data_ingestion.ingest_btcusdt manual__2024-10-18T17:22:30.643429+00:00 [running]> from DB
[2024-10-18T17:34:36.919+0000] {job.py:213} DEBUG - [heartbeat]
[2024-10-18T17:34:41.955+0000] {taskinstance.py:789} DEBUG - Refreshing TaskInstance <TaskInstance: btcusdt_data_ingestion.ingest_btcusdt manual__2024-10-18T17:22:30.643429+00:00 [running]> from DB
[2024-10-18T17:34:41.969+0000] {job.py:213} DEBUG - [heartbeat]
[2024-10-18T17:34:47.011+0000] {taskinstance.py:789} DEBUG - Refreshing TaskInstance <TaskInstance: btcusdt_data_ingestion.ingest_btcusdt manual__2024-10-18T17:22:30.643429+00:00 [running]> from DB
[2024-10-18T17:34:47.025+0000] {job.py:213} DEBUG - [heartbeat]
[2024-10-18T17:34:47.245+0000] {base.py:73} INFO - Using connection ID 'company_dw' for task execution.
[2024-10-18T17:34:47.252+0000] {logging_mixin.py:149} INFO - Loading file 1 of 1: data/tmp/split_1.csv
[2024-10-18T17:34:47.253+0000] {base.py:73} INFO - Using connection ID 'company_dw' for task execution.
[2024-10-18T17:34:47.349+0000] {taskinstance.py:1824} ERROR - Task failed with exception
Traceback (most recent call last):
  File "/home/airflow/.local/lib/python3.9/site-packages/airflow/operators/python.py", line 181, in execute
    return_value = self.execute_callable()
  File "/home/airflow/.local/lib/python3.9/site-packages/airflow/operators/python.py", line 198, in execute_callable
    return self.python_callable(*self.op_args, **self.op_kwargs)
  File "/opt/airflow/dags/ingest_btcusdt_data.py", line 149, in ingest_csv_to_postgres
    cursor.copy_expert(sql.SQL("COPY raw.{} FROM STDIN WITH CSV HEADER").format(sql.Identifier(table_name)), f)
NameError: name 'sql' is not defined
[2024-10-18T17:34:47.352+0000] {taskinstance.py:789} DEBUG - Refreshing TaskInstance <TaskInstance: btcusdt_data_ingestion.ingest_btcusdt manual__2024-10-18T17:22:30.643429+00:00 [running]> from DB
[2024-10-18T17:34:47.367+0000] {taskinstance.py:2305} DEBUG - Task Duration set to 162.110965
[2024-10-18T17:34:47.368+0000] {taskinstance.py:1356} DEBUG - Clearing next_method and next_kwargs.
[2024-10-18T17:34:47.368+0000] {taskinstance.py:1345} INFO - Marking task as FAILED. dag_id=btcusdt_data_ingestion, task_id=ingest_btcusdt, execution_date=20241018T172230, start_date=20241018T173205, end_date=20241018T173447
[2024-10-18T17:34:47.391+0000] {cli_action_loggers.py:83} DEBUG - Calling callbacks: []
[2024-10-18T17:34:47.392+0000] {standard_task_runner.py:104} ERROR - Failed to execute job 126 for task ingest_btcusdt (name 'sql' is not defined; 19421)
[2024-10-18T17:34:47.495+0000] {local_task_job_runner.py:225} INFO - Task exited with return code 1
[2024-10-18T17:34:47.537+0000] {dagrun.py:697} DEBUG - number of tis tasks for <DagRun btcusdt_data_ingestion @ 2024-10-18 17:22:30.643429+00:00: manual__2024-10-18T17:22:30.643429+00:00, state:running, queued_at: 2024-10-18 17:22:30.657116+00:00. externally triggered: True>: 0 task(s)
[2024-10-18T17:34:47.537+0000] {taskinstance.py:2651} INFO - 0 downstream tasks scheduled from follow-on schedule check
