[2024-10-18T17:22:35.717+0000] {taskinstance.py:1037} DEBUG - previous_execution_date was called
[2024-10-18T17:22:35.740+0000] {__init__.py:51} DEBUG - Loading core task runner: StandardTaskRunner
[2024-10-18T17:22:35.757+0000] {taskinstance.py:1037} DEBUG - previous_execution_date was called
[2024-10-18T17:22:35.765+0000] {base_task_runner.py:68} DEBUG - Planning to run as the  user
[2024-10-18T17:22:35.769+0000] {taskinstance.py:789} DEBUG - Refreshing TaskInstance <TaskInstance: btcusdt_data_ingestion.ingest_btcusdt manual__2024-10-18T17:22:30.643429+00:00 [queued]> from DB
[2024-10-18T17:22:35.791+0000] {taskinstance.py:1112} DEBUG - <TaskInstance: btcusdt_data_ingestion.ingest_btcusdt manual__2024-10-18T17:22:30.643429+00:00 [queued]> dependency 'Task Instance State' PASSED: True, Task state queued was valid.
[2024-10-18T17:22:35.792+0000] {taskinstance.py:1112} DEBUG - <TaskInstance: btcusdt_data_ingestion.ingest_btcusdt manual__2024-10-18T17:22:30.643429+00:00 [queued]> dependency 'Previous Dagrun State' PASSED: True, The task did not have depends_on_past set.
[2024-10-18T17:22:35.792+0000] {taskinstance.py:1112} DEBUG - <TaskInstance: btcusdt_data_ingestion.ingest_btcusdt manual__2024-10-18T17:22:30.643429+00:00 [queued]> dependency 'Task Instance Not Running' PASSED: True, Task is not in running state.
[2024-10-18T17:22:35.801+0000] {taskinstance.py:1112} DEBUG - <TaskInstance: btcusdt_data_ingestion.ingest_btcusdt manual__2024-10-18T17:22:30.643429+00:00 [queued]> dependency 'Not In Retry Period' PASSED: True, The task instance was not marked for retrying.
[2024-10-18T17:22:35.801+0000] {taskinstance.py:1103} INFO - Dependencies all met for dep_context=non-requeueable deps ti=<TaskInstance: btcusdt_data_ingestion.ingest_btcusdt manual__2024-10-18T17:22:30.643429+00:00 [queued]>
[2024-10-18T17:22:35.802+0000] {taskinstance.py:1112} DEBUG - <TaskInstance: btcusdt_data_ingestion.ingest_btcusdt manual__2024-10-18T17:22:30.643429+00:00 [queued]> dependency 'Task Concurrency' PASSED: True, Task concurrency is not set.
[2024-10-18T17:22:35.802+0000] {taskinstance.py:1112} DEBUG - <TaskInstance: btcusdt_data_ingestion.ingest_btcusdt manual__2024-10-18T17:22:30.643429+00:00 [queued]> dependency 'Previous Dagrun State' PASSED: True, The task did not have depends_on_past set.
[2024-10-18T17:22:35.808+0000] {taskinstance.py:1112} DEBUG - <TaskInstance: btcusdt_data_ingestion.ingest_btcusdt manual__2024-10-18T17:22:30.643429+00:00 [queued]> dependency 'Not In Retry Period' PASSED: True, The task instance was not marked for retrying.
[2024-10-18T17:22:35.814+0000] {taskinstance.py:1112} DEBUG - <TaskInstance: btcusdt_data_ingestion.ingest_btcusdt manual__2024-10-18T17:22:30.643429+00:00 [queued]> dependency 'Pool Slots Available' PASSED: True, There are enough open slots in default_pool to execute the task
[2024-10-18T17:22:35.815+0000] {taskinstance.py:1103} INFO - Dependencies all met for dep_context=requeueable deps ti=<TaskInstance: btcusdt_data_ingestion.ingest_btcusdt manual__2024-10-18T17:22:30.643429+00:00 [queued]>
[2024-10-18T17:22:35.815+0000] {taskinstance.py:1308} INFO - Starting attempt 1 of 2
[2024-10-18T17:22:35.830+0000] {taskinstance.py:1327} INFO - Executing <Task(PythonOperator): ingest_btcusdt> on 2024-10-18 17:22:30.643429+00:00
[2024-10-18T17:22:35.834+0000] {standard_task_runner.py:57} INFO - Started process 19273 to run task
[2024-10-18T17:22:35.838+0000] {standard_task_runner.py:84} INFO - Running: ['airflow', 'tasks', 'run', 'btcusdt_data_ingestion', 'ingest_btcusdt', 'manual__2024-10-18T17:22:30.643429+00:00', '--job-id', '121', '--raw', '--subdir', 'DAGS_FOLDER/ingest_btcusdt_data.py', '--cfg-path', '/tmp/tmpn75tcqy8']
[2024-10-18T17:22:35.841+0000] {standard_task_runner.py:85} INFO - Job 121: Subtask ingest_btcusdt
[2024-10-18T17:22:35.842+0000] {cli_action_loggers.py:65} DEBUG - Calling callbacks: [<function default_action_log at 0x7f7ca9505550>]
[2024-10-18T17:22:35.901+0000] {taskinstance.py:1037} DEBUG - previous_execution_date was called
[2024-10-18T17:22:35.910+0000] {task_command.py:410} INFO - Running <TaskInstance: btcusdt_data_ingestion.ingest_btcusdt manual__2024-10-18T17:22:30.643429+00:00 [running]> on host 888d2c584607
[2024-10-18T17:22:35.910+0000] {settings.py:353} DEBUG - Disposing DB connection pool (PID 19273)
[2024-10-18T17:22:35.911+0000] {settings.py:212} DEBUG - Setting up DB connection pool (PID 19273)
[2024-10-18T17:22:35.911+0000] {settings.py:285} DEBUG - settings.prepare_engine_args(): Using NullPool
[2024-10-18T17:22:35.913+0000] {taskinstance.py:789} DEBUG - Refreshing TaskInstance <TaskInstance: btcusdt_data_ingestion.ingest_btcusdt manual__2024-10-18T17:22:30.643429+00:00 [running]> from DB
[2024-10-18T17:22:35.958+0000] {taskinstance.py:1037} DEBUG - previous_execution_date was called
[2024-10-18T17:22:35.968+0000] {taskinstance.py:868} DEBUG - Clearing XCom data
[2024-10-18T17:22:36.002+0000] {retries.py:80} DEBUG - Running RenderedTaskInstanceFields._do_delete_old_records with retries. Try 1 of 3
[2024-10-18T17:22:36.023+0000] {taskinstance.py:1545} INFO - Exporting env vars: AIRFLOW_CTX_DAG_OWNER='airflow' AIRFLOW_CTX_DAG_ID='btcusdt_data_ingestion' AIRFLOW_CTX_TASK_ID='ingest_btcusdt' AIRFLOW_CTX_EXECUTION_DATE='2024-10-18T17:22:30.643429+00:00' AIRFLOW_CTX_TRY_NUMBER='1' AIRFLOW_CTX_DAG_RUN_ID='manual__2024-10-18T17:22:30.643429+00:00'
[2024-10-18T17:22:36.024+0000] {__init__.py:117} DEBUG - Preparing lineage inlets and outlets
[2024-10-18T17:22:36.025+0000] {__init__.py:155} DEBUG - inlets: [], outlets: []
[2024-10-18T17:22:41.002+0000] {taskinstance.py:789} DEBUG - Refreshing TaskInstance <TaskInstance: btcusdt_data_ingestion.ingest_btcusdt manual__2024-10-18T17:22:30.643429+00:00 [running]> from DB
[2024-10-18T17:22:41.045+0000] {job.py:213} DEBUG - [heartbeat]
[2024-10-18T17:22:46.078+0000] {taskinstance.py:789} DEBUG - Refreshing TaskInstance <TaskInstance: btcusdt_data_ingestion.ingest_btcusdt manual__2024-10-18T17:22:30.643429+00:00 [running]> from DB
[2024-10-18T17:22:46.090+0000] {job.py:213} DEBUG - [heartbeat]
[2024-10-18T17:22:51.123+0000] {taskinstance.py:789} DEBUG - Refreshing TaskInstance <TaskInstance: btcusdt_data_ingestion.ingest_btcusdt manual__2024-10-18T17:22:30.643429+00:00 [running]> from DB
[2024-10-18T17:22:51.136+0000] {job.py:213} DEBUG - [heartbeat]
[2024-10-18T17:22:56.192+0000] {taskinstance.py:789} DEBUG - Refreshing TaskInstance <TaskInstance: btcusdt_data_ingestion.ingest_btcusdt manual__2024-10-18T17:22:30.643429+00:00 [running]> from DB
[2024-10-18T17:22:56.205+0000] {job.py:213} DEBUG - [heartbeat]
[2024-10-18T17:23:01.236+0000] {taskinstance.py:789} DEBUG - Refreshing TaskInstance <TaskInstance: btcusdt_data_ingestion.ingest_btcusdt manual__2024-10-18T17:22:30.643429+00:00 [running]> from DB
[2024-10-18T17:23:01.335+0000] {job.py:213} DEBUG - [heartbeat]
[2024-10-18T17:23:06.399+0000] {taskinstance.py:789} DEBUG - Refreshing TaskInstance <TaskInstance: btcusdt_data_ingestion.ingest_btcusdt manual__2024-10-18T17:22:30.643429+00:00 [running]> from DB
[2024-10-18T17:23:06.416+0000] {job.py:213} DEBUG - [heartbeat]
[2024-10-18T17:23:11.486+0000] {taskinstance.py:789} DEBUG - Refreshing TaskInstance <TaskInstance: btcusdt_data_ingestion.ingest_btcusdt manual__2024-10-18T17:22:30.643429+00:00 [running]> from DB
[2024-10-18T17:23:11.506+0000] {job.py:213} DEBUG - [heartbeat]
[2024-10-18T17:23:16.582+0000] {taskinstance.py:789} DEBUG - Refreshing TaskInstance <TaskInstance: btcusdt_data_ingestion.ingest_btcusdt manual__2024-10-18T17:22:30.643429+00:00 [running]> from DB
[2024-10-18T17:23:16.614+0000] {job.py:213} DEBUG - [heartbeat]
[2024-10-18T17:23:21.649+0000] {taskinstance.py:789} DEBUG - Refreshing TaskInstance <TaskInstance: btcusdt_data_ingestion.ingest_btcusdt manual__2024-10-18T17:22:30.643429+00:00 [running]> from DB
[2024-10-18T17:23:21.663+0000] {job.py:213} DEBUG - [heartbeat]
[2024-10-18T17:23:26.699+0000] {taskinstance.py:789} DEBUG - Refreshing TaskInstance <TaskInstance: btcusdt_data_ingestion.ingest_btcusdt manual__2024-10-18T17:22:30.643429+00:00 [running]> from DB
[2024-10-18T17:23:26.714+0000] {job.py:213} DEBUG - [heartbeat]
[2024-10-18T17:23:31.761+0000] {taskinstance.py:789} DEBUG - Refreshing TaskInstance <TaskInstance: btcusdt_data_ingestion.ingest_btcusdt manual__2024-10-18T17:22:30.643429+00:00 [running]> from DB
[2024-10-18T17:23:31.810+0000] {job.py:213} DEBUG - [heartbeat]
[2024-10-18T17:23:36.868+0000] {taskinstance.py:789} DEBUG - Refreshing TaskInstance <TaskInstance: btcusdt_data_ingestion.ingest_btcusdt manual__2024-10-18T17:22:30.643429+00:00 [running]> from DB
[2024-10-18T17:23:36.884+0000] {job.py:213} DEBUG - [heartbeat]
[2024-10-18T17:23:41.934+0000] {taskinstance.py:789} DEBUG - Refreshing TaskInstance <TaskInstance: btcusdt_data_ingestion.ingest_btcusdt manual__2024-10-18T17:22:30.643429+00:00 [running]> from DB
[2024-10-18T17:23:41.950+0000] {job.py:213} DEBUG - [heartbeat]
[2024-10-18T17:23:46.985+0000] {taskinstance.py:789} DEBUG - Refreshing TaskInstance <TaskInstance: btcusdt_data_ingestion.ingest_btcusdt manual__2024-10-18T17:22:30.643429+00:00 [running]> from DB
[2024-10-18T17:23:47.000+0000] {job.py:213} DEBUG - [heartbeat]
[2024-10-18T17:23:52.033+0000] {taskinstance.py:789} DEBUG - Refreshing TaskInstance <TaskInstance: btcusdt_data_ingestion.ingest_btcusdt manual__2024-10-18T17:22:30.643429+00:00 [running]> from DB
[2024-10-18T17:23:52.046+0000] {job.py:213} DEBUG - [heartbeat]
[2024-10-18T17:23:57.075+0000] {taskinstance.py:789} DEBUG - Refreshing TaskInstance <TaskInstance: btcusdt_data_ingestion.ingest_btcusdt manual__2024-10-18T17:22:30.643429+00:00 [running]> from DB
[2024-10-18T17:23:57.088+0000] {job.py:213} DEBUG - [heartbeat]
[2024-10-18T17:24:02.117+0000] {taskinstance.py:789} DEBUG - Refreshing TaskInstance <TaskInstance: btcusdt_data_ingestion.ingest_btcusdt manual__2024-10-18T17:22:30.643429+00:00 [running]> from DB
[2024-10-18T17:24:02.132+0000] {job.py:213} DEBUG - [heartbeat]
[2024-10-18T17:24:07.172+0000] {taskinstance.py:789} DEBUG - Refreshing TaskInstance <TaskInstance: btcusdt_data_ingestion.ingest_btcusdt manual__2024-10-18T17:22:30.643429+00:00 [running]> from DB
[2024-10-18T17:24:07.185+0000] {job.py:213} DEBUG - [heartbeat]
[2024-10-18T17:24:12.238+0000] {taskinstance.py:789} DEBUG - Refreshing TaskInstance <TaskInstance: btcusdt_data_ingestion.ingest_btcusdt manual__2024-10-18T17:22:30.643429+00:00 [running]> from DB
[2024-10-18T17:24:12.251+0000] {job.py:213} DEBUG - [heartbeat]
[2024-10-18T17:24:17.281+0000] {taskinstance.py:789} DEBUG - Refreshing TaskInstance <TaskInstance: btcusdt_data_ingestion.ingest_btcusdt manual__2024-10-18T17:22:30.643429+00:00 [running]> from DB
[2024-10-18T17:24:17.293+0000] {job.py:213} DEBUG - [heartbeat]
[2024-10-18T17:24:22.324+0000] {taskinstance.py:789} DEBUG - Refreshing TaskInstance <TaskInstance: btcusdt_data_ingestion.ingest_btcusdt manual__2024-10-18T17:22:30.643429+00:00 [running]> from DB
[2024-10-18T17:24:22.338+0000] {job.py:213} DEBUG - [heartbeat]
[2024-10-18T17:24:27.388+0000] {taskinstance.py:789} DEBUG - Refreshing TaskInstance <TaskInstance: btcusdt_data_ingestion.ingest_btcusdt manual__2024-10-18T17:22:30.643429+00:00 [running]> from DB
[2024-10-18T17:24:27.417+0000] {job.py:213} DEBUG - [heartbeat]
[2024-10-18T17:24:32.446+0000] {taskinstance.py:789} DEBUG - Refreshing TaskInstance <TaskInstance: btcusdt_data_ingestion.ingest_btcusdt manual__2024-10-18T17:22:30.643429+00:00 [running]> from DB
[2024-10-18T17:24:32.459+0000] {job.py:213} DEBUG - [heartbeat]
[2024-10-18T17:24:37.491+0000] {taskinstance.py:789} DEBUG - Refreshing TaskInstance <TaskInstance: btcusdt_data_ingestion.ingest_btcusdt manual__2024-10-18T17:22:30.643429+00:00 [running]> from DB
[2024-10-18T17:24:37.505+0000] {job.py:213} DEBUG - [heartbeat]
[2024-10-18T17:24:42.535+0000] {taskinstance.py:789} DEBUG - Refreshing TaskInstance <TaskInstance: btcusdt_data_ingestion.ingest_btcusdt manual__2024-10-18T17:22:30.643429+00:00 [running]> from DB
[2024-10-18T17:24:42.547+0000] {job.py:213} DEBUG - [heartbeat]
[2024-10-18T17:24:47.577+0000] {taskinstance.py:789} DEBUG - Refreshing TaskInstance <TaskInstance: btcusdt_data_ingestion.ingest_btcusdt manual__2024-10-18T17:22:30.643429+00:00 [running]> from DB
[2024-10-18T17:24:47.588+0000] {job.py:213} DEBUG - [heartbeat]
[2024-10-18T17:24:52.680+0000] {taskinstance.py:789} DEBUG - Refreshing TaskInstance <TaskInstance: btcusdt_data_ingestion.ingest_btcusdt manual__2024-10-18T17:22:30.643429+00:00 [running]> from DB
[2024-10-18T17:24:52.704+0000] {job.py:213} DEBUG - [heartbeat]
[2024-10-18T17:24:57.745+0000] {taskinstance.py:789} DEBUG - Refreshing TaskInstance <TaskInstance: btcusdt_data_ingestion.ingest_btcusdt manual__2024-10-18T17:22:30.643429+00:00 [running]> from DB
[2024-10-18T17:24:57.756+0000] {job.py:213} DEBUG - [heartbeat]
[2024-10-18T17:25:02.784+0000] {taskinstance.py:789} DEBUG - Refreshing TaskInstance <TaskInstance: btcusdt_data_ingestion.ingest_btcusdt manual__2024-10-18T17:22:30.643429+00:00 [running]> from DB
[2024-10-18T17:25:02.797+0000] {job.py:213} DEBUG - [heartbeat]
[2024-10-18T17:25:07.838+0000] {taskinstance.py:789} DEBUG - Refreshing TaskInstance <TaskInstance: btcusdt_data_ingestion.ingest_btcusdt manual__2024-10-18T17:22:30.643429+00:00 [running]> from DB
[2024-10-18T17:25:07.852+0000] {job.py:213} DEBUG - [heartbeat]
[2024-10-18T17:25:12.905+0000] {taskinstance.py:789} DEBUG - Refreshing TaskInstance <TaskInstance: btcusdt_data_ingestion.ingest_btcusdt manual__2024-10-18T17:22:30.643429+00:00 [running]> from DB
[2024-10-18T17:25:12.951+0000] {job.py:213} DEBUG - [heartbeat]
[2024-10-18T17:25:18.006+0000] {taskinstance.py:789} DEBUG - Refreshing TaskInstance <TaskInstance: btcusdt_data_ingestion.ingest_btcusdt manual__2024-10-18T17:22:30.643429+00:00 [running]> from DB
[2024-10-18T17:25:18.020+0000] {job.py:213} DEBUG - [heartbeat]
[2024-10-18T17:25:23.059+0000] {taskinstance.py:789} DEBUG - Refreshing TaskInstance <TaskInstance: btcusdt_data_ingestion.ingest_btcusdt manual__2024-10-18T17:22:30.643429+00:00 [running]> from DB
[2024-10-18T17:25:23.073+0000] {job.py:213} DEBUG - [heartbeat]
[2024-10-18T17:25:28.101+0000] {taskinstance.py:789} DEBUG - Refreshing TaskInstance <TaskInstance: btcusdt_data_ingestion.ingest_btcusdt manual__2024-10-18T17:22:30.643429+00:00 [running]> from DB
[2024-10-18T17:25:28.113+0000] {job.py:213} DEBUG - [heartbeat]
[2024-10-18T17:25:33.168+0000] {taskinstance.py:789} DEBUG - Refreshing TaskInstance <TaskInstance: btcusdt_data_ingestion.ingest_btcusdt manual__2024-10-18T17:22:30.643429+00:00 [running]> from DB
[2024-10-18T17:25:33.182+0000] {job.py:213} DEBUG - [heartbeat]
[2024-10-18T17:25:36.249+0000] {taskinstance.py:1824} ERROR - Task failed with exception
Traceback (most recent call last):
  File "/home/airflow/.local/lib/python3.9/site-packages/airflow/operators/python.py", line 181, in execute
    return_value = self.execute_callable()
  File "/home/airflow/.local/lib/python3.9/site-packages/airflow/operators/python.py", line 198, in execute_callable
    return self.python_callable(*self.op_args, **self.op_kwargs)
  File "/opt/airflow/dags/ingest_btcusdt_data.py", line 111, in ingest_csv_to_postgres
    conn = hook.get_conn()
NameError: name 'glob' is not defined
[2024-10-18T17:25:36.254+0000] {taskinstance.py:789} DEBUG - Refreshing TaskInstance <TaskInstance: btcusdt_data_ingestion.ingest_btcusdt manual__2024-10-18T17:22:30.643429+00:00 [running]> from DB
[2024-10-18T17:25:36.293+0000] {taskinstance.py:2305} DEBUG - Task Duration set to 180.490951
[2024-10-18T17:25:36.296+0000] {taskinstance.py:1356} DEBUG - Clearing next_method and next_kwargs.
[2024-10-18T17:25:36.298+0000] {taskinstance.py:1345} INFO - Marking task as UP_FOR_RETRY. dag_id=btcusdt_data_ingestion, task_id=ingest_btcusdt, execution_date=20241018T172230, start_date=20241018T172235, end_date=20241018T172536
[2024-10-18T17:25:36.328+0000] {cli_action_loggers.py:83} DEBUG - Calling callbacks: []
[2024-10-18T17:25:36.328+0000] {standard_task_runner.py:104} ERROR - Failed to execute job 121 for task ingest_btcusdt (name 'glob' is not defined; 19273)
[2024-10-18T17:25:36.566+0000] {local_task_job_runner.py:225} INFO - Task exited with return code 1
[2024-10-18T17:25:36.651+0000] {dagrun.py:697} DEBUG - number of tis tasks for <DagRun btcusdt_data_ingestion @ 2024-10-18 17:22:30.643429+00:00: manual__2024-10-18T17:22:30.643429+00:00, state:running, queued_at: 2024-10-18 17:22:30.657116+00:00. externally triggered: True>: 0 task(s)
[2024-10-18T17:25:36.652+0000] {taskinstance.py:2651} INFO - 0 downstream tasks scheduled from follow-on schedule check
