[2024-10-18T17:28:52.476+0000] {taskinstance.py:1037} DEBUG - previous_execution_date was called
[2024-10-18T17:28:52.505+0000] {__init__.py:51} DEBUG - Loading core task runner: StandardTaskRunner
[2024-10-18T17:28:52.522+0000] {taskinstance.py:1037} DEBUG - previous_execution_date was called
[2024-10-18T17:28:52.532+0000] {base_task_runner.py:68} DEBUG - Planning to run as the  user
[2024-10-18T17:28:52.537+0000] {taskinstance.py:789} DEBUG - Refreshing TaskInstance <TaskInstance: btcusdt_data_ingestion.ingest_btcusdt manual__2024-10-18T17:27:25.723668+00:00 [queued]> from DB
[2024-10-18T17:28:52.559+0000] {taskinstance.py:1112} DEBUG - <TaskInstance: btcusdt_data_ingestion.ingest_btcusdt manual__2024-10-18T17:27:25.723668+00:00 [queued]> dependency 'Task Instance State' PASSED: True, Task state queued was valid.
[2024-10-18T17:28:52.559+0000] {taskinstance.py:1112} DEBUG - <TaskInstance: btcusdt_data_ingestion.ingest_btcusdt manual__2024-10-18T17:27:25.723668+00:00 [queued]> dependency 'Previous Dagrun State' PASSED: True, The task did not have depends_on_past set.
[2024-10-18T17:28:52.560+0000] {taskinstance.py:1112} DEBUG - <TaskInstance: btcusdt_data_ingestion.ingest_btcusdt manual__2024-10-18T17:27:25.723668+00:00 [queued]> dependency 'Task Instance Not Running' PASSED: True, Task is not in running state.
[2024-10-18T17:28:52.570+0000] {taskinstance.py:1112} DEBUG - <TaskInstance: btcusdt_data_ingestion.ingest_btcusdt manual__2024-10-18T17:27:25.723668+00:00 [queued]> dependency 'Not In Retry Period' PASSED: True, The task instance was not marked for retrying.
[2024-10-18T17:28:52.571+0000] {taskinstance.py:1103} INFO - Dependencies all met for dep_context=non-requeueable deps ti=<TaskInstance: btcusdt_data_ingestion.ingest_btcusdt manual__2024-10-18T17:27:25.723668+00:00 [queued]>
[2024-10-18T17:28:52.571+0000] {taskinstance.py:1112} DEBUG - <TaskInstance: btcusdt_data_ingestion.ingest_btcusdt manual__2024-10-18T17:27:25.723668+00:00 [queued]> dependency 'Task Concurrency' PASSED: True, Task concurrency is not set.
[2024-10-18T17:28:52.571+0000] {taskinstance.py:1112} DEBUG - <TaskInstance: btcusdt_data_ingestion.ingest_btcusdt manual__2024-10-18T17:27:25.723668+00:00 [queued]> dependency 'Previous Dagrun State' PASSED: True, The task did not have depends_on_past set.
[2024-10-18T17:28:52.576+0000] {taskinstance.py:1112} DEBUG - <TaskInstance: btcusdt_data_ingestion.ingest_btcusdt manual__2024-10-18T17:27:25.723668+00:00 [queued]> dependency 'Not In Retry Period' PASSED: True, The task instance was not marked for retrying.
[2024-10-18T17:28:52.582+0000] {taskinstance.py:1112} DEBUG - <TaskInstance: btcusdt_data_ingestion.ingest_btcusdt manual__2024-10-18T17:27:25.723668+00:00 [queued]> dependency 'Pool Slots Available' PASSED: True, There are enough open slots in default_pool to execute the task
[2024-10-18T17:28:52.583+0000] {taskinstance.py:1103} INFO - Dependencies all met for dep_context=requeueable deps ti=<TaskInstance: btcusdt_data_ingestion.ingest_btcusdt manual__2024-10-18T17:27:25.723668+00:00 [queued]>
[2024-10-18T17:28:52.583+0000] {taskinstance.py:1308} INFO - Starting attempt 1 of 2
[2024-10-18T17:28:52.598+0000] {taskinstance.py:1327} INFO - Executing <Task(PythonOperator): ingest_btcusdt> on 2024-10-18 17:27:25.723668+00:00
[2024-10-18T17:28:52.604+0000] {standard_task_runner.py:57} INFO - Started process 19369 to run task
[2024-10-18T17:28:52.608+0000] {standard_task_runner.py:84} INFO - Running: ['airflow', 'tasks', 'run', 'btcusdt_data_ingestion', 'ingest_btcusdt', 'manual__2024-10-18T17:27:25.723668+00:00', '--job-id', '125', '--raw', '--subdir', 'DAGS_FOLDER/ingest_btcusdt_data.py', '--cfg-path', '/tmp/tmpqdynreaq']
[2024-10-18T17:28:52.612+0000] {standard_task_runner.py:85} INFO - Job 125: Subtask ingest_btcusdt
[2024-10-18T17:28:52.613+0000] {cli_action_loggers.py:65} DEBUG - Calling callbacks: [<function default_action_log at 0x7f7ca9505550>]
[2024-10-18T17:28:52.674+0000] {taskinstance.py:1037} DEBUG - previous_execution_date was called
[2024-10-18T17:28:52.683+0000] {task_command.py:410} INFO - Running <TaskInstance: btcusdt_data_ingestion.ingest_btcusdt manual__2024-10-18T17:27:25.723668+00:00 [running]> on host 888d2c584607
[2024-10-18T17:28:52.684+0000] {settings.py:353} DEBUG - Disposing DB connection pool (PID 19369)
[2024-10-18T17:28:52.685+0000] {settings.py:212} DEBUG - Setting up DB connection pool (PID 19369)
[2024-10-18T17:28:52.685+0000] {settings.py:285} DEBUG - settings.prepare_engine_args(): Using NullPool
[2024-10-18T17:28:52.687+0000] {taskinstance.py:789} DEBUG - Refreshing TaskInstance <TaskInstance: btcusdt_data_ingestion.ingest_btcusdt manual__2024-10-18T17:27:25.723668+00:00 [running]> from DB
[2024-10-18T17:28:52.736+0000] {taskinstance.py:1037} DEBUG - previous_execution_date was called
[2024-10-18T17:28:52.747+0000] {taskinstance.py:868} DEBUG - Clearing XCom data
[2024-10-18T17:28:52.788+0000] {retries.py:80} DEBUG - Running RenderedTaskInstanceFields._do_delete_old_records with retries. Try 1 of 3
[2024-10-18T17:28:52.810+0000] {taskinstance.py:1545} INFO - Exporting env vars: AIRFLOW_CTX_DAG_OWNER='airflow' AIRFLOW_CTX_DAG_ID='btcusdt_data_ingestion' AIRFLOW_CTX_TASK_ID='ingest_btcusdt' AIRFLOW_CTX_EXECUTION_DATE='2024-10-18T17:27:25.723668+00:00' AIRFLOW_CTX_TRY_NUMBER='1' AIRFLOW_CTX_DAG_RUN_ID='manual__2024-10-18T17:27:25.723668+00:00'
[2024-10-18T17:28:52.811+0000] {__init__.py:117} DEBUG - Preparing lineage inlets and outlets
[2024-10-18T17:28:52.812+0000] {__init__.py:155} DEBUG - inlets: [], outlets: []
[2024-10-18T17:28:57.646+0000] {taskinstance.py:789} DEBUG - Refreshing TaskInstance <TaskInstance: btcusdt_data_ingestion.ingest_btcusdt manual__2024-10-18T17:27:25.723668+00:00 [running]> from DB
[2024-10-18T17:28:57.662+0000] {job.py:213} DEBUG - [heartbeat]
[2024-10-18T17:29:02.703+0000] {taskinstance.py:789} DEBUG - Refreshing TaskInstance <TaskInstance: btcusdt_data_ingestion.ingest_btcusdt manual__2024-10-18T17:27:25.723668+00:00 [running]> from DB
[2024-10-18T17:29:02.715+0000] {job.py:213} DEBUG - [heartbeat]
[2024-10-18T17:29:07.759+0000] {taskinstance.py:789} DEBUG - Refreshing TaskInstance <TaskInstance: btcusdt_data_ingestion.ingest_btcusdt manual__2024-10-18T17:27:25.723668+00:00 [running]> from DB
[2024-10-18T17:29:07.774+0000] {job.py:213} DEBUG - [heartbeat]
[2024-10-18T17:29:12.812+0000] {taskinstance.py:789} DEBUG - Refreshing TaskInstance <TaskInstance: btcusdt_data_ingestion.ingest_btcusdt manual__2024-10-18T17:27:25.723668+00:00 [running]> from DB
[2024-10-18T17:29:12.828+0000] {job.py:213} DEBUG - [heartbeat]
[2024-10-18T17:29:17.872+0000] {taskinstance.py:789} DEBUG - Refreshing TaskInstance <TaskInstance: btcusdt_data_ingestion.ingest_btcusdt manual__2024-10-18T17:27:25.723668+00:00 [running]> from DB
[2024-10-18T17:29:17.898+0000] {job.py:213} DEBUG - [heartbeat]
[2024-10-18T17:29:22.942+0000] {taskinstance.py:789} DEBUG - Refreshing TaskInstance <TaskInstance: btcusdt_data_ingestion.ingest_btcusdt manual__2024-10-18T17:27:25.723668+00:00 [running]> from DB
[2024-10-18T17:29:22.958+0000] {job.py:213} DEBUG - [heartbeat]
[2024-10-18T17:29:27.984+0000] {taskinstance.py:789} DEBUG - Refreshing TaskInstance <TaskInstance: btcusdt_data_ingestion.ingest_btcusdt manual__2024-10-18T17:27:25.723668+00:00 [running]> from DB
[2024-10-18T17:29:28.001+0000] {job.py:213} DEBUG - [heartbeat]
[2024-10-18T17:29:33.294+0000] {taskinstance.py:789} DEBUG - Refreshing TaskInstance <TaskInstance: btcusdt_data_ingestion.ingest_btcusdt manual__2024-10-18T17:27:25.723668+00:00 [running]> from DB
[2024-10-18T17:29:33.394+0000] {job.py:213} DEBUG - [heartbeat]
[2024-10-18T17:29:38.492+0000] {taskinstance.py:789} DEBUG - Refreshing TaskInstance <TaskInstance: btcusdt_data_ingestion.ingest_btcusdt manual__2024-10-18T17:27:25.723668+00:00 [running]> from DB
[2024-10-18T17:29:38.534+0000] {job.py:213} DEBUG - [heartbeat]
[2024-10-18T17:29:43.569+0000] {taskinstance.py:789} DEBUG - Refreshing TaskInstance <TaskInstance: btcusdt_data_ingestion.ingest_btcusdt manual__2024-10-18T17:27:25.723668+00:00 [running]> from DB
[2024-10-18T17:29:43.626+0000] {job.py:213} DEBUG - [heartbeat]
[2024-10-18T17:29:48.703+0000] {taskinstance.py:789} DEBUG - Refreshing TaskInstance <TaskInstance: btcusdt_data_ingestion.ingest_btcusdt manual__2024-10-18T17:27:25.723668+00:00 [running]> from DB
[2024-10-18T17:29:48.735+0000] {job.py:213} DEBUG - [heartbeat]
[2024-10-18T17:29:53.755+0000] {taskinstance.py:789} DEBUG - Refreshing TaskInstance <TaskInstance: btcusdt_data_ingestion.ingest_btcusdt manual__2024-10-18T17:27:25.723668+00:00 [running]> from DB
[2024-10-18T17:29:53.770+0000] {job.py:213} DEBUG - [heartbeat]
[2024-10-18T17:29:58.806+0000] {taskinstance.py:789} DEBUG - Refreshing TaskInstance <TaskInstance: btcusdt_data_ingestion.ingest_btcusdt manual__2024-10-18T17:27:25.723668+00:00 [running]> from DB
[2024-10-18T17:29:58.821+0000] {job.py:213} DEBUG - [heartbeat]
[2024-10-18T17:30:03.868+0000] {taskinstance.py:789} DEBUG - Refreshing TaskInstance <TaskInstance: btcusdt_data_ingestion.ingest_btcusdt manual__2024-10-18T17:27:25.723668+00:00 [running]> from DB
[2024-10-18T17:30:03.892+0000] {job.py:213} DEBUG - [heartbeat]
[2024-10-18T17:30:08.932+0000] {taskinstance.py:789} DEBUG - Refreshing TaskInstance <TaskInstance: btcusdt_data_ingestion.ingest_btcusdt manual__2024-10-18T17:27:25.723668+00:00 [running]> from DB
[2024-10-18T17:30:08.953+0000] {job.py:213} DEBUG - [heartbeat]
[2024-10-18T17:30:13.997+0000] {taskinstance.py:789} DEBUG - Refreshing TaskInstance <TaskInstance: btcusdt_data_ingestion.ingest_btcusdt manual__2024-10-18T17:27:25.723668+00:00 [running]> from DB
[2024-10-18T17:30:14.010+0000] {job.py:213} DEBUG - [heartbeat]
[2024-10-18T17:30:19.041+0000] {taskinstance.py:789} DEBUG - Refreshing TaskInstance <TaskInstance: btcusdt_data_ingestion.ingest_btcusdt manual__2024-10-18T17:27:25.723668+00:00 [running]> from DB
[2024-10-18T17:30:19.054+0000] {job.py:213} DEBUG - [heartbeat]
[2024-10-18T17:30:24.100+0000] {taskinstance.py:789} DEBUG - Refreshing TaskInstance <TaskInstance: btcusdt_data_ingestion.ingest_btcusdt manual__2024-10-18T17:27:25.723668+00:00 [running]> from DB
[2024-10-18T17:30:24.111+0000] {job.py:213} DEBUG - [heartbeat]
[2024-10-18T17:30:29.152+0000] {taskinstance.py:789} DEBUG - Refreshing TaskInstance <TaskInstance: btcusdt_data_ingestion.ingest_btcusdt manual__2024-10-18T17:27:25.723668+00:00 [running]> from DB
[2024-10-18T17:30:29.165+0000] {job.py:213} DEBUG - [heartbeat]
[2024-10-18T17:30:34.195+0000] {taskinstance.py:789} DEBUG - Refreshing TaskInstance <TaskInstance: btcusdt_data_ingestion.ingest_btcusdt manual__2024-10-18T17:27:25.723668+00:00 [running]> from DB
[2024-10-18T17:30:34.214+0000] {job.py:213} DEBUG - [heartbeat]
[2024-10-18T17:30:39.251+0000] {taskinstance.py:789} DEBUG - Refreshing TaskInstance <TaskInstance: btcusdt_data_ingestion.ingest_btcusdt manual__2024-10-18T17:27:25.723668+00:00 [running]> from DB
[2024-10-18T17:30:39.263+0000] {job.py:213} DEBUG - [heartbeat]
[2024-10-18T17:30:44.296+0000] {taskinstance.py:789} DEBUG - Refreshing TaskInstance <TaskInstance: btcusdt_data_ingestion.ingest_btcusdt manual__2024-10-18T17:27:25.723668+00:00 [running]> from DB
[2024-10-18T17:30:44.308+0000] {job.py:213} DEBUG - [heartbeat]
[2024-10-18T17:30:49.343+0000] {taskinstance.py:789} DEBUG - Refreshing TaskInstance <TaskInstance: btcusdt_data_ingestion.ingest_btcusdt manual__2024-10-18T17:27:25.723668+00:00 [running]> from DB
[2024-10-18T17:30:49.355+0000] {job.py:213} DEBUG - [heartbeat]
[2024-10-18T17:30:54.402+0000] {taskinstance.py:789} DEBUG - Refreshing TaskInstance <TaskInstance: btcusdt_data_ingestion.ingest_btcusdt manual__2024-10-18T17:27:25.723668+00:00 [running]> from DB
[2024-10-18T17:30:54.421+0000] {job.py:213} DEBUG - [heartbeat]
[2024-10-18T17:30:59.449+0000] {taskinstance.py:789} DEBUG - Refreshing TaskInstance <TaskInstance: btcusdt_data_ingestion.ingest_btcusdt manual__2024-10-18T17:27:25.723668+00:00 [running]> from DB
[2024-10-18T17:30:59.460+0000] {job.py:213} DEBUG - [heartbeat]
[2024-10-18T17:31:04.499+0000] {taskinstance.py:789} DEBUG - Refreshing TaskInstance <TaskInstance: btcusdt_data_ingestion.ingest_btcusdt manual__2024-10-18T17:27:25.723668+00:00 [running]> from DB
[2024-10-18T17:31:04.511+0000] {job.py:213} DEBUG - [heartbeat]
[2024-10-18T17:31:09.543+0000] {taskinstance.py:789} DEBUG - Refreshing TaskInstance <TaskInstance: btcusdt_data_ingestion.ingest_btcusdt manual__2024-10-18T17:27:25.723668+00:00 [running]> from DB
[2024-10-18T17:31:09.554+0000] {job.py:213} DEBUG - [heartbeat]
[2024-10-18T17:31:14.592+0000] {taskinstance.py:789} DEBUG - Refreshing TaskInstance <TaskInstance: btcusdt_data_ingestion.ingest_btcusdt manual__2024-10-18T17:27:25.723668+00:00 [running]> from DB
[2024-10-18T17:31:14.610+0000] {job.py:213} DEBUG - [heartbeat]
[2024-10-18T17:31:19.664+0000] {taskinstance.py:789} DEBUG - Refreshing TaskInstance <TaskInstance: btcusdt_data_ingestion.ingest_btcusdt manual__2024-10-18T17:27:25.723668+00:00 [running]> from DB
[2024-10-18T17:31:19.684+0000] {job.py:213} DEBUG - [heartbeat]
[2024-10-18T17:31:24.716+0000] {taskinstance.py:789} DEBUG - Refreshing TaskInstance <TaskInstance: btcusdt_data_ingestion.ingest_btcusdt manual__2024-10-18T17:27:25.723668+00:00 [running]> from DB
[2024-10-18T17:31:24.734+0000] {job.py:213} DEBUG - [heartbeat]
[2024-10-18T17:31:29.763+0000] {taskinstance.py:789} DEBUG - Refreshing TaskInstance <TaskInstance: btcusdt_data_ingestion.ingest_btcusdt manual__2024-10-18T17:27:25.723668+00:00 [running]> from DB
[2024-10-18T17:31:29.776+0000] {job.py:213} DEBUG - [heartbeat]
[2024-10-18T17:31:34.811+0000] {taskinstance.py:789} DEBUG - Refreshing TaskInstance <TaskInstance: btcusdt_data_ingestion.ingest_btcusdt manual__2024-10-18T17:27:25.723668+00:00 [running]> from DB
[2024-10-18T17:31:34.832+0000] {job.py:213} DEBUG - [heartbeat]
[2024-10-18T17:31:39.865+0000] {taskinstance.py:789} DEBUG - Refreshing TaskInstance <TaskInstance: btcusdt_data_ingestion.ingest_btcusdt manual__2024-10-18T17:27:25.723668+00:00 [running]> from DB
[2024-10-18T17:31:39.878+0000] {job.py:213} DEBUG - [heartbeat]
[2024-10-18T17:31:44.915+0000] {taskinstance.py:789} DEBUG - Refreshing TaskInstance <TaskInstance: btcusdt_data_ingestion.ingest_btcusdt manual__2024-10-18T17:27:25.723668+00:00 [running]> from DB
[2024-10-18T17:31:44.928+0000] {job.py:213} DEBUG - [heartbeat]
[2024-10-18T17:31:49.957+0000] {taskinstance.py:789} DEBUG - Refreshing TaskInstance <TaskInstance: btcusdt_data_ingestion.ingest_btcusdt manual__2024-10-18T17:27:25.723668+00:00 [running]> from DB
[2024-10-18T17:31:49.969+0000] {job.py:213} DEBUG - [heartbeat]
[2024-10-18T17:31:55.007+0000] {taskinstance.py:789} DEBUG - Refreshing TaskInstance <TaskInstance: btcusdt_data_ingestion.ingest_btcusdt manual__2024-10-18T17:27:25.723668+00:00 [running]> from DB
[2024-10-18T17:31:55.039+0000] {job.py:213} DEBUG - [heartbeat]
[2024-10-18T17:32:00.082+0000] {taskinstance.py:789} DEBUG - Refreshing TaskInstance <TaskInstance: btcusdt_data_ingestion.ingest_btcusdt manual__2024-10-18T17:27:25.723668+00:00 [running]> from DB
[2024-10-18T17:32:00.094+0000] {job.py:213} DEBUG - [heartbeat]
[2024-10-18T17:32:02.914+0000] {base.py:73} INFO - Using connection ID 'company_dw' for task execution.
[2024-10-18T17:32:02.937+0000] {logging_mixin.py:149} INFO - Loading file 1 of 1: data/tmp/split_1.csv
[2024-10-18T17:32:02.938+0000] {base.py:73} INFO - Using connection ID 'company_dw' for task execution.
[2024-10-18T17:32:03.041+0000] {taskinstance.py:1824} ERROR - Task failed with exception
Traceback (most recent call last):
  File "/home/airflow/.local/lib/python3.9/site-packages/airflow/operators/python.py", line 181, in execute
    return_value = self.execute_callable()
  File "/home/airflow/.local/lib/python3.9/site-packages/airflow/operators/python.py", line 198, in execute_callable
    return self.python_callable(*self.op_args, **self.op_kwargs)
  File "/opt/airflow/dags/ingest_btcusdt_data.py", line 149, in ingest_csv_to_postgres
    cursor.copy_expert(sql.SQL("COPY raw.{} FROM STDIN WITH CSV HEADER").format(sql.Identifier(table_name)), f)
NameError: name 'sql' is not defined
[2024-10-18T17:32:03.044+0000] {taskinstance.py:789} DEBUG - Refreshing TaskInstance <TaskInstance: btcusdt_data_ingestion.ingest_btcusdt manual__2024-10-18T17:27:25.723668+00:00 [running]> from DB
[2024-10-18T17:32:03.059+0000] {taskinstance.py:2305} DEBUG - Task Duration set to 190.487981
[2024-10-18T17:32:03.060+0000] {taskinstance.py:1356} DEBUG - Clearing next_method and next_kwargs.
[2024-10-18T17:32:03.061+0000] {taskinstance.py:1345} INFO - Marking task as UP_FOR_RETRY. dag_id=btcusdt_data_ingestion, task_id=ingest_btcusdt, execution_date=20241018T172725, start_date=20241018T172852, end_date=20241018T173203
[2024-10-18T17:32:03.080+0000] {cli_action_loggers.py:83} DEBUG - Calling callbacks: []
[2024-10-18T17:32:03.080+0000] {standard_task_runner.py:104} ERROR - Failed to execute job 125 for task ingest_btcusdt (name 'sql' is not defined; 19369)
[2024-10-18T17:32:03.188+0000] {local_task_job_runner.py:225} INFO - Task exited with return code 1
[2024-10-18T17:32:03.243+0000] {dagrun.py:697} DEBUG - number of tis tasks for <DagRun btcusdt_data_ingestion @ 2024-10-18 17:27:25.723668+00:00: manual__2024-10-18T17:27:25.723668+00:00, state:running, queued_at: 2024-10-18 17:27:25.786907+00:00. externally triggered: True>: 0 task(s)
[2024-10-18T17:32:03.244+0000] {taskinstance.py:2651} INFO - 0 downstream tasks scheduled from follow-on schedule check
