[2024-10-18T17:19:23.186+0000] {taskinstance.py:1037} DEBUG - previous_execution_date was called
[2024-10-18T17:19:23.209+0000] {__init__.py:51} DEBUG - Loading core task runner: StandardTaskRunner
[2024-10-18T17:19:23.226+0000] {taskinstance.py:1037} DEBUG - previous_execution_date was called
[2024-10-18T17:19:23.233+0000] {base_task_runner.py:68} DEBUG - Planning to run as the  user
[2024-10-18T17:19:23.236+0000] {taskinstance.py:789} DEBUG - Refreshing TaskInstance <TaskInstance: btcusdt_data_ingestion.ingest_btcusdt manual__2024-10-18T17:19:13.185064+00:00 [queued]> from DB
[2024-10-18T17:19:23.255+0000] {taskinstance.py:1112} DEBUG - <TaskInstance: btcusdt_data_ingestion.ingest_btcusdt manual__2024-10-18T17:19:13.185064+00:00 [queued]> dependency 'Task Instance State' PASSED: True, Task state queued was valid.
[2024-10-18T17:19:23.256+0000] {taskinstance.py:1112} DEBUG - <TaskInstance: btcusdt_data_ingestion.ingest_btcusdt manual__2024-10-18T17:19:13.185064+00:00 [queued]> dependency 'Previous Dagrun State' PASSED: True, The task did not have depends_on_past set.
[2024-10-18T17:19:23.256+0000] {taskinstance.py:1112} DEBUG - <TaskInstance: btcusdt_data_ingestion.ingest_btcusdt manual__2024-10-18T17:19:13.185064+00:00 [queued]> dependency 'Task Instance Not Running' PASSED: True, Task is not in running state.
[2024-10-18T17:19:23.264+0000] {taskinstance.py:1112} DEBUG - <TaskInstance: btcusdt_data_ingestion.ingest_btcusdt manual__2024-10-18T17:19:13.185064+00:00 [queued]> dependency 'Not In Retry Period' PASSED: True, The task instance was not marked for retrying.
[2024-10-18T17:19:23.265+0000] {taskinstance.py:1103} INFO - Dependencies all met for dep_context=non-requeueable deps ti=<TaskInstance: btcusdt_data_ingestion.ingest_btcusdt manual__2024-10-18T17:19:13.185064+00:00 [queued]>
[2024-10-18T17:19:23.265+0000] {taskinstance.py:1112} DEBUG - <TaskInstance: btcusdt_data_ingestion.ingest_btcusdt manual__2024-10-18T17:19:13.185064+00:00 [queued]> dependency 'Task Concurrency' PASSED: True, Task concurrency is not set.
[2024-10-18T17:19:23.265+0000] {taskinstance.py:1112} DEBUG - <TaskInstance: btcusdt_data_ingestion.ingest_btcusdt manual__2024-10-18T17:19:13.185064+00:00 [queued]> dependency 'Previous Dagrun State' PASSED: True, The task did not have depends_on_past set.
[2024-10-18T17:19:23.270+0000] {taskinstance.py:1112} DEBUG - <TaskInstance: btcusdt_data_ingestion.ingest_btcusdt manual__2024-10-18T17:19:13.185064+00:00 [queued]> dependency 'Not In Retry Period' PASSED: True, The task instance was not marked for retrying.
[2024-10-18T17:19:23.275+0000] {taskinstance.py:1112} DEBUG - <TaskInstance: btcusdt_data_ingestion.ingest_btcusdt manual__2024-10-18T17:19:13.185064+00:00 [queued]> dependency 'Pool Slots Available' PASSED: True, There are enough open slots in default_pool to execute the task
[2024-10-18T17:19:23.275+0000] {taskinstance.py:1103} INFO - Dependencies all met for dep_context=requeueable deps ti=<TaskInstance: btcusdt_data_ingestion.ingest_btcusdt manual__2024-10-18T17:19:13.185064+00:00 [queued]>
[2024-10-18T17:19:23.275+0000] {taskinstance.py:1308} INFO - Starting attempt 1 of 2
[2024-10-18T17:19:23.288+0000] {taskinstance.py:1327} INFO - Executing <Task(PythonOperator): ingest_btcusdt> on 2024-10-18 17:19:13.185064+00:00
[2024-10-18T17:19:23.292+0000] {standard_task_runner.py:57} INFO - Started process 19215 to run task
[2024-10-18T17:19:23.296+0000] {standard_task_runner.py:84} INFO - Running: ['airflow', 'tasks', 'run', 'btcusdt_data_ingestion', 'ingest_btcusdt', 'manual__2024-10-18T17:19:13.185064+00:00', '--job-id', '118', '--raw', '--subdir', 'DAGS_FOLDER/ingest_btcusdt_data.py', '--cfg-path', '/tmp/tmpmxjlhw1v']
[2024-10-18T17:19:23.299+0000] {standard_task_runner.py:85} INFO - Job 118: Subtask ingest_btcusdt
[2024-10-18T17:19:23.300+0000] {cli_action_loggers.py:65} DEBUG - Calling callbacks: [<function default_action_log at 0x7f7ca9505550>]
[2024-10-18T17:19:23.380+0000] {taskinstance.py:1037} DEBUG - previous_execution_date was called
[2024-10-18T17:19:23.388+0000] {task_command.py:410} INFO - Running <TaskInstance: btcusdt_data_ingestion.ingest_btcusdt manual__2024-10-18T17:19:13.185064+00:00 [running]> on host 888d2c584607
[2024-10-18T17:19:23.389+0000] {settings.py:353} DEBUG - Disposing DB connection pool (PID 19215)
[2024-10-18T17:19:23.389+0000] {settings.py:212} DEBUG - Setting up DB connection pool (PID 19215)
[2024-10-18T17:19:23.390+0000] {settings.py:285} DEBUG - settings.prepare_engine_args(): Using NullPool
[2024-10-18T17:19:23.392+0000] {taskinstance.py:789} DEBUG - Refreshing TaskInstance <TaskInstance: btcusdt_data_ingestion.ingest_btcusdt manual__2024-10-18T17:19:13.185064+00:00 [running]> from DB
[2024-10-18T17:19:23.436+0000] {taskinstance.py:1037} DEBUG - previous_execution_date was called
[2024-10-18T17:19:23.445+0000] {taskinstance.py:868} DEBUG - Clearing XCom data
[2024-10-18T17:19:23.479+0000] {retries.py:80} DEBUG - Running RenderedTaskInstanceFields._do_delete_old_records with retries. Try 1 of 3
[2024-10-18T17:19:23.494+0000] {taskinstance.py:1545} INFO - Exporting env vars: AIRFLOW_CTX_DAG_OWNER='airflow' AIRFLOW_CTX_DAG_ID='btcusdt_data_ingestion' AIRFLOW_CTX_TASK_ID='ingest_btcusdt' AIRFLOW_CTX_EXECUTION_DATE='2024-10-18T17:19:13.185064+00:00' AIRFLOW_CTX_TRY_NUMBER='1' AIRFLOW_CTX_DAG_RUN_ID='manual__2024-10-18T17:19:13.185064+00:00'
[2024-10-18T17:19:23.494+0000] {__init__.py:117} DEBUG - Preparing lineage inlets and outlets
[2024-10-18T17:19:23.495+0000] {__init__.py:155} DEBUG - inlets: [], outlets: []
[2024-10-18T17:19:28.337+0000] {taskinstance.py:789} DEBUG - Refreshing TaskInstance <TaskInstance: btcusdt_data_ingestion.ingest_btcusdt manual__2024-10-18T17:19:13.185064+00:00 [running]> from DB
[2024-10-18T17:19:28.356+0000] {job.py:213} DEBUG - [heartbeat]
[2024-10-18T17:19:33.395+0000] {taskinstance.py:789} DEBUG - Refreshing TaskInstance <TaskInstance: btcusdt_data_ingestion.ingest_btcusdt manual__2024-10-18T17:19:13.185064+00:00 [running]> from DB
[2024-10-18T17:19:33.408+0000] {job.py:213} DEBUG - [heartbeat]
[2024-10-18T17:19:38.458+0000] {taskinstance.py:789} DEBUG - Refreshing TaskInstance <TaskInstance: btcusdt_data_ingestion.ingest_btcusdt manual__2024-10-18T17:19:13.185064+00:00 [running]> from DB
[2024-10-18T17:19:38.478+0000] {job.py:213} DEBUG - [heartbeat]
[2024-10-18T17:19:43.513+0000] {taskinstance.py:789} DEBUG - Refreshing TaskInstance <TaskInstance: btcusdt_data_ingestion.ingest_btcusdt manual__2024-10-18T17:19:13.185064+00:00 [running]> from DB
[2024-10-18T17:19:43.534+0000] {job.py:213} DEBUG - [heartbeat]
[2024-10-18T17:19:48.567+0000] {taskinstance.py:789} DEBUG - Refreshing TaskInstance <TaskInstance: btcusdt_data_ingestion.ingest_btcusdt manual__2024-10-18T17:19:13.185064+00:00 [running]> from DB
[2024-10-18T17:19:48.580+0000] {job.py:213} DEBUG - [heartbeat]
[2024-10-18T17:19:53.618+0000] {taskinstance.py:789} DEBUG - Refreshing TaskInstance <TaskInstance: btcusdt_data_ingestion.ingest_btcusdt manual__2024-10-18T17:19:13.185064+00:00 [running]> from DB
[2024-10-18T17:19:53.631+0000] {job.py:213} DEBUG - [heartbeat]
[2024-10-18T17:19:58.680+0000] {taskinstance.py:789} DEBUG - Refreshing TaskInstance <TaskInstance: btcusdt_data_ingestion.ingest_btcusdt manual__2024-10-18T17:19:13.185064+00:00 [running]> from DB
[2024-10-18T17:19:58.701+0000] {job.py:213} DEBUG - [heartbeat]
[2024-10-18T17:20:03.748+0000] {taskinstance.py:789} DEBUG - Refreshing TaskInstance <TaskInstance: btcusdt_data_ingestion.ingest_btcusdt manual__2024-10-18T17:19:13.185064+00:00 [running]> from DB
[2024-10-18T17:20:03.771+0000] {job.py:213} DEBUG - [heartbeat]
[2024-10-18T17:20:08.831+0000] {taskinstance.py:789} DEBUG - Refreshing TaskInstance <TaskInstance: btcusdt_data_ingestion.ingest_btcusdt manual__2024-10-18T17:19:13.185064+00:00 [running]> from DB
[2024-10-18T17:20:08.852+0000] {job.py:213} DEBUG - [heartbeat]
[2024-10-18T17:20:13.949+0000] {taskinstance.py:789} DEBUG - Refreshing TaskInstance <TaskInstance: btcusdt_data_ingestion.ingest_btcusdt manual__2024-10-18T17:19:13.185064+00:00 [running]> from DB
[2024-10-18T17:20:13.970+0000] {job.py:213} DEBUG - [heartbeat]
[2024-10-18T17:20:19.013+0000] {taskinstance.py:789} DEBUG - Refreshing TaskInstance <TaskInstance: btcusdt_data_ingestion.ingest_btcusdt manual__2024-10-18T17:19:13.185064+00:00 [running]> from DB
[2024-10-18T17:20:19.026+0000] {job.py:213} DEBUG - [heartbeat]
[2024-10-18T17:20:24.089+0000] {taskinstance.py:789} DEBUG - Refreshing TaskInstance <TaskInstance: btcusdt_data_ingestion.ingest_btcusdt manual__2024-10-18T17:19:13.185064+00:00 [running]> from DB
[2024-10-18T17:20:24.111+0000] {job.py:213} DEBUG - [heartbeat]
[2024-10-18T17:20:29.158+0000] {taskinstance.py:789} DEBUG - Refreshing TaskInstance <TaskInstance: btcusdt_data_ingestion.ingest_btcusdt manual__2024-10-18T17:19:13.185064+00:00 [running]> from DB
[2024-10-18T17:20:29.311+0000] {job.py:213} DEBUG - [heartbeat]
[2024-10-18T17:20:32.182+0000] {taskinstance.py:1824} ERROR - Task failed with exception
Traceback (most recent call last):
  File "/home/airflow/.local/lib/python3.9/site-packages/airflow/operators/python.py", line 181, in execute
    return_value = self.execute_callable()
  File "/home/airflow/.local/lib/python3.9/site-packages/airflow/operators/python.py", line 198, in execute_callable
    return self.python_callable(*self.op_args, **self.op_kwargs)
  File "/opt/airflow/dags/ingest_btcusdt_data.py", line 97, in ingest_csv_to_postgres
    df = df.sort_values(by='open_time')
  File "/home/airflow/.local/lib/python3.9/site-packages/pandas/util/_decorators.py", line 311, in wrapper
    return func(*args, **kwargs)
  File "/home/airflow/.local/lib/python3.9/site-packages/pandas/core/frame.py", line 6259, in sort_values
    k = self._get_label_or_level_values(by, axis=axis)
  File "/home/airflow/.local/lib/python3.9/site-packages/pandas/core/generic.py", line 1779, in _get_label_or_level_values
    raise KeyError(key)
KeyError: 'open_time'
[2024-10-18T17:20:32.205+0000] {taskinstance.py:789} DEBUG - Refreshing TaskInstance <TaskInstance: btcusdt_data_ingestion.ingest_btcusdt manual__2024-10-18T17:19:13.185064+00:00 [running]> from DB
[2024-10-18T17:20:32.227+0000] {taskinstance.py:2305} DEBUG - Task Duration set to 68.961934
[2024-10-18T17:20:32.233+0000] {taskinstance.py:1356} DEBUG - Clearing next_method and next_kwargs.
[2024-10-18T17:20:32.234+0000] {taskinstance.py:1345} INFO - Marking task as UP_FOR_RETRY. dag_id=btcusdt_data_ingestion, task_id=ingest_btcusdt, execution_date=20241018T171913, start_date=20241018T171923, end_date=20241018T172032
[2024-10-18T17:20:34.334+0000] {taskinstance.py:789} DEBUG - Refreshing TaskInstance <TaskInstance: btcusdt_data_ingestion.ingest_btcusdt manual__2024-10-18T17:19:13.185064+00:00 [running]> from DB
[2024-10-18T17:20:34.347+0000] {job.py:213} DEBUG - [heartbeat]
[2024-10-18T17:20:37.186+0000] {cli_action_loggers.py:83} DEBUG - Calling callbacks: []
[2024-10-18T17:20:37.187+0000] {standard_task_runner.py:104} ERROR - Failed to execute job 118 for task ingest_btcusdt ('open_time'; 19215)
[2024-10-18T17:20:37.369+0000] {local_task_job_runner.py:225} INFO - Task exited with return code 1
[2024-10-18T17:20:37.401+0000] {dagrun.py:697} DEBUG - number of tis tasks for <DagRun btcusdt_data_ingestion @ 2024-10-18 17:19:13.185064+00:00: manual__2024-10-18T17:19:13.185064+00:00, state:running, queued_at: 2024-10-18 17:19:13.201739+00:00. externally triggered: True>: 0 task(s)
[2024-10-18T17:20:37.402+0000] {taskinstance.py:2651} INFO - 0 downstream tasks scheduled from follow-on schedule check
