[2024-10-15T23:14:17.076+0000] {taskinstance.py:1037} DEBUG - previous_execution_date was called
[2024-10-15T23:14:17.098+0000] {__init__.py:51} DEBUG - Loading core task runner: StandardTaskRunner
[2024-10-15T23:14:17.112+0000] {taskinstance.py:1037} DEBUG - previous_execution_date was called
[2024-10-15T23:14:17.119+0000] {base_task_runner.py:68} DEBUG - Planning to run as the  user
[2024-10-15T23:14:17.122+0000] {taskinstance.py:789} DEBUG - Refreshing TaskInstance <TaskInstance: run_dbt_models.model.dbt_btc_transform.stg_kaggle__btcusdt manual__2024-10-15T23:09:07.210288+00:00 [queued]> from DB
[2024-10-15T23:14:17.149+0000] {taskinstance.py:1112} DEBUG - <TaskInstance: run_dbt_models.model.dbt_btc_transform.stg_kaggle__btcusdt manual__2024-10-15T23:09:07.210288+00:00 [queued]> dependency 'Previous Dagrun State' PASSED: True, This task instance was the first task instance for its task.
[2024-10-15T23:14:17.160+0000] {taskinstance.py:1112} DEBUG - <TaskInstance: run_dbt_models.model.dbt_btc_transform.stg_kaggle__btcusdt manual__2024-10-15T23:09:07.210288+00:00 [queued]> dependency 'Task Instance Not Running' PASSED: True, Task is not in running state.
[2024-10-15T23:14:17.160+0000] {taskinstance.py:1112} DEBUG - <TaskInstance: run_dbt_models.model.dbt_btc_transform.stg_kaggle__btcusdt manual__2024-10-15T23:09:07.210288+00:00 [queued]> dependency 'Task Instance State' PASSED: True, Task state queued was valid.
[2024-10-15T23:14:17.161+0000] {taskinstance.py:1112} DEBUG - <TaskInstance: run_dbt_models.model.dbt_btc_transform.stg_kaggle__btcusdt manual__2024-10-15T23:09:07.210288+00:00 [queued]> dependency 'Not In Retry Period' PASSED: True, The task instance was not marked for retrying.
[2024-10-15T23:14:17.161+0000] {taskinstance.py:1103} INFO - Dependencies all met for dep_context=non-requeueable deps ti=<TaskInstance: run_dbt_models.model.dbt_btc_transform.stg_kaggle__btcusdt manual__2024-10-15T23:09:07.210288+00:00 [queued]>
[2024-10-15T23:14:17.163+0000] {taskinstance.py:1112} DEBUG - <TaskInstance: run_dbt_models.model.dbt_btc_transform.stg_kaggle__btcusdt manual__2024-10-15T23:09:07.210288+00:00 [queued]> dependency 'Previous Dagrun State' PASSED: True, This task instance was the first task instance for its task.
[2024-10-15T23:14:17.168+0000] {taskinstance.py:1112} DEBUG - <TaskInstance: run_dbt_models.model.dbt_btc_transform.stg_kaggle__btcusdt manual__2024-10-15T23:09:07.210288+00:00 [queued]> dependency 'Task Concurrency' PASSED: True, Task concurrency is not set.
[2024-10-15T23:14:17.173+0000] {taskinstance.py:1112} DEBUG - <TaskInstance: run_dbt_models.model.dbt_btc_transform.stg_kaggle__btcusdt manual__2024-10-15T23:09:07.210288+00:00 [queued]> dependency 'Pool Slots Available' PASSED: True, There are enough open slots in default_pool to execute the task
[2024-10-15T23:14:17.173+0000] {taskinstance.py:1112} DEBUG - <TaskInstance: run_dbt_models.model.dbt_btc_transform.stg_kaggle__btcusdt manual__2024-10-15T23:09:07.210288+00:00 [queued]> dependency 'Not In Retry Period' PASSED: True, The task instance was not marked for retrying.
[2024-10-15T23:14:17.174+0000] {taskinstance.py:1103} INFO - Dependencies all met for dep_context=requeueable deps ti=<TaskInstance: run_dbt_models.model.dbt_btc_transform.stg_kaggle__btcusdt manual__2024-10-15T23:09:07.210288+00:00 [queued]>
[2024-10-15T23:14:17.174+0000] {taskinstance.py:1308} INFO - Starting attempt 2 of 2
[2024-10-15T23:14:17.186+0000] {taskinstance.py:1327} INFO - Executing <Task(BashOperator): model.dbt_btc_transform.stg_kaggle__btcusdt> on 2024-10-15 23:09:07.210288+00:00
[2024-10-15T23:14:17.190+0000] {standard_task_runner.py:57} INFO - Started process 918 to run task
[2024-10-15T23:14:17.193+0000] {standard_task_runner.py:84} INFO - Running: ['airflow', 'tasks', 'run', 'run_dbt_models', 'model.dbt_btc_transform.stg_kaggle__btcusdt', 'manual__2024-10-15T23:09:07.210288+00:00', '--job-id', '46', '--raw', '--subdir', 'DAGS_FOLDER/run_dbt_models.py', '--cfg-path', '/tmp/tmpx_qhua_l']
[2024-10-15T23:14:17.194+0000] {standard_task_runner.py:85} INFO - Job 46: Subtask model.dbt_btc_transform.stg_kaggle__btcusdt
[2024-10-15T23:14:17.195+0000] {cli_action_loggers.py:65} DEBUG - Calling callbacks: [<function default_action_log at 0x7f7b0c199c10>]
[2024-10-15T23:14:17.250+0000] {taskinstance.py:1037} DEBUG - previous_execution_date was called
[2024-10-15T23:14:17.258+0000] {task_command.py:410} INFO - Running <TaskInstance: run_dbt_models.model.dbt_btc_transform.stg_kaggle__btcusdt manual__2024-10-15T23:09:07.210288+00:00 [running]> on host d867809303f2
[2024-10-15T23:14:17.258+0000] {settings.py:353} DEBUG - Disposing DB connection pool (PID 918)
[2024-10-15T23:14:17.259+0000] {settings.py:212} DEBUG - Setting up DB connection pool (PID 918)
[2024-10-15T23:14:17.259+0000] {settings.py:285} DEBUG - settings.prepare_engine_args(): Using NullPool
[2024-10-15T23:14:17.261+0000] {taskinstance.py:789} DEBUG - Refreshing TaskInstance <TaskInstance: run_dbt_models.model.dbt_btc_transform.stg_kaggle__btcusdt manual__2024-10-15T23:09:07.210288+00:00 [running]> from DB
[2024-10-15T23:14:17.305+0000] {taskinstance.py:1037} DEBUG - previous_execution_date was called
[2024-10-15T23:14:17.313+0000] {taskinstance.py:868} DEBUG - Clearing XCom data
[2024-10-15T23:14:17.344+0000] {retries.py:80} DEBUG - Running RenderedTaskInstanceFields._do_delete_old_records with retries. Try 1 of 3
[2024-10-15T23:14:17.363+0000] {taskinstance.py:1545} INFO - Exporting env vars: AIRFLOW_CTX_DAG_EMAIL='airflow@example.com' AIRFLOW_CTX_DAG_OWNER='airflow' AIRFLOW_CTX_DAG_ID='run_dbt_models' AIRFLOW_CTX_TASK_ID='model.dbt_btc_transform.stg_kaggle__btcusdt' AIRFLOW_CTX_EXECUTION_DATE='2024-10-15T23:09:07.210288+00:00' AIRFLOW_CTX_TRY_NUMBER='2' AIRFLOW_CTX_DAG_RUN_ID='manual__2024-10-15T23:09:07.210288+00:00'
[2024-10-15T23:14:17.363+0000] {__init__.py:117} DEBUG - Preparing lineage inlets and outlets
[2024-10-15T23:14:17.364+0000] {__init__.py:155} DEBUG - inlets: [], outlets: []
[2024-10-15T23:14:17.364+0000] {bash.py:186} DEBUG - Exporting env vars: AIRFLOW_CTX_DAG_EMAIL='airflow@example.com' AIRFLOW_CTX_DAG_OWNER='airflow' AIRFLOW_CTX_DAG_ID='run_dbt_models' AIRFLOW_CTX_TASK_ID='model.dbt_btc_transform.stg_kaggle__btcusdt' AIRFLOW_CTX_EXECUTION_DATE='2024-10-15T23:09:07.210288+00:00' AIRFLOW_CTX_TRY_NUMBER='2' AIRFLOW_CTX_DAG_RUN_ID='manual__2024-10-15T23:09:07.210288+00:00'
[2024-10-15T23:14:17.365+0000] {subprocess.py:63} INFO - Tmp dir root location: 
 /tmp
[2024-10-15T23:14:17.366+0000] {subprocess.py:75} INFO - Running command: ['/bin/bash', '-c', '\n            export DBT_SCHEMA=analytics &&\n            cd /opt/airflow/dbt &&\n            /home/airflow/.local/bin/dbt --no-write-json run --target dev --models stg_kaggle__btcusdt\n            ']
[2024-10-15T23:14:17.373+0000] {subprocess.py:86} INFO - Output:
[2024-10-15T23:14:19.947+0000] {subprocess.py:93} INFO - [0m23:14:19  Running with dbt=1.8.7
[2024-10-15T23:14:20.266+0000] {subprocess.py:93} INFO - [0m23:14:20  Registered adapter: ***=1.8.2
[2024-10-15T23:14:20.440+0000] {subprocess.py:93} INFO - [0m23:14:20  Unable to do partial parsing because config vars, config profile, or config target have changed
[2024-10-15T23:14:20.442+0000] {subprocess.py:93} INFO - [0m23:14:20  Unable to do partial parsing because profile has changed
[2024-10-15T23:14:22.224+0000] {taskinstance.py:789} DEBUG - Refreshing TaskInstance <TaskInstance: run_dbt_models.model.dbt_btc_transform.stg_kaggle__btcusdt manual__2024-10-15T23:09:07.210288+00:00 [running]> from DB
[2024-10-15T23:14:22.239+0000] {job.py:213} DEBUG - [heartbeat]
[2024-10-15T23:14:22.701+0000] {subprocess.py:93} INFO - [0m23:14:22  Found 1 model, 1 source, 540 macros
[2024-10-15T23:14:22.704+0000] {subprocess.py:93} INFO - [0m23:14:22
[2024-10-15T23:14:22.895+0000] {subprocess.py:93} INFO - [0m23:14:22  Concurrency: 4 threads (target='dev')
[2024-10-15T23:14:22.896+0000] {subprocess.py:93} INFO - [0m23:14:22
[2024-10-15T23:14:22.907+0000] {subprocess.py:93} INFO - [0m23:14:22  1 of 1 START sql table model analytics.stg_kaggle__btcusdt ..................... [RUN]
[2024-10-15T23:14:23.116+0000] {subprocess.py:93} INFO - [0m23:14:23  1 of 1 OK created sql table model analytics.stg_kaggle__btcusdt ................ [[32mSELECT 9999[0m in 0.20s]
[2024-10-15T23:14:23.135+0000] {subprocess.py:93} INFO - [0m23:14:23
[2024-10-15T23:14:23.136+0000] {subprocess.py:93} INFO - [0m23:14:23  Finished running 1 table model in 0 hours 0 minutes and 0.43 seconds (0.43s).
[2024-10-15T23:14:23.139+0000] {subprocess.py:93} INFO - [0m23:14:23
[2024-10-15T23:14:23.140+0000] {subprocess.py:93} INFO - [0m23:14:23  [32mCompleted successfully[0m
[2024-10-15T23:14:23.141+0000] {subprocess.py:93} INFO - [0m23:14:23
[2024-10-15T23:14:23.142+0000] {subprocess.py:93} INFO - [0m23:14:23  Done. PASS=1 WARN=0 ERROR=0 SKIP=0 TOTAL=1
[2024-10-15T23:14:23.815+0000] {subprocess.py:97} INFO - Command exited with return code 0
[2024-10-15T23:14:23.843+0000] {__init__.py:75} DEBUG - Lineage called with inlets: [], outlets: []
[2024-10-15T23:14:23.844+0000] {taskinstance.py:789} DEBUG - Refreshing TaskInstance <TaskInstance: run_dbt_models.model.dbt_btc_transform.stg_kaggle__btcusdt manual__2024-10-15T23:09:07.210288+00:00 [running]> from DB
[2024-10-15T23:14:23.859+0000] {taskinstance.py:1356} DEBUG - Clearing next_method and next_kwargs.
[2024-10-15T23:14:23.860+0000] {taskinstance.py:1345} INFO - Marking task as SUCCESS. dag_id=run_dbt_models, task_id=model.dbt_btc_transform.stg_kaggle__btcusdt, execution_date=20241015T230907, start_date=20241015T231417, end_date=20241015T231423
[2024-10-15T23:14:23.860+0000] {taskinstance.py:2305} DEBUG - Task Duration set to 6.698231
[2024-10-15T23:14:23.876+0000] {cli_action_loggers.py:83} DEBUG - Calling callbacks: []
[2024-10-15T23:14:23.897+0000] {local_task_job_runner.py:225} INFO - Task exited with return code 0
[2024-10-15T23:14:23.956+0000] {dagrun.py:697} DEBUG - number of tis tasks for <DagRun run_dbt_models @ 2024-10-15 23:09:07.210288+00:00: manual__2024-10-15T23:09:07.210288+00:00, state:running, queued_at: 2024-10-15 23:09:07.224159+00:00. externally triggered: True>: 4 task(s)
[2024-10-15T23:14:23.956+0000] {dagrun.py:718} DEBUG - number of scheduleable tasks for <DagRun run_dbt_models @ 2024-10-15 23:09:07.210288+00:00: manual__2024-10-15T23:09:07.210288+00:00, state:running, queued_at: 2024-10-15 23:09:07.224159+00:00. externally triggered: True>: 2 task(s)
[2024-10-15T23:14:23.958+0000] {taskinstance.py:1112} DEBUG - <TaskInstance: run_dbt_models.generate_dbt_docs manual__2024-10-15T23:09:07.210288+00:00 [None]> dependency 'Previous Dagrun State' PASSED: True, This task instance was the first task instance for its task.
[2024-10-15T23:14:23.959+0000] {taskinstance.py:1112} DEBUG - <TaskInstance: run_dbt_models.generate_dbt_docs manual__2024-10-15T23:09:07.210288+00:00 [None]> dependency 'Trigger Rule' PASSED: False, Task's trigger rule 'all_success' requires all upstream tasks to have succeeded, but found 1 non-success(es). upstream_states=_UpstreamTIStates(success=1, skipped=0, failed=0, upstream_failed=0, removed=0, done=1), upstream_task_ids={'model.dbt_btc_transform.stg_kaggle__btcusdt', 'test.dbt_btc_transform.stg_kaggle__btcusdt'}
[2024-10-15T23:14:23.959+0000] {taskinstance.py:1093} DEBUG - Dependencies not met for <TaskInstance: run_dbt_models.generate_dbt_docs manual__2024-10-15T23:09:07.210288+00:00 [None]>, dependency 'Trigger Rule' FAILED: Task's trigger rule 'all_success' requires all upstream tasks to have succeeded, but found 1 non-success(es). upstream_states=_UpstreamTIStates(success=1, skipped=0, failed=0, upstream_failed=0, removed=0, done=1), upstream_task_ids={'model.dbt_btc_transform.stg_kaggle__btcusdt', 'test.dbt_btc_transform.stg_kaggle__btcusdt'}
[2024-10-15T23:14:23.959+0000] {taskinstance.py:1112} DEBUG - <TaskInstance: run_dbt_models.generate_dbt_docs manual__2024-10-15T23:09:07.210288+00:00 [None]> dependency 'Not In Retry Period' PASSED: True, The task instance was not marked for retrying.
[2024-10-15T23:14:23.960+0000] {taskinstance.py:1112} DEBUG - <TaskInstance: run_dbt_models.test.dbt_btc_transform.stg_kaggle__btcusdt manual__2024-10-15T23:09:07.210288+00:00 [None]> dependency 'Previous Dagrun State' PASSED: True, This task instance was the first task instance for its task.
[2024-10-15T23:14:23.964+0000] {taskinstance.py:1112} DEBUG - <TaskInstance: run_dbt_models.test.dbt_btc_transform.stg_kaggle__btcusdt manual__2024-10-15T23:09:07.210288+00:00 [None]> dependency 'Not In Retry Period' PASSED: True, The task instance was not marked for retrying.
[2024-10-15T23:14:23.965+0000] {taskinstance.py:1103} DEBUG - Dependencies all met for dep_context=None ti=<TaskInstance: run_dbt_models.test.dbt_btc_transform.stg_kaggle__btcusdt manual__2024-10-15T23:09:07.210288+00:00 [None]>
[2024-10-15T23:14:23.972+0000] {taskinstance.py:2651} INFO - 1 downstream tasks scheduled from follow-on schedule check
