[2024-10-18T19:06:06.752+0000] {taskinstance.py:1037} DEBUG - previous_execution_date was called
[2024-10-18T19:06:06.778+0000] {__init__.py:51} DEBUG - Loading core task runner: StandardTaskRunner
[2024-10-18T19:06:06.796+0000] {taskinstance.py:1037} DEBUG - previous_execution_date was called
[2024-10-18T19:06:06.809+0000] {base_task_runner.py:68} DEBUG - Planning to run as the  user
[2024-10-18T19:06:06.827+0000] {taskinstance.py:789} DEBUG - Refreshing TaskInstance <TaskInstance: btcusdt_data_ingestion.ingest_btcusdt manual__2024-10-18T18:53:53.547937+00:00 [queued]> from DB
[2024-10-18T19:06:06.937+0000] {taskinstance.py:1112} DEBUG - <TaskInstance: btcusdt_data_ingestion.ingest_btcusdt manual__2024-10-18T18:53:53.547937+00:00 [queued]> dependency 'Task Instance Not Running' PASSED: True, Task is not in running state.
[2024-10-18T19:06:06.938+0000] {taskinstance.py:1112} DEBUG - <TaskInstance: btcusdt_data_ingestion.ingest_btcusdt manual__2024-10-18T18:53:53.547937+00:00 [queued]> dependency 'Previous Dagrun State' PASSED: True, The task did not have depends_on_past set.
[2024-10-18T19:06:06.938+0000] {taskinstance.py:1112} DEBUG - <TaskInstance: btcusdt_data_ingestion.ingest_btcusdt manual__2024-10-18T18:53:53.547937+00:00 [queued]> dependency 'Not In Retry Period' PASSED: True, The task instance was not marked for retrying.
[2024-10-18T19:06:06.939+0000] {taskinstance.py:1112} DEBUG - <TaskInstance: btcusdt_data_ingestion.ingest_btcusdt manual__2024-10-18T18:53:53.547937+00:00 [queued]> dependency 'Task Instance State' PASSED: True, Task state queued was valid.
[2024-10-18T19:06:06.939+0000] {taskinstance.py:1103} INFO - Dependencies all met for dep_context=non-requeueable deps ti=<TaskInstance: btcusdt_data_ingestion.ingest_btcusdt manual__2024-10-18T18:53:53.547937+00:00 [queued]>
[2024-10-18T19:06:06.942+0000] {taskinstance.py:1112} DEBUG - <TaskInstance: btcusdt_data_ingestion.ingest_btcusdt manual__2024-10-18T18:53:53.547937+00:00 [queued]> dependency 'Previous Dagrun State' PASSED: True, The task did not have depends_on_past set.
[2024-10-18T19:06:06.943+0000] {taskinstance.py:1112} DEBUG - <TaskInstance: btcusdt_data_ingestion.ingest_btcusdt manual__2024-10-18T18:53:53.547937+00:00 [queued]> dependency 'Task Concurrency' PASSED: True, Task concurrency is not set.
[2024-10-18T19:06:06.950+0000] {taskinstance.py:1112} DEBUG - <TaskInstance: btcusdt_data_ingestion.ingest_btcusdt manual__2024-10-18T18:53:53.547937+00:00 [queued]> dependency 'Pool Slots Available' PASSED: True, There are enough open slots in default_pool to execute the task
[2024-10-18T19:06:06.953+0000] {taskinstance.py:1112} DEBUG - <TaskInstance: btcusdt_data_ingestion.ingest_btcusdt manual__2024-10-18T18:53:53.547937+00:00 [queued]> dependency 'Not In Retry Period' PASSED: True, The task instance was not marked for retrying.
[2024-10-18T19:06:06.953+0000] {taskinstance.py:1103} INFO - Dependencies all met for dep_context=requeueable deps ti=<TaskInstance: btcusdt_data_ingestion.ingest_btcusdt manual__2024-10-18T18:53:53.547937+00:00 [queued]>
[2024-10-18T19:06:06.953+0000] {taskinstance.py:1308} INFO - Starting attempt 1 of 2
[2024-10-18T19:06:06.970+0000] {taskinstance.py:1327} INFO - Executing <Task(PythonOperator): ingest_btcusdt> on 2024-10-18 18:53:53.547937+00:00
[2024-10-18T19:06:06.976+0000] {standard_task_runner.py:57} INFO - Started process 259 to run task
[2024-10-18T19:06:06.983+0000] {standard_task_runner.py:84} INFO - Running: ['airflow', 'tasks', 'run', 'btcusdt_data_ingestion', 'ingest_btcusdt', 'manual__2024-10-18T18:53:53.547937+00:00', '--job-id', '162', '--raw', '--subdir', 'DAGS_FOLDER/ingest_btcusdt_data.py', '--cfg-path', '/tmp/tmp53h2dvi8']
[2024-10-18T19:06:06.988+0000] {standard_task_runner.py:85} INFO - Job 162: Subtask ingest_btcusdt
[2024-10-18T19:06:06.989+0000] {cli_action_loggers.py:65} DEBUG - Calling callbacks: [<function default_action_log at 0x7fb8145ae550>]
[2024-10-18T19:06:07.056+0000] {taskinstance.py:1037} DEBUG - previous_execution_date was called
[2024-10-18T19:06:07.065+0000] {task_command.py:410} INFO - Running <TaskInstance: btcusdt_data_ingestion.ingest_btcusdt manual__2024-10-18T18:53:53.547937+00:00 [running]> on host cd6dcf6990b1
[2024-10-18T19:06:07.066+0000] {settings.py:353} DEBUG - Disposing DB connection pool (PID 259)
[2024-10-18T19:06:07.066+0000] {settings.py:212} DEBUG - Setting up DB connection pool (PID 259)
[2024-10-18T19:06:07.067+0000] {settings.py:285} DEBUG - settings.prepare_engine_args(): Using NullPool
[2024-10-18T19:06:07.070+0000] {taskinstance.py:789} DEBUG - Refreshing TaskInstance <TaskInstance: btcusdt_data_ingestion.ingest_btcusdt manual__2024-10-18T18:53:53.547937+00:00 [running]> from DB
[2024-10-18T19:06:07.119+0000] {taskinstance.py:1037} DEBUG - previous_execution_date was called
[2024-10-18T19:06:07.129+0000] {taskinstance.py:868} DEBUG - Clearing XCom data
[2024-10-18T19:06:07.167+0000] {retries.py:80} DEBUG - Running RenderedTaskInstanceFields._do_delete_old_records with retries. Try 1 of 3
[2024-10-18T19:06:07.185+0000] {taskinstance.py:1545} INFO - Exporting env vars: AIRFLOW_CTX_DAG_OWNER='airflow' AIRFLOW_CTX_DAG_ID='btcusdt_data_ingestion' AIRFLOW_CTX_TASK_ID='ingest_btcusdt' AIRFLOW_CTX_EXECUTION_DATE='2024-10-18T18:53:53.547937+00:00' AIRFLOW_CTX_TRY_NUMBER='1' AIRFLOW_CTX_DAG_RUN_ID='manual__2024-10-18T18:53:53.547937+00:00'
[2024-10-18T19:06:07.187+0000] {__init__.py:117} DEBUG - Preparing lineage inlets and outlets
[2024-10-18T19:06:07.187+0000] {__init__.py:155} DEBUG - inlets: [], outlets: []
[2024-10-18T19:06:07.203+0000] {base.py:73} INFO - Using connection ID 'company_dw' for task execution.
[2024-10-18T19:06:07.214+0000] {logging_mixin.py:149} INFO - Loading file 1 of 10: data/tmp/split_7.csv
[2024-10-18T19:06:07.215+0000] {base.py:73} INFO - Using connection ID 'company_dw' for task execution.
[2024-10-18T19:06:12.028+0000] {taskinstance.py:789} DEBUG - Refreshing TaskInstance <TaskInstance: btcusdt_data_ingestion.ingest_btcusdt manual__2024-10-18T18:53:53.547937+00:00 [running]> from DB
[2024-10-18T19:06:12.044+0000] {job.py:213} DEBUG - [heartbeat]
[2024-10-18T19:06:12.918+0000] {logging_mixin.py:149} INFO - File 1 of 10 written to table 'btcusdt'
[2024-10-18T19:06:12.918+0000] {logging_mixin.py:149} INFO - Loading file 2 of 10: data/tmp/split_6.csv
[2024-10-18T19:06:12.921+0000] {base.py:73} INFO - Using connection ID 'company_dw' for task execution.
[2024-10-18T19:06:17.099+0000] {taskinstance.py:789} DEBUG - Refreshing TaskInstance <TaskInstance: btcusdt_data_ingestion.ingest_btcusdt manual__2024-10-18T18:53:53.547937+00:00 [running]> from DB
[2024-10-18T19:06:17.116+0000] {job.py:213} DEBUG - [heartbeat]
[2024-10-18T19:06:18.631+0000] {logging_mixin.py:149} INFO - File 2 of 10 written to table 'btcusdt'
[2024-10-18T19:06:18.631+0000] {logging_mixin.py:149} INFO - Loading file 3 of 10: data/tmp/split_4.csv
[2024-10-18T19:06:18.633+0000] {base.py:73} INFO - Using connection ID 'company_dw' for task execution.
[2024-10-18T19:06:22.162+0000] {taskinstance.py:789} DEBUG - Refreshing TaskInstance <TaskInstance: btcusdt_data_ingestion.ingest_btcusdt manual__2024-10-18T18:53:53.547937+00:00 [running]> from DB
[2024-10-18T19:06:22.181+0000] {job.py:213} DEBUG - [heartbeat]
[2024-10-18T19:06:26.130+0000] {logging_mixin.py:149} INFO - File 3 of 10 written to table 'btcusdt'
[2024-10-18T19:06:26.131+0000] {logging_mixin.py:149} INFO - Loading file 4 of 10: data/tmp/split_5.csv
[2024-10-18T19:06:26.133+0000] {base.py:73} INFO - Using connection ID 'company_dw' for task execution.
[2024-10-18T19:06:27.218+0000] {taskinstance.py:789} DEBUG - Refreshing TaskInstance <TaskInstance: btcusdt_data_ingestion.ingest_btcusdt manual__2024-10-18T18:53:53.547937+00:00 [running]> from DB
[2024-10-18T19:06:27.240+0000] {job.py:213} DEBUG - [heartbeat]
[2024-10-18T19:06:31.431+0000] {logging_mixin.py:149} INFO - File 4 of 10 written to table 'btcusdt'
[2024-10-18T19:06:31.434+0000] {logging_mixin.py:149} INFO - Loading file 5 of 10: data/tmp/split_1.csv
[2024-10-18T19:06:31.435+0000] {base.py:73} INFO - Using connection ID 'company_dw' for task execution.
[2024-10-18T19:06:32.301+0000] {taskinstance.py:789} DEBUG - Refreshing TaskInstance <TaskInstance: btcusdt_data_ingestion.ingest_btcusdt manual__2024-10-18T18:53:53.547937+00:00 [running]> from DB
[2024-10-18T19:06:32.318+0000] {job.py:213} DEBUG - [heartbeat]
[2024-10-18T19:06:37.325+0000] {logging_mixin.py:149} INFO - File 5 of 10 written to table 'btcusdt'
[2024-10-18T19:06:37.327+0000] {logging_mixin.py:149} INFO - Loading file 6 of 10: data/tmp/split_2.csv
[2024-10-18T19:06:37.330+0000] {base.py:73} INFO - Using connection ID 'company_dw' for task execution.
[2024-10-18T19:06:37.350+0000] {taskinstance.py:789} DEBUG - Refreshing TaskInstance <TaskInstance: btcusdt_data_ingestion.ingest_btcusdt manual__2024-10-18T18:53:53.547937+00:00 [running]> from DB
[2024-10-18T19:06:37.372+0000] {job.py:213} DEBUG - [heartbeat]
[2024-10-18T19:06:42.449+0000] {taskinstance.py:789} DEBUG - Refreshing TaskInstance <TaskInstance: btcusdt_data_ingestion.ingest_btcusdt manual__2024-10-18T18:53:53.547937+00:00 [running]> from DB
[2024-10-18T19:06:42.465+0000] {job.py:213} DEBUG - [heartbeat]
[2024-10-18T19:06:44.831+0000] {logging_mixin.py:149} INFO - File 6 of 10 written to table 'btcusdt'
[2024-10-18T19:06:44.831+0000] {logging_mixin.py:149} INFO - Loading file 7 of 10: data/tmp/split_3.csv
[2024-10-18T19:06:44.833+0000] {base.py:73} INFO - Using connection ID 'company_dw' for task execution.
[2024-10-18T19:06:47.522+0000] {taskinstance.py:789} DEBUG - Refreshing TaskInstance <TaskInstance: btcusdt_data_ingestion.ingest_btcusdt manual__2024-10-18T18:53:53.547937+00:00 [running]> from DB
[2024-10-18T19:06:47.537+0000] {job.py:213} DEBUG - [heartbeat]
[2024-10-18T19:06:50.746+0000] {logging_mixin.py:149} INFO - File 7 of 10 written to table 'btcusdt'
[2024-10-18T19:06:50.747+0000] {logging_mixin.py:149} INFO - Loading file 8 of 10: data/tmp/split_10.csv
[2024-10-18T19:06:50.748+0000] {base.py:73} INFO - Using connection ID 'company_dw' for task execution.
[2024-10-18T19:06:52.574+0000] {taskinstance.py:789} DEBUG - Refreshing TaskInstance <TaskInstance: btcusdt_data_ingestion.ingest_btcusdt manual__2024-10-18T18:53:53.547937+00:00 [running]> from DB
[2024-10-18T19:06:52.840+0000] {job.py:213} DEBUG - [heartbeat]
[2024-10-18T19:06:57.453+0000] {logging_mixin.py:149} INFO - File 8 of 10 written to table 'btcusdt'
[2024-10-18T19:06:57.456+0000] {logging_mixin.py:149} INFO - Loading file 9 of 10: data/tmp/split_8.csv
[2024-10-18T19:06:57.457+0000] {base.py:73} INFO - Using connection ID 'company_dw' for task execution.
[2024-10-18T19:06:58.109+0000] {taskinstance.py:789} DEBUG - Refreshing TaskInstance <TaskInstance: btcusdt_data_ingestion.ingest_btcusdt manual__2024-10-18T18:53:53.547937+00:00 [running]> from DB
[2024-10-18T19:06:58.319+0000] {job.py:213} DEBUG - [heartbeat]
[2024-10-18T19:07:03.384+0000] {taskinstance.py:789} DEBUG - Refreshing TaskInstance <TaskInstance: btcusdt_data_ingestion.ingest_btcusdt manual__2024-10-18T18:53:53.547937+00:00 [running]> from DB
[2024-10-18T19:07:03.398+0000] {job.py:213} DEBUG - [heartbeat]
[2024-10-18T19:07:04.319+0000] {logging_mixin.py:149} INFO - File 9 of 10 written to table 'btcusdt'
[2024-10-18T19:07:04.322+0000] {logging_mixin.py:149} INFO - Loading file 10 of 10: data/tmp/split_9.csv
[2024-10-18T19:07:04.339+0000] {base.py:73} INFO - Using connection ID 'company_dw' for task execution.
[2024-10-18T19:07:08.463+0000] {taskinstance.py:789} DEBUG - Refreshing TaskInstance <TaskInstance: btcusdt_data_ingestion.ingest_btcusdt manual__2024-10-18T18:53:53.547937+00:00 [running]> from DB
[2024-10-18T19:07:08.491+0000] {job.py:213} DEBUG - [heartbeat]
[2024-10-18T19:07:12.219+0000] {logging_mixin.py:149} INFO - File 10 of 10 written to table 'btcusdt'
[2024-10-18T19:07:12.225+0000] {python.py:183} INFO - Done. Returned value was: None
[2024-10-18T19:07:12.232+0000] {__init__.py:75} DEBUG - Lineage called with inlets: [], outlets: []
[2024-10-18T19:07:12.233+0000] {taskinstance.py:789} DEBUG - Refreshing TaskInstance <TaskInstance: btcusdt_data_ingestion.ingest_btcusdt manual__2024-10-18T18:53:53.547937+00:00 [running]> from DB
[2024-10-18T19:07:12.290+0000] {taskinstance.py:1356} DEBUG - Clearing next_method and next_kwargs.
[2024-10-18T19:07:12.290+0000] {taskinstance.py:1345} INFO - Marking task as SUCCESS. dag_id=btcusdt_data_ingestion, task_id=ingest_btcusdt, execution_date=20241018T185353, start_date=20241018T190606, end_date=20241018T190712
[2024-10-18T19:07:12.291+0000] {taskinstance.py:2305} DEBUG - Task Duration set to 65.3504
[2024-10-18T19:07:13.337+0000] {cli_action_loggers.py:83} DEBUG - Calling callbacks: []
[2024-10-18T19:07:13.392+0000] {local_task_job_runner.py:225} INFO - Task exited with return code 0
[2024-10-18T19:07:13.435+0000] {dagrun.py:697} DEBUG - number of tis tasks for <DagRun btcusdt_data_ingestion @ 2024-10-18 18:53:53.547937+00:00: manual__2024-10-18T18:53:53.547937+00:00, state:running, queued_at: 2024-10-18 18:53:53.565604+00:00. externally triggered: True>: 0 task(s)
[2024-10-18T19:07:13.436+0000] {taskinstance.py:2651} INFO - 0 downstream tasks scheduled from follow-on schedule check
