[2024-10-16T18:16:24.253+0000] {taskinstance.py:1037} DEBUG - previous_execution_date was called
[2024-10-16T18:16:24.279+0000] {__init__.py:51} DEBUG - Loading core task runner: StandardTaskRunner
[2024-10-16T18:16:24.297+0000] {taskinstance.py:1037} DEBUG - previous_execution_date was called
[2024-10-16T18:16:24.305+0000] {base_task_runner.py:68} DEBUG - Planning to run as the  user
[2024-10-16T18:16:24.308+0000] {taskinstance.py:789} DEBUG - Refreshing TaskInstance <TaskInstance: run_dbt_models.model.dbt_btc_transform.int_hourly_trades manual__2024-10-16T18:16:14.702384+00:00 [queued]> from DB
[2024-10-16T18:16:24.329+0000] {taskinstance.py:1112} DEBUG - <TaskInstance: run_dbt_models.model.dbt_btc_transform.int_hourly_trades manual__2024-10-16T18:16:14.702384+00:00 [queued]> dependency 'Task Instance State' PASSED: True, Task state queued was valid.
[2024-10-16T18:16:24.335+0000] {taskinstance.py:1112} DEBUG - <TaskInstance: run_dbt_models.model.dbt_btc_transform.int_hourly_trades manual__2024-10-16T18:16:14.702384+00:00 [queued]> dependency 'Previous Dagrun State' PASSED: True, This task instance was the first task instance for its task.
[2024-10-16T18:16:24.335+0000] {taskinstance.py:1112} DEBUG - <TaskInstance: run_dbt_models.model.dbt_btc_transform.int_hourly_trades manual__2024-10-16T18:16:14.702384+00:00 [queued]> dependency 'Task Instance Not Running' PASSED: True, Task is not in running state.
[2024-10-16T18:16:24.347+0000] {taskinstance.py:1112} DEBUG - <TaskInstance: run_dbt_models.model.dbt_btc_transform.int_hourly_trades manual__2024-10-16T18:16:14.702384+00:00 [queued]> dependency 'Not In Retry Period' PASSED: True, The task instance was not marked for retrying.
[2024-10-16T18:16:24.348+0000] {taskinstance.py:1103} INFO - Dependencies all met for dep_context=non-requeueable deps ti=<TaskInstance: run_dbt_models.model.dbt_btc_transform.int_hourly_trades manual__2024-10-16T18:16:14.702384+00:00 [queued]>
[2024-10-16T18:16:24.348+0000] {taskinstance.py:1112} DEBUG - <TaskInstance: run_dbt_models.model.dbt_btc_transform.int_hourly_trades manual__2024-10-16T18:16:14.702384+00:00 [queued]> dependency 'Task Concurrency' PASSED: True, Task concurrency is not set.
[2024-10-16T18:16:24.350+0000] {taskinstance.py:1112} DEBUG - <TaskInstance: run_dbt_models.model.dbt_btc_transform.int_hourly_trades manual__2024-10-16T18:16:14.702384+00:00 [queued]> dependency 'Previous Dagrun State' PASSED: True, This task instance was the first task instance for its task.
[2024-10-16T18:16:24.356+0000] {taskinstance.py:1112} DEBUG - <TaskInstance: run_dbt_models.model.dbt_btc_transform.int_hourly_trades manual__2024-10-16T18:16:14.702384+00:00 [queued]> dependency 'Not In Retry Period' PASSED: True, The task instance was not marked for retrying.
[2024-10-16T18:16:24.361+0000] {taskinstance.py:1112} DEBUG - <TaskInstance: run_dbt_models.model.dbt_btc_transform.int_hourly_trades manual__2024-10-16T18:16:14.702384+00:00 [queued]> dependency 'Pool Slots Available' PASSED: True, There are enough open slots in default_pool to execute the task
[2024-10-16T18:16:24.361+0000] {taskinstance.py:1103} INFO - Dependencies all met for dep_context=requeueable deps ti=<TaskInstance: run_dbt_models.model.dbt_btc_transform.int_hourly_trades manual__2024-10-16T18:16:14.702384+00:00 [queued]>
[2024-10-16T18:16:24.362+0000] {taskinstance.py:1308} INFO - Starting attempt 1 of 2
[2024-10-16T18:16:24.376+0000] {taskinstance.py:1327} INFO - Executing <Task(BashOperator): model.dbt_btc_transform.int_hourly_trades> on 2024-10-16 18:16:14.702384+00:00
[2024-10-16T18:16:24.381+0000] {standard_task_runner.py:57} INFO - Started process 1353 to run task
[2024-10-16T18:16:24.384+0000] {standard_task_runner.py:84} INFO - Running: ['airflow', 'tasks', 'run', 'run_dbt_models', 'model.dbt_btc_transform.int_hourly_trades', 'manual__2024-10-16T18:16:14.702384+00:00', '--job-id', '83', '--raw', '--subdir', 'DAGS_FOLDER/run_dbt_models.py', '--cfg-path', '/tmp/tmpyqna4ntb']
[2024-10-16T18:16:24.385+0000] {standard_task_runner.py:85} INFO - Job 83: Subtask model.dbt_btc_transform.int_hourly_trades
[2024-10-16T18:16:24.386+0000] {cli_action_loggers.py:65} DEBUG - Calling callbacks: [<function default_action_log at 0x7f7ca9505550>]
[2024-10-16T18:16:24.451+0000] {taskinstance.py:1037} DEBUG - previous_execution_date was called
[2024-10-16T18:16:24.460+0000] {task_command.py:410} INFO - Running <TaskInstance: run_dbt_models.model.dbt_btc_transform.int_hourly_trades manual__2024-10-16T18:16:14.702384+00:00 [running]> on host 888d2c584607
[2024-10-16T18:16:24.460+0000] {settings.py:353} DEBUG - Disposing DB connection pool (PID 1353)
[2024-10-16T18:16:24.461+0000] {settings.py:212} DEBUG - Setting up DB connection pool (PID 1353)
[2024-10-16T18:16:24.461+0000] {settings.py:285} DEBUG - settings.prepare_engine_args(): Using NullPool
[2024-10-16T18:16:24.464+0000] {taskinstance.py:789} DEBUG - Refreshing TaskInstance <TaskInstance: run_dbt_models.model.dbt_btc_transform.int_hourly_trades manual__2024-10-16T18:16:14.702384+00:00 [running]> from DB
[2024-10-16T18:16:24.512+0000] {taskinstance.py:1037} DEBUG - previous_execution_date was called
[2024-10-16T18:16:24.522+0000] {taskinstance.py:868} DEBUG - Clearing XCom data
[2024-10-16T18:16:24.557+0000] {retries.py:80} DEBUG - Running RenderedTaskInstanceFields._do_delete_old_records with retries. Try 1 of 3
[2024-10-16T18:16:24.574+0000] {taskinstance.py:1545} INFO - Exporting env vars: AIRFLOW_CTX_DAG_EMAIL='airflow@example.com' AIRFLOW_CTX_DAG_OWNER='airflow' AIRFLOW_CTX_DAG_ID='run_dbt_models' AIRFLOW_CTX_TASK_ID='model.dbt_btc_transform.int_hourly_trades' AIRFLOW_CTX_EXECUTION_DATE='2024-10-16T18:16:14.702384+00:00' AIRFLOW_CTX_TRY_NUMBER='1' AIRFLOW_CTX_DAG_RUN_ID='manual__2024-10-16T18:16:14.702384+00:00'
[2024-10-16T18:16:24.574+0000] {__init__.py:117} DEBUG - Preparing lineage inlets and outlets
[2024-10-16T18:16:24.575+0000] {__init__.py:155} DEBUG - inlets: [], outlets: []
[2024-10-16T18:16:24.575+0000] {bash.py:186} DEBUG - Exporting env vars: AIRFLOW_CTX_DAG_EMAIL='airflow@example.com' AIRFLOW_CTX_DAG_OWNER='airflow' AIRFLOW_CTX_DAG_ID='run_dbt_models' AIRFLOW_CTX_TASK_ID='model.dbt_btc_transform.int_hourly_trades' AIRFLOW_CTX_EXECUTION_DATE='2024-10-16T18:16:14.702384+00:00' AIRFLOW_CTX_TRY_NUMBER='1' AIRFLOW_CTX_DAG_RUN_ID='manual__2024-10-16T18:16:14.702384+00:00'
[2024-10-16T18:16:24.576+0000] {subprocess.py:63} INFO - Tmp dir root location: 
 /tmp
[2024-10-16T18:16:24.576+0000] {subprocess.py:75} INFO - Running command: ['/bin/bash', '-c', '\n            export DBT_SCHEMA=analytics &&\n            cd /opt/airflow/dbt &&\n            /home/airflow/.local/bin/dbt --no-write-json run --target dev --models int_hourly_trades\n            ']
[2024-10-16T18:16:24.585+0000] {subprocess.py:86} INFO - Output:
[2024-10-16T18:16:26.921+0000] {subprocess.py:93} INFO - [0m18:16:26  Running with dbt=1.8.7
[2024-10-16T18:16:27.224+0000] {subprocess.py:93} INFO - [0m18:16:27  Registered adapter: ***=1.8.2
[2024-10-16T18:16:27.608+0000] {subprocess.py:93} INFO - [0m18:16:27  Found 2 models, 18 data tests, 1 source, 540 macros
[2024-10-16T18:16:27.612+0000] {subprocess.py:93} INFO - [0m18:16:27
[2024-10-16T18:16:27.813+0000] {subprocess.py:93} INFO - [0m18:16:27  Concurrency: 4 threads (target='dev')
[2024-10-16T18:16:27.813+0000] {subprocess.py:93} INFO - [0m18:16:27
[2024-10-16T18:16:27.824+0000] {subprocess.py:93} INFO - [0m18:16:27  1 of 1 START sql table model analytics.int_hourly_trades ....................... [RUN]
[2024-10-16T18:16:28.170+0000] {subprocess.py:93} INFO - [0m18:16:28  1 of 1 OK created sql table model analytics.int_hourly_trades .................. [[32mSELECT 555[0m in 0.34s]
[2024-10-16T18:16:28.188+0000] {subprocess.py:93} INFO - [0m18:16:28
[2024-10-16T18:16:28.189+0000] {subprocess.py:93} INFO - [0m18:16:28  Finished running 1 table model in 0 hours 0 minutes and 0.58 seconds (0.58s).
[2024-10-16T18:16:28.191+0000] {subprocess.py:93} INFO - [0m18:16:28
[2024-10-16T18:16:28.192+0000] {subprocess.py:93} INFO - [0m18:16:28  [32mCompleted successfully[0m
[2024-10-16T18:16:28.193+0000] {subprocess.py:93} INFO - [0m18:16:28
[2024-10-16T18:16:28.194+0000] {subprocess.py:93} INFO - [0m18:16:28  Done. PASS=1 WARN=0 ERROR=0 SKIP=0 TOTAL=1
[2024-10-16T18:16:29.420+0000] {taskinstance.py:789} DEBUG - Refreshing TaskInstance <TaskInstance: run_dbt_models.model.dbt_btc_transform.int_hourly_trades manual__2024-10-16T18:16:14.702384+00:00 [running]> from DB
[2024-10-16T18:16:29.434+0000] {job.py:213} DEBUG - [heartbeat]
[2024-10-16T18:16:29.945+0000] {subprocess.py:97} INFO - Command exited with return code 0
[2024-10-16T18:16:29.975+0000] {__init__.py:75} DEBUG - Lineage called with inlets: [], outlets: []
[2024-10-16T18:16:29.975+0000] {taskinstance.py:789} DEBUG - Refreshing TaskInstance <TaskInstance: run_dbt_models.model.dbt_btc_transform.int_hourly_trades manual__2024-10-16T18:16:14.702384+00:00 [running]> from DB
[2024-10-16T18:16:29.990+0000] {taskinstance.py:1356} DEBUG - Clearing next_method and next_kwargs.
[2024-10-16T18:16:29.991+0000] {taskinstance.py:1345} INFO - Marking task as SUCCESS. dag_id=run_dbt_models, task_id=model.dbt_btc_transform.int_hourly_trades, execution_date=20241016T181614, start_date=20241016T181624, end_date=20241016T181629
[2024-10-16T18:16:29.991+0000] {taskinstance.py:2305} DEBUG - Task Duration set to 5.642412
[2024-10-16T18:16:30.005+0000] {cli_action_loggers.py:83} DEBUG - Calling callbacks: []
[2024-10-16T18:16:30.026+0000] {local_task_job_runner.py:225} INFO - Task exited with return code 0
[2024-10-16T18:16:30.087+0000] {dagrun.py:697} DEBUG - number of tis tasks for <DagRun run_dbt_models @ 2024-10-16 18:16:14.702384+00:00: manual__2024-10-16T18:16:14.702384+00:00, state:running, queued_at: 2024-10-16 18:16:14.718067+00:00. externally triggered: True>: 6 task(s)
[2024-10-16T18:16:30.087+0000] {dagrun.py:718} DEBUG - number of scheduleable tasks for <DagRun run_dbt_models @ 2024-10-16 18:16:14.702384+00:00: manual__2024-10-16T18:16:14.702384+00:00, state:running, queued_at: 2024-10-16 18:16:14.718067+00:00. externally triggered: True>: 2 task(s)
[2024-10-16T18:16:30.089+0000] {taskinstance.py:1112} DEBUG - <TaskInstance: run_dbt_models.generate_dbt_docs manual__2024-10-16T18:16:14.702384+00:00 [None]> dependency 'Previous Dagrun State' PASSED: True, This task instance was the first task instance for its task.
[2024-10-16T18:16:30.090+0000] {taskinstance.py:1112} DEBUG - <TaskInstance: run_dbt_models.generate_dbt_docs manual__2024-10-16T18:16:14.702384+00:00 [None]> dependency 'Not In Retry Period' PASSED: True, The task instance was not marked for retrying.
[2024-10-16T18:16:30.090+0000] {taskinstance.py:1112} DEBUG - <TaskInstance: run_dbt_models.generate_dbt_docs manual__2024-10-16T18:16:14.702384+00:00 [None]> dependency 'Trigger Rule' PASSED: False, Task's trigger rule 'all_success' requires all upstream tasks to have succeeded, but found 2 non-success(es). upstream_states=_UpstreamTIStates(success=2, skipped=0, failed=0, upstream_failed=0, removed=0, done=2), upstream_task_ids={'test.dbt_btc_transform.int_hourly_trades', 'model.dbt_btc_transform.stg_kaggle__btcusdt', 'model.dbt_btc_transform.int_hourly_trades', 'test.dbt_btc_transform.stg_kaggle__btcusdt'}
[2024-10-16T18:16:30.091+0000] {taskinstance.py:1093} DEBUG - Dependencies not met for <TaskInstance: run_dbt_models.generate_dbt_docs manual__2024-10-16T18:16:14.702384+00:00 [None]>, dependency 'Trigger Rule' FAILED: Task's trigger rule 'all_success' requires all upstream tasks to have succeeded, but found 2 non-success(es). upstream_states=_UpstreamTIStates(success=2, skipped=0, failed=0, upstream_failed=0, removed=0, done=2), upstream_task_ids={'test.dbt_btc_transform.int_hourly_trades', 'model.dbt_btc_transform.stg_kaggle__btcusdt', 'model.dbt_btc_transform.int_hourly_trades', 'test.dbt_btc_transform.stg_kaggle__btcusdt'}
[2024-10-16T18:16:30.093+0000] {taskinstance.py:1112} DEBUG - <TaskInstance: run_dbt_models.test.dbt_btc_transform.int_hourly_trades manual__2024-10-16T18:16:14.702384+00:00 [None]> dependency 'Previous Dagrun State' PASSED: True, This task instance was the first task instance for its task.
[2024-10-16T18:16:30.093+0000] {taskinstance.py:1112} DEBUG - <TaskInstance: run_dbt_models.test.dbt_btc_transform.int_hourly_trades manual__2024-10-16T18:16:14.702384+00:00 [None]> dependency 'Not In Retry Period' PASSED: True, The task instance was not marked for retrying.
[2024-10-16T18:16:30.097+0000] {taskinstance.py:1103} DEBUG - Dependencies all met for dep_context=None ti=<TaskInstance: run_dbt_models.test.dbt_btc_transform.int_hourly_trades manual__2024-10-16T18:16:14.702384+00:00 [None]>
[2024-10-16T18:16:30.106+0000] {taskinstance.py:2651} INFO - 1 downstream tasks scheduled from follow-on schedule check
