[2024-10-18T20:26:15.714+0000] {taskinstance.py:1037} DEBUG - previous_execution_date was called
[2024-10-18T20:26:15.745+0000] {__init__.py:51} DEBUG - Loading core task runner: StandardTaskRunner
[2024-10-18T20:26:15.764+0000] {taskinstance.py:1037} DEBUG - previous_execution_date was called
[2024-10-18T20:26:15.774+0000] {base_task_runner.py:68} DEBUG - Planning to run as the  user
[2024-10-18T20:26:15.777+0000] {taskinstance.py:789} DEBUG - Refreshing TaskInstance <TaskInstance: run_dbt_models.model.dbt_btc_transform.fct_hourly_trades manual__2024-10-18T20:20:02.851757+00:00 [queued]> from DB
[2024-10-18T20:26:15.817+0000] {taskinstance.py:1112} DEBUG - <TaskInstance: run_dbt_models.model.dbt_btc_transform.fct_hourly_trades manual__2024-10-18T20:20:02.851757+00:00 [queued]> dependency 'Task Instance Not Running' PASSED: True, Task is not in running state.
[2024-10-18T20:26:15.820+0000] {taskinstance.py:1112} DEBUG - <TaskInstance: run_dbt_models.model.dbt_btc_transform.fct_hourly_trades manual__2024-10-18T20:20:02.851757+00:00 [queued]> dependency 'Previous Dagrun State' PASSED: True, This task instance was the first task instance for its task.
[2024-10-18T20:26:15.821+0000] {taskinstance.py:1112} DEBUG - <TaskInstance: run_dbt_models.model.dbt_btc_transform.fct_hourly_trades manual__2024-10-18T20:20:02.851757+00:00 [queued]> dependency 'Not In Retry Period' PASSED: True, The task instance was not marked for retrying.
[2024-10-18T20:26:15.821+0000] {taskinstance.py:1112} DEBUG - <TaskInstance: run_dbt_models.model.dbt_btc_transform.fct_hourly_trades manual__2024-10-18T20:20:02.851757+00:00 [queued]> dependency 'Task Instance State' PASSED: True, Task state queued was valid.
[2024-10-18T20:26:15.822+0000] {taskinstance.py:1103} INFO - Dependencies all met for dep_context=non-requeueable deps ti=<TaskInstance: run_dbt_models.model.dbt_btc_transform.fct_hourly_trades manual__2024-10-18T20:20:02.851757+00:00 [queued]>
[2024-10-18T20:26:15.828+0000] {taskinstance.py:1112} DEBUG - <TaskInstance: run_dbt_models.model.dbt_btc_transform.fct_hourly_trades manual__2024-10-18T20:20:02.851757+00:00 [queued]> dependency 'Previous Dagrun State' PASSED: True, This task instance was the first task instance for its task.
[2024-10-18T20:26:15.828+0000] {taskinstance.py:1112} DEBUG - <TaskInstance: run_dbt_models.model.dbt_btc_transform.fct_hourly_trades manual__2024-10-18T20:20:02.851757+00:00 [queued]> dependency 'Task Concurrency' PASSED: True, Task concurrency is not set.
[2024-10-18T20:26:15.834+0000] {taskinstance.py:1112} DEBUG - <TaskInstance: run_dbt_models.model.dbt_btc_transform.fct_hourly_trades manual__2024-10-18T20:20:02.851757+00:00 [queued]> dependency 'Pool Slots Available' PASSED: True, There are enough open slots in default_pool to execute the task
[2024-10-18T20:26:15.837+0000] {taskinstance.py:1112} DEBUG - <TaskInstance: run_dbt_models.model.dbt_btc_transform.fct_hourly_trades manual__2024-10-18T20:20:02.851757+00:00 [queued]> dependency 'Not In Retry Period' PASSED: True, The task instance was not marked for retrying.
[2024-10-18T20:26:15.837+0000] {taskinstance.py:1103} INFO - Dependencies all met for dep_context=requeueable deps ti=<TaskInstance: run_dbt_models.model.dbt_btc_transform.fct_hourly_trades manual__2024-10-18T20:20:02.851757+00:00 [queued]>
[2024-10-18T20:26:15.838+0000] {taskinstance.py:1308} INFO - Starting attempt 1 of 2
[2024-10-18T20:26:15.851+0000] {taskinstance.py:1327} INFO - Executing <Task(BashOperator): model.dbt_btc_transform.fct_hourly_trades> on 2024-10-18 20:20:02.851757+00:00
[2024-10-18T20:26:15.855+0000] {standard_task_runner.py:57} INFO - Started process 1401 to run task
[2024-10-18T20:26:15.859+0000] {standard_task_runner.py:84} INFO - Running: ['airflow', 'tasks', 'run', 'run_dbt_models', 'model.dbt_btc_transform.fct_hourly_trades', 'manual__2024-10-18T20:20:02.851757+00:00', '--job-id', '169', '--raw', '--subdir', 'DAGS_FOLDER/run_dbt_models.py', '--cfg-path', '/tmp/tmpfmwezwri']
[2024-10-18T20:26:15.860+0000] {standard_task_runner.py:85} INFO - Job 169: Subtask model.dbt_btc_transform.fct_hourly_trades
[2024-10-18T20:26:15.861+0000] {cli_action_loggers.py:65} DEBUG - Calling callbacks: [<function default_action_log at 0x7fb8145ae550>]
[2024-10-18T20:26:15.924+0000] {taskinstance.py:1037} DEBUG - previous_execution_date was called
[2024-10-18T20:26:15.933+0000] {task_command.py:410} INFO - Running <TaskInstance: run_dbt_models.model.dbt_btc_transform.fct_hourly_trades manual__2024-10-18T20:20:02.851757+00:00 [running]> on host cd6dcf6990b1
[2024-10-18T20:26:15.933+0000] {settings.py:353} DEBUG - Disposing DB connection pool (PID 1401)
[2024-10-18T20:26:15.934+0000] {settings.py:212} DEBUG - Setting up DB connection pool (PID 1401)
[2024-10-18T20:26:15.934+0000] {settings.py:285} DEBUG - settings.prepare_engine_args(): Using NullPool
[2024-10-18T20:26:15.937+0000] {taskinstance.py:789} DEBUG - Refreshing TaskInstance <TaskInstance: run_dbt_models.model.dbt_btc_transform.fct_hourly_trades manual__2024-10-18T20:20:02.851757+00:00 [running]> from DB
[2024-10-18T20:26:15.990+0000] {taskinstance.py:1037} DEBUG - previous_execution_date was called
[2024-10-18T20:26:16.001+0000] {taskinstance.py:868} DEBUG - Clearing XCom data
[2024-10-18T20:26:16.044+0000] {retries.py:80} DEBUG - Running RenderedTaskInstanceFields._do_delete_old_records with retries. Try 1 of 3
[2024-10-18T20:26:16.063+0000] {taskinstance.py:1545} INFO - Exporting env vars: AIRFLOW_CTX_DAG_EMAIL='airflow@example.com' AIRFLOW_CTX_DAG_OWNER='airflow' AIRFLOW_CTX_DAG_ID='run_dbt_models' AIRFLOW_CTX_TASK_ID='model.dbt_btc_transform.fct_hourly_trades' AIRFLOW_CTX_EXECUTION_DATE='2024-10-18T20:20:02.851757+00:00' AIRFLOW_CTX_TRY_NUMBER='1' AIRFLOW_CTX_DAG_RUN_ID='manual__2024-10-18T20:20:02.851757+00:00'
[2024-10-18T20:26:16.063+0000] {__init__.py:117} DEBUG - Preparing lineage inlets and outlets
[2024-10-18T20:26:16.064+0000] {__init__.py:155} DEBUG - inlets: [], outlets: []
[2024-10-18T20:26:16.064+0000] {bash.py:186} DEBUG - Exporting env vars: AIRFLOW_CTX_DAG_EMAIL='airflow@example.com' AIRFLOW_CTX_DAG_OWNER='airflow' AIRFLOW_CTX_DAG_ID='run_dbt_models' AIRFLOW_CTX_TASK_ID='model.dbt_btc_transform.fct_hourly_trades' AIRFLOW_CTX_EXECUTION_DATE='2024-10-18T20:20:02.851757+00:00' AIRFLOW_CTX_TRY_NUMBER='1' AIRFLOW_CTX_DAG_RUN_ID='manual__2024-10-18T20:20:02.851757+00:00'
[2024-10-18T20:26:16.065+0000] {subprocess.py:63} INFO - Tmp dir root location: 
 /tmp
[2024-10-18T20:26:16.065+0000] {subprocess.py:75} INFO - Running command: ['/bin/bash', '-c', '\n            export DBT_SCHEMA=analytics &&\n            cd /opt/airflow/dbt &&\n            /home/airflow/.local/bin/dbt --no-write-json run --target dev --models fct_hourly_trades\n            ']
[2024-10-18T20:26:16.074+0000] {subprocess.py:86} INFO - Output:
[2024-10-18T20:26:18.357+0000] {subprocess.py:93} INFO - [0m20:26:18  Running with dbt=1.8.7
[2024-10-18T20:26:18.682+0000] {subprocess.py:93} INFO - [0m20:26:18  Registered adapter: ***=1.8.2
[2024-10-18T20:26:19.106+0000] {subprocess.py:93} INFO - [0m20:26:19  Found 2 models, 25 data tests, 1 source, 540 macros
[2024-10-18T20:26:19.110+0000] {subprocess.py:93} INFO - [0m20:26:19
[2024-10-18T20:26:19.317+0000] {subprocess.py:93} INFO - [0m20:26:19  Concurrency: 4 threads (target='dev')
[2024-10-18T20:26:19.319+0000] {subprocess.py:93} INFO - [0m20:26:19
[2024-10-18T20:26:19.332+0000] {subprocess.py:93} INFO - [0m20:26:19  1 of 1 START sql table model analytics.fct_hourly_trades ....................... [RUN]
[2024-10-18T20:26:20.894+0000] {taskinstance.py:789} DEBUG - Refreshing TaskInstance <TaskInstance: run_dbt_models.model.dbt_btc_transform.fct_hourly_trades manual__2024-10-18T20:20:02.851757+00:00 [running]> from DB
[2024-10-18T20:26:20.908+0000] {job.py:213} DEBUG - [heartbeat]
[2024-10-18T20:26:25.964+0000] {taskinstance.py:789} DEBUG - Refreshing TaskInstance <TaskInstance: run_dbt_models.model.dbt_btc_transform.fct_hourly_trades manual__2024-10-18T20:20:02.851757+00:00 [running]> from DB
[2024-10-18T20:26:26.003+0000] {job.py:213} DEBUG - [heartbeat]
[2024-10-18T20:26:31.061+0000] {taskinstance.py:789} DEBUG - Refreshing TaskInstance <TaskInstance: run_dbt_models.model.dbt_btc_transform.fct_hourly_trades manual__2024-10-18T20:20:02.851757+00:00 [running]> from DB
[2024-10-18T20:26:31.079+0000] {job.py:213} DEBUG - [heartbeat]
[2024-10-18T20:26:36.119+0000] {taskinstance.py:789} DEBUG - Refreshing TaskInstance <TaskInstance: run_dbt_models.model.dbt_btc_transform.fct_hourly_trades manual__2024-10-18T20:20:02.851757+00:00 [running]> from DB
[2024-10-18T20:26:36.131+0000] {job.py:213} DEBUG - [heartbeat]
[2024-10-18T20:26:41.170+0000] {taskinstance.py:789} DEBUG - Refreshing TaskInstance <TaskInstance: run_dbt_models.model.dbt_btc_transform.fct_hourly_trades manual__2024-10-18T20:20:02.851757+00:00 [running]> from DB
[2024-10-18T20:26:41.187+0000] {job.py:213} DEBUG - [heartbeat]
[2024-10-18T20:26:46.232+0000] {taskinstance.py:789} DEBUG - Refreshing TaskInstance <TaskInstance: run_dbt_models.model.dbt_btc_transform.fct_hourly_trades manual__2024-10-18T20:20:02.851757+00:00 [running]> from DB
[2024-10-18T20:26:46.246+0000] {job.py:213} DEBUG - [heartbeat]
[2024-10-18T20:26:51.286+0000] {taskinstance.py:789} DEBUG - Refreshing TaskInstance <TaskInstance: run_dbt_models.model.dbt_btc_transform.fct_hourly_trades manual__2024-10-18T20:20:02.851757+00:00 [running]> from DB
[2024-10-18T20:26:51.307+0000] {job.py:213} DEBUG - [heartbeat]
[2024-10-18T20:26:56.338+0000] {taskinstance.py:789} DEBUG - Refreshing TaskInstance <TaskInstance: run_dbt_models.model.dbt_btc_transform.fct_hourly_trades manual__2024-10-18T20:20:02.851757+00:00 [running]> from DB
[2024-10-18T20:26:56.353+0000] {job.py:213} DEBUG - [heartbeat]
[2024-10-18T20:27:01.385+0000] {taskinstance.py:789} DEBUG - Refreshing TaskInstance <TaskInstance: run_dbt_models.model.dbt_btc_transform.fct_hourly_trades manual__2024-10-18T20:20:02.851757+00:00 [running]> from DB
[2024-10-18T20:27:01.398+0000] {job.py:213} DEBUG - [heartbeat]
[2024-10-18T20:27:02.221+0000] {subprocess.py:93} INFO - [0m20:27:02  1 of 1 OK created sql table model analytics.fct_hourly_trades .................. [[32mSELECT 30736[0m in 42.88s]
[2024-10-18T20:27:02.245+0000] {subprocess.py:93} INFO - [0m20:27:02
[2024-10-18T20:27:02.246+0000] {subprocess.py:93} INFO - [0m20:27:02  Finished running 1 table model in 0 hours 0 minutes and 43.13 seconds (43.13s).
[2024-10-18T20:27:02.249+0000] {subprocess.py:93} INFO - [0m20:27:02
[2024-10-18T20:27:02.250+0000] {subprocess.py:93} INFO - [0m20:27:02  [32mCompleted successfully[0m
[2024-10-18T20:27:02.251+0000] {subprocess.py:93} INFO - [0m20:27:02
[2024-10-18T20:27:02.252+0000] {subprocess.py:93} INFO - [0m20:27:02  Done. PASS=1 WARN=0 ERROR=0 SKIP=0 TOTAL=1
[2024-10-18T20:27:02.977+0000] {subprocess.py:97} INFO - Command exited with return code 0
[2024-10-18T20:27:03.014+0000] {__init__.py:75} DEBUG - Lineage called with inlets: [], outlets: []
[2024-10-18T20:27:03.015+0000] {taskinstance.py:789} DEBUG - Refreshing TaskInstance <TaskInstance: run_dbt_models.model.dbt_btc_transform.fct_hourly_trades manual__2024-10-18T20:20:02.851757+00:00 [running]> from DB
[2024-10-18T20:27:03.031+0000] {taskinstance.py:1356} DEBUG - Clearing next_method and next_kwargs.
[2024-10-18T20:27:03.032+0000] {taskinstance.py:1345} INFO - Marking task as SUCCESS. dag_id=run_dbt_models, task_id=model.dbt_btc_transform.fct_hourly_trades, execution_date=20241018T202002, start_date=20241018T202615, end_date=20241018T202703
[2024-10-18T20:27:03.032+0000] {taskinstance.py:2305} DEBUG - Task Duration set to 47.209329
[2024-10-18T20:27:03.054+0000] {cli_action_loggers.py:83} DEBUG - Calling callbacks: []
[2024-10-18T20:27:03.096+0000] {local_task_job_runner.py:225} INFO - Task exited with return code 0
[2024-10-18T20:27:03.131+0000] {dagrun.py:697} DEBUG - number of tis tasks for <DagRun run_dbt_models @ 2024-10-18 20:20:02.851757+00:00: manual__2024-10-18T20:20:02.851757+00:00, state:running, queued_at: 2024-10-18 20:20:02.902891+00:00. externally triggered: True>: 6 task(s)
[2024-10-18T20:27:03.131+0000] {dagrun.py:718} DEBUG - number of scheduleable tasks for <DagRun run_dbt_models @ 2024-10-18 20:20:02.851757+00:00: manual__2024-10-18T20:20:02.851757+00:00, state:running, queued_at: 2024-10-18 20:20:02.902891+00:00. externally triggered: True>: 2 task(s)
[2024-10-18T20:27:03.134+0000] {taskinstance.py:1112} DEBUG - <TaskInstance: run_dbt_models.generate_dbt_docs manual__2024-10-18T20:20:02.851757+00:00 [None]> dependency 'Previous Dagrun State' PASSED: True, This task instance was the first task instance for its task.
[2024-10-18T20:27:03.135+0000] {taskinstance.py:1112} DEBUG - <TaskInstance: run_dbt_models.generate_dbt_docs manual__2024-10-18T20:20:02.851757+00:00 [None]> dependency 'Trigger Rule' PASSED: False, Task's trigger rule 'all_success' requires all upstream tasks to have succeeded, but found 2 non-success(es). upstream_states=_UpstreamTIStates(success=2, skipped=0, failed=0, upstream_failed=0, removed=0, done=2), upstream_task_ids={'test.dbt_btc_transform.fct_hourly_trades', 'model.dbt_btc_transform.fct_hourly_trades', 'test.dbt_btc_transform.stg_kaggle__btcusdt', 'model.dbt_btc_transform.stg_kaggle__btcusdt'}
[2024-10-18T20:27:03.136+0000] {taskinstance.py:1093} DEBUG - Dependencies not met for <TaskInstance: run_dbt_models.generate_dbt_docs manual__2024-10-18T20:20:02.851757+00:00 [None]>, dependency 'Trigger Rule' FAILED: Task's trigger rule 'all_success' requires all upstream tasks to have succeeded, but found 2 non-success(es). upstream_states=_UpstreamTIStates(success=2, skipped=0, failed=0, upstream_failed=0, removed=0, done=2), upstream_task_ids={'test.dbt_btc_transform.fct_hourly_trades', 'model.dbt_btc_transform.fct_hourly_trades', 'test.dbt_btc_transform.stg_kaggle__btcusdt', 'model.dbt_btc_transform.stg_kaggle__btcusdt'}
[2024-10-18T20:27:03.136+0000] {taskinstance.py:1112} DEBUG - <TaskInstance: run_dbt_models.generate_dbt_docs manual__2024-10-18T20:20:02.851757+00:00 [None]> dependency 'Not In Retry Period' PASSED: True, The task instance was not marked for retrying.
[2024-10-18T20:27:03.141+0000] {taskinstance.py:1112} DEBUG - <TaskInstance: run_dbt_models.test.dbt_btc_transform.fct_hourly_trades manual__2024-10-18T20:20:02.851757+00:00 [None]> dependency 'Previous Dagrun State' PASSED: True, This task instance was the first task instance for its task.
[2024-10-18T20:27:03.141+0000] {taskinstance.py:1112} DEBUG - <TaskInstance: run_dbt_models.test.dbt_btc_transform.fct_hourly_trades manual__2024-10-18T20:20:02.851757+00:00 [None]> dependency 'Not In Retry Period' PASSED: True, The task instance was not marked for retrying.
[2024-10-18T20:27:03.142+0000] {taskinstance.py:1103} DEBUG - Dependencies all met for dep_context=None ti=<TaskInstance: run_dbt_models.test.dbt_btc_transform.fct_hourly_trades manual__2024-10-18T20:20:02.851757+00:00 [None]>
[2024-10-18T20:27:03.155+0000] {taskinstance.py:2651} INFO - 1 downstream tasks scheduled from follow-on schedule check
