[2024-10-16T18:12:54.283+0000] {taskinstance.py:1037} DEBUG - previous_execution_date was called
[2024-10-16T18:12:54.308+0000] {__init__.py:51} DEBUG - Loading core task runner: StandardTaskRunner
[2024-10-16T18:12:54.325+0000] {taskinstance.py:1037} DEBUG - previous_execution_date was called
[2024-10-16T18:12:54.333+0000] {base_task_runner.py:68} DEBUG - Planning to run as the  user
[2024-10-16T18:12:54.336+0000] {taskinstance.py:789} DEBUG - Refreshing TaskInstance <TaskInstance: run_dbt_models.model.dbt_btc_transform.int_hourly_trades manual__2024-10-16T18:06:30.304200+00:00 [queued]> from DB
[2024-10-16T18:12:54.357+0000] {taskinstance.py:1112} DEBUG - <TaskInstance: run_dbt_models.model.dbt_btc_transform.int_hourly_trades manual__2024-10-16T18:06:30.304200+00:00 [queued]> dependency 'Task Instance State' PASSED: True, Task state queued was valid.
[2024-10-16T18:12:54.362+0000] {taskinstance.py:1112} DEBUG - <TaskInstance: run_dbt_models.model.dbt_btc_transform.int_hourly_trades manual__2024-10-16T18:06:30.304200+00:00 [queued]> dependency 'Previous Dagrun State' PASSED: True, This task instance was the first task instance for its task.
[2024-10-16T18:12:54.363+0000] {taskinstance.py:1112} DEBUG - <TaskInstance: run_dbt_models.model.dbt_btc_transform.int_hourly_trades manual__2024-10-16T18:06:30.304200+00:00 [queued]> dependency 'Task Instance Not Running' PASSED: True, Task is not in running state.
[2024-10-16T18:12:54.375+0000] {taskinstance.py:1112} DEBUG - <TaskInstance: run_dbt_models.model.dbt_btc_transform.int_hourly_trades manual__2024-10-16T18:06:30.304200+00:00 [queued]> dependency 'Not In Retry Period' PASSED: True, The task instance was not marked for retrying.
[2024-10-16T18:12:54.376+0000] {taskinstance.py:1103} INFO - Dependencies all met for dep_context=non-requeueable deps ti=<TaskInstance: run_dbt_models.model.dbt_btc_transform.int_hourly_trades manual__2024-10-16T18:06:30.304200+00:00 [queued]>
[2024-10-16T18:12:54.376+0000] {taskinstance.py:1112} DEBUG - <TaskInstance: run_dbt_models.model.dbt_btc_transform.int_hourly_trades manual__2024-10-16T18:06:30.304200+00:00 [queued]> dependency 'Task Concurrency' PASSED: True, Task concurrency is not set.
[2024-10-16T18:12:54.378+0000] {taskinstance.py:1112} DEBUG - <TaskInstance: run_dbt_models.model.dbt_btc_transform.int_hourly_trades manual__2024-10-16T18:06:30.304200+00:00 [queued]> dependency 'Previous Dagrun State' PASSED: True, This task instance was the first task instance for its task.
[2024-10-16T18:12:54.385+0000] {taskinstance.py:1112} DEBUG - <TaskInstance: run_dbt_models.model.dbt_btc_transform.int_hourly_trades manual__2024-10-16T18:06:30.304200+00:00 [queued]> dependency 'Not In Retry Period' PASSED: True, The task instance was not marked for retrying.
[2024-10-16T18:12:54.390+0000] {taskinstance.py:1112} DEBUG - <TaskInstance: run_dbt_models.model.dbt_btc_transform.int_hourly_trades manual__2024-10-16T18:06:30.304200+00:00 [queued]> dependency 'Pool Slots Available' PASSED: True, There are enough open slots in default_pool to execute the task
[2024-10-16T18:12:54.390+0000] {taskinstance.py:1103} INFO - Dependencies all met for dep_context=requeueable deps ti=<TaskInstance: run_dbt_models.model.dbt_btc_transform.int_hourly_trades manual__2024-10-16T18:06:30.304200+00:00 [queued]>
[2024-10-16T18:12:54.391+0000] {taskinstance.py:1308} INFO - Starting attempt 2 of 2
[2024-10-16T18:12:54.404+0000] {taskinstance.py:1327} INFO - Executing <Task(BashOperator): model.dbt_btc_transform.int_hourly_trades> on 2024-10-16 18:06:30.304200+00:00
[2024-10-16T18:12:54.408+0000] {standard_task_runner.py:57} INFO - Started process 1219 to run task
[2024-10-16T18:12:54.412+0000] {standard_task_runner.py:84} INFO - Running: ['airflow', 'tasks', 'run', 'run_dbt_models', 'model.dbt_btc_transform.int_hourly_trades', 'manual__2024-10-16T18:06:30.304200+00:00', '--job-id', '76', '--raw', '--subdir', 'DAGS_FOLDER/run_dbt_models.py', '--cfg-path', '/tmp/tmp9atth5ab']
[2024-10-16T18:12:54.413+0000] {standard_task_runner.py:85} INFO - Job 76: Subtask model.dbt_btc_transform.int_hourly_trades
[2024-10-16T18:12:54.414+0000] {cli_action_loggers.py:65} DEBUG - Calling callbacks: [<function default_action_log at 0x7f7ca9505550>]
[2024-10-16T18:12:54.476+0000] {taskinstance.py:1037} DEBUG - previous_execution_date was called
[2024-10-16T18:12:54.485+0000] {task_command.py:410} INFO - Running <TaskInstance: run_dbt_models.model.dbt_btc_transform.int_hourly_trades manual__2024-10-16T18:06:30.304200+00:00 [running]> on host 888d2c584607
[2024-10-16T18:12:54.486+0000] {settings.py:353} DEBUG - Disposing DB connection pool (PID 1219)
[2024-10-16T18:12:54.486+0000] {settings.py:212} DEBUG - Setting up DB connection pool (PID 1219)
[2024-10-16T18:12:54.487+0000] {settings.py:285} DEBUG - settings.prepare_engine_args(): Using NullPool
[2024-10-16T18:12:54.489+0000] {taskinstance.py:789} DEBUG - Refreshing TaskInstance <TaskInstance: run_dbt_models.model.dbt_btc_transform.int_hourly_trades manual__2024-10-16T18:06:30.304200+00:00 [running]> from DB
[2024-10-16T18:12:54.535+0000] {taskinstance.py:1037} DEBUG - previous_execution_date was called
[2024-10-16T18:12:54.543+0000] {taskinstance.py:868} DEBUG - Clearing XCom data
[2024-10-16T18:12:54.573+0000] {retries.py:80} DEBUG - Running RenderedTaskInstanceFields._do_delete_old_records with retries. Try 1 of 3
[2024-10-16T18:12:54.588+0000] {taskinstance.py:1545} INFO - Exporting env vars: AIRFLOW_CTX_DAG_EMAIL='airflow@example.com' AIRFLOW_CTX_DAG_OWNER='airflow' AIRFLOW_CTX_DAG_ID='run_dbt_models' AIRFLOW_CTX_TASK_ID='model.dbt_btc_transform.int_hourly_trades' AIRFLOW_CTX_EXECUTION_DATE='2024-10-16T18:06:30.304200+00:00' AIRFLOW_CTX_TRY_NUMBER='2' AIRFLOW_CTX_DAG_RUN_ID='manual__2024-10-16T18:06:30.304200+00:00'
[2024-10-16T18:12:54.588+0000] {__init__.py:117} DEBUG - Preparing lineage inlets and outlets
[2024-10-16T18:12:54.589+0000] {__init__.py:155} DEBUG - inlets: [], outlets: []
[2024-10-16T18:12:54.589+0000] {bash.py:186} DEBUG - Exporting env vars: AIRFLOW_CTX_DAG_EMAIL='airflow@example.com' AIRFLOW_CTX_DAG_OWNER='airflow' AIRFLOW_CTX_DAG_ID='run_dbt_models' AIRFLOW_CTX_TASK_ID='model.dbt_btc_transform.int_hourly_trades' AIRFLOW_CTX_EXECUTION_DATE='2024-10-16T18:06:30.304200+00:00' AIRFLOW_CTX_TRY_NUMBER='2' AIRFLOW_CTX_DAG_RUN_ID='manual__2024-10-16T18:06:30.304200+00:00'
[2024-10-16T18:12:54.590+0000] {subprocess.py:63} INFO - Tmp dir root location: 
 /tmp
[2024-10-16T18:12:54.590+0000] {subprocess.py:75} INFO - Running command: ['/bin/bash', '-c', '\n            export DBT_SCHEMA=analytics &&\n            cd /opt/airflow/dbt &&\n            /home/airflow/.local/bin/dbt --no-write-json run --target dev --models int_hourly_trades\n            ']
[2024-10-16T18:12:54.598+0000] {subprocess.py:86} INFO - Output:
[2024-10-16T18:12:57.231+0000] {subprocess.py:93} INFO - [0m18:12:57  Running with dbt=1.8.7
[2024-10-16T18:12:57.551+0000] {subprocess.py:93} INFO - [0m18:12:57  Registered adapter: ***=1.8.2
[2024-10-16T18:12:57.944+0000] {subprocess.py:93} INFO - [0m18:12:57  Found 2 models, 18 data tests, 1 source, 540 macros
[2024-10-16T18:12:57.947+0000] {subprocess.py:93} INFO - [0m18:12:57
[2024-10-16T18:12:58.138+0000] {subprocess.py:93} INFO - [0m18:12:58  Concurrency: 4 threads (target='dev')
[2024-10-16T18:12:58.139+0000] {subprocess.py:93} INFO - [0m18:12:58
[2024-10-16T18:12:58.150+0000] {subprocess.py:93} INFO - [0m18:12:58  1 of 1 START sql table model analytics.int_hourly_trades ....................... [RUN]
[2024-10-16T18:12:58.365+0000] {subprocess.py:93} INFO - [0m18:12:58  1 of 1 OK created sql table model analytics.int_hourly_trades .................. [[32mSELECT 555[0m in 0.21s]
[2024-10-16T18:12:58.384+0000] {subprocess.py:93} INFO - [0m18:12:58
[2024-10-16T18:12:58.384+0000] {subprocess.py:93} INFO - [0m18:12:58  Finished running 1 table model in 0 hours 0 minutes and 0.44 seconds (0.44s).
[2024-10-16T18:12:58.387+0000] {subprocess.py:93} INFO - [0m18:12:58
[2024-10-16T18:12:58.388+0000] {subprocess.py:93} INFO - [0m18:12:58  [32mCompleted successfully[0m
[2024-10-16T18:12:58.388+0000] {subprocess.py:93} INFO - [0m18:12:58
[2024-10-16T18:12:58.389+0000] {subprocess.py:93} INFO - [0m18:12:58  Done. PASS=1 WARN=0 ERROR=0 SKIP=0 TOTAL=1
[2024-10-16T18:12:59.048+0000] {subprocess.py:97} INFO - Command exited with return code 0
[2024-10-16T18:12:59.079+0000] {__init__.py:75} DEBUG - Lineage called with inlets: [], outlets: []
[2024-10-16T18:12:59.080+0000] {taskinstance.py:789} DEBUG - Refreshing TaskInstance <TaskInstance: run_dbt_models.model.dbt_btc_transform.int_hourly_trades manual__2024-10-16T18:06:30.304200+00:00 [running]> from DB
[2024-10-16T18:12:59.098+0000] {taskinstance.py:1356} DEBUG - Clearing next_method and next_kwargs.
[2024-10-16T18:12:59.098+0000] {taskinstance.py:1345} INFO - Marking task as SUCCESS. dag_id=run_dbt_models, task_id=model.dbt_btc_transform.int_hourly_trades, execution_date=20241016T180630, start_date=20241016T181254, end_date=20241016T181259
[2024-10-16T18:12:59.099+0000] {taskinstance.py:2305} DEBUG - Task Duration set to 4.722297
[2024-10-16T18:12:59.120+0000] {cli_action_loggers.py:83} DEBUG - Calling callbacks: []
[2024-10-16T18:12:59.143+0000] {local_task_job_runner.py:225} INFO - Task exited with return code 0
[2024-10-16T18:12:59.205+0000] {dagrun.py:697} DEBUG - number of tis tasks for <DagRun run_dbt_models @ 2024-10-16 18:06:30.304200+00:00: manual__2024-10-16T18:06:30.304200+00:00, state:running, queued_at: 2024-10-16 18:06:30.664597+00:00. externally triggered: True>: 6 task(s)
[2024-10-16T18:12:59.205+0000] {dagrun.py:718} DEBUG - number of scheduleable tasks for <DagRun run_dbt_models @ 2024-10-16 18:06:30.304200+00:00: manual__2024-10-16T18:06:30.304200+00:00, state:running, queued_at: 2024-10-16 18:06:30.664597+00:00. externally triggered: True>: 1 task(s)
[2024-10-16T18:12:59.207+0000] {taskinstance.py:1112} DEBUG - <TaskInstance: run_dbt_models.test.dbt_btc_transform.int_hourly_trades manual__2024-10-16T18:06:30.304200+00:00 [None]> dependency 'Previous Dagrun State' PASSED: True, This task instance was the first task instance for its task.
[2024-10-16T18:12:59.208+0000] {taskinstance.py:1112} DEBUG - <TaskInstance: run_dbt_models.test.dbt_btc_transform.int_hourly_trades manual__2024-10-16T18:06:30.304200+00:00 [None]> dependency 'Not In Retry Period' PASSED: True, The task instance was not marked for retrying.
[2024-10-16T18:12:59.211+0000] {taskinstance.py:1103} DEBUG - Dependencies all met for dep_context=None ti=<TaskInstance: run_dbt_models.test.dbt_btc_transform.int_hourly_trades manual__2024-10-16T18:06:30.304200+00:00 [None]>
[2024-10-16T18:12:59.214+0000] {taskinstance.py:2651} INFO - 1 downstream tasks scheduled from follow-on schedule check
