[2024-10-16T16:16:03.532+0000] {taskinstance.py:1037} DEBUG - previous_execution_date was called
[2024-10-16T16:16:03.556+0000] {__init__.py:51} DEBUG - Loading core task runner: StandardTaskRunner
[2024-10-16T16:16:03.571+0000] {taskinstance.py:1037} DEBUG - previous_execution_date was called
[2024-10-16T16:16:03.578+0000] {base_task_runner.py:68} DEBUG - Planning to run as the  user
[2024-10-16T16:16:03.581+0000] {taskinstance.py:789} DEBUG - Refreshing TaskInstance <TaskInstance: btcusdt_data_ingestion.ingest_btcusdt manual__2024-10-16T16:15:59.841757+00:00 [queued]> from DB
[2024-10-16T16:16:03.600+0000] {taskinstance.py:1112} DEBUG - <TaskInstance: btcusdt_data_ingestion.ingest_btcusdt manual__2024-10-16T16:15:59.841757+00:00 [queued]> dependency 'Task Instance State' PASSED: True, Task state queued was valid.
[2024-10-16T16:16:03.601+0000] {taskinstance.py:1112} DEBUG - <TaskInstance: btcusdt_data_ingestion.ingest_btcusdt manual__2024-10-16T16:15:59.841757+00:00 [queued]> dependency 'Previous Dagrun State' PASSED: True, The task did not have depends_on_past set.
[2024-10-16T16:16:03.601+0000] {taskinstance.py:1112} DEBUG - <TaskInstance: btcusdt_data_ingestion.ingest_btcusdt manual__2024-10-16T16:15:59.841757+00:00 [queued]> dependency 'Task Instance Not Running' PASSED: True, Task is not in running state.
[2024-10-16T16:16:03.609+0000] {taskinstance.py:1112} DEBUG - <TaskInstance: btcusdt_data_ingestion.ingest_btcusdt manual__2024-10-16T16:15:59.841757+00:00 [queued]> dependency 'Not In Retry Period' PASSED: True, The task instance was not marked for retrying.
[2024-10-16T16:16:03.609+0000] {taskinstance.py:1103} INFO - Dependencies all met for dep_context=non-requeueable deps ti=<TaskInstance: btcusdt_data_ingestion.ingest_btcusdt manual__2024-10-16T16:15:59.841757+00:00 [queued]>
[2024-10-16T16:16:03.610+0000] {taskinstance.py:1112} DEBUG - <TaskInstance: btcusdt_data_ingestion.ingest_btcusdt manual__2024-10-16T16:15:59.841757+00:00 [queued]> dependency 'Task Concurrency' PASSED: True, Task concurrency is not set.
[2024-10-16T16:16:03.610+0000] {taskinstance.py:1112} DEBUG - <TaskInstance: btcusdt_data_ingestion.ingest_btcusdt manual__2024-10-16T16:15:59.841757+00:00 [queued]> dependency 'Previous Dagrun State' PASSED: True, The task did not have depends_on_past set.
[2024-10-16T16:16:03.614+0000] {taskinstance.py:1112} DEBUG - <TaskInstance: btcusdt_data_ingestion.ingest_btcusdt manual__2024-10-16T16:15:59.841757+00:00 [queued]> dependency 'Not In Retry Period' PASSED: True, The task instance was not marked for retrying.
[2024-10-16T16:16:03.619+0000] {taskinstance.py:1112} DEBUG - <TaskInstance: btcusdt_data_ingestion.ingest_btcusdt manual__2024-10-16T16:15:59.841757+00:00 [queued]> dependency 'Pool Slots Available' PASSED: True, There are enough open slots in default_pool to execute the task
[2024-10-16T16:16:03.620+0000] {taskinstance.py:1103} INFO - Dependencies all met for dep_context=requeueable deps ti=<TaskInstance: btcusdt_data_ingestion.ingest_btcusdt manual__2024-10-16T16:15:59.841757+00:00 [queued]>
[2024-10-16T16:16:03.620+0000] {taskinstance.py:1308} INFO - Starting attempt 1 of 2
[2024-10-16T16:16:03.638+0000] {taskinstance.py:1327} INFO - Executing <Task(PythonOperator): ingest_btcusdt> on 2024-10-16 16:15:59.841757+00:00
[2024-10-16T16:16:03.643+0000] {standard_task_runner.py:57} INFO - Started process 297 to run task
[2024-10-16T16:16:03.647+0000] {standard_task_runner.py:84} INFO - Running: ['airflow', 'tasks', 'run', 'btcusdt_data_ingestion', 'ingest_btcusdt', 'manual__2024-10-16T16:15:59.841757+00:00', '--job-id', '62', '--raw', '--subdir', 'DAGS_FOLDER/ingest_btcusdt_data.py', '--cfg-path', '/tmp/tmpsolkhkrj']
[2024-10-16T16:16:03.650+0000] {standard_task_runner.py:85} INFO - Job 62: Subtask ingest_btcusdt
[2024-10-16T16:16:03.651+0000] {cli_action_loggers.py:65} DEBUG - Calling callbacks: [<function default_action_log at 0x7f7ca9505550>]
[2024-10-16T16:16:03.709+0000] {taskinstance.py:1037} DEBUG - previous_execution_date was called
[2024-10-16T16:16:03.717+0000] {task_command.py:410} INFO - Running <TaskInstance: btcusdt_data_ingestion.ingest_btcusdt manual__2024-10-16T16:15:59.841757+00:00 [running]> on host 888d2c584607
[2024-10-16T16:16:03.718+0000] {settings.py:353} DEBUG - Disposing DB connection pool (PID 297)
[2024-10-16T16:16:03.718+0000] {settings.py:212} DEBUG - Setting up DB connection pool (PID 297)
[2024-10-16T16:16:03.719+0000] {settings.py:285} DEBUG - settings.prepare_engine_args(): Using NullPool
[2024-10-16T16:16:03.721+0000] {taskinstance.py:789} DEBUG - Refreshing TaskInstance <TaskInstance: btcusdt_data_ingestion.ingest_btcusdt manual__2024-10-16T16:15:59.841757+00:00 [running]> from DB
[2024-10-16T16:16:03.765+0000] {taskinstance.py:1037} DEBUG - previous_execution_date was called
[2024-10-16T16:16:03.775+0000] {taskinstance.py:868} DEBUG - Clearing XCom data
[2024-10-16T16:16:03.809+0000] {retries.py:80} DEBUG - Running RenderedTaskInstanceFields._do_delete_old_records with retries. Try 1 of 3
[2024-10-16T16:16:03.824+0000] {taskinstance.py:1545} INFO - Exporting env vars: AIRFLOW_CTX_DAG_OWNER='airflow' AIRFLOW_CTX_DAG_ID='btcusdt_data_ingestion' AIRFLOW_CTX_TASK_ID='ingest_btcusdt' AIRFLOW_CTX_EXECUTION_DATE='2024-10-16T16:15:59.841757+00:00' AIRFLOW_CTX_TRY_NUMBER='1' AIRFLOW_CTX_DAG_RUN_ID='manual__2024-10-16T16:15:59.841757+00:00'
[2024-10-16T16:16:03.824+0000] {__init__.py:117} DEBUG - Preparing lineage inlets and outlets
[2024-10-16T16:16:03.825+0000] {__init__.py:155} DEBUG - inlets: [], outlets: []
[2024-10-16T16:16:03.833+0000] {base.py:73} INFO - Using connection ID 'company_dw' for task execution.
[2024-10-16T16:16:08.682+0000] {taskinstance.py:789} DEBUG - Refreshing TaskInstance <TaskInstance: btcusdt_data_ingestion.ingest_btcusdt manual__2024-10-16T16:15:59.841757+00:00 [running]> from DB
[2024-10-16T16:16:08.698+0000] {job.py:213} DEBUG - [heartbeat]
[2024-10-16T16:16:10.885+0000] {python.py:183} INFO - Done. Returned value was: None
[2024-10-16T16:16:10.887+0000] {__init__.py:75} DEBUG - Lineage called with inlets: [], outlets: []
[2024-10-16T16:16:10.887+0000] {taskinstance.py:789} DEBUG - Refreshing TaskInstance <TaskInstance: btcusdt_data_ingestion.ingest_btcusdt manual__2024-10-16T16:15:59.841757+00:00 [running]> from DB
[2024-10-16T16:16:10.915+0000] {taskinstance.py:1356} DEBUG - Clearing next_method and next_kwargs.
[2024-10-16T16:16:10.916+0000] {taskinstance.py:1345} INFO - Marking task as SUCCESS. dag_id=btcusdt_data_ingestion, task_id=ingest_btcusdt, execution_date=20241016T161559, start_date=20241016T161603, end_date=20241016T161610
[2024-10-16T16:16:10.917+0000] {taskinstance.py:2305} DEBUG - Task Duration set to 7.305878
[2024-10-16T16:16:11.373+0000] {cli_action_loggers.py:83} DEBUG - Calling callbacks: []
[2024-10-16T16:16:11.390+0000] {local_task_job_runner.py:225} INFO - Task exited with return code 0
[2024-10-16T16:16:11.420+0000] {dagrun.py:697} DEBUG - number of tis tasks for <DagRun btcusdt_data_ingestion @ 2024-10-16 16:15:59.841757+00:00: manual__2024-10-16T16:15:59.841757+00:00, state:running, queued_at: 2024-10-16 16:15:59.854204+00:00. externally triggered: True>: 0 task(s)
[2024-10-16T16:16:11.421+0000] {taskinstance.py:2651} INFO - 0 downstream tasks scheduled from follow-on schedule check
