[2024-10-15T22:29:31.480+0000] {taskinstance.py:1037} DEBUG - previous_execution_date was called
[2024-10-15T22:29:31.495+0000] {__init__.py:51} DEBUG - Loading core task runner: StandardTaskRunner
[2024-10-15T22:29:31.509+0000] {taskinstance.py:1037} DEBUG - previous_execution_date was called
[2024-10-15T22:29:31.513+0000] {base_task_runner.py:68} DEBUG - Planning to run as the  user
[2024-10-15T22:29:31.515+0000] {taskinstance.py:789} DEBUG - Refreshing TaskInstance <TaskInstance: run_dbt_init_tasks.dbt_deps scheduled__2024-10-14T00:00:00+00:00 [queued]> from DB
[2024-10-15T22:29:31.536+0000] {taskinstance.py:1112} DEBUG - <TaskInstance: run_dbt_init_tasks.dbt_deps scheduled__2024-10-14T00:00:00+00:00 [queued]> dependency 'Task Instance Not Running' PASSED: True, Task is not in running state.
[2024-10-15T22:29:31.536+0000] {taskinstance.py:1112} DEBUG - <TaskInstance: run_dbt_init_tasks.dbt_deps scheduled__2024-10-14T00:00:00+00:00 [queued]> dependency 'Not In Retry Period' PASSED: True, The task instance was not marked for retrying.
[2024-10-15T22:29:31.537+0000] {taskinstance.py:1112} DEBUG - <TaskInstance: run_dbt_init_tasks.dbt_deps scheduled__2024-10-14T00:00:00+00:00 [queued]> dependency 'Task Instance State' PASSED: True, Task state queued was valid.
[2024-10-15T22:29:31.537+0000] {taskinstance.py:1112} DEBUG - <TaskInstance: run_dbt_init_tasks.dbt_deps scheduled__2024-10-14T00:00:00+00:00 [queued]> dependency 'Previous Dagrun State' PASSED: True, The task did not have depends_on_past set.
[2024-10-15T22:29:31.537+0000] {taskinstance.py:1112} DEBUG - <TaskInstance: run_dbt_init_tasks.dbt_deps scheduled__2024-10-14T00:00:00+00:00 [queued]> dependency 'Trigger Rule' PASSED: True, The task instance did not have any upstream tasks.
[2024-10-15T22:29:31.545+0000] {taskinstance.py:1103} INFO - Dependencies all met for dep_context=non-requeueable deps ti=<TaskInstance: run_dbt_init_tasks.dbt_deps scheduled__2024-10-14T00:00:00+00:00 [queued]>
[2024-10-15T22:29:31.545+0000] {taskinstance.py:1112} DEBUG - <TaskInstance: run_dbt_init_tasks.dbt_deps scheduled__2024-10-14T00:00:00+00:00 [queued]> dependency 'Not In Retry Period' PASSED: True, The task instance was not marked for retrying.
[2024-10-15T22:29:31.545+0000] {taskinstance.py:1112} DEBUG - <TaskInstance: run_dbt_init_tasks.dbt_deps scheduled__2024-10-14T00:00:00+00:00 [queued]> dependency 'Previous Dagrun State' PASSED: True, The task did not have depends_on_past set.
[2024-10-15T22:29:31.546+0000] {taskinstance.py:1112} DEBUG - <TaskInstance: run_dbt_init_tasks.dbt_deps scheduled__2024-10-14T00:00:00+00:00 [queued]> dependency 'Task Concurrency' PASSED: True, Task concurrency is not set.
[2024-10-15T22:29:31.548+0000] {taskinstance.py:1112} DEBUG - <TaskInstance: run_dbt_init_tasks.dbt_deps scheduled__2024-10-14T00:00:00+00:00 [queued]> dependency 'Trigger Rule' PASSED: True, The task instance did not have any upstream tasks.
[2024-10-15T22:29:31.554+0000] {taskinstance.py:1112} DEBUG - <TaskInstance: run_dbt_init_tasks.dbt_deps scheduled__2024-10-14T00:00:00+00:00 [queued]> dependency 'Pool Slots Available' PASSED: True, There are enough open slots in default_pool to execute the task
[2024-10-15T22:29:31.554+0000] {taskinstance.py:1103} INFO - Dependencies all met for dep_context=requeueable deps ti=<TaskInstance: run_dbt_init_tasks.dbt_deps scheduled__2024-10-14T00:00:00+00:00 [queued]>
[2024-10-15T22:29:31.555+0000] {taskinstance.py:1308} INFO - Starting attempt 1 of 1
[2024-10-15T22:29:31.567+0000] {taskinstance.py:1327} INFO - Executing <Task(DbtDepsOperator): dbt_deps> on 2024-10-14 00:00:00+00:00
[2024-10-15T22:29:31.571+0000] {standard_task_runner.py:57} INFO - Started process 187 to run task
[2024-10-15T22:29:31.574+0000] {standard_task_runner.py:84} INFO - Running: ['airflow', 'tasks', 'run', 'run_dbt_init_tasks', 'dbt_deps', 'scheduled__2024-10-14T00:00:00+00:00', '--job-id', '6', '--raw', '--subdir', 'DAGS_FOLDER/run_dbt_init_tasks.py', '--cfg-path', '/tmp/tmppmstngbq']
[2024-10-15T22:29:31.575+0000] {standard_task_runner.py:85} INFO - Job 6: Subtask dbt_deps
[2024-10-15T22:29:31.576+0000] {cli_action_loggers.py:65} DEBUG - Calling callbacks: [<function default_action_log at 0x7fd2bbbf7550>]
[2024-10-15T22:29:31.632+0000] {taskinstance.py:1037} DEBUG - previous_execution_date was called
[2024-10-15T22:29:31.636+0000] {task_command.py:410} INFO - Running <TaskInstance: run_dbt_init_tasks.dbt_deps scheduled__2024-10-14T00:00:00+00:00 [running]> on host d867809303f2
[2024-10-15T22:29:31.636+0000] {settings.py:353} DEBUG - Disposing DB connection pool (PID 187)
[2024-10-15T22:29:31.637+0000] {settings.py:212} DEBUG - Setting up DB connection pool (PID 187)
[2024-10-15T22:29:31.637+0000] {settings.py:285} DEBUG - settings.prepare_engine_args(): Using NullPool
[2024-10-15T22:29:31.639+0000] {taskinstance.py:789} DEBUG - Refreshing TaskInstance <TaskInstance: run_dbt_init_tasks.dbt_deps scheduled__2024-10-14T00:00:00+00:00 [running]> from DB
[2024-10-15T22:29:31.691+0000] {taskinstance.py:1037} DEBUG - previous_execution_date was called
[2024-10-15T22:29:31.692+0000] {taskinstance.py:868} DEBUG - Clearing XCom data
[2024-10-15T22:29:31.725+0000] {retries.py:80} DEBUG - Running RenderedTaskInstanceFields._do_delete_old_records with retries. Try 1 of 3
[2024-10-15T22:29:31.739+0000] {taskinstance.py:1545} INFO - Exporting env vars: AIRFLOW_CTX_DAG_OWNER='airflow' AIRFLOW_CTX_DAG_ID='run_dbt_init_tasks' AIRFLOW_CTX_TASK_ID='dbt_deps' AIRFLOW_CTX_EXECUTION_DATE='2024-10-14T00:00:00+00:00' AIRFLOW_CTX_TRY_NUMBER='1' AIRFLOW_CTX_DAG_RUN_ID='scheduled__2024-10-14T00:00:00+00:00'
[2024-10-15T22:29:31.740+0000] {__init__.py:117} DEBUG - Preparing lineage inlets and outlets
[2024-10-15T22:29:31.740+0000] {__init__.py:155} DEBUG - inlets: [], outlets: []
[2024-10-15T22:29:31.740+0000] {dbt_hook.py:117} INFO - /home/airflow/.local/bin/dbt deps
[2024-10-15T22:29:31.747+0000] {dbt_hook.py:126} INFO - Output:
[2024-10-15T22:29:34.075+0000] {dbt_hook.py:130} INFO - [0m22:29:34  Running with dbt=1.8.7
[2024-10-15T22:29:34.644+0000] {dbt_hook.py:130} INFO - [0m22:29:34  Installing dbt-labs/dbt_utils
[2024-10-15T22:29:35.524+0000] {dbt_hook.py:130} INFO - [0m22:29:35  Installed from version 1.3.0
[2024-10-15T22:29:35.525+0000] {dbt_hook.py:130} INFO - [0m22:29:35  Up to date!
[2024-10-15T22:29:36.177+0000] {dbt_hook.py:132} INFO - Command exited with return code 0
[2024-10-15T22:29:36.178+0000] {__init__.py:75} DEBUG - Lineage called with inlets: [], outlets: []
[2024-10-15T22:29:36.179+0000] {taskinstance.py:789} DEBUG - Refreshing TaskInstance <TaskInstance: run_dbt_init_tasks.dbt_deps scheduled__2024-10-14T00:00:00+00:00 [running]> from DB
[2024-10-15T22:29:36.199+0000] {taskinstance.py:1356} DEBUG - Clearing next_method and next_kwargs.
[2024-10-15T22:29:36.200+0000] {taskinstance.py:1345} INFO - Marking task as SUCCESS. dag_id=run_dbt_init_tasks, task_id=dbt_deps, execution_date=20241014T000000, start_date=20241015T222931, end_date=20241015T222936
[2024-10-15T22:29:36.200+0000] {taskinstance.py:2305} DEBUG - Task Duration set to 4.654383
[2024-10-15T22:29:36.219+0000] {cli_action_loggers.py:83} DEBUG - Calling callbacks: []
[2024-10-15T22:29:36.262+0000] {local_task_job_runner.py:225} INFO - Task exited with return code 0
[2024-10-15T22:29:36.291+0000] {dagrun.py:697} DEBUG - number of tis tasks for <DagRun run_dbt_init_tasks @ 2024-10-14 00:00:00+00:00: scheduled__2024-10-14T00:00:00+00:00, state:running, queued_at: 2024-10-15 22:29:31.194912+00:00. externally triggered: False>: 2 task(s)
[2024-10-15T22:29:36.292+0000] {dagrun.py:718} DEBUG - number of scheduleable tasks for <DagRun run_dbt_init_tasks @ 2024-10-14 00:00:00+00:00: scheduled__2024-10-14T00:00:00+00:00, state:running, queued_at: 2024-10-15 22:29:31.194912+00:00. externally triggered: False>: 1 task(s)
[2024-10-15T22:29:36.292+0000] {taskinstance.py:1112} DEBUG - <TaskInstance: run_dbt_init_tasks.generate_dbt_docs scheduled__2024-10-14T00:00:00+00:00 [None]> dependency 'Not In Retry Period' PASSED: True, The task instance was not marked for retrying.
[2024-10-15T22:29:36.293+0000] {taskinstance.py:1112} DEBUG - <TaskInstance: run_dbt_init_tasks.generate_dbt_docs scheduled__2024-10-14T00:00:00+00:00 [None]> dependency 'Previous Dagrun State' PASSED: True, The task did not have depends_on_past set.
[2024-10-15T22:29:36.294+0000] {taskinstance.py:1103} DEBUG - Dependencies all met for dep_context=None ti=<TaskInstance: run_dbt_init_tasks.generate_dbt_docs scheduled__2024-10-14T00:00:00+00:00 [None]>
[2024-10-15T22:29:36.298+0000] {taskinstance.py:2651} INFO - 1 downstream tasks scheduled from follow-on schedule check
