[2024-10-16T16:18:11.204+0000] {taskinstance.py:1037} DEBUG - previous_execution_date was called
[2024-10-16T16:18:11.227+0000] {__init__.py:51} DEBUG - Loading core task runner: StandardTaskRunner
[2024-10-16T16:18:11.242+0000] {taskinstance.py:1037} DEBUG - previous_execution_date was called
[2024-10-16T16:18:11.250+0000] {base_task_runner.py:68} DEBUG - Planning to run as the  user
[2024-10-16T16:18:11.253+0000] {taskinstance.py:789} DEBUG - Refreshing TaskInstance <TaskInstance: run_dbt_models.model.dbt_btc_transform.stg_kaggle__btcusdt manual__2024-10-16T16:18:09.407123+00:00 [queued]> from DB
[2024-10-16T16:18:11.274+0000] {taskinstance.py:1112} DEBUG - <TaskInstance: run_dbt_models.model.dbt_btc_transform.stg_kaggle__btcusdt manual__2024-10-16T16:18:09.407123+00:00 [queued]> dependency 'Task Instance State' PASSED: True, Task state queued was valid.
[2024-10-16T16:18:11.279+0000] {taskinstance.py:1112} DEBUG - <TaskInstance: run_dbt_models.model.dbt_btc_transform.stg_kaggle__btcusdt manual__2024-10-16T16:18:09.407123+00:00 [queued]> dependency 'Previous Dagrun State' PASSED: True, This task instance was the first task instance for its task.
[2024-10-16T16:18:11.279+0000] {taskinstance.py:1112} DEBUG - <TaskInstance: run_dbt_models.model.dbt_btc_transform.stg_kaggle__btcusdt manual__2024-10-16T16:18:09.407123+00:00 [queued]> dependency 'Task Instance Not Running' PASSED: True, Task is not in running state.
[2024-10-16T16:18:11.290+0000] {taskinstance.py:1112} DEBUG - <TaskInstance: run_dbt_models.model.dbt_btc_transform.stg_kaggle__btcusdt manual__2024-10-16T16:18:09.407123+00:00 [queued]> dependency 'Not In Retry Period' PASSED: True, The task instance was not marked for retrying.
[2024-10-16T16:18:11.290+0000] {taskinstance.py:1103} INFO - Dependencies all met for dep_context=non-requeueable deps ti=<TaskInstance: run_dbt_models.model.dbt_btc_transform.stg_kaggle__btcusdt manual__2024-10-16T16:18:09.407123+00:00 [queued]>
[2024-10-16T16:18:11.291+0000] {taskinstance.py:1112} DEBUG - <TaskInstance: run_dbt_models.model.dbt_btc_transform.stg_kaggle__btcusdt manual__2024-10-16T16:18:09.407123+00:00 [queued]> dependency 'Task Concurrency' PASSED: True, Task concurrency is not set.
[2024-10-16T16:18:11.293+0000] {taskinstance.py:1112} DEBUG - <TaskInstance: run_dbt_models.model.dbt_btc_transform.stg_kaggle__btcusdt manual__2024-10-16T16:18:09.407123+00:00 [queued]> dependency 'Previous Dagrun State' PASSED: True, This task instance was the first task instance for its task.
[2024-10-16T16:18:11.299+0000] {taskinstance.py:1112} DEBUG - <TaskInstance: run_dbt_models.model.dbt_btc_transform.stg_kaggle__btcusdt manual__2024-10-16T16:18:09.407123+00:00 [queued]> dependency 'Not In Retry Period' PASSED: True, The task instance was not marked for retrying.
[2024-10-16T16:18:11.305+0000] {taskinstance.py:1112} DEBUG - <TaskInstance: run_dbt_models.model.dbt_btc_transform.stg_kaggle__btcusdt manual__2024-10-16T16:18:09.407123+00:00 [queued]> dependency 'Pool Slots Available' PASSED: True, There are enough open slots in default_pool to execute the task
[2024-10-16T16:18:11.306+0000] {taskinstance.py:1103} INFO - Dependencies all met for dep_context=requeueable deps ti=<TaskInstance: run_dbt_models.model.dbt_btc_transform.stg_kaggle__btcusdt manual__2024-10-16T16:18:09.407123+00:00 [queued]>
[2024-10-16T16:18:11.307+0000] {taskinstance.py:1308} INFO - Starting attempt 1 of 2
[2024-10-16T16:18:11.320+0000] {taskinstance.py:1327} INFO - Executing <Task(BashOperator): model.dbt_btc_transform.stg_kaggle__btcusdt> on 2024-10-16 16:18:09.407123+00:00
[2024-10-16T16:18:11.324+0000] {standard_task_runner.py:57} INFO - Started process 329 to run task
[2024-10-16T16:18:11.328+0000] {standard_task_runner.py:84} INFO - Running: ['airflow', 'tasks', 'run', 'run_dbt_models', 'model.dbt_btc_transform.stg_kaggle__btcusdt', 'manual__2024-10-16T16:18:09.407123+00:00', '--job-id', '64', '--raw', '--subdir', 'DAGS_FOLDER/run_dbt_models.py', '--cfg-path', '/tmp/tmprqsylb5z']
[2024-10-16T16:18:11.328+0000] {standard_task_runner.py:85} INFO - Job 64: Subtask model.dbt_btc_transform.stg_kaggle__btcusdt
[2024-10-16T16:18:11.329+0000] {cli_action_loggers.py:65} DEBUG - Calling callbacks: [<function default_action_log at 0x7f7ca9505550>]
[2024-10-16T16:18:11.385+0000] {taskinstance.py:1037} DEBUG - previous_execution_date was called
[2024-10-16T16:18:11.393+0000] {task_command.py:410} INFO - Running <TaskInstance: run_dbt_models.model.dbt_btc_transform.stg_kaggle__btcusdt manual__2024-10-16T16:18:09.407123+00:00 [running]> on host 888d2c584607
[2024-10-16T16:18:11.394+0000] {settings.py:353} DEBUG - Disposing DB connection pool (PID 329)
[2024-10-16T16:18:11.394+0000] {settings.py:212} DEBUG - Setting up DB connection pool (PID 329)
[2024-10-16T16:18:11.395+0000] {settings.py:285} DEBUG - settings.prepare_engine_args(): Using NullPool
[2024-10-16T16:18:11.397+0000] {taskinstance.py:789} DEBUG - Refreshing TaskInstance <TaskInstance: run_dbt_models.model.dbt_btc_transform.stg_kaggle__btcusdt manual__2024-10-16T16:18:09.407123+00:00 [running]> from DB
[2024-10-16T16:18:11.438+0000] {taskinstance.py:1037} DEBUG - previous_execution_date was called
[2024-10-16T16:18:11.447+0000] {taskinstance.py:868} DEBUG - Clearing XCom data
[2024-10-16T16:18:11.479+0000] {retries.py:80} DEBUG - Running RenderedTaskInstanceFields._do_delete_old_records with retries. Try 1 of 3
[2024-10-16T16:18:11.494+0000] {taskinstance.py:1545} INFO - Exporting env vars: AIRFLOW_CTX_DAG_EMAIL='airflow@example.com' AIRFLOW_CTX_DAG_OWNER='airflow' AIRFLOW_CTX_DAG_ID='run_dbt_models' AIRFLOW_CTX_TASK_ID='model.dbt_btc_transform.stg_kaggle__btcusdt' AIRFLOW_CTX_EXECUTION_DATE='2024-10-16T16:18:09.407123+00:00' AIRFLOW_CTX_TRY_NUMBER='1' AIRFLOW_CTX_DAG_RUN_ID='manual__2024-10-16T16:18:09.407123+00:00'
[2024-10-16T16:18:11.495+0000] {__init__.py:117} DEBUG - Preparing lineage inlets and outlets
[2024-10-16T16:18:11.495+0000] {__init__.py:155} DEBUG - inlets: [], outlets: []
[2024-10-16T16:18:11.496+0000] {bash.py:186} DEBUG - Exporting env vars: AIRFLOW_CTX_DAG_EMAIL='airflow@example.com' AIRFLOW_CTX_DAG_OWNER='airflow' AIRFLOW_CTX_DAG_ID='run_dbt_models' AIRFLOW_CTX_TASK_ID='model.dbt_btc_transform.stg_kaggle__btcusdt' AIRFLOW_CTX_EXECUTION_DATE='2024-10-16T16:18:09.407123+00:00' AIRFLOW_CTX_TRY_NUMBER='1' AIRFLOW_CTX_DAG_RUN_ID='manual__2024-10-16T16:18:09.407123+00:00'
[2024-10-16T16:18:11.496+0000] {subprocess.py:63} INFO - Tmp dir root location: 
 /tmp
[2024-10-16T16:18:11.497+0000] {subprocess.py:75} INFO - Running command: ['/bin/bash', '-c', '\n            export DBT_SCHEMA=analytics &&\n            cd /opt/airflow/dbt &&\n            /home/airflow/.local/bin/dbt --no-write-json run --target dev --models stg_kaggle__btcusdt\n            ']
[2024-10-16T16:18:11.505+0000] {subprocess.py:86} INFO - Output:
[2024-10-16T16:18:13.618+0000] {subprocess.py:93} INFO - [0m16:18:13  Running with dbt=1.8.7
[2024-10-16T16:18:13.913+0000] {subprocess.py:93} INFO - [0m16:18:13  Registered adapter: ***=1.8.2
[2024-10-16T16:18:14.093+0000] {subprocess.py:93} INFO - [0m16:18:14  Unable to do partial parsing because config vars, config profile, or config target have changed
[2024-10-16T16:18:14.095+0000] {subprocess.py:93} INFO - [0m16:18:14  Unable to do partial parsing because profile has changed
[2024-10-16T16:18:16.285+0000] {subprocess.py:93} INFO - [0m16:18:16  Found 1 model, 1 source, 540 macros
[2024-10-16T16:18:16.288+0000] {subprocess.py:93} INFO - [0m16:18:16
[2024-10-16T16:18:16.361+0000] {taskinstance.py:789} DEBUG - Refreshing TaskInstance <TaskInstance: run_dbt_models.model.dbt_btc_transform.stg_kaggle__btcusdt manual__2024-10-16T16:18:09.407123+00:00 [running]> from DB
[2024-10-16T16:18:16.379+0000] {job.py:213} DEBUG - [heartbeat]
[2024-10-16T16:18:16.468+0000] {subprocess.py:93} INFO - [0m16:18:16  Concurrency: 4 threads (target='dev')
[2024-10-16T16:18:16.469+0000] {subprocess.py:93} INFO - [0m16:18:16
[2024-10-16T16:18:16.480+0000] {subprocess.py:93} INFO - [0m16:18:16  1 of 1 START sql table model analytics.stg_kaggle__btcusdt ..................... [RUN]
[2024-10-16T16:18:19.190+0000] {subprocess.py:93} INFO - [0m16:18:19  1 of 1 OK created sql table model analytics.stg_kaggle__btcusdt ................ [[32mSELECT 999999[0m in 2.71s]
[2024-10-16T16:18:19.209+0000] {subprocess.py:93} INFO - [0m16:18:19
[2024-10-16T16:18:19.210+0000] {subprocess.py:93} INFO - [0m16:18:19  Finished running 1 table model in 0 hours 0 minutes and 2.92 seconds (2.92s).
[2024-10-16T16:18:19.213+0000] {subprocess.py:93} INFO - [0m16:18:19
[2024-10-16T16:18:19.214+0000] {subprocess.py:93} INFO - [0m16:18:19  [32mCompleted successfully[0m
[2024-10-16T16:18:19.215+0000] {subprocess.py:93} INFO - [0m16:18:19
[2024-10-16T16:18:19.216+0000] {subprocess.py:93} INFO - [0m16:18:19  Done. PASS=1 WARN=0 ERROR=0 SKIP=0 TOTAL=1
[2024-10-16T16:18:19.934+0000] {subprocess.py:97} INFO - Command exited with return code 0
[2024-10-16T16:18:19.963+0000] {__init__.py:75} DEBUG - Lineage called with inlets: [], outlets: []
[2024-10-16T16:18:19.964+0000] {taskinstance.py:789} DEBUG - Refreshing TaskInstance <TaskInstance: run_dbt_models.model.dbt_btc_transform.stg_kaggle__btcusdt manual__2024-10-16T16:18:09.407123+00:00 [running]> from DB
[2024-10-16T16:18:19.978+0000] {taskinstance.py:1356} DEBUG - Clearing next_method and next_kwargs.
[2024-10-16T16:18:19.978+0000] {taskinstance.py:1345} INFO - Marking task as SUCCESS. dag_id=run_dbt_models, task_id=model.dbt_btc_transform.stg_kaggle__btcusdt, execution_date=20241016T161809, start_date=20241016T161811, end_date=20241016T161819
[2024-10-16T16:18:19.978+0000] {taskinstance.py:2305} DEBUG - Task Duration set to 8.687177
[2024-10-16T16:18:19.993+0000] {cli_action_loggers.py:83} DEBUG - Calling callbacks: []
[2024-10-16T16:18:20.007+0000] {local_task_job_runner.py:225} INFO - Task exited with return code 0
[2024-10-16T16:18:20.065+0000] {dagrun.py:697} DEBUG - number of tis tasks for <DagRun run_dbt_models @ 2024-10-16 16:18:09.407123+00:00: manual__2024-10-16T16:18:09.407123+00:00, state:running, queued_at: 2024-10-16 16:18:09.420859+00:00. externally triggered: True>: 4 task(s)
[2024-10-16T16:18:20.065+0000] {dagrun.py:718} DEBUG - number of scheduleable tasks for <DagRun run_dbt_models @ 2024-10-16 16:18:09.407123+00:00: manual__2024-10-16T16:18:09.407123+00:00, state:running, queued_at: 2024-10-16 16:18:09.420859+00:00. externally triggered: True>: 2 task(s)
[2024-10-16T16:18:20.067+0000] {taskinstance.py:1112} DEBUG - <TaskInstance: run_dbt_models.generate_dbt_docs manual__2024-10-16T16:18:09.407123+00:00 [None]> dependency 'Previous Dagrun State' PASSED: True, This task instance was the first task instance for its task.
[2024-10-16T16:18:20.068+0000] {taskinstance.py:1112} DEBUG - <TaskInstance: run_dbt_models.generate_dbt_docs manual__2024-10-16T16:18:09.407123+00:00 [None]> dependency 'Not In Retry Period' PASSED: True, The task instance was not marked for retrying.
[2024-10-16T16:18:20.068+0000] {taskinstance.py:1112} DEBUG - <TaskInstance: run_dbt_models.generate_dbt_docs manual__2024-10-16T16:18:09.407123+00:00 [None]> dependency 'Trigger Rule' PASSED: False, Task's trigger rule 'all_success' requires all upstream tasks to have succeeded, but found 1 non-success(es). upstream_states=_UpstreamTIStates(success=1, skipped=0, failed=0, upstream_failed=0, removed=0, done=1), upstream_task_ids={'model.dbt_btc_transform.stg_kaggle__btcusdt', 'test.dbt_btc_transform.stg_kaggle__btcusdt'}
[2024-10-16T16:18:20.069+0000] {taskinstance.py:1093} DEBUG - Dependencies not met for <TaskInstance: run_dbt_models.generate_dbt_docs manual__2024-10-16T16:18:09.407123+00:00 [None]>, dependency 'Trigger Rule' FAILED: Task's trigger rule 'all_success' requires all upstream tasks to have succeeded, but found 1 non-success(es). upstream_states=_UpstreamTIStates(success=1, skipped=0, failed=0, upstream_failed=0, removed=0, done=1), upstream_task_ids={'model.dbt_btc_transform.stg_kaggle__btcusdt', 'test.dbt_btc_transform.stg_kaggle__btcusdt'}
[2024-10-16T16:18:20.071+0000] {taskinstance.py:1112} DEBUG - <TaskInstance: run_dbt_models.test.dbt_btc_transform.stg_kaggle__btcusdt manual__2024-10-16T16:18:09.407123+00:00 [None]> dependency 'Previous Dagrun State' PASSED: True, This task instance was the first task instance for its task.
[2024-10-16T16:18:20.072+0000] {taskinstance.py:1112} DEBUG - <TaskInstance: run_dbt_models.test.dbt_btc_transform.stg_kaggle__btcusdt manual__2024-10-16T16:18:09.407123+00:00 [None]> dependency 'Not In Retry Period' PASSED: True, The task instance was not marked for retrying.
[2024-10-16T16:18:20.075+0000] {taskinstance.py:1103} DEBUG - Dependencies all met for dep_context=None ti=<TaskInstance: run_dbt_models.test.dbt_btc_transform.stg_kaggle__btcusdt manual__2024-10-16T16:18:09.407123+00:00 [None]>
[2024-10-16T16:18:20.084+0000] {taskinstance.py:2651} INFO - 1 downstream tasks scheduled from follow-on schedule check
