[2024-10-16T16:03:15.177+0000] {taskinstance.py:1037} DEBUG - previous_execution_date was called
[2024-10-16T16:03:15.201+0000] {__init__.py:51} DEBUG - Loading core task runner: StandardTaskRunner
[2024-10-16T16:03:15.216+0000] {taskinstance.py:1037} DEBUG - previous_execution_date was called
[2024-10-16T16:03:15.223+0000] {base_task_runner.py:68} DEBUG - Planning to run as the  user
[2024-10-16T16:03:15.225+0000] {taskinstance.py:789} DEBUG - Refreshing TaskInstance <TaskInstance: btcusdt_data_ingestion.create_schema manual__2024-10-16T16:03:13.878911+00:00 [queued]> from DB
[2024-10-16T16:03:15.253+0000] {taskinstance.py:1112} DEBUG - <TaskInstance: btcusdt_data_ingestion.create_schema manual__2024-10-16T16:03:13.878911+00:00 [queued]> dependency 'Task Instance State' PASSED: True, Task state queued was valid.
[2024-10-16T16:03:15.253+0000] {taskinstance.py:1112} DEBUG - <TaskInstance: btcusdt_data_ingestion.create_schema manual__2024-10-16T16:03:13.878911+00:00 [queued]> dependency 'Previous Dagrun State' PASSED: True, The task did not have depends_on_past set.
[2024-10-16T16:03:15.254+0000] {taskinstance.py:1112} DEBUG - <TaskInstance: btcusdt_data_ingestion.create_schema manual__2024-10-16T16:03:13.878911+00:00 [queued]> dependency 'Task Instance Not Running' PASSED: True, Task is not in running state.
[2024-10-16T16:03:15.261+0000] {taskinstance.py:1112} DEBUG - <TaskInstance: btcusdt_data_ingestion.create_schema manual__2024-10-16T16:03:13.878911+00:00 [queued]> dependency 'Not In Retry Period' PASSED: True, The task instance was not marked for retrying.
[2024-10-16T16:03:15.262+0000] {taskinstance.py:1112} DEBUG - <TaskInstance: btcusdt_data_ingestion.create_schema manual__2024-10-16T16:03:13.878911+00:00 [queued]> dependency 'Trigger Rule' PASSED: True, The task instance did not have any upstream tasks.
[2024-10-16T16:03:15.262+0000] {taskinstance.py:1103} INFO - Dependencies all met for dep_context=non-requeueable deps ti=<TaskInstance: btcusdt_data_ingestion.create_schema manual__2024-10-16T16:03:13.878911+00:00 [queued]>
[2024-10-16T16:03:15.262+0000] {taskinstance.py:1112} DEBUG - <TaskInstance: btcusdt_data_ingestion.create_schema manual__2024-10-16T16:03:13.878911+00:00 [queued]> dependency 'Task Concurrency' PASSED: True, Task concurrency is not set.
[2024-10-16T16:03:15.263+0000] {taskinstance.py:1112} DEBUG - <TaskInstance: btcusdt_data_ingestion.create_schema manual__2024-10-16T16:03:13.878911+00:00 [queued]> dependency 'Previous Dagrun State' PASSED: True, The task did not have depends_on_past set.
[2024-10-16T16:03:15.267+0000] {taskinstance.py:1112} DEBUG - <TaskInstance: btcusdt_data_ingestion.create_schema manual__2024-10-16T16:03:13.878911+00:00 [queued]> dependency 'Not In Retry Period' PASSED: True, The task instance was not marked for retrying.
[2024-10-16T16:03:15.271+0000] {taskinstance.py:1112} DEBUG - <TaskInstance: btcusdt_data_ingestion.create_schema manual__2024-10-16T16:03:13.878911+00:00 [queued]> dependency 'Pool Slots Available' PASSED: True, There are enough open slots in default_pool to execute the task
[2024-10-16T16:03:15.272+0000] {taskinstance.py:1112} DEBUG - <TaskInstance: btcusdt_data_ingestion.create_schema manual__2024-10-16T16:03:13.878911+00:00 [queued]> dependency 'Trigger Rule' PASSED: True, The task instance did not have any upstream tasks.
[2024-10-16T16:03:15.272+0000] {taskinstance.py:1103} INFO - Dependencies all met for dep_context=requeueable deps ti=<TaskInstance: btcusdt_data_ingestion.create_schema manual__2024-10-16T16:03:13.878911+00:00 [queued]>
[2024-10-16T16:03:15.273+0000] {taskinstance.py:1308} INFO - Starting attempt 1 of 2
[2024-10-16T16:03:15.284+0000] {taskinstance.py:1327} INFO - Executing <Task(PythonOperator): create_schema> on 2024-10-16 16:03:13.878911+00:00
[2024-10-16T16:03:15.288+0000] {standard_task_runner.py:57} INFO - Started process 39 to run task
[2024-10-16T16:03:15.292+0000] {standard_task_runner.py:84} INFO - Running: ['airflow', 'tasks', 'run', 'btcusdt_data_ingestion', 'create_schema', 'manual__2024-10-16T16:03:13.878911+00:00', '--job-id', '53', '--raw', '--subdir', 'DAGS_FOLDER/ingest_btcusdt_data.py', '--cfg-path', '/tmp/tmpqk1czfed']
[2024-10-16T16:03:15.297+0000] {standard_task_runner.py:85} INFO - Job 53: Subtask create_schema
[2024-10-16T16:03:15.298+0000] {cli_action_loggers.py:65} DEBUG - Calling callbacks: [<function default_action_log at 0x7f7ca9505550>]
[2024-10-16T16:03:15.354+0000] {taskinstance.py:1037} DEBUG - previous_execution_date was called
[2024-10-16T16:03:15.362+0000] {task_command.py:410} INFO - Running <TaskInstance: btcusdt_data_ingestion.create_schema manual__2024-10-16T16:03:13.878911+00:00 [running]> on host 888d2c584607
[2024-10-16T16:03:15.362+0000] {settings.py:353} DEBUG - Disposing DB connection pool (PID 39)
[2024-10-16T16:03:15.363+0000] {settings.py:212} DEBUG - Setting up DB connection pool (PID 39)
[2024-10-16T16:03:15.363+0000] {settings.py:285} DEBUG - settings.prepare_engine_args(): Using NullPool
[2024-10-16T16:03:15.365+0000] {taskinstance.py:789} DEBUG - Refreshing TaskInstance <TaskInstance: btcusdt_data_ingestion.create_schema manual__2024-10-16T16:03:13.878911+00:00 [running]> from DB
[2024-10-16T16:03:15.406+0000] {taskinstance.py:1037} DEBUG - previous_execution_date was called
[2024-10-16T16:03:15.414+0000] {taskinstance.py:868} DEBUG - Clearing XCom data
[2024-10-16T16:03:15.450+0000] {retries.py:80} DEBUG - Running RenderedTaskInstanceFields._do_delete_old_records with retries. Try 1 of 3
[2024-10-16T16:03:15.465+0000] {taskinstance.py:1545} INFO - Exporting env vars: AIRFLOW_CTX_DAG_OWNER='airflow' AIRFLOW_CTX_DAG_ID='btcusdt_data_ingestion' AIRFLOW_CTX_TASK_ID='create_schema' AIRFLOW_CTX_EXECUTION_DATE='2024-10-16T16:03:13.878911+00:00' AIRFLOW_CTX_TRY_NUMBER='1' AIRFLOW_CTX_DAG_RUN_ID='manual__2024-10-16T16:03:13.878911+00:00'
[2024-10-16T16:03:15.466+0000] {__init__.py:117} DEBUG - Preparing lineage inlets and outlets
[2024-10-16T16:03:15.466+0000] {__init__.py:155} DEBUG - inlets: [], outlets: []
[2024-10-16T16:03:15.475+0000] {base.py:73} INFO - Using connection ID 'company_dw' for task execution.
[2024-10-16T16:03:15.484+0000] {python.py:183} INFO - Done. Returned value was: None
[2024-10-16T16:03:15.485+0000] {__init__.py:75} DEBUG - Lineage called with inlets: [], outlets: []
[2024-10-16T16:03:15.485+0000] {taskinstance.py:789} DEBUG - Refreshing TaskInstance <TaskInstance: btcusdt_data_ingestion.create_schema manual__2024-10-16T16:03:13.878911+00:00 [running]> from DB
[2024-10-16T16:03:15.498+0000] {taskinstance.py:1356} DEBUG - Clearing next_method and next_kwargs.
[2024-10-16T16:03:15.498+0000] {taskinstance.py:1345} INFO - Marking task as SUCCESS. dag_id=btcusdt_data_ingestion, task_id=create_schema, execution_date=20241016T160313, start_date=20241016T160315, end_date=20241016T160315
[2024-10-16T16:03:15.499+0000] {taskinstance.py:2305} DEBUG - Task Duration set to 0.235908
[2024-10-16T16:03:15.510+0000] {cli_action_loggers.py:83} DEBUG - Calling callbacks: []
[2024-10-16T16:03:15.553+0000] {local_task_job_runner.py:225} INFO - Task exited with return code 0
[2024-10-16T16:03:15.583+0000] {dagrun.py:697} DEBUG - number of tis tasks for <DagRun btcusdt_data_ingestion @ 2024-10-16 16:03:13.878911+00:00: manual__2024-10-16T16:03:13.878911+00:00, state:running, queued_at: 2024-10-16 16:03:13.894941+00:00. externally triggered: True>: 3 task(s)
[2024-10-16T16:03:15.584+0000] {dagrun.py:718} DEBUG - number of scheduleable tasks for <DagRun btcusdt_data_ingestion @ 2024-10-16 16:03:13.878911+00:00: manual__2024-10-16T16:03:13.878911+00:00, state:running, queued_at: 2024-10-16 16:03:13.894941+00:00. externally triggered: True>: 2 task(s)
[2024-10-16T16:03:15.584+0000] {taskinstance.py:1112} DEBUG - <TaskInstance: btcusdt_data_ingestion.delete_btcusdt manual__2024-10-16T16:03:13.878911+00:00 [None]> dependency 'Previous Dagrun State' PASSED: True, The task did not have depends_on_past set.
[2024-10-16T16:03:15.585+0000] {taskinstance.py:1112} DEBUG - <TaskInstance: btcusdt_data_ingestion.delete_btcusdt manual__2024-10-16T16:03:13.878911+00:00 [None]> dependency 'Not In Retry Period' PASSED: True, The task instance was not marked for retrying.
[2024-10-16T16:03:15.585+0000] {taskinstance.py:1103} DEBUG - Dependencies all met for dep_context=None ti=<TaskInstance: btcusdt_data_ingestion.delete_btcusdt manual__2024-10-16T16:03:13.878911+00:00 [None]>
[2024-10-16T16:03:15.586+0000] {taskinstance.py:1112} DEBUG - <TaskInstance: btcusdt_data_ingestion.ingest_btcusdt manual__2024-10-16T16:03:13.878911+00:00 [None]> dependency 'Previous Dagrun State' PASSED: True, The task did not have depends_on_past set.
[2024-10-16T16:03:15.586+0000] {taskinstance.py:1112} DEBUG - <TaskInstance: btcusdt_data_ingestion.ingest_btcusdt manual__2024-10-16T16:03:13.878911+00:00 [None]> dependency 'Not In Retry Period' PASSED: True, The task instance was not marked for retrying.
[2024-10-16T16:03:15.587+0000] {taskinstance.py:1112} DEBUG - <TaskInstance: btcusdt_data_ingestion.ingest_btcusdt manual__2024-10-16T16:03:13.878911+00:00 [None]> dependency 'Trigger Rule' PASSED: False, Task's trigger rule 'all_success' requires all upstream tasks to have succeeded, but found 1 non-success(es). upstream_states=_UpstreamTIStates(success=0, skipped=0, failed=0, upstream_failed=0, removed=0, done=0), upstream_task_ids={'delete_btcusdt'}
[2024-10-16T16:03:15.587+0000] {taskinstance.py:1093} DEBUG - Dependencies not met for <TaskInstance: btcusdt_data_ingestion.ingest_btcusdt manual__2024-10-16T16:03:13.878911+00:00 [None]>, dependency 'Trigger Rule' FAILED: Task's trigger rule 'all_success' requires all upstream tasks to have succeeded, but found 1 non-success(es). upstream_states=_UpstreamTIStates(success=0, skipped=0, failed=0, upstream_failed=0, removed=0, done=0), upstream_task_ids={'delete_btcusdt'}
[2024-10-16T16:03:15.595+0000] {taskinstance.py:2651} INFO - 1 downstream tasks scheduled from follow-on schedule check
