[2024-10-15T22:38:32.058+0000] {taskinstance.py:1037} DEBUG - previous_execution_date was called
[2024-10-15T22:38:32.074+0000] {__init__.py:51} DEBUG - Loading core task runner: StandardTaskRunner
[2024-10-15T22:38:32.091+0000] {taskinstance.py:1037} DEBUG - previous_execution_date was called
[2024-10-15T22:38:32.094+0000] {base_task_runner.py:68} DEBUG - Planning to run as the  user
[2024-10-15T22:38:32.097+0000] {taskinstance.py:789} DEBUG - Refreshing TaskInstance <TaskInstance: btcusdt_data_ingestion.create_schema manual__2024-10-15T22:38:31.301555+00:00 [queued]> from DB
[2024-10-15T22:38:32.120+0000] {taskinstance.py:1112} DEBUG - <TaskInstance: btcusdt_data_ingestion.create_schema manual__2024-10-15T22:38:31.301555+00:00 [queued]> dependency 'Previous Dagrun State' PASSED: True, The task did not have depends_on_past set.
[2024-10-15T22:38:32.128+0000] {taskinstance.py:1112} DEBUG - <TaskInstance: btcusdt_data_ingestion.create_schema manual__2024-10-15T22:38:31.301555+00:00 [queued]> dependency 'Trigger Rule' PASSED: True, The task instance did not have any upstream tasks.
[2024-10-15T22:38:32.128+0000] {taskinstance.py:1112} DEBUG - <TaskInstance: btcusdt_data_ingestion.create_schema manual__2024-10-15T22:38:31.301555+00:00 [queued]> dependency 'Task Instance Not Running' PASSED: True, Task is not in running state.
[2024-10-15T22:38:32.129+0000] {taskinstance.py:1112} DEBUG - <TaskInstance: btcusdt_data_ingestion.create_schema manual__2024-10-15T22:38:31.301555+00:00 [queued]> dependency 'Task Instance State' PASSED: True, Task state queued was valid.
[2024-10-15T22:38:32.129+0000] {taskinstance.py:1112} DEBUG - <TaskInstance: btcusdt_data_ingestion.create_schema manual__2024-10-15T22:38:31.301555+00:00 [queued]> dependency 'Not In Retry Period' PASSED: True, The task instance was not marked for retrying.
[2024-10-15T22:38:32.129+0000] {taskinstance.py:1103} INFO - Dependencies all met for dep_context=non-requeueable deps ti=<TaskInstance: btcusdt_data_ingestion.create_schema manual__2024-10-15T22:38:31.301555+00:00 [queued]>
[2024-10-15T22:38:32.130+0000] {taskinstance.py:1112} DEBUG - <TaskInstance: btcusdt_data_ingestion.create_schema manual__2024-10-15T22:38:31.301555+00:00 [queued]> dependency 'Previous Dagrun State' PASSED: True, The task did not have depends_on_past set.
[2024-10-15T22:38:32.135+0000] {taskinstance.py:1112} DEBUG - <TaskInstance: btcusdt_data_ingestion.create_schema manual__2024-10-15T22:38:31.301555+00:00 [queued]> dependency 'Task Concurrency' PASSED: True, Task concurrency is not set.
[2024-10-15T22:38:32.135+0000] {taskinstance.py:1112} DEBUG - <TaskInstance: btcusdt_data_ingestion.create_schema manual__2024-10-15T22:38:31.301555+00:00 [queued]> dependency 'Trigger Rule' PASSED: True, The task instance did not have any upstream tasks.
[2024-10-15T22:38:32.140+0000] {taskinstance.py:1112} DEBUG - <TaskInstance: btcusdt_data_ingestion.create_schema manual__2024-10-15T22:38:31.301555+00:00 [queued]> dependency 'Pool Slots Available' PASSED: True, There are enough open slots in default_pool to execute the task
[2024-10-15T22:38:32.140+0000] {taskinstance.py:1112} DEBUG - <TaskInstance: btcusdt_data_ingestion.create_schema manual__2024-10-15T22:38:31.301555+00:00 [queued]> dependency 'Not In Retry Period' PASSED: True, The task instance was not marked for retrying.
[2024-10-15T22:38:32.141+0000] {taskinstance.py:1103} INFO - Dependencies all met for dep_context=requeueable deps ti=<TaskInstance: btcusdt_data_ingestion.create_schema manual__2024-10-15T22:38:31.301555+00:00 [queued]>
[2024-10-15T22:38:32.141+0000] {taskinstance.py:1308} INFO - Starting attempt 1 of 2
[2024-10-15T22:38:32.154+0000] {taskinstance.py:1327} INFO - Executing <Task(PythonOperator): create_schema> on 2024-10-15 22:38:31.301555+00:00
[2024-10-15T22:38:32.159+0000] {standard_task_runner.py:57} INFO - Started process 120 to run task
[2024-10-15T22:38:32.163+0000] {standard_task_runner.py:84} INFO - Running: ['airflow', 'tasks', 'run', 'btcusdt_data_ingestion', 'create_schema', 'manual__2024-10-15T22:38:31.301555+00:00', '--job-id', '15', '--raw', '--subdir', 'DAGS_FOLDER/ingest_btcusdt_data.py', '--cfg-path', '/tmp/tmpa8iq0xtl']
[2024-10-15T22:38:32.167+0000] {standard_task_runner.py:85} INFO - Job 15: Subtask create_schema
[2024-10-15T22:38:32.167+0000] {cli_action_loggers.py:65} DEBUG - Calling callbacks: [<function default_action_log at 0x7f7b0c199c10>]
[2024-10-15T22:38:32.231+0000] {taskinstance.py:1037} DEBUG - previous_execution_date was called
[2024-10-15T22:38:32.235+0000] {task_command.py:410} INFO - Running <TaskInstance: btcusdt_data_ingestion.create_schema manual__2024-10-15T22:38:31.301555+00:00 [running]> on host d867809303f2
[2024-10-15T22:38:32.236+0000] {settings.py:353} DEBUG - Disposing DB connection pool (PID 120)
[2024-10-15T22:38:32.236+0000] {settings.py:212} DEBUG - Setting up DB connection pool (PID 120)
[2024-10-15T22:38:32.236+0000] {settings.py:285} DEBUG - settings.prepare_engine_args(): Using NullPool
[2024-10-15T22:38:32.239+0000] {taskinstance.py:789} DEBUG - Refreshing TaskInstance <TaskInstance: btcusdt_data_ingestion.create_schema manual__2024-10-15T22:38:31.301555+00:00 [running]> from DB
[2024-10-15T22:38:32.283+0000] {taskinstance.py:1037} DEBUG - previous_execution_date was called
[2024-10-15T22:38:32.285+0000] {taskinstance.py:868} DEBUG - Clearing XCom data
[2024-10-15T22:38:32.320+0000] {retries.py:80} DEBUG - Running RenderedTaskInstanceFields._do_delete_old_records with retries. Try 1 of 3
[2024-10-15T22:38:32.336+0000] {taskinstance.py:1545} INFO - Exporting env vars: AIRFLOW_CTX_DAG_OWNER='airflow' AIRFLOW_CTX_DAG_ID='btcusdt_data_ingestion' AIRFLOW_CTX_TASK_ID='create_schema' AIRFLOW_CTX_EXECUTION_DATE='2024-10-15T22:38:31.301555+00:00' AIRFLOW_CTX_TRY_NUMBER='1' AIRFLOW_CTX_DAG_RUN_ID='manual__2024-10-15T22:38:31.301555+00:00'
[2024-10-15T22:38:32.336+0000] {__init__.py:117} DEBUG - Preparing lineage inlets and outlets
[2024-10-15T22:38:32.337+0000] {__init__.py:155} DEBUG - inlets: [], outlets: []
[2024-10-15T22:38:32.343+0000] {base.py:73} INFO - Using connection ID 'company_dw' for task execution.
[2024-10-15T22:38:32.349+0000] {python.py:183} INFO - Done. Returned value was: None
[2024-10-15T22:38:32.350+0000] {__init__.py:75} DEBUG - Lineage called with inlets: [], outlets: []
[2024-10-15T22:38:32.350+0000] {taskinstance.py:789} DEBUG - Refreshing TaskInstance <TaskInstance: btcusdt_data_ingestion.create_schema manual__2024-10-15T22:38:31.301555+00:00 [running]> from DB
[2024-10-15T22:38:32.363+0000] {taskinstance.py:1356} DEBUG - Clearing next_method and next_kwargs.
[2024-10-15T22:38:32.363+0000] {taskinstance.py:1345} INFO - Marking task as SUCCESS. dag_id=btcusdt_data_ingestion, task_id=create_schema, execution_date=20241015T223831, start_date=20241015T223832, end_date=20241015T223832
[2024-10-15T22:38:32.364+0000] {taskinstance.py:2305} DEBUG - Task Duration set to 0.233557
[2024-10-15T22:38:32.374+0000] {cli_action_loggers.py:83} DEBUG - Calling callbacks: []
[2024-10-15T22:38:32.383+0000] {local_task_job_runner.py:225} INFO - Task exited with return code 0
[2024-10-15T22:38:32.409+0000] {dagrun.py:697} DEBUG - number of tis tasks for <DagRun btcusdt_data_ingestion @ 2024-10-15 22:38:31.301555+00:00: manual__2024-10-15T22:38:31.301555+00:00, state:running, queued_at: 2024-10-15 22:38:31.311576+00:00. externally triggered: True>: 3 task(s)
[2024-10-15T22:38:32.409+0000] {dagrun.py:718} DEBUG - number of scheduleable tasks for <DagRun btcusdt_data_ingestion @ 2024-10-15 22:38:31.301555+00:00: manual__2024-10-15T22:38:31.301555+00:00, state:running, queued_at: 2024-10-15 22:38:31.311576+00:00. externally triggered: True>: 2 task(s)
[2024-10-15T22:38:32.410+0000] {taskinstance.py:1112} DEBUG - <TaskInstance: btcusdt_data_ingestion.delete_btcusdt manual__2024-10-15T22:38:31.301555+00:00 [None]> dependency 'Previous Dagrun State' PASSED: True, The task did not have depends_on_past set.
[2024-10-15T22:38:32.410+0000] {taskinstance.py:1112} DEBUG - <TaskInstance: btcusdt_data_ingestion.delete_btcusdt manual__2024-10-15T22:38:31.301555+00:00 [None]> dependency 'Not In Retry Period' PASSED: True, The task instance was not marked for retrying.
[2024-10-15T22:38:32.411+0000] {taskinstance.py:1103} DEBUG - Dependencies all met for dep_context=None ti=<TaskInstance: btcusdt_data_ingestion.delete_btcusdt manual__2024-10-15T22:38:31.301555+00:00 [None]>
[2024-10-15T22:38:32.411+0000] {taskinstance.py:1112} DEBUG - <TaskInstance: btcusdt_data_ingestion.ingest_btcusdt manual__2024-10-15T22:38:31.301555+00:00 [None]> dependency 'Previous Dagrun State' PASSED: True, The task did not have depends_on_past set.
[2024-10-15T22:38:32.412+0000] {taskinstance.py:1112} DEBUG - <TaskInstance: btcusdt_data_ingestion.ingest_btcusdt manual__2024-10-15T22:38:31.301555+00:00 [None]> dependency 'Trigger Rule' PASSED: False, Task's trigger rule 'all_success' requires all upstream tasks to have succeeded, but found 1 non-success(es). upstream_states=_UpstreamTIStates(success=0, skipped=0, failed=0, upstream_failed=0, removed=0, done=0), upstream_task_ids={'delete_btcusdt'}
[2024-10-15T22:38:32.412+0000] {taskinstance.py:1093} DEBUG - Dependencies not met for <TaskInstance: btcusdt_data_ingestion.ingest_btcusdt manual__2024-10-15T22:38:31.301555+00:00 [None]>, dependency 'Trigger Rule' FAILED: Task's trigger rule 'all_success' requires all upstream tasks to have succeeded, but found 1 non-success(es). upstream_states=_UpstreamTIStates(success=0, skipped=0, failed=0, upstream_failed=0, removed=0, done=0), upstream_task_ids={'delete_btcusdt'}
[2024-10-15T22:38:32.412+0000] {taskinstance.py:1112} DEBUG - <TaskInstance: btcusdt_data_ingestion.ingest_btcusdt manual__2024-10-15T22:38:31.301555+00:00 [None]> dependency 'Not In Retry Period' PASSED: True, The task instance was not marked for retrying.
[2024-10-15T22:38:32.421+0000] {taskinstance.py:2651} INFO - 1 downstream tasks scheduled from follow-on schedule check
