[2024-10-18T18:13:21.649+0000] {taskinstance.py:1037} DEBUG - previous_execution_date was called
[2024-10-18T18:13:21.709+0000] {__init__.py:51} DEBUG - Loading core task runner: StandardTaskRunner
[2024-10-18T18:13:21.747+0000] {taskinstance.py:1037} DEBUG - previous_execution_date was called
[2024-10-18T18:13:21.760+0000] {base_task_runner.py:68} DEBUG - Planning to run as the  user
[2024-10-18T18:13:21.775+0000] {taskinstance.py:789} DEBUG - Refreshing TaskInstance <TaskInstance: btcusdt_data_ingestion.delete_btcusdt manual__2024-10-18T18:08:07.061355+00:00 [queued]> from DB
[2024-10-18T18:13:21.865+0000] {taskinstance.py:1112} DEBUG - <TaskInstance: btcusdt_data_ingestion.delete_btcusdt manual__2024-10-18T18:08:07.061355+00:00 [queued]> dependency 'Task Instance State' PASSED: True, Task state queued was valid.
[2024-10-18T18:13:21.867+0000] {taskinstance.py:1112} DEBUG - <TaskInstance: btcusdt_data_ingestion.delete_btcusdt manual__2024-10-18T18:08:07.061355+00:00 [queued]> dependency 'Previous Dagrun State' PASSED: True, The task did not have depends_on_past set.
[2024-10-18T18:13:21.868+0000] {taskinstance.py:1112} DEBUG - <TaskInstance: btcusdt_data_ingestion.delete_btcusdt manual__2024-10-18T18:08:07.061355+00:00 [queued]> dependency 'Task Instance Not Running' PASSED: True, Task is not in running state.
[2024-10-18T18:13:21.887+0000] {taskinstance.py:1112} DEBUG - <TaskInstance: btcusdt_data_ingestion.delete_btcusdt manual__2024-10-18T18:08:07.061355+00:00 [queued]> dependency 'Not In Retry Period' PASSED: True, The task instance was not marked for retrying.
[2024-10-18T18:13:21.893+0000] {taskinstance.py:1103} INFO - Dependencies all met for dep_context=non-requeueable deps ti=<TaskInstance: btcusdt_data_ingestion.delete_btcusdt manual__2024-10-18T18:08:07.061355+00:00 [queued]>
[2024-10-18T18:13:21.894+0000] {taskinstance.py:1112} DEBUG - <TaskInstance: btcusdt_data_ingestion.delete_btcusdt manual__2024-10-18T18:08:07.061355+00:00 [queued]> dependency 'Task Concurrency' PASSED: True, Task concurrency is not set.
[2024-10-18T18:13:21.895+0000] {taskinstance.py:1112} DEBUG - <TaskInstance: btcusdt_data_ingestion.delete_btcusdt manual__2024-10-18T18:08:07.061355+00:00 [queued]> dependency 'Previous Dagrun State' PASSED: True, The task did not have depends_on_past set.
[2024-10-18T18:13:21.909+0000] {taskinstance.py:1112} DEBUG - <TaskInstance: btcusdt_data_ingestion.delete_btcusdt manual__2024-10-18T18:08:07.061355+00:00 [queued]> dependency 'Not In Retry Period' PASSED: True, The task instance was not marked for retrying.
[2024-10-18T18:13:21.919+0000] {taskinstance.py:1112} DEBUG - <TaskInstance: btcusdt_data_ingestion.delete_btcusdt manual__2024-10-18T18:08:07.061355+00:00 [queued]> dependency 'Pool Slots Available' PASSED: True, There are enough open slots in default_pool to execute the task
[2024-10-18T18:13:21.919+0000] {taskinstance.py:1103} INFO - Dependencies all met for dep_context=requeueable deps ti=<TaskInstance: btcusdt_data_ingestion.delete_btcusdt manual__2024-10-18T18:08:07.061355+00:00 [queued]>
[2024-10-18T18:13:21.919+0000] {taskinstance.py:1308} INFO - Starting attempt 1 of 2
[2024-10-18T18:13:21.944+0000] {taskinstance.py:1327} INFO - Executing <Task(PythonOperator): delete_btcusdt> on 2024-10-18 18:08:07.061355+00:00
[2024-10-18T18:13:21.949+0000] {standard_task_runner.py:57} INFO - Started process 20112 to run task
[2024-10-18T18:13:21.955+0000] {standard_task_runner.py:84} INFO - Running: ['airflow', 'tasks', 'run', 'btcusdt_data_ingestion', 'delete_btcusdt', 'manual__2024-10-18T18:08:07.061355+00:00', '--job-id', '150', '--raw', '--subdir', 'DAGS_FOLDER/ingest_btcusdt_data.py', '--cfg-path', '/tmp/tmpvrwqak9r']
[2024-10-18T18:13:21.958+0000] {standard_task_runner.py:85} INFO - Job 150: Subtask delete_btcusdt
[2024-10-18T18:13:21.959+0000] {cli_action_loggers.py:65} DEBUG - Calling callbacks: [<function default_action_log at 0x7f7ca9505550>]
[2024-10-18T18:13:22.039+0000] {taskinstance.py:1037} DEBUG - previous_execution_date was called
[2024-10-18T18:13:22.049+0000] {task_command.py:410} INFO - Running <TaskInstance: btcusdt_data_ingestion.delete_btcusdt manual__2024-10-18T18:08:07.061355+00:00 [running]> on host 888d2c584607
[2024-10-18T18:13:22.049+0000] {settings.py:353} DEBUG - Disposing DB connection pool (PID 20112)
[2024-10-18T18:13:22.050+0000] {settings.py:212} DEBUG - Setting up DB connection pool (PID 20112)
[2024-10-18T18:13:22.051+0000] {settings.py:285} DEBUG - settings.prepare_engine_args(): Using NullPool
[2024-10-18T18:13:22.053+0000] {taskinstance.py:789} DEBUG - Refreshing TaskInstance <TaskInstance: btcusdt_data_ingestion.delete_btcusdt manual__2024-10-18T18:08:07.061355+00:00 [running]> from DB
[2024-10-18T18:13:22.102+0000] {taskinstance.py:1037} DEBUG - previous_execution_date was called
[2024-10-18T18:13:22.112+0000] {taskinstance.py:868} DEBUG - Clearing XCom data
[2024-10-18T18:13:22.182+0000] {retries.py:80} DEBUG - Running RenderedTaskInstanceFields._do_delete_old_records with retries. Try 1 of 3
[2024-10-18T18:13:22.203+0000] {taskinstance.py:1545} INFO - Exporting env vars: AIRFLOW_CTX_DAG_OWNER='airflow' AIRFLOW_CTX_DAG_ID='btcusdt_data_ingestion' AIRFLOW_CTX_TASK_ID='delete_btcusdt' AIRFLOW_CTX_EXECUTION_DATE='2024-10-18T18:08:07.061355+00:00' AIRFLOW_CTX_TRY_NUMBER='1' AIRFLOW_CTX_DAG_RUN_ID='manual__2024-10-18T18:08:07.061355+00:00'
[2024-10-18T18:13:22.204+0000] {__init__.py:117} DEBUG - Preparing lineage inlets and outlets
[2024-10-18T18:13:22.204+0000] {__init__.py:155} DEBUG - inlets: [], outlets: []
[2024-10-18T18:13:22.491+0000] {base.py:73} INFO - Using connection ID 'company_dw' for task execution.
[2024-10-18T18:13:22.522+0000] {python.py:183} INFO - Done. Returned value was: None
[2024-10-18T18:13:22.524+0000] {__init__.py:75} DEBUG - Lineage called with inlets: [], outlets: []
[2024-10-18T18:13:22.525+0000] {taskinstance.py:789} DEBUG - Refreshing TaskInstance <TaskInstance: btcusdt_data_ingestion.delete_btcusdt manual__2024-10-18T18:08:07.061355+00:00 [running]> from DB
[2024-10-18T18:13:22.570+0000] {taskinstance.py:1356} DEBUG - Clearing next_method and next_kwargs.
[2024-10-18T18:13:22.572+0000] {taskinstance.py:1345} INFO - Marking task as SUCCESS. dag_id=btcusdt_data_ingestion, task_id=delete_btcusdt, execution_date=20241018T180807, start_date=20241018T181321, end_date=20241018T181322
[2024-10-18T18:13:22.572+0000] {taskinstance.py:2305} DEBUG - Task Duration set to 0.677503
[2024-10-18T18:13:26.099+0000] {cli_action_loggers.py:83} DEBUG - Calling callbacks: []
[2024-10-18T18:13:26.123+0000] {local_task_job_runner.py:225} INFO - Task exited with return code 0
[2024-10-18T18:13:26.154+0000] {dagrun.py:697} DEBUG - number of tis tasks for <DagRun btcusdt_data_ingestion @ 2024-10-18 18:08:07.061355+00:00: manual__2024-10-18T18:08:07.061355+00:00, state:running, queued_at: 2024-10-18 18:08:07.133679+00:00. externally triggered: True>: 2 task(s)
[2024-10-18T18:13:26.155+0000] {dagrun.py:718} DEBUG - number of scheduleable tasks for <DagRun btcusdt_data_ingestion @ 2024-10-18 18:08:07.061355+00:00: manual__2024-10-18T18:08:07.061355+00:00, state:running, queued_at: 2024-10-18 18:08:07.133679+00:00. externally triggered: True>: 1 task(s)
[2024-10-18T18:13:26.155+0000] {taskinstance.py:1112} DEBUG - <TaskInstance: btcusdt_data_ingestion.ingest_btcusdt manual__2024-10-18T18:08:07.061355+00:00 [None]> dependency 'Previous Dagrun State' PASSED: True, The task did not have depends_on_past set.
[2024-10-18T18:13:26.156+0000] {taskinstance.py:1112} DEBUG - <TaskInstance: btcusdt_data_ingestion.ingest_btcusdt manual__2024-10-18T18:08:07.061355+00:00 [None]> dependency 'Not In Retry Period' PASSED: True, The task instance was not marked for retrying.
[2024-10-18T18:13:26.157+0000] {taskinstance.py:1103} DEBUG - Dependencies all met for dep_context=None ti=<TaskInstance: btcusdt_data_ingestion.ingest_btcusdt manual__2024-10-18T18:08:07.061355+00:00 [None]>
[2024-10-18T18:13:26.162+0000] {taskinstance.py:2651} INFO - 1 downstream tasks scheduled from follow-on schedule check
