[0m12:08:01.792262 [debug] [MainThread]: Sending event: {'category': 'dbt', 'action': 'invocation', 'label': 'start', 'context': [<snowplow_tracker.self_describing_json.SelfDescribingJson object at 0x119dd62e0>, <snowplow_tracker.self_describing_json.SelfDescribingJson object at 0x11b729dc0>, <snowplow_tracker.self_describing_json.SelfDescribingJson object at 0x11b729580>]}


============================== 12:08:01.796073 | 34908631-58f6-42a9-a0df-fd08dbc62131 ==============================
[0m12:08:01.796073 [info ] [MainThread]: Running with dbt=1.8.3
[0m12:08:01.796649 [debug] [MainThread]: running dbt with arguments {'printer_width': '80', 'indirect_selection': 'eager', 'write_json': 'True', 'log_cache_events': 'False', 'partial_parse': 'True', 'cache_selected_only': 'False', 'profiles_dir': '/Users/devincavagnaro/Documents/dev/dbt-btc-data-stack/dbt', 'debug': 'False', 'warn_error': 'None', 'log_path': '/Users/devincavagnaro/Documents/dev/dbt-btc-data-stack/dbt/logs', 'version_check': 'True', 'fail_fast': 'False', 'use_colors': 'True', 'use_experimental_parser': 'False', 'empty': 'None', 'quiet': 'False', 'no_print': 'None', 'log_format': 'default', 'invocation_command': 'dbt deps', 'warn_error_options': 'WarnErrorOptions(include=[], exclude=[])', 'introspect': 'True', 'target_path': 'None', 'static_parser': 'True', 'send_anonymous_usage_stats': 'True'}
[0m12:08:01.983488 [debug] [MainThread]: Sending event: {'category': 'dbt', 'action': 'project_id', 'label': '34908631-58f6-42a9-a0df-fd08dbc62131', 'context': [<snowplow_tracker.self_describing_json.SelfDescribingJson object at 0x11ab20580>]}
[0m12:08:02.004554 [debug] [MainThread]: Set downloads directory='/var/folders/7z/66wrhqmd6tn23_5_f7fr90yw0000gn/T/dbt-downloads-5xf745gc'
[0m12:08:02.005170 [debug] [MainThread]: Making package index registry request: GET https://hub.getdbt.com/api/v1/index.json
[0m12:08:02.207421 [debug] [MainThread]: Response from registry index: GET https://hub.getdbt.com/api/v1/index.json 200
[0m12:08:02.208759 [debug] [MainThread]: Making package registry request: GET https://hub.getdbt.com/api/v1/dbt-labs/dbt_utils.json
[0m12:08:02.293172 [debug] [MainThread]: Response from registry: GET https://hub.getdbt.com/api/v1/dbt-labs/dbt_utils.json 200
[0m12:08:02.313198 [info ] [MainThread]: Updating lock file in file path: /Users/devincavagnaro/Documents/dev/dbt-btc-data-stack/dbt/package-lock.yml
[0m12:08:02.316527 [debug] [MainThread]: Set downloads directory='/var/folders/7z/66wrhqmd6tn23_5_f7fr90yw0000gn/T/dbt-downloads-_0rn0bn9'
[0m12:08:02.322248 [info ] [MainThread]: Installing dbt-labs/dbt_utils
[0m12:08:03.003540 [info ] [MainThread]: Installed from version 0.8.6
[0m12:08:03.003980 [info ] [MainThread]: Updated version available: 1.3.0
[0m12:08:03.004446 [debug] [MainThread]: Sending event: {'category': 'dbt', 'action': 'package', 'label': '34908631-58f6-42a9-a0df-fd08dbc62131', 'property_': 'install', 'context': [<snowplow_tracker.self_describing_json.SelfDescribingJson object at 0x11a4c0460>, <snowplow_tracker.self_describing_json.SelfDescribingJson object at 0x11b8a27f0>]}
[0m12:08:03.004842 [info ] [MainThread]: 
[0m12:08:03.005220 [info ] [MainThread]: Updates available for packages: ['dbt-labs/dbt_utils']                 
Update your versions in packages.yml, then run dbt deps
[0m12:08:03.006980 [debug] [MainThread]: Resource report: {"command_name": "deps", "command_success": true, "command_wall_clock_time": 1.2756028, "process_user_time": 1.939503, "process_kernel_time": 0.460195, "process_mem_max_rss": "103550976", "process_in_blocks": "0", "process_out_blocks": "0"}
[0m12:08:03.007608 [debug] [MainThread]: Command `dbt deps` succeeded at 12:08:03.007495 after 1.28 seconds
[0m12:08:03.007990 [debug] [MainThread]: Sending event: {'category': 'dbt', 'action': 'invocation', 'label': 'end', 'context': [<snowplow_tracker.self_describing_json.SelfDescribingJson object at 0x119dd62e0>, <snowplow_tracker.self_describing_json.SelfDescribingJson object at 0x11b833df0>, <snowplow_tracker.self_describing_json.SelfDescribingJson object at 0x11ab205b0>]}
[0m12:08:03.008388 [debug] [MainThread]: Flushing usage events
[0m12:10:19.932667 [debug] [MainThread]: Sending event: {'category': 'dbt', 'action': 'invocation', 'label': 'start', 'context': [<snowplow_tracker.self_describing_json.SelfDescribingJson object at 0x11b7c92e0>, <snowplow_tracker.self_describing_json.SelfDescribingJson object at 0x11d11cdc0>, <snowplow_tracker.self_describing_json.SelfDescribingJson object at 0x11d11c580>]}


============================== 12:10:19.936236 | 8bf026db-dd8c-4c3b-b5f0-49f8cb6d4a87 ==============================
[0m12:10:19.936236 [info ] [MainThread]: Running with dbt=1.8.3
[0m12:10:19.936870 [debug] [MainThread]: running dbt with arguments {'printer_width': '80', 'indirect_selection': 'eager', 'log_cache_events': 'False', 'write_json': 'True', 'partial_parse': 'True', 'cache_selected_only': 'False', 'warn_error': 'None', 'version_check': 'True', 'debug': 'False', 'log_path': '/Users/devincavagnaro/Documents/dev/dbt-btc-data-stack/dbt/logs', 'fail_fast': 'False', 'profiles_dir': '/Users/devincavagnaro/Documents/dev/dbt-btc-data-stack/dbt', 'use_colors': 'True', 'use_experimental_parser': 'False', 'empty': 'None', 'quiet': 'False', 'no_print': 'None', 'log_format': 'default', 'invocation_command': 'dbt deps', 'static_parser': 'True', 'introspect': 'True', 'target_path': 'None', 'warn_error_options': 'WarnErrorOptions(include=[], exclude=[])', 'send_anonymous_usage_stats': 'True'}
[0m12:10:20.064752 [debug] [MainThread]: Sending event: {'category': 'dbt', 'action': 'project_id', 'label': '8bf026db-dd8c-4c3b-b5f0-49f8cb6d4a87', 'context': [<snowplow_tracker.self_describing_json.SelfDescribingJson object at 0x11d0c7b80>]}
[0m12:10:20.080699 [debug] [MainThread]: Set downloads directory='/var/folders/7z/66wrhqmd6tn23_5_f7fr90yw0000gn/T/dbt-downloads-if_vlbee'
[0m12:10:20.081832 [debug] [MainThread]: Making package index registry request: GET https://hub.getdbt.com/api/v1/index.json
[0m12:10:20.251869 [debug] [MainThread]: Response from registry index: GET https://hub.getdbt.com/api/v1/index.json 200
[0m12:10:20.253183 [debug] [MainThread]: Making package registry request: GET https://hub.getdbt.com/api/v1/dbt-labs/dbt_utils.json
[0m12:10:20.335090 [debug] [MainThread]: Response from registry: GET https://hub.getdbt.com/api/v1/dbt-labs/dbt_utils.json 200
[0m12:10:20.352256 [info ] [MainThread]: Updating lock file in file path: /Users/devincavagnaro/Documents/dev/dbt-btc-data-stack/dbt/package-lock.yml
[0m12:10:20.386457 [debug] [MainThread]: Set downloads directory='/var/folders/7z/66wrhqmd6tn23_5_f7fr90yw0000gn/T/dbt-downloads-j2rrmntb'
[0m12:10:20.390663 [info ] [MainThread]: Installing dbt-labs/dbt_utils
[0m12:10:20.837116 [info ] [MainThread]: Installed from version 1.3.0
[0m12:10:20.837531 [info ] [MainThread]: Up to date!
[0m12:10:20.838003 [debug] [MainThread]: Sending event: {'category': 'dbt', 'action': 'package', 'label': '8bf026db-dd8c-4c3b-b5f0-49f8cb6d4a87', 'property_': 'install', 'context': [<snowplow_tracker.self_describing_json.SelfDescribingJson object at 0x11d1c7790>, <snowplow_tracker.self_describing_json.SelfDescribingJson object at 0x11beb3b50>]}
[0m12:10:20.839710 [debug] [MainThread]: Resource report: {"command_name": "deps", "command_success": true, "command_wall_clock_time": 0.9661139, "process_user_time": 1.911784, "process_kernel_time": 0.45294, "process_mem_max_rss": "103550976", "process_in_blocks": "0", "process_out_blocks": "0"}
[0m12:10:20.840447 [debug] [MainThread]: Command `dbt deps` succeeded at 12:10:20.840332 after 0.97 seconds
[0m12:10:20.840819 [debug] [MainThread]: Sending event: {'category': 'dbt', 'action': 'invocation', 'label': 'end', 'context': [<snowplow_tracker.self_describing_json.SelfDescribingJson object at 0x11b7c92e0>, <snowplow_tracker.self_describing_json.SelfDescribingJson object at 0x11d26e550>, <snowplow_tracker.self_describing_json.SelfDescribingJson object at 0x11beb3e50>]}
[0m12:10:20.841179 [debug] [MainThread]: Flushing usage events
