[2024-10-16T18:19:55.958+0000] {taskinstance.py:1037} DEBUG - previous_execution_date was called
[2024-10-16T18:19:55.984+0000] {__init__.py:51} DEBUG - Loading core task runner: StandardTaskRunner
[2024-10-16T18:19:56.001+0000] {taskinstance.py:1037} DEBUG - previous_execution_date was called
[2024-10-16T18:19:56.009+0000] {base_task_runner.py:68} DEBUG - Planning to run as the  user
[2024-10-16T18:19:56.012+0000] {taskinstance.py:789} DEBUG - Refreshing TaskInstance <TaskInstance: run_dbt_models.model.dbt_btc_transform.int_hourly_trades manual__2024-10-16T18:19:36.047737+00:00 [queued]> from DB
[2024-10-16T18:19:56.035+0000] {taskinstance.py:1112} DEBUG - <TaskInstance: run_dbt_models.model.dbt_btc_transform.int_hourly_trades manual__2024-10-16T18:19:36.047737+00:00 [queued]> dependency 'Task Instance State' PASSED: True, Task state queued was valid.
[2024-10-16T18:19:56.040+0000] {taskinstance.py:1112} DEBUG - <TaskInstance: run_dbt_models.model.dbt_btc_transform.int_hourly_trades manual__2024-10-16T18:19:36.047737+00:00 [queued]> dependency 'Previous Dagrun State' PASSED: True, This task instance was the first task instance for its task.
[2024-10-16T18:19:56.041+0000] {taskinstance.py:1112} DEBUG - <TaskInstance: run_dbt_models.model.dbt_btc_transform.int_hourly_trades manual__2024-10-16T18:19:36.047737+00:00 [queued]> dependency 'Task Instance Not Running' PASSED: True, Task is not in running state.
[2024-10-16T18:19:56.055+0000] {taskinstance.py:1112} DEBUG - <TaskInstance: run_dbt_models.model.dbt_btc_transform.int_hourly_trades manual__2024-10-16T18:19:36.047737+00:00 [queued]> dependency 'Not In Retry Period' PASSED: True, The task instance was not marked for retrying.
[2024-10-16T18:19:56.056+0000] {taskinstance.py:1103} INFO - Dependencies all met for dep_context=non-requeueable deps ti=<TaskInstance: run_dbt_models.model.dbt_btc_transform.int_hourly_trades manual__2024-10-16T18:19:36.047737+00:00 [queued]>
[2024-10-16T18:19:56.056+0000] {taskinstance.py:1112} DEBUG - <TaskInstance: run_dbt_models.model.dbt_btc_transform.int_hourly_trades manual__2024-10-16T18:19:36.047737+00:00 [queued]> dependency 'Task Concurrency' PASSED: True, Task concurrency is not set.
[2024-10-16T18:19:56.058+0000] {taskinstance.py:1112} DEBUG - <TaskInstance: run_dbt_models.model.dbt_btc_transform.int_hourly_trades manual__2024-10-16T18:19:36.047737+00:00 [queued]> dependency 'Previous Dagrun State' PASSED: True, This task instance was the first task instance for its task.
[2024-10-16T18:19:56.065+0000] {taskinstance.py:1112} DEBUG - <TaskInstance: run_dbt_models.model.dbt_btc_transform.int_hourly_trades manual__2024-10-16T18:19:36.047737+00:00 [queued]> dependency 'Not In Retry Period' PASSED: True, The task instance was not marked for retrying.
[2024-10-16T18:19:56.070+0000] {taskinstance.py:1112} DEBUG - <TaskInstance: run_dbt_models.model.dbt_btc_transform.int_hourly_trades manual__2024-10-16T18:19:36.047737+00:00 [queued]> dependency 'Pool Slots Available' PASSED: True, There are enough open slots in default_pool to execute the task
[2024-10-16T18:19:56.070+0000] {taskinstance.py:1103} INFO - Dependencies all met for dep_context=requeueable deps ti=<TaskInstance: run_dbt_models.model.dbt_btc_transform.int_hourly_trades manual__2024-10-16T18:19:36.047737+00:00 [queued]>
[2024-10-16T18:19:56.071+0000] {taskinstance.py:1308} INFO - Starting attempt 1 of 2
[2024-10-16T18:19:56.086+0000] {taskinstance.py:1327} INFO - Executing <Task(BashOperator): model.dbt_btc_transform.int_hourly_trades> on 2024-10-16 18:19:36.047737+00:00
[2024-10-16T18:19:56.089+0000] {standard_task_runner.py:57} INFO - Started process 1507 to run task
[2024-10-16T18:19:56.094+0000] {standard_task_runner.py:84} INFO - Running: ['airflow', 'tasks', 'run', 'run_dbt_models', 'model.dbt_btc_transform.int_hourly_trades', 'manual__2024-10-16T18:19:36.047737+00:00', '--job-id', '90', '--raw', '--subdir', 'DAGS_FOLDER/run_dbt_models.py', '--cfg-path', '/tmp/tmp17824jdx']
[2024-10-16T18:19:56.095+0000] {standard_task_runner.py:85} INFO - Job 90: Subtask model.dbt_btc_transform.int_hourly_trades
[2024-10-16T18:19:56.096+0000] {cli_action_loggers.py:65} DEBUG - Calling callbacks: [<function default_action_log at 0x7f7ca9505550>]
[2024-10-16T18:19:56.164+0000] {taskinstance.py:1037} DEBUG - previous_execution_date was called
[2024-10-16T18:19:56.174+0000] {task_command.py:410} INFO - Running <TaskInstance: run_dbt_models.model.dbt_btc_transform.int_hourly_trades manual__2024-10-16T18:19:36.047737+00:00 [running]> on host 888d2c584607
[2024-10-16T18:19:56.175+0000] {settings.py:353} DEBUG - Disposing DB connection pool (PID 1507)
[2024-10-16T18:19:56.175+0000] {settings.py:212} DEBUG - Setting up DB connection pool (PID 1507)
[2024-10-16T18:19:56.176+0000] {settings.py:285} DEBUG - settings.prepare_engine_args(): Using NullPool
[2024-10-16T18:19:56.178+0000] {taskinstance.py:789} DEBUG - Refreshing TaskInstance <TaskInstance: run_dbt_models.model.dbt_btc_transform.int_hourly_trades manual__2024-10-16T18:19:36.047737+00:00 [running]> from DB
[2024-10-16T18:19:56.228+0000] {taskinstance.py:1037} DEBUG - previous_execution_date was called
[2024-10-16T18:19:56.238+0000] {taskinstance.py:868} DEBUG - Clearing XCom data
[2024-10-16T18:19:56.274+0000] {retries.py:80} DEBUG - Running RenderedTaskInstanceFields._do_delete_old_records with retries. Try 1 of 3
[2024-10-16T18:19:56.291+0000] {taskinstance.py:1545} INFO - Exporting env vars: AIRFLOW_CTX_DAG_EMAIL='airflow@example.com' AIRFLOW_CTX_DAG_OWNER='airflow' AIRFLOW_CTX_DAG_ID='run_dbt_models' AIRFLOW_CTX_TASK_ID='model.dbt_btc_transform.int_hourly_trades' AIRFLOW_CTX_EXECUTION_DATE='2024-10-16T18:19:36.047737+00:00' AIRFLOW_CTX_TRY_NUMBER='1' AIRFLOW_CTX_DAG_RUN_ID='manual__2024-10-16T18:19:36.047737+00:00'
[2024-10-16T18:19:56.292+0000] {__init__.py:117} DEBUG - Preparing lineage inlets and outlets
[2024-10-16T18:19:56.292+0000] {__init__.py:155} DEBUG - inlets: [], outlets: []
[2024-10-16T18:19:56.293+0000] {bash.py:186} DEBUG - Exporting env vars: AIRFLOW_CTX_DAG_EMAIL='airflow@example.com' AIRFLOW_CTX_DAG_OWNER='airflow' AIRFLOW_CTX_DAG_ID='run_dbt_models' AIRFLOW_CTX_TASK_ID='model.dbt_btc_transform.int_hourly_trades' AIRFLOW_CTX_EXECUTION_DATE='2024-10-16T18:19:36.047737+00:00' AIRFLOW_CTX_TRY_NUMBER='1' AIRFLOW_CTX_DAG_RUN_ID='manual__2024-10-16T18:19:36.047737+00:00'
[2024-10-16T18:19:56.293+0000] {subprocess.py:63} INFO - Tmp dir root location: 
 /tmp
[2024-10-16T18:19:56.294+0000] {subprocess.py:75} INFO - Running command: ['/bin/bash', '-c', '\n            export DBT_SCHEMA=analytics &&\n            cd /opt/airflow/dbt &&\n            /home/airflow/.local/bin/dbt --no-write-json run --target dev --models int_hourly_trades\n            ']
[2024-10-16T18:19:56.303+0000] {subprocess.py:86} INFO - Output:
[2024-10-16T18:19:58.628+0000] {subprocess.py:93} INFO - [0m18:19:58  Running with dbt=1.8.7
[2024-10-16T18:19:58.944+0000] {subprocess.py:93} INFO - [0m18:19:58  Registered adapter: ***=1.8.2
[2024-10-16T18:19:59.330+0000] {subprocess.py:93} INFO - [0m18:19:59  Found 2 models, 18 data tests, 1 source, 540 macros
[2024-10-16T18:19:59.334+0000] {subprocess.py:93} INFO - [0m18:19:59
[2024-10-16T18:19:59.545+0000] {subprocess.py:93} INFO - [0m18:19:59  Concurrency: 4 threads (target='dev')
[2024-10-16T18:19:59.546+0000] {subprocess.py:93} INFO - [0m18:19:59
[2024-10-16T18:19:59.557+0000] {subprocess.py:93} INFO - [0m18:19:59  1 of 1 START sql table model analytics.int_hourly_trades ....................... [RUN]
[2024-10-16T18:19:59.797+0000] {subprocess.py:93} INFO - [0m18:19:59  1 of 1 OK created sql table model analytics.int_hourly_trades .................. [[32mSELECT 13[0m in 0.23s]
[2024-10-16T18:19:59.822+0000] {subprocess.py:93} INFO - [0m18:19:59
[2024-10-16T18:19:59.823+0000] {subprocess.py:93} INFO - [0m18:19:59  Finished running 1 table model in 0 hours 0 minutes and 0.49 seconds (0.49s).
[2024-10-16T18:19:59.825+0000] {subprocess.py:93} INFO - [0m18:19:59
[2024-10-16T18:19:59.826+0000] {subprocess.py:93} INFO - [0m18:19:59  [32mCompleted successfully[0m
[2024-10-16T18:19:59.827+0000] {subprocess.py:93} INFO - [0m18:19:59
[2024-10-16T18:19:59.828+0000] {subprocess.py:93} INFO - [0m18:19:59  Done. PASS=1 WARN=0 ERROR=0 SKIP=0 TOTAL=1
[2024-10-16T18:20:00.525+0000] {subprocess.py:97} INFO - Command exited with return code 0
[2024-10-16T18:20:00.555+0000] {__init__.py:75} DEBUG - Lineage called with inlets: [], outlets: []
[2024-10-16T18:20:00.555+0000] {taskinstance.py:789} DEBUG - Refreshing TaskInstance <TaskInstance: run_dbt_models.model.dbt_btc_transform.int_hourly_trades manual__2024-10-16T18:19:36.047737+00:00 [running]> from DB
[2024-10-16T18:20:00.571+0000] {taskinstance.py:1356} DEBUG - Clearing next_method and next_kwargs.
[2024-10-16T18:20:00.572+0000] {taskinstance.py:1345} INFO - Marking task as SUCCESS. dag_id=run_dbt_models, task_id=model.dbt_btc_transform.int_hourly_trades, execution_date=20241016T181936, start_date=20241016T181956, end_date=20241016T182000
[2024-10-16T18:20:00.572+0000] {taskinstance.py:2305} DEBUG - Task Duration set to 4.515692
[2024-10-16T18:20:00.587+0000] {cli_action_loggers.py:83} DEBUG - Calling callbacks: []
[2024-10-16T18:20:00.626+0000] {local_task_job_runner.py:225} INFO - Task exited with return code 0
[2024-10-16T18:20:00.689+0000] {dagrun.py:697} DEBUG - number of tis tasks for <DagRun run_dbt_models @ 2024-10-16 18:19:36.047737+00:00: manual__2024-10-16T18:19:36.047737+00:00, state:running, queued_at: 2024-10-16 18:19:36.055951+00:00. externally triggered: True>: 6 task(s)
[2024-10-16T18:20:00.690+0000] {dagrun.py:718} DEBUG - number of scheduleable tasks for <DagRun run_dbt_models @ 2024-10-16 18:19:36.047737+00:00: manual__2024-10-16T18:19:36.047737+00:00, state:running, queued_at: 2024-10-16 18:19:36.055951+00:00. externally triggered: True>: 1 task(s)
[2024-10-16T18:20:00.693+0000] {taskinstance.py:1112} DEBUG - <TaskInstance: run_dbt_models.generate_dbt_docs manual__2024-10-16T18:19:36.047737+00:00 [None]> dependency 'Previous Dagrun State' PASSED: True, This task instance was the first task instance for its task.
[2024-10-16T18:20:00.693+0000] {taskinstance.py:1112} DEBUG - <TaskInstance: run_dbt_models.generate_dbt_docs manual__2024-10-16T18:19:36.047737+00:00 [None]> dependency 'Not In Retry Period' PASSED: True, The task instance was not marked for retrying.
[2024-10-16T18:20:00.694+0000] {taskinstance.py:1112} DEBUG - <TaskInstance: run_dbt_models.generate_dbt_docs manual__2024-10-16T18:19:36.047737+00:00 [None]> dependency 'Trigger Rule' PASSED: False, Task's trigger rule 'all_success' requires all upstream tasks to have succeeded, but found 1 non-success(es). upstream_states=_UpstreamTIStates(success=3, skipped=0, failed=0, upstream_failed=0, removed=0, done=3), upstream_task_ids={'test.dbt_btc_transform.int_hourly_trades', 'model.dbt_btc_transform.stg_kaggle__btcusdt', 'model.dbt_btc_transform.int_hourly_trades', 'test.dbt_btc_transform.stg_kaggle__btcusdt'}
[2024-10-16T18:20:00.694+0000] {taskinstance.py:1093} DEBUG - Dependencies not met for <TaskInstance: run_dbt_models.generate_dbt_docs manual__2024-10-16T18:19:36.047737+00:00 [None]>, dependency 'Trigger Rule' FAILED: Task's trigger rule 'all_success' requires all upstream tasks to have succeeded, but found 1 non-success(es). upstream_states=_UpstreamTIStates(success=3, skipped=0, failed=0, upstream_failed=0, removed=0, done=3), upstream_task_ids={'test.dbt_btc_transform.int_hourly_trades', 'model.dbt_btc_transform.stg_kaggle__btcusdt', 'model.dbt_btc_transform.int_hourly_trades', 'test.dbt_btc_transform.stg_kaggle__btcusdt'}
[2024-10-16T18:20:00.700+0000] {taskinstance.py:2651} INFO - 0 downstream tasks scheduled from follow-on schedule check
