[2024-10-16T16:03:20.019+0000] {taskinstance.py:1037} DEBUG - previous_execution_date was called
[2024-10-16T16:03:20.042+0000] {__init__.py:51} DEBUG - Loading core task runner: StandardTaskRunner
[2024-10-16T16:03:20.056+0000] {taskinstance.py:1037} DEBUG - previous_execution_date was called
[2024-10-16T16:03:20.063+0000] {base_task_runner.py:68} DEBUG - Planning to run as the  user
[2024-10-16T16:03:20.065+0000] {taskinstance.py:789} DEBUG - Refreshing TaskInstance <TaskInstance: btcusdt_data_ingestion.ingest_btcusdt manual__2024-10-16T16:03:13.878911+00:00 [queued]> from DB
[2024-10-16T16:03:20.084+0000] {taskinstance.py:1112} DEBUG - <TaskInstance: btcusdt_data_ingestion.ingest_btcusdt manual__2024-10-16T16:03:13.878911+00:00 [queued]> dependency 'Task Instance State' PASSED: True, Task state queued was valid.
[2024-10-16T16:03:20.084+0000] {taskinstance.py:1112} DEBUG - <TaskInstance: btcusdt_data_ingestion.ingest_btcusdt manual__2024-10-16T16:03:13.878911+00:00 [queued]> dependency 'Previous Dagrun State' PASSED: True, The task did not have depends_on_past set.
[2024-10-16T16:03:20.084+0000] {taskinstance.py:1112} DEBUG - <TaskInstance: btcusdt_data_ingestion.ingest_btcusdt manual__2024-10-16T16:03:13.878911+00:00 [queued]> dependency 'Task Instance Not Running' PASSED: True, Task is not in running state.
[2024-10-16T16:03:20.092+0000] {taskinstance.py:1112} DEBUG - <TaskInstance: btcusdt_data_ingestion.ingest_btcusdt manual__2024-10-16T16:03:13.878911+00:00 [queued]> dependency 'Not In Retry Period' PASSED: True, The task instance was not marked for retrying.
[2024-10-16T16:03:20.093+0000] {taskinstance.py:1103} INFO - Dependencies all met for dep_context=non-requeueable deps ti=<TaskInstance: btcusdt_data_ingestion.ingest_btcusdt manual__2024-10-16T16:03:13.878911+00:00 [queued]>
[2024-10-16T16:03:20.093+0000] {taskinstance.py:1112} DEBUG - <TaskInstance: btcusdt_data_ingestion.ingest_btcusdt manual__2024-10-16T16:03:13.878911+00:00 [queued]> dependency 'Task Concurrency' PASSED: True, Task concurrency is not set.
[2024-10-16T16:03:20.093+0000] {taskinstance.py:1112} DEBUG - <TaskInstance: btcusdt_data_ingestion.ingest_btcusdt manual__2024-10-16T16:03:13.878911+00:00 [queued]> dependency 'Previous Dagrun State' PASSED: True, The task did not have depends_on_past set.
[2024-10-16T16:03:20.097+0000] {taskinstance.py:1112} DEBUG - <TaskInstance: btcusdt_data_ingestion.ingest_btcusdt manual__2024-10-16T16:03:13.878911+00:00 [queued]> dependency 'Not In Retry Period' PASSED: True, The task instance was not marked for retrying.
[2024-10-16T16:03:20.102+0000] {taskinstance.py:1112} DEBUG - <TaskInstance: btcusdt_data_ingestion.ingest_btcusdt manual__2024-10-16T16:03:13.878911+00:00 [queued]> dependency 'Pool Slots Available' PASSED: True, There are enough open slots in default_pool to execute the task
[2024-10-16T16:03:20.102+0000] {taskinstance.py:1103} INFO - Dependencies all met for dep_context=requeueable deps ti=<TaskInstance: btcusdt_data_ingestion.ingest_btcusdt manual__2024-10-16T16:03:13.878911+00:00 [queued]>
[2024-10-16T16:03:20.102+0000] {taskinstance.py:1308} INFO - Starting attempt 1 of 2
[2024-10-16T16:03:20.115+0000] {taskinstance.py:1327} INFO - Executing <Task(PythonOperator): ingest_btcusdt> on 2024-10-16 16:03:13.878911+00:00
[2024-10-16T16:03:20.118+0000] {standard_task_runner.py:57} INFO - Started process 52 to run task
[2024-10-16T16:03:20.122+0000] {standard_task_runner.py:84} INFO - Running: ['airflow', 'tasks', 'run', 'btcusdt_data_ingestion', 'ingest_btcusdt', 'manual__2024-10-16T16:03:13.878911+00:00', '--job-id', '55', '--raw', '--subdir', 'DAGS_FOLDER/ingest_btcusdt_data.py', '--cfg-path', '/tmp/tmpzhevseo_']
[2024-10-16T16:03:20.125+0000] {standard_task_runner.py:85} INFO - Job 55: Subtask ingest_btcusdt
[2024-10-16T16:03:20.126+0000] {cli_action_loggers.py:65} DEBUG - Calling callbacks: [<function default_action_log at 0x7f7ca9505550>]
[2024-10-16T16:03:20.181+0000] {taskinstance.py:1037} DEBUG - previous_execution_date was called
[2024-10-16T16:03:20.190+0000] {task_command.py:410} INFO - Running <TaskInstance: btcusdt_data_ingestion.ingest_btcusdt manual__2024-10-16T16:03:13.878911+00:00 [running]> on host 888d2c584607
[2024-10-16T16:03:20.191+0000] {settings.py:353} DEBUG - Disposing DB connection pool (PID 52)
[2024-10-16T16:03:20.191+0000] {settings.py:212} DEBUG - Setting up DB connection pool (PID 52)
[2024-10-16T16:03:20.192+0000] {settings.py:285} DEBUG - settings.prepare_engine_args(): Using NullPool
[2024-10-16T16:03:20.195+0000] {taskinstance.py:789} DEBUG - Refreshing TaskInstance <TaskInstance: btcusdt_data_ingestion.ingest_btcusdt manual__2024-10-16T16:03:13.878911+00:00 [running]> from DB
[2024-10-16T16:03:20.246+0000] {taskinstance.py:1037} DEBUG - previous_execution_date was called
[2024-10-16T16:03:20.255+0000] {taskinstance.py:868} DEBUG - Clearing XCom data
[2024-10-16T16:03:20.289+0000] {retries.py:80} DEBUG - Running RenderedTaskInstanceFields._do_delete_old_records with retries. Try 1 of 3
[2024-10-16T16:03:20.303+0000] {taskinstance.py:1545} INFO - Exporting env vars: AIRFLOW_CTX_DAG_OWNER='airflow' AIRFLOW_CTX_DAG_ID='btcusdt_data_ingestion' AIRFLOW_CTX_TASK_ID='ingest_btcusdt' AIRFLOW_CTX_EXECUTION_DATE='2024-10-16T16:03:13.878911+00:00' AIRFLOW_CTX_TRY_NUMBER='1' AIRFLOW_CTX_DAG_RUN_ID='manual__2024-10-16T16:03:13.878911+00:00'
[2024-10-16T16:03:20.303+0000] {__init__.py:117} DEBUG - Preparing lineage inlets and outlets
[2024-10-16T16:03:20.304+0000] {__init__.py:155} DEBUG - inlets: [], outlets: []
[2024-10-16T16:03:20.312+0000] {base.py:73} INFO - Using connection ID 'company_dw' for task execution.
[2024-10-16T16:03:25.132+0000] {taskinstance.py:789} DEBUG - Refreshing TaskInstance <TaskInstance: btcusdt_data_ingestion.ingest_btcusdt manual__2024-10-16T16:03:13.878911+00:00 [running]> from DB
[2024-10-16T16:03:25.145+0000] {job.py:213} DEBUG - [heartbeat]
[2024-10-16T16:03:30.172+0000] {taskinstance.py:789} DEBUG - Refreshing TaskInstance <TaskInstance: btcusdt_data_ingestion.ingest_btcusdt manual__2024-10-16T16:03:13.878911+00:00 [running]> from DB
[2024-10-16T16:03:30.184+0000] {job.py:213} DEBUG - [heartbeat]
[2024-10-16T16:03:35.211+0000] {taskinstance.py:789} DEBUG - Refreshing TaskInstance <TaskInstance: btcusdt_data_ingestion.ingest_btcusdt manual__2024-10-16T16:03:13.878911+00:00 [running]> from DB
[2024-10-16T16:03:35.221+0000] {job.py:213} DEBUG - [heartbeat]
[2024-10-16T16:03:40.248+0000] {taskinstance.py:789} DEBUG - Refreshing TaskInstance <TaskInstance: btcusdt_data_ingestion.ingest_btcusdt manual__2024-10-16T16:03:13.878911+00:00 [running]> from DB
[2024-10-16T16:03:40.260+0000] {job.py:213} DEBUG - [heartbeat]
[2024-10-16T16:03:45.286+0000] {taskinstance.py:789} DEBUG - Refreshing TaskInstance <TaskInstance: btcusdt_data_ingestion.ingest_btcusdt manual__2024-10-16T16:03:13.878911+00:00 [running]> from DB
[2024-10-16T16:03:45.298+0000] {job.py:213} DEBUG - [heartbeat]
[2024-10-16T16:03:50.332+0000] {taskinstance.py:789} DEBUG - Refreshing TaskInstance <TaskInstance: btcusdt_data_ingestion.ingest_btcusdt manual__2024-10-16T16:03:13.878911+00:00 [running]> from DB
[2024-10-16T16:03:50.347+0000] {job.py:213} DEBUG - [heartbeat]
[2024-10-16T16:03:55.370+0000] {taskinstance.py:789} DEBUG - Refreshing TaskInstance <TaskInstance: btcusdt_data_ingestion.ingest_btcusdt manual__2024-10-16T16:03:13.878911+00:00 [running]> from DB
[2024-10-16T16:03:55.381+0000] {job.py:213} DEBUG - [heartbeat]
[2024-10-16T16:04:00.409+0000] {taskinstance.py:789} DEBUG - Refreshing TaskInstance <TaskInstance: btcusdt_data_ingestion.ingest_btcusdt manual__2024-10-16T16:03:13.878911+00:00 [running]> from DB
[2024-10-16T16:04:00.421+0000] {job.py:213} DEBUG - [heartbeat]
[2024-10-16T16:04:05.451+0000] {taskinstance.py:789} DEBUG - Refreshing TaskInstance <TaskInstance: btcusdt_data_ingestion.ingest_btcusdt manual__2024-10-16T16:03:13.878911+00:00 [running]> from DB
[2024-10-16T16:04:05.464+0000] {job.py:213} DEBUG - [heartbeat]
[2024-10-16T16:04:10.493+0000] {taskinstance.py:789} DEBUG - Refreshing TaskInstance <TaskInstance: btcusdt_data_ingestion.ingest_btcusdt manual__2024-10-16T16:03:13.878911+00:00 [running]> from DB
[2024-10-16T16:04:10.506+0000] {job.py:213} DEBUG - [heartbeat]
[2024-10-16T16:04:15.549+0000] {taskinstance.py:789} DEBUG - Refreshing TaskInstance <TaskInstance: btcusdt_data_ingestion.ingest_btcusdt manual__2024-10-16T16:03:13.878911+00:00 [running]> from DB
[2024-10-16T16:04:15.566+0000] {job.py:213} DEBUG - [heartbeat]
[2024-10-16T16:04:20.594+0000] {taskinstance.py:789} DEBUG - Refreshing TaskInstance <TaskInstance: btcusdt_data_ingestion.ingest_btcusdt manual__2024-10-16T16:03:13.878911+00:00 [running]> from DB
[2024-10-16T16:04:20.606+0000] {job.py:213} DEBUG - [heartbeat]
[2024-10-16T16:04:25.632+0000] {taskinstance.py:789} DEBUG - Refreshing TaskInstance <TaskInstance: btcusdt_data_ingestion.ingest_btcusdt manual__2024-10-16T16:03:13.878911+00:00 [running]> from DB
[2024-10-16T16:04:25.644+0000] {job.py:213} DEBUG - [heartbeat]
[2024-10-16T16:04:30.670+0000] {taskinstance.py:789} DEBUG - Refreshing TaskInstance <TaskInstance: btcusdt_data_ingestion.ingest_btcusdt manual__2024-10-16T16:03:13.878911+00:00 [running]> from DB
[2024-10-16T16:04:30.682+0000] {job.py:213} DEBUG - [heartbeat]
[2024-10-16T16:04:35.712+0000] {taskinstance.py:789} DEBUG - Refreshing TaskInstance <TaskInstance: btcusdt_data_ingestion.ingest_btcusdt manual__2024-10-16T16:03:13.878911+00:00 [running]> from DB
[2024-10-16T16:04:35.724+0000] {job.py:213} DEBUG - [heartbeat]
[2024-10-16T16:04:40.757+0000] {taskinstance.py:789} DEBUG - Refreshing TaskInstance <TaskInstance: btcusdt_data_ingestion.ingest_btcusdt manual__2024-10-16T16:03:13.878911+00:00 [running]> from DB
[2024-10-16T16:04:40.769+0000] {job.py:213} DEBUG - [heartbeat]
[2024-10-16T16:04:45.804+0000] {taskinstance.py:789} DEBUG - Refreshing TaskInstance <TaskInstance: btcusdt_data_ingestion.ingest_btcusdt manual__2024-10-16T16:03:13.878911+00:00 [running]> from DB
[2024-10-16T16:04:45.816+0000] {job.py:213} DEBUG - [heartbeat]
[2024-10-16T16:04:50.843+0000] {taskinstance.py:789} DEBUG - Refreshing TaskInstance <TaskInstance: btcusdt_data_ingestion.ingest_btcusdt manual__2024-10-16T16:03:13.878911+00:00 [running]> from DB
[2024-10-16T16:04:50.856+0000] {job.py:213} DEBUG - [heartbeat]
[2024-10-16T16:04:55.890+0000] {taskinstance.py:789} DEBUG - Refreshing TaskInstance <TaskInstance: btcusdt_data_ingestion.ingest_btcusdt manual__2024-10-16T16:03:13.878911+00:00 [running]> from DB
[2024-10-16T16:04:55.907+0000] {job.py:213} DEBUG - [heartbeat]
[2024-10-16T16:05:00.939+0000] {taskinstance.py:789} DEBUG - Refreshing TaskInstance <TaskInstance: btcusdt_data_ingestion.ingest_btcusdt manual__2024-10-16T16:03:13.878911+00:00 [running]> from DB
[2024-10-16T16:05:00.952+0000] {job.py:213} DEBUG - [heartbeat]
[2024-10-16T16:05:05.982+0000] {taskinstance.py:789} DEBUG - Refreshing TaskInstance <TaskInstance: btcusdt_data_ingestion.ingest_btcusdt manual__2024-10-16T16:03:13.878911+00:00 [running]> from DB
[2024-10-16T16:05:05.993+0000] {job.py:213} DEBUG - [heartbeat]
[2024-10-16T16:05:11.035+0000] {taskinstance.py:789} DEBUG - Refreshing TaskInstance <TaskInstance: btcusdt_data_ingestion.ingest_btcusdt manual__2024-10-16T16:03:13.878911+00:00 [running]> from DB
[2024-10-16T16:05:11.047+0000] {job.py:213} DEBUG - [heartbeat]
[2024-10-16T16:05:16.075+0000] {taskinstance.py:789} DEBUG - Refreshing TaskInstance <TaskInstance: btcusdt_data_ingestion.ingest_btcusdt manual__2024-10-16T16:03:13.878911+00:00 [running]> from DB
[2024-10-16T16:05:16.086+0000] {job.py:213} DEBUG - [heartbeat]
[2024-10-16T16:05:21.113+0000] {taskinstance.py:789} DEBUG - Refreshing TaskInstance <TaskInstance: btcusdt_data_ingestion.ingest_btcusdt manual__2024-10-16T16:03:13.878911+00:00 [running]> from DB
[2024-10-16T16:05:21.125+0000] {job.py:213} DEBUG - [heartbeat]
[2024-10-16T16:05:26.153+0000] {taskinstance.py:789} DEBUG - Refreshing TaskInstance <TaskInstance: btcusdt_data_ingestion.ingest_btcusdt manual__2024-10-16T16:03:13.878911+00:00 [running]> from DB
[2024-10-16T16:05:26.164+0000] {job.py:213} DEBUG - [heartbeat]
[2024-10-16T16:05:31.194+0000] {taskinstance.py:789} DEBUG - Refreshing TaskInstance <TaskInstance: btcusdt_data_ingestion.ingest_btcusdt manual__2024-10-16T16:03:13.878911+00:00 [running]> from DB
[2024-10-16T16:05:31.207+0000] {job.py:213} DEBUG - [heartbeat]
[2024-10-16T16:05:36.232+0000] {taskinstance.py:789} DEBUG - Refreshing TaskInstance <TaskInstance: btcusdt_data_ingestion.ingest_btcusdt manual__2024-10-16T16:03:13.878911+00:00 [running]> from DB
[2024-10-16T16:05:36.243+0000] {job.py:213} DEBUG - [heartbeat]
[2024-10-16T16:05:41.272+0000] {taskinstance.py:789} DEBUG - Refreshing TaskInstance <TaskInstance: btcusdt_data_ingestion.ingest_btcusdt manual__2024-10-16T16:03:13.878911+00:00 [running]> from DB
[2024-10-16T16:05:41.283+0000] {job.py:213} DEBUG - [heartbeat]
[2024-10-16T16:05:46.311+0000] {taskinstance.py:789} DEBUG - Refreshing TaskInstance <TaskInstance: btcusdt_data_ingestion.ingest_btcusdt manual__2024-10-16T16:03:13.878911+00:00 [running]> from DB
[2024-10-16T16:05:46.326+0000] {job.py:213} DEBUG - [heartbeat]
[2024-10-16T16:05:51.354+0000] {taskinstance.py:789} DEBUG - Refreshing TaskInstance <TaskInstance: btcusdt_data_ingestion.ingest_btcusdt manual__2024-10-16T16:03:13.878911+00:00 [running]> from DB
[2024-10-16T16:05:51.366+0000] {job.py:213} DEBUG - [heartbeat]
[2024-10-16T16:05:56.394+0000] {taskinstance.py:789} DEBUG - Refreshing TaskInstance <TaskInstance: btcusdt_data_ingestion.ingest_btcusdt manual__2024-10-16T16:03:13.878911+00:00 [running]> from DB
[2024-10-16T16:05:56.405+0000] {job.py:213} DEBUG - [heartbeat]
[2024-10-16T16:06:01.439+0000] {taskinstance.py:789} DEBUG - Refreshing TaskInstance <TaskInstance: btcusdt_data_ingestion.ingest_btcusdt manual__2024-10-16T16:03:13.878911+00:00 [running]> from DB
[2024-10-16T16:06:01.455+0000] {job.py:213} DEBUG - [heartbeat]
[2024-10-16T16:06:06.484+0000] {taskinstance.py:789} DEBUG - Refreshing TaskInstance <TaskInstance: btcusdt_data_ingestion.ingest_btcusdt manual__2024-10-16T16:03:13.878911+00:00 [running]> from DB
[2024-10-16T16:06:06.496+0000] {job.py:213} DEBUG - [heartbeat]
[2024-10-16T16:06:11.532+0000] {taskinstance.py:789} DEBUG - Refreshing TaskInstance <TaskInstance: btcusdt_data_ingestion.ingest_btcusdt manual__2024-10-16T16:03:13.878911+00:00 [running]> from DB
[2024-10-16T16:06:11.544+0000] {job.py:213} DEBUG - [heartbeat]
[2024-10-16T16:06:16.571+0000] {taskinstance.py:789} DEBUG - Refreshing TaskInstance <TaskInstance: btcusdt_data_ingestion.ingest_btcusdt manual__2024-10-16T16:03:13.878911+00:00 [running]> from DB
[2024-10-16T16:06:16.583+0000] {job.py:213} DEBUG - [heartbeat]
[2024-10-16T16:06:21.611+0000] {taskinstance.py:789} DEBUG - Refreshing TaskInstance <TaskInstance: btcusdt_data_ingestion.ingest_btcusdt manual__2024-10-16T16:03:13.878911+00:00 [running]> from DB
[2024-10-16T16:06:21.623+0000] {job.py:213} DEBUG - [heartbeat]
[2024-10-16T16:06:26.651+0000] {taskinstance.py:789} DEBUG - Refreshing TaskInstance <TaskInstance: btcusdt_data_ingestion.ingest_btcusdt manual__2024-10-16T16:03:13.878911+00:00 [running]> from DB
[2024-10-16T16:06:26.664+0000] {job.py:213} DEBUG - [heartbeat]
[2024-10-16T16:06:31.691+0000] {taskinstance.py:789} DEBUG - Refreshing TaskInstance <TaskInstance: btcusdt_data_ingestion.ingest_btcusdt manual__2024-10-16T16:03:13.878911+00:00 [running]> from DB
[2024-10-16T16:06:31.702+0000] {job.py:213} DEBUG - [heartbeat]
[2024-10-16T16:06:36.733+0000] {taskinstance.py:789} DEBUG - Refreshing TaskInstance <TaskInstance: btcusdt_data_ingestion.ingest_btcusdt manual__2024-10-16T16:03:13.878911+00:00 [running]> from DB
[2024-10-16T16:06:36.745+0000] {job.py:213} DEBUG - [heartbeat]
[2024-10-16T16:06:41.775+0000] {taskinstance.py:789} DEBUG - Refreshing TaskInstance <TaskInstance: btcusdt_data_ingestion.ingest_btcusdt manual__2024-10-16T16:03:13.878911+00:00 [running]> from DB
[2024-10-16T16:06:41.788+0000] {job.py:213} DEBUG - [heartbeat]
[2024-10-16T16:06:46.817+0000] {taskinstance.py:789} DEBUG - Refreshing TaskInstance <TaskInstance: btcusdt_data_ingestion.ingest_btcusdt manual__2024-10-16T16:03:13.878911+00:00 [running]> from DB
[2024-10-16T16:06:46.828+0000] {job.py:213} DEBUG - [heartbeat]
[2024-10-16T16:06:51.856+0000] {taskinstance.py:789} DEBUG - Refreshing TaskInstance <TaskInstance: btcusdt_data_ingestion.ingest_btcusdt manual__2024-10-16T16:03:13.878911+00:00 [running]> from DB
[2024-10-16T16:06:51.868+0000] {job.py:213} DEBUG - [heartbeat]
[2024-10-16T16:06:56.900+0000] {taskinstance.py:789} DEBUG - Refreshing TaskInstance <TaskInstance: btcusdt_data_ingestion.ingest_btcusdt manual__2024-10-16T16:03:13.878911+00:00 [running]> from DB
[2024-10-16T16:06:56.915+0000] {job.py:213} DEBUG - [heartbeat]
[2024-10-16T16:07:01.946+0000] {taskinstance.py:789} DEBUG - Refreshing TaskInstance <TaskInstance: btcusdt_data_ingestion.ingest_btcusdt manual__2024-10-16T16:03:13.878911+00:00 [running]> from DB
[2024-10-16T16:07:01.958+0000] {job.py:213} DEBUG - [heartbeat]
[2024-10-16T16:07:06.987+0000] {taskinstance.py:789} DEBUG - Refreshing TaskInstance <TaskInstance: btcusdt_data_ingestion.ingest_btcusdt manual__2024-10-16T16:03:13.878911+00:00 [running]> from DB
[2024-10-16T16:07:07.001+0000] {job.py:213} DEBUG - [heartbeat]
[2024-10-16T16:07:12.037+0000] {taskinstance.py:789} DEBUG - Refreshing TaskInstance <TaskInstance: btcusdt_data_ingestion.ingest_btcusdt manual__2024-10-16T16:03:13.878911+00:00 [running]> from DB
[2024-10-16T16:07:12.048+0000] {job.py:213} DEBUG - [heartbeat]
[2024-10-16T16:07:17.221+0000] {taskinstance.py:789} DEBUG - Refreshing TaskInstance <TaskInstance: btcusdt_data_ingestion.ingest_btcusdt manual__2024-10-16T16:03:13.878911+00:00 [running]> from DB
[2024-10-16T16:07:17.346+0000] {job.py:213} DEBUG - [heartbeat]
[2024-10-16T16:07:22.368+0000] {taskinstance.py:789} DEBUG - Refreshing TaskInstance <TaskInstance: btcusdt_data_ingestion.ingest_btcusdt manual__2024-10-16T16:03:13.878911+00:00 [running]> from DB
[2024-10-16T16:07:22.381+0000] {job.py:213} DEBUG - [heartbeat]
[2024-10-16T16:07:27.467+0000] {taskinstance.py:789} DEBUG - Refreshing TaskInstance <TaskInstance: btcusdt_data_ingestion.ingest_btcusdt manual__2024-10-16T16:03:13.878911+00:00 [running]> from DB
[2024-10-16T16:07:27.490+0000] {job.py:213} DEBUG - [heartbeat]
[2024-10-16T16:07:32.531+0000] {taskinstance.py:789} DEBUG - Refreshing TaskInstance <TaskInstance: btcusdt_data_ingestion.ingest_btcusdt manual__2024-10-16T16:03:13.878911+00:00 [running]> from DB
[2024-10-16T16:07:32.549+0000] {job.py:213} DEBUG - [heartbeat]
[2024-10-16T16:07:37.579+0000] {taskinstance.py:789} DEBUG - Refreshing TaskInstance <TaskInstance: btcusdt_data_ingestion.ingest_btcusdt manual__2024-10-16T16:03:13.878911+00:00 [running]> from DB
[2024-10-16T16:07:37.591+0000] {job.py:213} DEBUG - [heartbeat]
[2024-10-16T16:07:42.626+0000] {taskinstance.py:789} DEBUG - Refreshing TaskInstance <TaskInstance: btcusdt_data_ingestion.ingest_btcusdt manual__2024-10-16T16:03:13.878911+00:00 [running]> from DB
[2024-10-16T16:07:42.638+0000] {job.py:213} DEBUG - [heartbeat]
[2024-10-16T16:07:47.685+0000] {taskinstance.py:789} DEBUG - Refreshing TaskInstance <TaskInstance: btcusdt_data_ingestion.ingest_btcusdt manual__2024-10-16T16:03:13.878911+00:00 [running]> from DB
[2024-10-16T16:07:47.699+0000] {job.py:213} DEBUG - [heartbeat]
[2024-10-16T16:07:52.730+0000] {taskinstance.py:789} DEBUG - Refreshing TaskInstance <TaskInstance: btcusdt_data_ingestion.ingest_btcusdt manual__2024-10-16T16:03:13.878911+00:00 [running]> from DB
[2024-10-16T16:07:52.741+0000] {job.py:213} DEBUG - [heartbeat]
[2024-10-16T16:07:57.771+0000] {taskinstance.py:789} DEBUG - Refreshing TaskInstance <TaskInstance: btcusdt_data_ingestion.ingest_btcusdt manual__2024-10-16T16:03:13.878911+00:00 [running]> from DB
[2024-10-16T16:07:57.783+0000] {job.py:213} DEBUG - [heartbeat]
[2024-10-16T16:08:02.812+0000] {taskinstance.py:789} DEBUG - Refreshing TaskInstance <TaskInstance: btcusdt_data_ingestion.ingest_btcusdt manual__2024-10-16T16:03:13.878911+00:00 [running]> from DB
[2024-10-16T16:08:02.825+0000] {job.py:213} DEBUG - [heartbeat]
[2024-10-16T16:08:07.855+0000] {taskinstance.py:789} DEBUG - Refreshing TaskInstance <TaskInstance: btcusdt_data_ingestion.ingest_btcusdt manual__2024-10-16T16:03:13.878911+00:00 [running]> from DB
[2024-10-16T16:08:07.868+0000] {job.py:213} DEBUG - [heartbeat]
[2024-10-16T16:08:12.899+0000] {taskinstance.py:789} DEBUG - Refreshing TaskInstance <TaskInstance: btcusdt_data_ingestion.ingest_btcusdt manual__2024-10-16T16:03:13.878911+00:00 [running]> from DB
[2024-10-16T16:08:12.914+0000] {job.py:213} DEBUG - [heartbeat]
[2024-10-16T16:08:17.947+0000] {taskinstance.py:789} DEBUG - Refreshing TaskInstance <TaskInstance: btcusdt_data_ingestion.ingest_btcusdt manual__2024-10-16T16:03:13.878911+00:00 [running]> from DB
[2024-10-16T16:08:17.960+0000] {job.py:213} DEBUG - [heartbeat]
[2024-10-16T16:08:22.990+0000] {taskinstance.py:789} DEBUG - Refreshing TaskInstance <TaskInstance: btcusdt_data_ingestion.ingest_btcusdt manual__2024-10-16T16:03:13.878911+00:00 [running]> from DB
[2024-10-16T16:08:23.002+0000] {job.py:213} DEBUG - [heartbeat]
[2024-10-16T16:08:28.035+0000] {taskinstance.py:789} DEBUG - Refreshing TaskInstance <TaskInstance: btcusdt_data_ingestion.ingest_btcusdt manual__2024-10-16T16:03:13.878911+00:00 [running]> from DB
[2024-10-16T16:08:28.047+0000] {job.py:213} DEBUG - [heartbeat]
[2024-10-16T16:08:33.075+0000] {taskinstance.py:789} DEBUG - Refreshing TaskInstance <TaskInstance: btcusdt_data_ingestion.ingest_btcusdt manual__2024-10-16T16:03:13.878911+00:00 [running]> from DB
[2024-10-16T16:08:33.086+0000] {job.py:213} DEBUG - [heartbeat]
[2024-10-16T16:08:38.123+0000] {taskinstance.py:789} DEBUG - Refreshing TaskInstance <TaskInstance: btcusdt_data_ingestion.ingest_btcusdt manual__2024-10-16T16:03:13.878911+00:00 [running]> from DB
[2024-10-16T16:08:38.140+0000] {job.py:213} DEBUG - [heartbeat]
[2024-10-16T16:08:43.175+0000] {taskinstance.py:789} DEBUG - Refreshing TaskInstance <TaskInstance: btcusdt_data_ingestion.ingest_btcusdt manual__2024-10-16T16:03:13.878911+00:00 [running]> from DB
[2024-10-16T16:08:43.186+0000] {job.py:213} DEBUG - [heartbeat]
[2024-10-16T16:08:48.218+0000] {taskinstance.py:789} DEBUG - Refreshing TaskInstance <TaskInstance: btcusdt_data_ingestion.ingest_btcusdt manual__2024-10-16T16:03:13.878911+00:00 [running]> from DB
[2024-10-16T16:08:48.234+0000] {job.py:213} DEBUG - [heartbeat]
[2024-10-16T16:08:53.264+0000] {taskinstance.py:789} DEBUG - Refreshing TaskInstance <TaskInstance: btcusdt_data_ingestion.ingest_btcusdt manual__2024-10-16T16:03:13.878911+00:00 [running]> from DB
[2024-10-16T16:08:53.281+0000] {job.py:213} DEBUG - [heartbeat]
[2024-10-16T16:08:58.323+0000] {taskinstance.py:789} DEBUG - Refreshing TaskInstance <TaskInstance: btcusdt_data_ingestion.ingest_btcusdt manual__2024-10-16T16:03:13.878911+00:00 [running]> from DB
[2024-10-16T16:08:58.336+0000] {job.py:213} DEBUG - [heartbeat]
[2024-10-16T16:09:03.368+0000] {taskinstance.py:789} DEBUG - Refreshing TaskInstance <TaskInstance: btcusdt_data_ingestion.ingest_btcusdt manual__2024-10-16T16:03:13.878911+00:00 [running]> from DB
[2024-10-16T16:09:03.380+0000] {job.py:213} DEBUG - [heartbeat]
[2024-10-16T16:09:08.408+0000] {taskinstance.py:789} DEBUG - Refreshing TaskInstance <TaskInstance: btcusdt_data_ingestion.ingest_btcusdt manual__2024-10-16T16:03:13.878911+00:00 [running]> from DB
[2024-10-16T16:09:08.420+0000] {job.py:213} DEBUG - [heartbeat]
[2024-10-16T16:09:13.467+0000] {taskinstance.py:789} DEBUG - Refreshing TaskInstance <TaskInstance: btcusdt_data_ingestion.ingest_btcusdt manual__2024-10-16T16:03:13.878911+00:00 [running]> from DB
[2024-10-16T16:09:13.481+0000] {job.py:213} DEBUG - [heartbeat]
[2024-10-16T16:09:18.530+0000] {taskinstance.py:789} DEBUG - Refreshing TaskInstance <TaskInstance: btcusdt_data_ingestion.ingest_btcusdt manual__2024-10-16T16:03:13.878911+00:00 [running]> from DB
[2024-10-16T16:09:18.552+0000] {job.py:213} DEBUG - [heartbeat]
[2024-10-16T16:09:23.584+0000] {taskinstance.py:789} DEBUG - Refreshing TaskInstance <TaskInstance: btcusdt_data_ingestion.ingest_btcusdt manual__2024-10-16T16:03:13.878911+00:00 [running]> from DB
[2024-10-16T16:09:23.598+0000] {job.py:213} DEBUG - [heartbeat]
[2024-10-16T16:09:27.469+0000] {python.py:183} INFO - Done. Returned value was: None
[2024-10-16T16:09:27.472+0000] {__init__.py:75} DEBUG - Lineage called with inlets: [], outlets: []
[2024-10-16T16:09:27.472+0000] {taskinstance.py:789} DEBUG - Refreshing TaskInstance <TaskInstance: btcusdt_data_ingestion.ingest_btcusdt manual__2024-10-16T16:03:13.878911+00:00 [running]> from DB
[2024-10-16T16:09:27.487+0000] {taskinstance.py:1356} DEBUG - Clearing next_method and next_kwargs.
[2024-10-16T16:09:27.488+0000] {taskinstance.py:1345} INFO - Marking task as SUCCESS. dag_id=btcusdt_data_ingestion, task_id=ingest_btcusdt, execution_date=20241016T160313, start_date=20241016T160320, end_date=20241016T160927
[2024-10-16T16:09:27.488+0000] {taskinstance.py:2305} DEBUG - Task Duration set to 367.394469
[2024-10-16T16:09:27.676+0000] {cli_action_loggers.py:83} DEBUG - Calling callbacks: []
[2024-10-16T16:09:27.714+0000] {local_task_job_runner.py:225} INFO - Task exited with return code 0
[2024-10-16T16:09:27.742+0000] {dagrun.py:697} DEBUG - number of tis tasks for <DagRun btcusdt_data_ingestion @ 2024-10-16 16:03:13.878911+00:00: manual__2024-10-16T16:03:13.878911+00:00, state:running, queued_at: 2024-10-16 16:03:13.894941+00:00. externally triggered: True>: 0 task(s)
[2024-10-16T16:09:27.742+0000] {taskinstance.py:2651} INFO - 0 downstream tasks scheduled from follow-on schedule check
