[2024-10-15T23:03:32.620+0000] {taskinstance.py:1037} DEBUG - previous_execution_date was called
[2024-10-15T23:03:32.645+0000] {__init__.py:51} DEBUG - Loading core task runner: StandardTaskRunner
[2024-10-15T23:03:32.661+0000] {taskinstance.py:1037} DEBUG - previous_execution_date was called
[2024-10-15T23:03:32.669+0000] {base_task_runner.py:68} DEBUG - Planning to run as the  user
[2024-10-15T23:03:32.672+0000] {taskinstance.py:789} DEBUG - Refreshing TaskInstance <TaskInstance: run_dbt_models.generate_dbt_docs manual__2024-10-15T23:03:31.498100+00:00 [queued]> from DB
[2024-10-15T23:03:32.699+0000] {taskinstance.py:1112} DEBUG - <TaskInstance: run_dbt_models.generate_dbt_docs manual__2024-10-15T23:03:31.498100+00:00 [queued]> dependency 'Previous Dagrun State' PASSED: True, This task instance was the first task instance for its task.
[2024-10-15T23:03:32.705+0000] {taskinstance.py:1112} DEBUG - <TaskInstance: run_dbt_models.generate_dbt_docs manual__2024-10-15T23:03:31.498100+00:00 [queued]> dependency 'Trigger Rule' PASSED: True, The task instance did not have any upstream tasks.
[2024-10-15T23:03:32.705+0000] {taskinstance.py:1112} DEBUG - <TaskInstance: run_dbt_models.generate_dbt_docs manual__2024-10-15T23:03:31.498100+00:00 [queued]> dependency 'Task Instance Not Running' PASSED: True, Task is not in running state.
[2024-10-15T23:03:32.705+0000] {taskinstance.py:1112} DEBUG - <TaskInstance: run_dbt_models.generate_dbt_docs manual__2024-10-15T23:03:31.498100+00:00 [queued]> dependency 'Task Instance State' PASSED: True, Task state queued was valid.
[2024-10-15T23:03:32.706+0000] {taskinstance.py:1112} DEBUG - <TaskInstance: run_dbt_models.generate_dbt_docs manual__2024-10-15T23:03:31.498100+00:00 [queued]> dependency 'Not In Retry Period' PASSED: True, The task instance was not marked for retrying.
[2024-10-15T23:03:32.706+0000] {taskinstance.py:1103} INFO - Dependencies all met for dep_context=non-requeueable deps ti=<TaskInstance: run_dbt_models.generate_dbt_docs manual__2024-10-15T23:03:31.498100+00:00 [queued]>
[2024-10-15T23:03:32.708+0000] {taskinstance.py:1112} DEBUG - <TaskInstance: run_dbt_models.generate_dbt_docs manual__2024-10-15T23:03:31.498100+00:00 [queued]> dependency 'Previous Dagrun State' PASSED: True, This task instance was the first task instance for its task.
[2024-10-15T23:03:32.713+0000] {taskinstance.py:1112} DEBUG - <TaskInstance: run_dbt_models.generate_dbt_docs manual__2024-10-15T23:03:31.498100+00:00 [queued]> dependency 'Task Concurrency' PASSED: True, Task concurrency is not set.
[2024-10-15T23:03:32.713+0000] {taskinstance.py:1112} DEBUG - <TaskInstance: run_dbt_models.generate_dbt_docs manual__2024-10-15T23:03:31.498100+00:00 [queued]> dependency 'Trigger Rule' PASSED: True, The task instance did not have any upstream tasks.
[2024-10-15T23:03:32.718+0000] {taskinstance.py:1112} DEBUG - <TaskInstance: run_dbt_models.generate_dbt_docs manual__2024-10-15T23:03:31.498100+00:00 [queued]> dependency 'Pool Slots Available' PASSED: True, There are enough open slots in default_pool to execute the task
[2024-10-15T23:03:32.719+0000] {taskinstance.py:1112} DEBUG - <TaskInstance: run_dbt_models.generate_dbt_docs manual__2024-10-15T23:03:31.498100+00:00 [queued]> dependency 'Not In Retry Period' PASSED: True, The task instance was not marked for retrying.
[2024-10-15T23:03:32.719+0000] {taskinstance.py:1103} INFO - Dependencies all met for dep_context=requeueable deps ti=<TaskInstance: run_dbt_models.generate_dbt_docs manual__2024-10-15T23:03:31.498100+00:00 [queued]>
[2024-10-15T23:03:32.719+0000] {taskinstance.py:1308} INFO - Starting attempt 1 of 2
[2024-10-15T23:03:32.732+0000] {taskinstance.py:1327} INFO - Executing <Task(BashOperator): generate_dbt_docs> on 2024-10-15 23:03:31.498100+00:00
[2024-10-15T23:03:32.736+0000] {standard_task_runner.py:57} INFO - Started process 534 to run task
[2024-10-15T23:03:32.739+0000] {standard_task_runner.py:84} INFO - Running: ['airflow', 'tasks', 'run', 'run_dbt_models', 'generate_dbt_docs', 'manual__2024-10-15T23:03:31.498100+00:00', '--job-id', '30', '--raw', '--subdir', 'DAGS_FOLDER/run_dbt_models.py', '--cfg-path', '/tmp/tmpu1qj8yku']
[2024-10-15T23:03:32.740+0000] {standard_task_runner.py:85} INFO - Job 30: Subtask generate_dbt_docs
[2024-10-15T23:03:32.741+0000] {cli_action_loggers.py:65} DEBUG - Calling callbacks: [<function default_action_log at 0x7f7b0c199c10>]
[2024-10-15T23:03:32.798+0000] {taskinstance.py:1037} DEBUG - previous_execution_date was called
[2024-10-15T23:03:32.806+0000] {task_command.py:410} INFO - Running <TaskInstance: run_dbt_models.generate_dbt_docs manual__2024-10-15T23:03:31.498100+00:00 [running]> on host d867809303f2
[2024-10-15T23:03:32.807+0000] {settings.py:353} DEBUG - Disposing DB connection pool (PID 534)
[2024-10-15T23:03:32.808+0000] {settings.py:212} DEBUG - Setting up DB connection pool (PID 534)
[2024-10-15T23:03:32.809+0000] {settings.py:285} DEBUG - settings.prepare_engine_args(): Using NullPool
[2024-10-15T23:03:32.811+0000] {taskinstance.py:789} DEBUG - Refreshing TaskInstance <TaskInstance: run_dbt_models.generate_dbt_docs manual__2024-10-15T23:03:31.498100+00:00 [running]> from DB
[2024-10-15T23:03:32.873+0000] {taskinstance.py:1037} DEBUG - previous_execution_date was called
[2024-10-15T23:03:32.884+0000] {taskinstance.py:868} DEBUG - Clearing XCom data
[2024-10-15T23:03:32.925+0000] {retries.py:80} DEBUG - Running RenderedTaskInstanceFields._do_delete_old_records with retries. Try 1 of 3
[2024-10-15T23:03:32.942+0000] {taskinstance.py:1545} INFO - Exporting env vars: AIRFLOW_CTX_DAG_EMAIL='airflow@example.com' AIRFLOW_CTX_DAG_OWNER='airflow' AIRFLOW_CTX_DAG_ID='run_dbt_models' AIRFLOW_CTX_TASK_ID='generate_dbt_docs' AIRFLOW_CTX_EXECUTION_DATE='2024-10-15T23:03:31.498100+00:00' AIRFLOW_CTX_TRY_NUMBER='1' AIRFLOW_CTX_DAG_RUN_ID='manual__2024-10-15T23:03:31.498100+00:00'
[2024-10-15T23:03:32.943+0000] {__init__.py:117} DEBUG - Preparing lineage inlets and outlets
[2024-10-15T23:03:32.943+0000] {__init__.py:155} DEBUG - inlets: [], outlets: []
[2024-10-15T23:03:32.944+0000] {bash.py:186} DEBUG - Exporting env vars: AIRFLOW_CTX_DAG_EMAIL='airflow@example.com' AIRFLOW_CTX_DAG_OWNER='airflow' AIRFLOW_CTX_DAG_ID='run_dbt_models' AIRFLOW_CTX_TASK_ID='generate_dbt_docs' AIRFLOW_CTX_EXECUTION_DATE='2024-10-15T23:03:31.498100+00:00' AIRFLOW_CTX_TRY_NUMBER='1' AIRFLOW_CTX_DAG_RUN_ID='manual__2024-10-15T23:03:31.498100+00:00'
[2024-10-15T23:03:32.944+0000] {subprocess.py:63} INFO - Tmp dir root location: 
 /tmp
[2024-10-15T23:03:32.945+0000] {subprocess.py:75} INFO - Running command: ['/bin/bash', '-c', 'dbt docs generate --profiles-dir /opt/airflow/dbt --project-dir /opt/airflow/dbt']
[2024-10-15T23:03:32.953+0000] {subprocess.py:86} INFO - Output:
[2024-10-15T23:03:35.101+0000] {subprocess.py:93} INFO - [0m23:03:35  Running with dbt=1.8.7
[2024-10-15T23:03:35.383+0000] {subprocess.py:93} INFO - [0m23:03:35  Registered adapter: ***=1.8.2
[2024-10-15T23:03:36.042+0000] {subprocess.py:93} INFO - [0m23:03:36  Found 1 model, 1 source, 540 macros
[2024-10-15T23:03:36.045+0000] {subprocess.py:93} INFO - [0m23:03:36
[2024-10-15T23:03:36.137+0000] {subprocess.py:93} INFO - [0m23:03:36  Concurrency: 4 threads (target='dev')
[2024-10-15T23:03:36.138+0000] {subprocess.py:93} INFO - [0m23:03:36
[2024-10-15T23:03:36.338+0000] {subprocess.py:93} INFO - [0m23:03:36  Building catalog
[2024-10-15T23:03:36.444+0000] {subprocess.py:93} INFO - [0m23:03:36  Catalog written to /opt/airflow/dbt/target/catalog.json
[2024-10-15T23:03:37.233+0000] {subprocess.py:97} INFO - Command exited with return code 0
[2024-10-15T23:03:37.261+0000] {__init__.py:75} DEBUG - Lineage called with inlets: [], outlets: []
[2024-10-15T23:03:37.261+0000] {taskinstance.py:789} DEBUG - Refreshing TaskInstance <TaskInstance: run_dbt_models.generate_dbt_docs manual__2024-10-15T23:03:31.498100+00:00 [running]> from DB
[2024-10-15T23:03:37.275+0000] {taskinstance.py:1356} DEBUG - Clearing next_method and next_kwargs.
[2024-10-15T23:03:37.276+0000] {taskinstance.py:1345} INFO - Marking task as SUCCESS. dag_id=run_dbt_models, task_id=generate_dbt_docs, execution_date=20241015T230331, start_date=20241015T230332, end_date=20241015T230337
[2024-10-15T23:03:37.276+0000] {taskinstance.py:2305} DEBUG - Task Duration set to 4.569432
[2024-10-15T23:03:37.290+0000] {cli_action_loggers.py:83} DEBUG - Calling callbacks: []
[2024-10-15T23:03:37.306+0000] {local_task_job_runner.py:225} INFO - Task exited with return code 0
[2024-10-15T23:03:37.361+0000] {dagrun.py:697} DEBUG - number of tis tasks for <DagRun run_dbt_models @ 2024-10-15 23:03:31.498100+00:00: manual__2024-10-15T23:03:31.498100+00:00, state:running, queued_at: 2024-10-15 23:03:31.510882+00:00. externally triggered: True>: 0 task(s)
[2024-10-15T23:03:37.361+0000] {taskinstance.py:2651} INFO - 0 downstream tasks scheduled from follow-on schedule check
