[2024-10-16T19:20:03.691+0000] {taskinstance.py:1037} DEBUG - previous_execution_date was called
[2024-10-16T19:20:03.714+0000] {__init__.py:51} DEBUG - Loading core task runner: StandardTaskRunner
[2024-10-16T19:20:03.730+0000] {taskinstance.py:1037} DEBUG - previous_execution_date was called
[2024-10-16T19:20:03.737+0000] {base_task_runner.py:68} DEBUG - Planning to run as the  user
[2024-10-16T19:20:03.740+0000] {taskinstance.py:789} DEBUG - Refreshing TaskInstance <TaskInstance: run_dbt_models.model.dbt_btc_transform.stg_kaggle__btcusdt manual__2024-10-16T19:20:01.778538+00:00 [queued]> from DB
[2024-10-16T19:20:03.761+0000] {taskinstance.py:1112} DEBUG - <TaskInstance: run_dbt_models.model.dbt_btc_transform.stg_kaggle__btcusdt manual__2024-10-16T19:20:01.778538+00:00 [queued]> dependency 'Task Instance State' PASSED: True, Task state queued was valid.
[2024-10-16T19:20:03.766+0000] {taskinstance.py:1112} DEBUG - <TaskInstance: run_dbt_models.model.dbt_btc_transform.stg_kaggle__btcusdt manual__2024-10-16T19:20:01.778538+00:00 [queued]> dependency 'Previous Dagrun State' PASSED: True, This task instance was the first task instance for its task.
[2024-10-16T19:20:03.766+0000] {taskinstance.py:1112} DEBUG - <TaskInstance: run_dbt_models.model.dbt_btc_transform.stg_kaggle__btcusdt manual__2024-10-16T19:20:01.778538+00:00 [queued]> dependency 'Task Instance Not Running' PASSED: True, Task is not in running state.
[2024-10-16T19:20:03.777+0000] {taskinstance.py:1112} DEBUG - <TaskInstance: run_dbt_models.model.dbt_btc_transform.stg_kaggle__btcusdt manual__2024-10-16T19:20:01.778538+00:00 [queued]> dependency 'Not In Retry Period' PASSED: True, The task instance was not marked for retrying.
[2024-10-16T19:20:03.777+0000] {taskinstance.py:1103} INFO - Dependencies all met for dep_context=non-requeueable deps ti=<TaskInstance: run_dbt_models.model.dbt_btc_transform.stg_kaggle__btcusdt manual__2024-10-16T19:20:01.778538+00:00 [queued]>
[2024-10-16T19:20:03.777+0000] {taskinstance.py:1112} DEBUG - <TaskInstance: run_dbt_models.model.dbt_btc_transform.stg_kaggle__btcusdt manual__2024-10-16T19:20:01.778538+00:00 [queued]> dependency 'Task Concurrency' PASSED: True, Task concurrency is not set.
[2024-10-16T19:20:03.779+0000] {taskinstance.py:1112} DEBUG - <TaskInstance: run_dbt_models.model.dbt_btc_transform.stg_kaggle__btcusdt manual__2024-10-16T19:20:01.778538+00:00 [queued]> dependency 'Previous Dagrun State' PASSED: True, This task instance was the first task instance for its task.
[2024-10-16T19:20:03.784+0000] {taskinstance.py:1112} DEBUG - <TaskInstance: run_dbt_models.model.dbt_btc_transform.stg_kaggle__btcusdt manual__2024-10-16T19:20:01.778538+00:00 [queued]> dependency 'Not In Retry Period' PASSED: True, The task instance was not marked for retrying.
[2024-10-16T19:20:03.788+0000] {taskinstance.py:1112} DEBUG - <TaskInstance: run_dbt_models.model.dbt_btc_transform.stg_kaggle__btcusdt manual__2024-10-16T19:20:01.778538+00:00 [queued]> dependency 'Pool Slots Available' PASSED: True, There are enough open slots in default_pool to execute the task
[2024-10-16T19:20:03.789+0000] {taskinstance.py:1103} INFO - Dependencies all met for dep_context=requeueable deps ti=<TaskInstance: run_dbt_models.model.dbt_btc_transform.stg_kaggle__btcusdt manual__2024-10-16T19:20:01.778538+00:00 [queued]>
[2024-10-16T19:20:03.789+0000] {taskinstance.py:1308} INFO - Starting attempt 1 of 2
[2024-10-16T19:20:03.800+0000] {taskinstance.py:1327} INFO - Executing <Task(BashOperator): model.dbt_btc_transform.stg_kaggle__btcusdt> on 2024-10-16 19:20:01.778538+00:00
[2024-10-16T19:20:03.806+0000] {standard_task_runner.py:57} INFO - Started process 2545 to run task
[2024-10-16T19:20:03.810+0000] {standard_task_runner.py:84} INFO - Running: ['airflow', 'tasks', 'run', 'run_dbt_models', 'model.dbt_btc_transform.stg_kaggle__btcusdt', 'manual__2024-10-16T19:20:01.778538+00:00', '--job-id', '105', '--raw', '--subdir', 'DAGS_FOLDER/run_dbt_models.py', '--cfg-path', '/tmp/tmpvlkfhio1']
[2024-10-16T19:20:03.810+0000] {standard_task_runner.py:85} INFO - Job 105: Subtask model.dbt_btc_transform.stg_kaggle__btcusdt
[2024-10-16T19:20:03.811+0000] {cli_action_loggers.py:65} DEBUG - Calling callbacks: [<function default_action_log at 0x7f7ca9505550>]
[2024-10-16T19:20:03.868+0000] {taskinstance.py:1037} DEBUG - previous_execution_date was called
[2024-10-16T19:20:03.875+0000] {task_command.py:410} INFO - Running <TaskInstance: run_dbt_models.model.dbt_btc_transform.stg_kaggle__btcusdt manual__2024-10-16T19:20:01.778538+00:00 [running]> on host 888d2c584607
[2024-10-16T19:20:03.875+0000] {settings.py:353} DEBUG - Disposing DB connection pool (PID 2545)
[2024-10-16T19:20:03.876+0000] {settings.py:212} DEBUG - Setting up DB connection pool (PID 2545)
[2024-10-16T19:20:03.877+0000] {settings.py:285} DEBUG - settings.prepare_engine_args(): Using NullPool
[2024-10-16T19:20:03.879+0000] {taskinstance.py:789} DEBUG - Refreshing TaskInstance <TaskInstance: run_dbt_models.model.dbt_btc_transform.stg_kaggle__btcusdt manual__2024-10-16T19:20:01.778538+00:00 [running]> from DB
[2024-10-16T19:20:03.923+0000] {taskinstance.py:1037} DEBUG - previous_execution_date was called
[2024-10-16T19:20:03.932+0000] {taskinstance.py:868} DEBUG - Clearing XCom data
[2024-10-16T19:20:03.966+0000] {retries.py:80} DEBUG - Running RenderedTaskInstanceFields._do_delete_old_records with retries. Try 1 of 3
[2024-10-16T19:20:03.983+0000] {taskinstance.py:1545} INFO - Exporting env vars: AIRFLOW_CTX_DAG_EMAIL='airflow@example.com' AIRFLOW_CTX_DAG_OWNER='airflow' AIRFLOW_CTX_DAG_ID='run_dbt_models' AIRFLOW_CTX_TASK_ID='model.dbt_btc_transform.stg_kaggle__btcusdt' AIRFLOW_CTX_EXECUTION_DATE='2024-10-16T19:20:01.778538+00:00' AIRFLOW_CTX_TRY_NUMBER='1' AIRFLOW_CTX_DAG_RUN_ID='manual__2024-10-16T19:20:01.778538+00:00'
[2024-10-16T19:20:03.983+0000] {__init__.py:117} DEBUG - Preparing lineage inlets and outlets
[2024-10-16T19:20:03.984+0000] {__init__.py:155} DEBUG - inlets: [], outlets: []
[2024-10-16T19:20:03.984+0000] {bash.py:186} DEBUG - Exporting env vars: AIRFLOW_CTX_DAG_EMAIL='airflow@example.com' AIRFLOW_CTX_DAG_OWNER='airflow' AIRFLOW_CTX_DAG_ID='run_dbt_models' AIRFLOW_CTX_TASK_ID='model.dbt_btc_transform.stg_kaggle__btcusdt' AIRFLOW_CTX_EXECUTION_DATE='2024-10-16T19:20:01.778538+00:00' AIRFLOW_CTX_TRY_NUMBER='1' AIRFLOW_CTX_DAG_RUN_ID='manual__2024-10-16T19:20:01.778538+00:00'
[2024-10-16T19:20:03.985+0000] {subprocess.py:63} INFO - Tmp dir root location: 
 /tmp
[2024-10-16T19:20:03.986+0000] {subprocess.py:75} INFO - Running command: ['/bin/bash', '-c', '\n            export DBT_SCHEMA=analytics &&\n            cd /opt/airflow/dbt &&\n            /home/airflow/.local/bin/dbt --no-write-json run --target dev --models stg_kaggle__btcusdt\n            ']
[2024-10-16T19:20:03.994+0000] {subprocess.py:86} INFO - Output:
[2024-10-16T19:20:06.211+0000] {subprocess.py:93} INFO - [0m19:20:06  Running with dbt=1.8.7
[2024-10-16T19:20:06.524+0000] {subprocess.py:93} INFO - [0m19:20:06  Registered adapter: ***=1.8.2
[2024-10-16T19:20:06.745+0000] {subprocess.py:93} INFO - [0m19:20:06  Unable to do partial parsing because of a version mismatch
[2024-10-16T19:20:08.841+0000] {taskinstance.py:789} DEBUG - Refreshing TaskInstance <TaskInstance: run_dbt_models.model.dbt_btc_transform.stg_kaggle__btcusdt manual__2024-10-16T19:20:01.778538+00:00 [running]> from DB
[2024-10-16T19:20:08.855+0000] {job.py:213} DEBUG - [heartbeat]
[2024-10-16T19:20:08.904+0000] {subprocess.py:93} INFO - [0m19:20:08  [[33mWARNING[0m]: Deprecated functionality
[2024-10-16T19:20:08.904+0000] {subprocess.py:93} INFO - The `tests` config has been renamed to `data_tests`. Please see
[2024-10-16T19:20:08.904+0000] {subprocess.py:93} INFO - https://docs.getdbt.com/docs/build/data-tests#new-data_tests-syntax for more
[2024-10-16T19:20:08.905+0000] {subprocess.py:93} INFO - information.
[2024-10-16T19:20:09.361+0000] {subprocess.py:93} INFO - [0m19:20:09  Found 2 models, 25 data tests, 1 source, 540 macros
[2024-10-16T19:20:09.365+0000] {subprocess.py:93} INFO - [0m19:20:09
[2024-10-16T19:20:09.489+0000] {subprocess.py:93} INFO - [0m19:20:09  Concurrency: 4 threads (target='dev')
[2024-10-16T19:20:09.490+0000] {subprocess.py:93} INFO - [0m19:20:09
[2024-10-16T19:20:09.500+0000] {subprocess.py:93} INFO - [0m19:20:09  1 of 1 START sql table model analytics.stg_kaggle__btcusdt ..................... [RUN]
[2024-10-16T19:20:12.010+0000] {subprocess.py:93} INFO - [0m19:20:12  1 of 1 OK created sql table model analytics.stg_kaggle__btcusdt ................ [[32mSELECT 999963[0m in 2.51s]
[2024-10-16T19:20:12.029+0000] {subprocess.py:93} INFO - [0m19:20:12
[2024-10-16T19:20:12.030+0000] {subprocess.py:93} INFO - [0m19:20:12  Finished running 1 table model in 0 hours 0 minutes and 2.66 seconds (2.66s).
[2024-10-16T19:20:12.032+0000] {subprocess.py:93} INFO - [0m19:20:12
[2024-10-16T19:20:12.033+0000] {subprocess.py:93} INFO - [0m19:20:12  [32mCompleted successfully[0m
[2024-10-16T19:20:12.034+0000] {subprocess.py:93} INFO - [0m19:20:12
[2024-10-16T19:20:12.035+0000] {subprocess.py:93} INFO - [0m19:20:12  Done. PASS=1 WARN=0 ERROR=0 SKIP=0 TOTAL=1
[2024-10-16T19:20:12.771+0000] {subprocess.py:97} INFO - Command exited with return code 0
[2024-10-16T19:20:12.802+0000] {__init__.py:75} DEBUG - Lineage called with inlets: [], outlets: []
[2024-10-16T19:20:12.803+0000] {taskinstance.py:789} DEBUG - Refreshing TaskInstance <TaskInstance: run_dbt_models.model.dbt_btc_transform.stg_kaggle__btcusdt manual__2024-10-16T19:20:01.778538+00:00 [running]> from DB
[2024-10-16T19:20:12.817+0000] {taskinstance.py:1356} DEBUG - Clearing next_method and next_kwargs.
[2024-10-16T19:20:12.818+0000] {taskinstance.py:1345} INFO - Marking task as SUCCESS. dag_id=run_dbt_models, task_id=model.dbt_btc_transform.stg_kaggle__btcusdt, execution_date=20241016T192001, start_date=20241016T192003, end_date=20241016T192012
[2024-10-16T19:20:12.818+0000] {taskinstance.py:2305} DEBUG - Task Duration set to 9.04036
[2024-10-16T19:20:12.833+0000] {cli_action_loggers.py:83} DEBUG - Calling callbacks: []
[2024-10-16T19:20:12.850+0000] {local_task_job_runner.py:225} INFO - Task exited with return code 0
[2024-10-16T19:20:12.908+0000] {dagrun.py:697} DEBUG - number of tis tasks for <DagRun run_dbt_models @ 2024-10-16 19:20:01.778538+00:00: manual__2024-10-16T19:20:01.778538+00:00, state:running, queued_at: 2024-10-16 19:20:01.793572+00:00. externally triggered: True>: 6 task(s)
[2024-10-16T19:20:12.909+0000] {dagrun.py:718} DEBUG - number of scheduleable tasks for <DagRun run_dbt_models @ 2024-10-16 19:20:01.778538+00:00: manual__2024-10-16T19:20:01.778538+00:00, state:running, queued_at: 2024-10-16 19:20:01.793572+00:00. externally triggered: True>: 4 task(s)
[2024-10-16T19:20:12.911+0000] {taskinstance.py:1112} DEBUG - <TaskInstance: run_dbt_models.generate_dbt_docs manual__2024-10-16T19:20:01.778538+00:00 [None]> dependency 'Previous Dagrun State' PASSED: True, This task instance was the first task instance for its task.
[2024-10-16T19:20:12.911+0000] {taskinstance.py:1112} DEBUG - <TaskInstance: run_dbt_models.generate_dbt_docs manual__2024-10-16T19:20:01.778538+00:00 [None]> dependency 'Not In Retry Period' PASSED: True, The task instance was not marked for retrying.
[2024-10-16T19:20:12.911+0000] {taskinstance.py:1112} DEBUG - <TaskInstance: run_dbt_models.generate_dbt_docs manual__2024-10-16T19:20:01.778538+00:00 [None]> dependency 'Trigger Rule' PASSED: False, Task's trigger rule 'all_success' requires all upstream tasks to have succeeded, but found 3 non-success(es). upstream_states=_UpstreamTIStates(success=1, skipped=0, failed=0, upstream_failed=0, removed=0, done=1), upstream_task_ids={'test.dbt_btc_transform.fct_hourly_trades', 'model.dbt_btc_transform.stg_kaggle__btcusdt', 'model.dbt_btc_transform.fct_hourly_trades', 'test.dbt_btc_transform.stg_kaggle__btcusdt'}
[2024-10-16T19:20:12.912+0000] {taskinstance.py:1093} DEBUG - Dependencies not met for <TaskInstance: run_dbt_models.generate_dbt_docs manual__2024-10-16T19:20:01.778538+00:00 [None]>, dependency 'Trigger Rule' FAILED: Task's trigger rule 'all_success' requires all upstream tasks to have succeeded, but found 3 non-success(es). upstream_states=_UpstreamTIStates(success=1, skipped=0, failed=0, upstream_failed=0, removed=0, done=1), upstream_task_ids={'test.dbt_btc_transform.fct_hourly_trades', 'model.dbt_btc_transform.stg_kaggle__btcusdt', 'model.dbt_btc_transform.fct_hourly_trades', 'test.dbt_btc_transform.stg_kaggle__btcusdt'}
[2024-10-16T19:20:12.914+0000] {taskinstance.py:1112} DEBUG - <TaskInstance: run_dbt_models.test.dbt_btc_transform.stg_kaggle__btcusdt manual__2024-10-16T19:20:01.778538+00:00 [None]> dependency 'Previous Dagrun State' PASSED: True, This task instance was the first task instance for its task.
[2024-10-16T19:20:12.914+0000] {taskinstance.py:1112} DEBUG - <TaskInstance: run_dbt_models.test.dbt_btc_transform.stg_kaggle__btcusdt manual__2024-10-16T19:20:01.778538+00:00 [None]> dependency 'Not In Retry Period' PASSED: True, The task instance was not marked for retrying.
[2024-10-16T19:20:12.917+0000] {taskinstance.py:1103} DEBUG - Dependencies all met for dep_context=None ti=<TaskInstance: run_dbt_models.test.dbt_btc_transform.stg_kaggle__btcusdt manual__2024-10-16T19:20:01.778538+00:00 [None]>
[2024-10-16T19:20:12.918+0000] {taskinstance.py:1112} DEBUG - <TaskInstance: run_dbt_models.model.dbt_btc_transform.fct_hourly_trades manual__2024-10-16T19:20:01.778538+00:00 [None]> dependency 'Previous Dagrun State' PASSED: True, This task instance was the first task instance for its task.
[2024-10-16T19:20:12.919+0000] {taskinstance.py:1112} DEBUG - <TaskInstance: run_dbt_models.model.dbt_btc_transform.fct_hourly_trades manual__2024-10-16T19:20:01.778538+00:00 [None]> dependency 'Not In Retry Period' PASSED: True, The task instance was not marked for retrying.
[2024-10-16T19:20:12.920+0000] {taskinstance.py:1103} DEBUG - Dependencies all met for dep_context=None ti=<TaskInstance: run_dbt_models.model.dbt_btc_transform.fct_hourly_trades manual__2024-10-16T19:20:01.778538+00:00 [None]>
[2024-10-16T19:20:12.922+0000] {taskinstance.py:1112} DEBUG - <TaskInstance: run_dbt_models.test.dbt_btc_transform.fct_hourly_trades manual__2024-10-16T19:20:01.778538+00:00 [None]> dependency 'Previous Dagrun State' PASSED: True, This task instance was the first task instance for its task.
[2024-10-16T19:20:12.922+0000] {taskinstance.py:1112} DEBUG - <TaskInstance: run_dbt_models.test.dbt_btc_transform.fct_hourly_trades manual__2024-10-16T19:20:01.778538+00:00 [None]> dependency 'Not In Retry Period' PASSED: True, The task instance was not marked for retrying.
[2024-10-16T19:20:12.924+0000] {taskinstance.py:1112} DEBUG - <TaskInstance: run_dbt_models.test.dbt_btc_transform.fct_hourly_trades manual__2024-10-16T19:20:01.778538+00:00 [None]> dependency 'Trigger Rule' PASSED: False, Task's trigger rule 'all_success' requires all upstream tasks to have succeeded, but found 1 non-success(es). upstream_states=_UpstreamTIStates(success=1, skipped=0, failed=0, upstream_failed=0, removed=0, done=1), upstream_task_ids={'model.dbt_btc_transform.fct_hourly_trades', 'wait_for_dbt_init'}
[2024-10-16T19:20:12.924+0000] {taskinstance.py:1093} DEBUG - Dependencies not met for <TaskInstance: run_dbt_models.test.dbt_btc_transform.fct_hourly_trades manual__2024-10-16T19:20:01.778538+00:00 [None]>, dependency 'Trigger Rule' FAILED: Task's trigger rule 'all_success' requires all upstream tasks to have succeeded, but found 1 non-success(es). upstream_states=_UpstreamTIStates(success=1, skipped=0, failed=0, upstream_failed=0, removed=0, done=1), upstream_task_ids={'model.dbt_btc_transform.fct_hourly_trades', 'wait_for_dbt_init'}
[2024-10-16T19:20:12.932+0000] {taskinstance.py:2651} INFO - 2 downstream tasks scheduled from follow-on schedule check
