[2024-10-18T18:10:48.719+0000] {taskinstance.py:1037} DEBUG - previous_execution_date was called
[2024-10-18T18:10:48.747+0000] {__init__.py:51} DEBUG - Loading core task runner: StandardTaskRunner
[2024-10-18T18:10:48.765+0000] {taskinstance.py:1037} DEBUG - previous_execution_date was called
[2024-10-18T18:10:48.774+0000] {base_task_runner.py:68} DEBUG - Planning to run as the  user
[2024-10-18T18:10:48.777+0000] {taskinstance.py:789} DEBUG - Refreshing TaskInstance <TaskInstance: btcusdt_data_ingestion.ingest_btcusdt manual__2024-10-18T18:01:05.979425+00:00 [queued]> from DB
[2024-10-18T18:10:48.804+0000] {taskinstance.py:1112} DEBUG - <TaskInstance: btcusdt_data_ingestion.ingest_btcusdt manual__2024-10-18T18:01:05.979425+00:00 [queued]> dependency 'Task Instance State' PASSED: True, Task state queued was valid.
[2024-10-18T18:10:48.804+0000] {taskinstance.py:1112} DEBUG - <TaskInstance: btcusdt_data_ingestion.ingest_btcusdt manual__2024-10-18T18:01:05.979425+00:00 [queued]> dependency 'Previous Dagrun State' PASSED: True, The task did not have depends_on_past set.
[2024-10-18T18:10:48.805+0000] {taskinstance.py:1112} DEBUG - <TaskInstance: btcusdt_data_ingestion.ingest_btcusdt manual__2024-10-18T18:01:05.979425+00:00 [queued]> dependency 'Task Instance Not Running' PASSED: True, Task is not in running state.
[2024-10-18T18:10:48.821+0000] {taskinstance.py:1112} DEBUG - <TaskInstance: btcusdt_data_ingestion.ingest_btcusdt manual__2024-10-18T18:01:05.979425+00:00 [queued]> dependency 'Not In Retry Period' PASSED: True, The task instance was not marked for retrying.
[2024-10-18T18:10:48.822+0000] {taskinstance.py:1103} INFO - Dependencies all met for dep_context=non-requeueable deps ti=<TaskInstance: btcusdt_data_ingestion.ingest_btcusdt manual__2024-10-18T18:01:05.979425+00:00 [queued]>
[2024-10-18T18:10:48.823+0000] {taskinstance.py:1112} DEBUG - <TaskInstance: btcusdt_data_ingestion.ingest_btcusdt manual__2024-10-18T18:01:05.979425+00:00 [queued]> dependency 'Task Concurrency' PASSED: True, Task concurrency is not set.
[2024-10-18T18:10:48.824+0000] {taskinstance.py:1112} DEBUG - <TaskInstance: btcusdt_data_ingestion.ingest_btcusdt manual__2024-10-18T18:01:05.979425+00:00 [queued]> dependency 'Previous Dagrun State' PASSED: True, The task did not have depends_on_past set.
[2024-10-18T18:10:48.834+0000] {taskinstance.py:1112} DEBUG - <TaskInstance: btcusdt_data_ingestion.ingest_btcusdt manual__2024-10-18T18:01:05.979425+00:00 [queued]> dependency 'Not In Retry Period' PASSED: True, The task instance was not marked for retrying.
[2024-10-18T18:10:48.848+0000] {taskinstance.py:1112} DEBUG - <TaskInstance: btcusdt_data_ingestion.ingest_btcusdt manual__2024-10-18T18:01:05.979425+00:00 [queued]> dependency 'Pool Slots Available' PASSED: True, There are enough open slots in default_pool to execute the task
[2024-10-18T18:10:48.850+0000] {taskinstance.py:1103} INFO - Dependencies all met for dep_context=requeueable deps ti=<TaskInstance: btcusdt_data_ingestion.ingest_btcusdt manual__2024-10-18T18:01:05.979425+00:00 [queued]>
[2024-10-18T18:10:48.852+0000] {taskinstance.py:1308} INFO - Starting attempt 2 of 2
[2024-10-18T18:10:48.894+0000] {taskinstance.py:1327} INFO - Executing <Task(PythonOperator): ingest_btcusdt> on 2024-10-18 18:01:05.979425+00:00
[2024-10-18T18:10:48.905+0000] {standard_task_runner.py:57} INFO - Started process 20073 to run task
[2024-10-18T18:10:48.921+0000] {standard_task_runner.py:84} INFO - Running: ['airflow', 'tasks', 'run', 'btcusdt_data_ingestion', 'ingest_btcusdt', 'manual__2024-10-18T18:01:05.979425+00:00', '--job-id', '149', '--raw', '--subdir', 'DAGS_FOLDER/ingest_btcusdt_data.py', '--cfg-path', '/tmp/tmp3sdtvyak']
[2024-10-18T18:10:48.926+0000] {standard_task_runner.py:85} INFO - Job 149: Subtask ingest_btcusdt
[2024-10-18T18:10:48.927+0000] {cli_action_loggers.py:65} DEBUG - Calling callbacks: [<function default_action_log at 0x7f7ca9505550>]
[2024-10-18T18:10:49.030+0000] {taskinstance.py:1037} DEBUG - previous_execution_date was called
[2024-10-18T18:10:49.042+0000] {task_command.py:410} INFO - Running <TaskInstance: btcusdt_data_ingestion.ingest_btcusdt manual__2024-10-18T18:01:05.979425+00:00 [running]> on host 888d2c584607
[2024-10-18T18:10:49.043+0000] {settings.py:353} DEBUG - Disposing DB connection pool (PID 20073)
[2024-10-18T18:10:49.043+0000] {settings.py:212} DEBUG - Setting up DB connection pool (PID 20073)
[2024-10-18T18:10:49.044+0000] {settings.py:285} DEBUG - settings.prepare_engine_args(): Using NullPool
[2024-10-18T18:10:49.046+0000] {taskinstance.py:789} DEBUG - Refreshing TaskInstance <TaskInstance: btcusdt_data_ingestion.ingest_btcusdt manual__2024-10-18T18:01:05.979425+00:00 [running]> from DB
[2024-10-18T18:10:49.104+0000] {taskinstance.py:1037} DEBUG - previous_execution_date was called
[2024-10-18T18:10:49.118+0000] {taskinstance.py:868} DEBUG - Clearing XCom data
[2024-10-18T18:10:49.176+0000] {retries.py:80} DEBUG - Running RenderedTaskInstanceFields._do_delete_old_records with retries. Try 1 of 3
[2024-10-18T18:10:49.203+0000] {taskinstance.py:1545} INFO - Exporting env vars: AIRFLOW_CTX_DAG_OWNER='airflow' AIRFLOW_CTX_DAG_ID='btcusdt_data_ingestion' AIRFLOW_CTX_TASK_ID='ingest_btcusdt' AIRFLOW_CTX_EXECUTION_DATE='2024-10-18T18:01:05.979425+00:00' AIRFLOW_CTX_TRY_NUMBER='2' AIRFLOW_CTX_DAG_RUN_ID='manual__2024-10-18T18:01:05.979425+00:00'
[2024-10-18T18:10:49.203+0000] {__init__.py:117} DEBUG - Preparing lineage inlets and outlets
[2024-10-18T18:10:49.204+0000] {__init__.py:155} DEBUG - inlets: [], outlets: []
[2024-10-18T18:10:53.960+0000] {taskinstance.py:789} DEBUG - Refreshing TaskInstance <TaskInstance: btcusdt_data_ingestion.ingest_btcusdt manual__2024-10-18T18:01:05.979425+00:00 [running]> from DB
[2024-10-18T18:10:53.983+0000] {job.py:213} DEBUG - [heartbeat]
[2024-10-18T18:10:59.061+0000] {taskinstance.py:789} DEBUG - Refreshing TaskInstance <TaskInstance: btcusdt_data_ingestion.ingest_btcusdt manual__2024-10-18T18:01:05.979425+00:00 [running]> from DB
[2024-10-18T18:10:59.089+0000] {job.py:213} DEBUG - [heartbeat]
[2024-10-18T18:11:04.125+0000] {taskinstance.py:789} DEBUG - Refreshing TaskInstance <TaskInstance: btcusdt_data_ingestion.ingest_btcusdt manual__2024-10-18T18:01:05.979425+00:00 [running]> from DB
[2024-10-18T18:11:04.143+0000] {job.py:213} DEBUG - [heartbeat]
[2024-10-18T18:11:09.188+0000] {taskinstance.py:789} DEBUG - Refreshing TaskInstance <TaskInstance: btcusdt_data_ingestion.ingest_btcusdt manual__2024-10-18T18:01:05.979425+00:00 [running]> from DB
[2024-10-18T18:11:09.207+0000] {job.py:213} DEBUG - [heartbeat]
[2024-10-18T18:11:14.261+0000] {taskinstance.py:789} DEBUG - Refreshing TaskInstance <TaskInstance: btcusdt_data_ingestion.ingest_btcusdt manual__2024-10-18T18:01:05.979425+00:00 [running]> from DB
[2024-10-18T18:11:14.281+0000] {job.py:213} DEBUG - [heartbeat]
[2024-10-18T18:11:19.345+0000] {taskinstance.py:789} DEBUG - Refreshing TaskInstance <TaskInstance: btcusdt_data_ingestion.ingest_btcusdt manual__2024-10-18T18:01:05.979425+00:00 [running]> from DB
[2024-10-18T18:11:19.368+0000] {job.py:213} DEBUG - [heartbeat]
[2024-10-18T18:11:24.404+0000] {taskinstance.py:789} DEBUG - Refreshing TaskInstance <TaskInstance: btcusdt_data_ingestion.ingest_btcusdt manual__2024-10-18T18:01:05.979425+00:00 [running]> from DB
[2024-10-18T18:11:24.423+0000] {job.py:213} DEBUG - [heartbeat]
[2024-10-18T18:11:29.539+0000] {taskinstance.py:789} DEBUG - Refreshing TaskInstance <TaskInstance: btcusdt_data_ingestion.ingest_btcusdt manual__2024-10-18T18:01:05.979425+00:00 [running]> from DB
[2024-10-18T18:11:29.608+0000] {job.py:213} DEBUG - [heartbeat]
[2024-10-18T18:11:34.672+0000] {taskinstance.py:789} DEBUG - Refreshing TaskInstance <TaskInstance: btcusdt_data_ingestion.ingest_btcusdt manual__2024-10-18T18:01:05.979425+00:00 [running]> from DB
[2024-10-18T18:11:34.732+0000] {job.py:213} DEBUG - [heartbeat]
[2024-10-18T18:11:39.783+0000] {taskinstance.py:789} DEBUG - Refreshing TaskInstance <TaskInstance: btcusdt_data_ingestion.ingest_btcusdt manual__2024-10-18T18:01:05.979425+00:00 [running]> from DB
[2024-10-18T18:11:39.806+0000] {job.py:213} DEBUG - [heartbeat]
[2024-10-18T18:11:44.848+0000] {taskinstance.py:789} DEBUG - Refreshing TaskInstance <TaskInstance: btcusdt_data_ingestion.ingest_btcusdt manual__2024-10-18T18:01:05.979425+00:00 [running]> from DB
[2024-10-18T18:11:44.863+0000] {job.py:213} DEBUG - [heartbeat]
[2024-10-18T18:11:49.898+0000] {taskinstance.py:789} DEBUG - Refreshing TaskInstance <TaskInstance: btcusdt_data_ingestion.ingest_btcusdt manual__2024-10-18T18:01:05.979425+00:00 [running]> from DB
[2024-10-18T18:11:49.916+0000] {job.py:213} DEBUG - [heartbeat]
[2024-10-18T18:11:54.976+0000] {taskinstance.py:789} DEBUG - Refreshing TaskInstance <TaskInstance: btcusdt_data_ingestion.ingest_btcusdt manual__2024-10-18T18:01:05.979425+00:00 [running]> from DB
[2024-10-18T18:11:55.010+0000] {job.py:213} DEBUG - [heartbeat]
[2024-10-18T18:12:00.064+0000] {taskinstance.py:789} DEBUG - Refreshing TaskInstance <TaskInstance: btcusdt_data_ingestion.ingest_btcusdt manual__2024-10-18T18:01:05.979425+00:00 [running]> from DB
[2024-10-18T18:12:00.081+0000] {job.py:213} DEBUG - [heartbeat]
[2024-10-18T18:12:05.195+0000] {taskinstance.py:789} DEBUG - Refreshing TaskInstance <TaskInstance: btcusdt_data_ingestion.ingest_btcusdt manual__2024-10-18T18:01:05.979425+00:00 [running]> from DB
[2024-10-18T18:12:05.278+0000] {job.py:213} DEBUG - [heartbeat]
[2024-10-18T18:12:10.377+0000] {taskinstance.py:789} DEBUG - Refreshing TaskInstance <TaskInstance: btcusdt_data_ingestion.ingest_btcusdt manual__2024-10-18T18:01:05.979425+00:00 [running]> from DB
[2024-10-18T18:12:10.434+0000] {job.py:213} DEBUG - [heartbeat]
[2024-10-18T18:12:15.471+0000] {taskinstance.py:789} DEBUG - Refreshing TaskInstance <TaskInstance: btcusdt_data_ingestion.ingest_btcusdt manual__2024-10-18T18:01:05.979425+00:00 [running]> from DB
[2024-10-18T18:12:15.493+0000] {job.py:213} DEBUG - [heartbeat]
[2024-10-18T18:12:20.534+0000] {taskinstance.py:789} DEBUG - Refreshing TaskInstance <TaskInstance: btcusdt_data_ingestion.ingest_btcusdt manual__2024-10-18T18:01:05.979425+00:00 [running]> from DB
[2024-10-18T18:12:20.549+0000] {job.py:213} DEBUG - [heartbeat]
[2024-10-18T18:12:25.599+0000] {taskinstance.py:789} DEBUG - Refreshing TaskInstance <TaskInstance: btcusdt_data_ingestion.ingest_btcusdt manual__2024-10-18T18:01:05.979425+00:00 [running]> from DB
[2024-10-18T18:12:25.614+0000] {job.py:213} DEBUG - [heartbeat]
[2024-10-18T18:12:30.649+0000] {taskinstance.py:789} DEBUG - Refreshing TaskInstance <TaskInstance: btcusdt_data_ingestion.ingest_btcusdt manual__2024-10-18T18:01:05.979425+00:00 [running]> from DB
[2024-10-18T18:12:30.666+0000] {job.py:213} DEBUG - [heartbeat]
[2024-10-18T18:12:35.723+0000] {taskinstance.py:789} DEBUG - Refreshing TaskInstance <TaskInstance: btcusdt_data_ingestion.ingest_btcusdt manual__2024-10-18T18:01:05.979425+00:00 [running]> from DB
[2024-10-18T18:12:35.738+0000] {job.py:213} DEBUG - [heartbeat]
[2024-10-18T18:12:40.765+0000] {taskinstance.py:789} DEBUG - Refreshing TaskInstance <TaskInstance: btcusdt_data_ingestion.ingest_btcusdt manual__2024-10-18T18:01:05.979425+00:00 [running]> from DB
[2024-10-18T18:12:40.781+0000] {job.py:213} DEBUG - [heartbeat]
[2024-10-18T18:12:45.825+0000] {taskinstance.py:789} DEBUG - Refreshing TaskInstance <TaskInstance: btcusdt_data_ingestion.ingest_btcusdt manual__2024-10-18T18:01:05.979425+00:00 [running]> from DB
[2024-10-18T18:12:45.841+0000] {job.py:213} DEBUG - [heartbeat]
[2024-10-18T18:12:50.894+0000] {taskinstance.py:789} DEBUG - Refreshing TaskInstance <TaskInstance: btcusdt_data_ingestion.ingest_btcusdt manual__2024-10-18T18:01:05.979425+00:00 [running]> from DB
[2024-10-18T18:12:50.916+0000] {job.py:213} DEBUG - [heartbeat]
[2024-10-18T18:13:12.118+0000] {taskinstance.py:789} DEBUG - Refreshing TaskInstance <TaskInstance: btcusdt_data_ingestion.ingest_btcusdt manual__2024-10-18T18:01:05.979425+00:00 [running]> from DB
[2024-10-18T18:13:12.460+0000] {job.py:213} DEBUG - [heartbeat]
[2024-10-18T18:13:12.972+0000] {local_task_job_runner.py:225} INFO - Task exited with return code Negsignal.SIGKILL
[2024-10-18T18:13:13.771+0000] {dagrun.py:697} DEBUG - number of tis tasks for <DagRun btcusdt_data_ingestion @ 2024-10-18 18:01:05.979425+00:00: manual__2024-10-18T18:01:05.979425+00:00, state:running, queued_at: 2024-10-18 18:01:06.024075+00:00. externally triggered: True>: 0 task(s)
[2024-10-18T18:13:13.783+0000] {taskinstance.py:2651} INFO - 0 downstream tasks scheduled from follow-on schedule check
