[2024-10-18T18:04:08.857+0000] {taskinstance.py:1037} DEBUG - previous_execution_date was called
[2024-10-18T18:04:08.910+0000] {__init__.py:51} DEBUG - Loading core task runner: StandardTaskRunner
[2024-10-18T18:04:08.936+0000] {taskinstance.py:1037} DEBUG - previous_execution_date was called
[2024-10-18T18:04:08.944+0000] {base_task_runner.py:68} DEBUG - Planning to run as the  user
[2024-10-18T18:04:08.957+0000] {taskinstance.py:789} DEBUG - Refreshing TaskInstance <TaskInstance: btcusdt_data_ingestion.ingest_btcusdt manual__2024-10-18T17:53:02.578860+00:00 [queued]> from DB
[2024-10-18T18:04:09.029+0000] {taskinstance.py:1112} DEBUG - <TaskInstance: btcusdt_data_ingestion.ingest_btcusdt manual__2024-10-18T17:53:02.578860+00:00 [queued]> dependency 'Task Instance State' PASSED: True, Task state queued was valid.
[2024-10-18T18:04:09.030+0000] {taskinstance.py:1112} DEBUG - <TaskInstance: btcusdt_data_ingestion.ingest_btcusdt manual__2024-10-18T17:53:02.578860+00:00 [queued]> dependency 'Previous Dagrun State' PASSED: True, The task did not have depends_on_past set.
[2024-10-18T18:04:09.031+0000] {taskinstance.py:1112} DEBUG - <TaskInstance: btcusdt_data_ingestion.ingest_btcusdt manual__2024-10-18T17:53:02.578860+00:00 [queued]> dependency 'Task Instance Not Running' PASSED: True, Task is not in running state.
[2024-10-18T18:04:09.048+0000] {taskinstance.py:1112} DEBUG - <TaskInstance: btcusdt_data_ingestion.ingest_btcusdt manual__2024-10-18T17:53:02.578860+00:00 [queued]> dependency 'Not In Retry Period' PASSED: True, The task instance was not marked for retrying.
[2024-10-18T18:04:09.053+0000] {taskinstance.py:1103} INFO - Dependencies all met for dep_context=non-requeueable deps ti=<TaskInstance: btcusdt_data_ingestion.ingest_btcusdt manual__2024-10-18T17:53:02.578860+00:00 [queued]>
[2024-10-18T18:04:09.054+0000] {taskinstance.py:1112} DEBUG - <TaskInstance: btcusdt_data_ingestion.ingest_btcusdt manual__2024-10-18T17:53:02.578860+00:00 [queued]> dependency 'Task Concurrency' PASSED: True, Task concurrency is not set.
[2024-10-18T18:04:09.055+0000] {taskinstance.py:1112} DEBUG - <TaskInstance: btcusdt_data_ingestion.ingest_btcusdt manual__2024-10-18T17:53:02.578860+00:00 [queued]> dependency 'Previous Dagrun State' PASSED: True, The task did not have depends_on_past set.
[2024-10-18T18:04:09.067+0000] {taskinstance.py:1112} DEBUG - <TaskInstance: btcusdt_data_ingestion.ingest_btcusdt manual__2024-10-18T17:53:02.578860+00:00 [queued]> dependency 'Not In Retry Period' PASSED: True, The task instance was not marked for retrying.
[2024-10-18T18:04:09.074+0000] {taskinstance.py:1112} DEBUG - <TaskInstance: btcusdt_data_ingestion.ingest_btcusdt manual__2024-10-18T17:53:02.578860+00:00 [queued]> dependency 'Pool Slots Available' PASSED: True, There are enough open slots in default_pool to execute the task
[2024-10-18T18:04:09.075+0000] {taskinstance.py:1103} INFO - Dependencies all met for dep_context=requeueable deps ti=<TaskInstance: btcusdt_data_ingestion.ingest_btcusdt manual__2024-10-18T17:53:02.578860+00:00 [queued]>
[2024-10-18T18:04:09.075+0000] {taskinstance.py:1308} INFO - Starting attempt 2 of 2
[2024-10-18T18:04:09.103+0000] {taskinstance.py:1327} INFO - Executing <Task(PythonOperator): ingest_btcusdt> on 2024-10-18 17:53:02.578860+00:00
[2024-10-18T18:04:09.109+0000] {standard_task_runner.py:57} INFO - Started process 19994 to run task
[2024-10-18T18:04:09.116+0000] {standard_task_runner.py:84} INFO - Running: ['airflow', 'tasks', 'run', 'btcusdt_data_ingestion', 'ingest_btcusdt', 'manual__2024-10-18T17:53:02.578860+00:00', '--job-id', '146', '--raw', '--subdir', 'DAGS_FOLDER/ingest_btcusdt_data.py', '--cfg-path', '/tmp/tmpk2206fa1']
[2024-10-18T18:04:09.120+0000] {standard_task_runner.py:85} INFO - Job 146: Subtask ingest_btcusdt
[2024-10-18T18:04:09.121+0000] {cli_action_loggers.py:65} DEBUG - Calling callbacks: [<function default_action_log at 0x7f7ca9505550>]
[2024-10-18T18:04:09.194+0000] {taskinstance.py:1037} DEBUG - previous_execution_date was called
[2024-10-18T18:04:09.203+0000] {task_command.py:410} INFO - Running <TaskInstance: btcusdt_data_ingestion.ingest_btcusdt manual__2024-10-18T17:53:02.578860+00:00 [running]> on host 888d2c584607
[2024-10-18T18:04:09.204+0000] {settings.py:353} DEBUG - Disposing DB connection pool (PID 19994)
[2024-10-18T18:04:09.205+0000] {settings.py:212} DEBUG - Setting up DB connection pool (PID 19994)
[2024-10-18T18:04:09.206+0000] {settings.py:285} DEBUG - settings.prepare_engine_args(): Using NullPool
[2024-10-18T18:04:09.208+0000] {taskinstance.py:789} DEBUG - Refreshing TaskInstance <TaskInstance: btcusdt_data_ingestion.ingest_btcusdt manual__2024-10-18T17:53:02.578860+00:00 [running]> from DB
[2024-10-18T18:04:09.260+0000] {taskinstance.py:1037} DEBUG - previous_execution_date was called
[2024-10-18T18:04:09.270+0000] {taskinstance.py:868} DEBUG - Clearing XCom data
[2024-10-18T18:04:09.339+0000] {retries.py:80} DEBUG - Running RenderedTaskInstanceFields._do_delete_old_records with retries. Try 1 of 3
[2024-10-18T18:04:09.361+0000] {taskinstance.py:1545} INFO - Exporting env vars: AIRFLOW_CTX_DAG_OWNER='airflow' AIRFLOW_CTX_DAG_ID='btcusdt_data_ingestion' AIRFLOW_CTX_TASK_ID='ingest_btcusdt' AIRFLOW_CTX_EXECUTION_DATE='2024-10-18T17:53:02.578860+00:00' AIRFLOW_CTX_TRY_NUMBER='2' AIRFLOW_CTX_DAG_RUN_ID='manual__2024-10-18T17:53:02.578860+00:00'
[2024-10-18T18:04:09.362+0000] {__init__.py:117} DEBUG - Preparing lineage inlets and outlets
[2024-10-18T18:04:09.363+0000] {__init__.py:155} DEBUG - inlets: [], outlets: []
[2024-10-18T18:04:14.244+0000] {taskinstance.py:789} DEBUG - Refreshing TaskInstance <TaskInstance: btcusdt_data_ingestion.ingest_btcusdt manual__2024-10-18T17:53:02.578860+00:00 [running]> from DB
[2024-10-18T18:04:14.308+0000] {job.py:213} DEBUG - [heartbeat]
[2024-10-18T18:04:19.357+0000] {taskinstance.py:789} DEBUG - Refreshing TaskInstance <TaskInstance: btcusdt_data_ingestion.ingest_btcusdt manual__2024-10-18T17:53:02.578860+00:00 [running]> from DB
[2024-10-18T18:04:19.384+0000] {job.py:213} DEBUG - [heartbeat]
[2024-10-18T18:04:24.425+0000] {taskinstance.py:789} DEBUG - Refreshing TaskInstance <TaskInstance: btcusdt_data_ingestion.ingest_btcusdt manual__2024-10-18T17:53:02.578860+00:00 [running]> from DB
[2024-10-18T18:04:24.449+0000] {job.py:213} DEBUG - [heartbeat]
[2024-10-18T18:04:29.488+0000] {taskinstance.py:789} DEBUG - Refreshing TaskInstance <TaskInstance: btcusdt_data_ingestion.ingest_btcusdt manual__2024-10-18T17:53:02.578860+00:00 [running]> from DB
[2024-10-18T18:04:29.508+0000] {job.py:213} DEBUG - [heartbeat]
[2024-10-18T18:04:34.562+0000] {taskinstance.py:789} DEBUG - Refreshing TaskInstance <TaskInstance: btcusdt_data_ingestion.ingest_btcusdt manual__2024-10-18T17:53:02.578860+00:00 [running]> from DB
[2024-10-18T18:04:34.601+0000] {job.py:213} DEBUG - [heartbeat]
[2024-10-18T18:04:39.659+0000] {taskinstance.py:789} DEBUG - Refreshing TaskInstance <TaskInstance: btcusdt_data_ingestion.ingest_btcusdt manual__2024-10-18T17:53:02.578860+00:00 [running]> from DB
[2024-10-18T18:04:39.688+0000] {job.py:213} DEBUG - [heartbeat]
[2024-10-18T18:04:44.731+0000] {taskinstance.py:789} DEBUG - Refreshing TaskInstance <TaskInstance: btcusdt_data_ingestion.ingest_btcusdt manual__2024-10-18T17:53:02.578860+00:00 [running]> from DB
[2024-10-18T18:04:44.753+0000] {job.py:213} DEBUG - [heartbeat]
[2024-10-18T18:04:49.780+0000] {taskinstance.py:789} DEBUG - Refreshing TaskInstance <TaskInstance: btcusdt_data_ingestion.ingest_btcusdt manual__2024-10-18T17:53:02.578860+00:00 [running]> from DB
[2024-10-18T18:04:49.797+0000] {job.py:213} DEBUG - [heartbeat]
[2024-10-18T18:04:54.854+0000] {taskinstance.py:789} DEBUG - Refreshing TaskInstance <TaskInstance: btcusdt_data_ingestion.ingest_btcusdt manual__2024-10-18T17:53:02.578860+00:00 [running]> from DB
[2024-10-18T18:04:54.871+0000] {job.py:213} DEBUG - [heartbeat]
[2024-10-18T18:04:59.917+0000] {taskinstance.py:789} DEBUG - Refreshing TaskInstance <TaskInstance: btcusdt_data_ingestion.ingest_btcusdt manual__2024-10-18T17:53:02.578860+00:00 [running]> from DB
[2024-10-18T18:04:59.941+0000] {job.py:213} DEBUG - [heartbeat]
[2024-10-18T18:05:04.987+0000] {taskinstance.py:789} DEBUG - Refreshing TaskInstance <TaskInstance: btcusdt_data_ingestion.ingest_btcusdt manual__2024-10-18T17:53:02.578860+00:00 [running]> from DB
[2024-10-18T18:05:05.005+0000] {job.py:213} DEBUG - [heartbeat]
[2024-10-18T18:05:10.066+0000] {taskinstance.py:789} DEBUG - Refreshing TaskInstance <TaskInstance: btcusdt_data_ingestion.ingest_btcusdt manual__2024-10-18T17:53:02.578860+00:00 [running]> from DB
[2024-10-18T18:05:10.103+0000] {job.py:213} DEBUG - [heartbeat]
[2024-10-18T18:05:15.155+0000] {taskinstance.py:789} DEBUG - Refreshing TaskInstance <TaskInstance: btcusdt_data_ingestion.ingest_btcusdt manual__2024-10-18T17:53:02.578860+00:00 [running]> from DB
[2024-10-18T18:05:15.188+0000] {job.py:213} DEBUG - [heartbeat]
[2024-10-18T18:05:20.231+0000] {taskinstance.py:789} DEBUG - Refreshing TaskInstance <TaskInstance: btcusdt_data_ingestion.ingest_btcusdt manual__2024-10-18T17:53:02.578860+00:00 [running]> from DB
[2024-10-18T18:05:20.247+0000] {job.py:213} DEBUG - [heartbeat]
[2024-10-18T18:05:25.350+0000] {taskinstance.py:789} DEBUG - Refreshing TaskInstance <TaskInstance: btcusdt_data_ingestion.ingest_btcusdt manual__2024-10-18T17:53:02.578860+00:00 [running]> from DB
[2024-10-18T18:05:25.403+0000] {job.py:213} DEBUG - [heartbeat]
[2024-10-18T18:05:30.463+0000] {taskinstance.py:789} DEBUG - Refreshing TaskInstance <TaskInstance: btcusdt_data_ingestion.ingest_btcusdt manual__2024-10-18T17:53:02.578860+00:00 [running]> from DB
[2024-10-18T18:05:30.479+0000] {job.py:213} DEBUG - [heartbeat]
[2024-10-18T18:05:35.516+0000] {taskinstance.py:789} DEBUG - Refreshing TaskInstance <TaskInstance: btcusdt_data_ingestion.ingest_btcusdt manual__2024-10-18T17:53:02.578860+00:00 [running]> from DB
[2024-10-18T18:05:35.537+0000] {job.py:213} DEBUG - [heartbeat]
[2024-10-18T18:05:40.532+0000] {taskinstance.py:789} DEBUG - Refreshing TaskInstance <TaskInstance: btcusdt_data_ingestion.ingest_btcusdt manual__2024-10-18T17:53:02.578860+00:00 [running]> from DB
[2024-10-18T18:05:40.553+0000] {job.py:213} DEBUG - [heartbeat]
[2024-10-18T18:05:45.636+0000] {taskinstance.py:789} DEBUG - Refreshing TaskInstance <TaskInstance: btcusdt_data_ingestion.ingest_btcusdt manual__2024-10-18T17:53:02.578860+00:00 [running]> from DB
[2024-10-18T18:05:45.671+0000] {job.py:213} DEBUG - [heartbeat]
[2024-10-18T18:05:50.724+0000] {taskinstance.py:789} DEBUG - Refreshing TaskInstance <TaskInstance: btcusdt_data_ingestion.ingest_btcusdt manual__2024-10-18T17:53:02.578860+00:00 [running]> from DB
[2024-10-18T18:05:50.748+0000] {job.py:213} DEBUG - [heartbeat]
[2024-10-18T18:05:56.024+0000] {taskinstance.py:789} DEBUG - Refreshing TaskInstance <TaskInstance: btcusdt_data_ingestion.ingest_btcusdt manual__2024-10-18T17:53:02.578860+00:00 [running]> from DB
[2024-10-18T18:05:56.078+0000] {job.py:213} DEBUG - [heartbeat]
[2024-10-18T18:06:01.124+0000] {taskinstance.py:789} DEBUG - Refreshing TaskInstance <TaskInstance: btcusdt_data_ingestion.ingest_btcusdt manual__2024-10-18T17:53:02.578860+00:00 [running]> from DB
[2024-10-18T18:06:01.142+0000] {job.py:213} DEBUG - [heartbeat]
[2024-10-18T18:06:06.200+0000] {taskinstance.py:789} DEBUG - Refreshing TaskInstance <TaskInstance: btcusdt_data_ingestion.ingest_btcusdt manual__2024-10-18T17:53:02.578860+00:00 [running]> from DB
[2024-10-18T18:06:06.217+0000] {job.py:213} DEBUG - [heartbeat]
[2024-10-18T18:06:11.305+0000] {taskinstance.py:789} DEBUG - Refreshing TaskInstance <TaskInstance: btcusdt_data_ingestion.ingest_btcusdt manual__2024-10-18T17:53:02.578860+00:00 [running]> from DB
[2024-10-18T18:06:11.324+0000] {job.py:213} DEBUG - [heartbeat]
[2024-10-18T18:06:16.364+0000] {taskinstance.py:789} DEBUG - Refreshing TaskInstance <TaskInstance: btcusdt_data_ingestion.ingest_btcusdt manual__2024-10-18T17:53:02.578860+00:00 [running]> from DB
[2024-10-18T18:06:16.383+0000] {job.py:213} DEBUG - [heartbeat]
[2024-10-18T18:06:21.422+0000] {taskinstance.py:789} DEBUG - Refreshing TaskInstance <TaskInstance: btcusdt_data_ingestion.ingest_btcusdt manual__2024-10-18T17:53:02.578860+00:00 [running]> from DB
[2024-10-18T18:06:21.445+0000] {job.py:213} DEBUG - [heartbeat]
[2024-10-18T18:06:26.509+0000] {taskinstance.py:789} DEBUG - Refreshing TaskInstance <TaskInstance: btcusdt_data_ingestion.ingest_btcusdt manual__2024-10-18T17:53:02.578860+00:00 [running]> from DB
[2024-10-18T18:06:26.537+0000] {job.py:213} DEBUG - [heartbeat]
[2024-10-18T18:07:15.877+0000] {taskinstance.py:789} DEBUG - Refreshing TaskInstance <TaskInstance: btcusdt_data_ingestion.ingest_btcusdt manual__2024-10-18T17:53:02.578860+00:00 [running]> from DB
[2024-10-18T18:07:16.309+0000] {job.py:213} DEBUG - [heartbeat]
[2024-10-18T18:07:17.002+0000] {local_task_job_runner.py:225} INFO - Task exited with return code Negsignal.SIGKILL
[2024-10-18T18:07:17.780+0000] {dagrun.py:697} DEBUG - number of tis tasks for <DagRun btcusdt_data_ingestion @ 2024-10-18 17:53:02.578860+00:00: manual__2024-10-18T17:53:02.578860+00:00, state:running, queued_at: 2024-10-18 17:53:02.595836+00:00. externally triggered: True>: 0 task(s)
[2024-10-18T18:07:17.793+0000] {taskinstance.py:2651} INFO - 0 downstream tasks scheduled from follow-on schedule check
