[2024-10-16T18:09:57.502+0000] {taskinstance.py:1037} DEBUG - previous_execution_date was called
[2024-10-16T18:09:57.525+0000] {__init__.py:51} DEBUG - Loading core task runner: StandardTaskRunner
[2024-10-16T18:09:57.541+0000] {taskinstance.py:1037} DEBUG - previous_execution_date was called
[2024-10-16T18:09:57.548+0000] {base_task_runner.py:68} DEBUG - Planning to run as the  user
[2024-10-16T18:09:57.550+0000] {taskinstance.py:789} DEBUG - Refreshing TaskInstance <TaskInstance: run_dbt_models.wait_for_dbt_init manual__2024-10-16T18:09:56.711102+00:00 [queued]> from DB
[2024-10-16T18:09:57.571+0000] {taskinstance.py:1112} DEBUG - <TaskInstance: run_dbt_models.wait_for_dbt_init manual__2024-10-16T18:09:56.711102+00:00 [queued]> dependency 'Ready To Reschedule' PASSED: True, Task is not in reschedule mode.
[2024-10-16T18:09:57.571+0000] {taskinstance.py:1112} DEBUG - <TaskInstance: run_dbt_models.wait_for_dbt_init manual__2024-10-16T18:09:56.711102+00:00 [queued]> dependency 'Task Instance Not Running' PASSED: True, Task is not in running state.
[2024-10-16T18:09:57.572+0000] {taskinstance.py:1112} DEBUG - <TaskInstance: run_dbt_models.wait_for_dbt_init manual__2024-10-16T18:09:56.711102+00:00 [queued]> dependency 'Not In Retry Period' PASSED: True, The task instance was not marked for retrying.
[2024-10-16T18:09:57.572+0000] {taskinstance.py:1112} DEBUG - <TaskInstance: run_dbt_models.wait_for_dbt_init manual__2024-10-16T18:09:56.711102+00:00 [queued]> dependency 'Trigger Rule' PASSED: True, The task instance did not have any upstream tasks.
[2024-10-16T18:09:57.572+0000] {taskinstance.py:1112} DEBUG - <TaskInstance: run_dbt_models.wait_for_dbt_init manual__2024-10-16T18:09:56.711102+00:00 [queued]> dependency 'Task Instance State' PASSED: True, Task state queued was valid.
[2024-10-16T18:09:57.578+0000] {taskinstance.py:1112} DEBUG - <TaskInstance: run_dbt_models.wait_for_dbt_init manual__2024-10-16T18:09:56.711102+00:00 [queued]> dependency 'Previous Dagrun State' PASSED: True, This task instance was the first task instance for its task.
[2024-10-16T18:09:57.583+0000] {taskinstance.py:1103} INFO - Dependencies all met for dep_context=non-requeueable deps ti=<TaskInstance: run_dbt_models.wait_for_dbt_init manual__2024-10-16T18:09:56.711102+00:00 [queued]>
[2024-10-16T18:09:57.584+0000] {taskinstance.py:1112} DEBUG - <TaskInstance: run_dbt_models.wait_for_dbt_init manual__2024-10-16T18:09:56.711102+00:00 [queued]> dependency 'Ready To Reschedule' PASSED: True, Task is not in reschedule mode.
[2024-10-16T18:09:57.584+0000] {taskinstance.py:1112} DEBUG - <TaskInstance: run_dbt_models.wait_for_dbt_init manual__2024-10-16T18:09:56.711102+00:00 [queued]> dependency 'Not In Retry Period' PASSED: True, The task instance was not marked for retrying.
[2024-10-16T18:09:57.584+0000] {taskinstance.py:1112} DEBUG - <TaskInstance: run_dbt_models.wait_for_dbt_init manual__2024-10-16T18:09:56.711102+00:00 [queued]> dependency 'Trigger Rule' PASSED: True, The task instance did not have any upstream tasks.
[2024-10-16T18:09:57.585+0000] {taskinstance.py:1112} DEBUG - <TaskInstance: run_dbt_models.wait_for_dbt_init manual__2024-10-16T18:09:56.711102+00:00 [queued]> dependency 'Task Concurrency' PASSED: True, Task concurrency is not set.
[2024-10-16T18:09:57.586+0000] {taskinstance.py:1112} DEBUG - <TaskInstance: run_dbt_models.wait_for_dbt_init manual__2024-10-16T18:09:56.711102+00:00 [queued]> dependency 'Previous Dagrun State' PASSED: True, This task instance was the first task instance for its task.
[2024-10-16T18:09:57.594+0000] {taskinstance.py:1112} DEBUG - <TaskInstance: run_dbt_models.wait_for_dbt_init manual__2024-10-16T18:09:56.711102+00:00 [queued]> dependency 'Pool Slots Available' PASSED: True, There are enough open slots in default_pool to execute the task
[2024-10-16T18:09:57.595+0000] {taskinstance.py:1103} INFO - Dependencies all met for dep_context=requeueable deps ti=<TaskInstance: run_dbt_models.wait_for_dbt_init manual__2024-10-16T18:09:56.711102+00:00 [queued]>
[2024-10-16T18:09:57.595+0000] {taskinstance.py:1308} INFO - Starting attempt 1 of 2
[2024-10-16T18:09:57.608+0000] {taskinstance.py:1327} INFO - Executing <Task(ExternalTaskWithinDaysSensor): wait_for_dbt_init> on 2024-10-16 18:09:56.711102+00:00
[2024-10-16T18:09:57.613+0000] {standard_task_runner.py:57} INFO - Started process 1093 to run task
[2024-10-16T18:09:57.618+0000] {standard_task_runner.py:84} INFO - Running: ['airflow', 'tasks', 'run', 'run_dbt_models', 'wait_for_dbt_init', 'manual__2024-10-16T18:09:56.711102+00:00', '--job-id', '71', '--raw', '--subdir', 'DAGS_FOLDER/run_dbt_models.py', '--cfg-path', '/tmp/tmpw_249teb']
[2024-10-16T18:09:57.620+0000] {standard_task_runner.py:85} INFO - Job 71: Subtask wait_for_dbt_init
[2024-10-16T18:09:57.621+0000] {cli_action_loggers.py:65} DEBUG - Calling callbacks: [<function default_action_log at 0x7f7ca9505550>]
[2024-10-16T18:09:57.683+0000] {taskinstance.py:1037} DEBUG - previous_execution_date was called
[2024-10-16T18:09:57.691+0000] {task_command.py:410} INFO - Running <TaskInstance: run_dbt_models.wait_for_dbt_init manual__2024-10-16T18:09:56.711102+00:00 [running]> on host 888d2c584607
[2024-10-16T18:09:57.691+0000] {settings.py:353} DEBUG - Disposing DB connection pool (PID 1093)
[2024-10-16T18:09:57.692+0000] {settings.py:212} DEBUG - Setting up DB connection pool (PID 1093)
[2024-10-16T18:09:57.692+0000] {settings.py:285} DEBUG - settings.prepare_engine_args(): Using NullPool
[2024-10-16T18:09:57.694+0000] {taskinstance.py:789} DEBUG - Refreshing TaskInstance <TaskInstance: run_dbt_models.wait_for_dbt_init manual__2024-10-16T18:09:56.711102+00:00 [running]> from DB
[2024-10-16T18:09:57.738+0000] {taskinstance.py:1037} DEBUG - previous_execution_date was called
[2024-10-16T18:09:57.747+0000] {taskinstance.py:868} DEBUG - Clearing XCom data
[2024-10-16T18:09:57.781+0000] {retries.py:80} DEBUG - Running RenderedTaskInstanceFields._do_delete_old_records with retries. Try 1 of 3
[2024-10-16T18:09:57.796+0000] {taskinstance.py:1545} INFO - Exporting env vars: AIRFLOW_CTX_DAG_EMAIL='airflow@example.com' AIRFLOW_CTX_DAG_OWNER='airflow' AIRFLOW_CTX_DAG_ID='run_dbt_models' AIRFLOW_CTX_TASK_ID='wait_for_dbt_init' AIRFLOW_CTX_EXECUTION_DATE='2024-10-16T18:09:56.711102+00:00' AIRFLOW_CTX_TRY_NUMBER='1' AIRFLOW_CTX_DAG_RUN_ID='manual__2024-10-16T18:09:56.711102+00:00'
[2024-10-16T18:09:57.797+0000] {__init__.py:117} DEBUG - Preparing lineage inlets and outlets
[2024-10-16T18:09:57.797+0000] {__init__.py:155} DEBUG - inlets: [], outlets: []
[2024-10-16T18:09:57.809+0000] {base.py:255} INFO - Success criteria met. Exiting.
[2024-10-16T18:09:57.809+0000] {__init__.py:75} DEBUG - Lineage called with inlets: [], outlets: []
[2024-10-16T18:09:57.810+0000] {taskinstance.py:789} DEBUG - Refreshing TaskInstance <TaskInstance: run_dbt_models.wait_for_dbt_init manual__2024-10-16T18:09:56.711102+00:00 [running]> from DB
[2024-10-16T18:09:57.821+0000] {taskinstance.py:1356} DEBUG - Clearing next_method and next_kwargs.
[2024-10-16T18:09:57.822+0000] {taskinstance.py:1345} INFO - Marking task as SUCCESS. dag_id=run_dbt_models, task_id=wait_for_dbt_init, execution_date=20241016T180956, start_date=20241016T180957, end_date=20241016T180957
[2024-10-16T18:09:57.822+0000] {taskinstance.py:2305} DEBUG - Task Duration set to 0.238358
[2024-10-16T18:09:57.834+0000] {cli_action_loggers.py:83} DEBUG - Calling callbacks: []
[2024-10-16T18:09:57.880+0000] {local_task_job_runner.py:225} INFO - Task exited with return code 0
[2024-10-16T18:09:57.945+0000] {dagrun.py:697} DEBUG - number of tis tasks for <DagRun run_dbt_models @ 2024-10-16 18:09:56.711102+00:00: manual__2024-10-16T18:09:56.711102+00:00, state:running, queued_at: 2024-10-16 18:09:56.723144+00:00. externally triggered: True>: 6 task(s)
[2024-10-16T18:09:57.945+0000] {dagrun.py:718} DEBUG - number of scheduleable tasks for <DagRun run_dbt_models @ 2024-10-16 18:09:56.711102+00:00: manual__2024-10-16T18:09:56.711102+00:00, state:running, queued_at: 2024-10-16 18:09:56.723144+00:00. externally triggered: True>: 5 task(s)
[2024-10-16T18:09:57.947+0000] {taskinstance.py:1112} DEBUG - <TaskInstance: run_dbt_models.test.dbt_btc_transform.int_hourly_trades manual__2024-10-16T18:09:56.711102+00:00 [None]> dependency 'Previous Dagrun State' PASSED: True, This task instance was the first task instance for its task.
[2024-10-16T18:09:57.948+0000] {taskinstance.py:1112} DEBUG - <TaskInstance: run_dbt_models.test.dbt_btc_transform.int_hourly_trades manual__2024-10-16T18:09:56.711102+00:00 [None]> dependency 'Not In Retry Period' PASSED: True, The task instance was not marked for retrying.
[2024-10-16T18:09:57.954+0000] {taskinstance.py:1112} DEBUG - <TaskInstance: run_dbt_models.test.dbt_btc_transform.int_hourly_trades manual__2024-10-16T18:09:56.711102+00:00 [None]> dependency 'Trigger Rule' PASSED: False, Task's trigger rule 'all_success' requires all upstream tasks to have succeeded, but found 1 non-success(es). upstream_states=_UpstreamTIStates(success=1, skipped=0, failed=0, upstream_failed=0, removed=0, done=1), upstream_task_ids={'model.dbt_btc_transform.int_hourly_trades', 'wait_for_dbt_init'}
[2024-10-16T18:09:57.954+0000] {taskinstance.py:1093} DEBUG - Dependencies not met for <TaskInstance: run_dbt_models.test.dbt_btc_transform.int_hourly_trades manual__2024-10-16T18:09:56.711102+00:00 [None]>, dependency 'Trigger Rule' FAILED: Task's trigger rule 'all_success' requires all upstream tasks to have succeeded, but found 1 non-success(es). upstream_states=_UpstreamTIStates(success=1, skipped=0, failed=0, upstream_failed=0, removed=0, done=1), upstream_task_ids={'model.dbt_btc_transform.int_hourly_trades', 'wait_for_dbt_init'}
[2024-10-16T18:09:57.956+0000] {taskinstance.py:1112} DEBUG - <TaskInstance: run_dbt_models.generate_dbt_docs manual__2024-10-16T18:09:56.711102+00:00 [None]> dependency 'Previous Dagrun State' PASSED: True, This task instance was the first task instance for its task.
[2024-10-16T18:09:57.956+0000] {taskinstance.py:1112} DEBUG - <TaskInstance: run_dbt_models.generate_dbt_docs manual__2024-10-16T18:09:56.711102+00:00 [None]> dependency 'Not In Retry Period' PASSED: True, The task instance was not marked for retrying.
[2024-10-16T18:09:57.957+0000] {taskinstance.py:1112} DEBUG - <TaskInstance: run_dbt_models.generate_dbt_docs manual__2024-10-16T18:09:56.711102+00:00 [None]> dependency 'Trigger Rule' PASSED: False, Task's trigger rule 'all_success' requires all upstream tasks to have succeeded, but found 4 non-success(es). upstream_states=_UpstreamTIStates(success=0, skipped=0, failed=0, upstream_failed=0, removed=0, done=0), upstream_task_ids={'test.dbt_btc_transform.int_hourly_trades', 'model.dbt_btc_transform.int_hourly_trades', 'model.dbt_btc_transform.stg_kaggle__btcusdt', 'test.dbt_btc_transform.stg_kaggle__btcusdt'}
[2024-10-16T18:09:57.957+0000] {taskinstance.py:1093} DEBUG - Dependencies not met for <TaskInstance: run_dbt_models.generate_dbt_docs manual__2024-10-16T18:09:56.711102+00:00 [None]>, dependency 'Trigger Rule' FAILED: Task's trigger rule 'all_success' requires all upstream tasks to have succeeded, but found 4 non-success(es). upstream_states=_UpstreamTIStates(success=0, skipped=0, failed=0, upstream_failed=0, removed=0, done=0), upstream_task_ids={'test.dbt_btc_transform.int_hourly_trades', 'model.dbt_btc_transform.int_hourly_trades', 'model.dbt_btc_transform.stg_kaggle__btcusdt', 'test.dbt_btc_transform.stg_kaggle__btcusdt'}
[2024-10-16T18:09:57.958+0000] {taskinstance.py:1112} DEBUG - <TaskInstance: run_dbt_models.model.dbt_btc_transform.stg_kaggle__btcusdt manual__2024-10-16T18:09:56.711102+00:00 [None]> dependency 'Previous Dagrun State' PASSED: True, This task instance was the first task instance for its task.
[2024-10-16T18:09:57.959+0000] {taskinstance.py:1112} DEBUG - <TaskInstance: run_dbt_models.model.dbt_btc_transform.stg_kaggle__btcusdt manual__2024-10-16T18:09:56.711102+00:00 [None]> dependency 'Not In Retry Period' PASSED: True, The task instance was not marked for retrying.
[2024-10-16T18:09:57.961+0000] {taskinstance.py:1103} DEBUG - Dependencies all met for dep_context=None ti=<TaskInstance: run_dbt_models.model.dbt_btc_transform.stg_kaggle__btcusdt manual__2024-10-16T18:09:56.711102+00:00 [None]>
[2024-10-16T18:09:57.962+0000] {taskinstance.py:1112} DEBUG - <TaskInstance: run_dbt_models.test.dbt_btc_transform.stg_kaggle__btcusdt manual__2024-10-16T18:09:56.711102+00:00 [None]> dependency 'Previous Dagrun State' PASSED: True, This task instance was the first task instance for its task.
[2024-10-16T18:09:57.963+0000] {taskinstance.py:1112} DEBUG - <TaskInstance: run_dbt_models.test.dbt_btc_transform.stg_kaggle__btcusdt manual__2024-10-16T18:09:56.711102+00:00 [None]> dependency 'Not In Retry Period' PASSED: True, The task instance was not marked for retrying.
[2024-10-16T18:09:57.964+0000] {taskinstance.py:1112} DEBUG - <TaskInstance: run_dbt_models.test.dbt_btc_transform.stg_kaggle__btcusdt manual__2024-10-16T18:09:56.711102+00:00 [None]> dependency 'Trigger Rule' PASSED: False, Task's trigger rule 'all_success' requires all upstream tasks to have succeeded, but found 1 non-success(es). upstream_states=_UpstreamTIStates(success=1, skipped=0, failed=0, upstream_failed=0, removed=0, done=1), upstream_task_ids={'model.dbt_btc_transform.stg_kaggle__btcusdt', 'wait_for_dbt_init'}
[2024-10-16T18:09:57.965+0000] {taskinstance.py:1093} DEBUG - Dependencies not met for <TaskInstance: run_dbt_models.test.dbt_btc_transform.stg_kaggle__btcusdt manual__2024-10-16T18:09:56.711102+00:00 [None]>, dependency 'Trigger Rule' FAILED: Task's trigger rule 'all_success' requires all upstream tasks to have succeeded, but found 1 non-success(es). upstream_states=_UpstreamTIStates(success=1, skipped=0, failed=0, upstream_failed=0, removed=0, done=1), upstream_task_ids={'model.dbt_btc_transform.stg_kaggle__btcusdt', 'wait_for_dbt_init'}
[2024-10-16T18:09:57.966+0000] {taskinstance.py:1112} DEBUG - <TaskInstance: run_dbt_models.model.dbt_btc_transform.int_hourly_trades manual__2024-10-16T18:09:56.711102+00:00 [None]> dependency 'Previous Dagrun State' PASSED: True, This task instance was the first task instance for its task.
[2024-10-16T18:09:57.966+0000] {taskinstance.py:1112} DEBUG - <TaskInstance: run_dbt_models.model.dbt_btc_transform.int_hourly_trades manual__2024-10-16T18:09:56.711102+00:00 [None]> dependency 'Not In Retry Period' PASSED: True, The task instance was not marked for retrying.
[2024-10-16T18:09:57.968+0000] {taskinstance.py:1112} DEBUG - <TaskInstance: run_dbt_models.model.dbt_btc_transform.int_hourly_trades manual__2024-10-16T18:09:56.711102+00:00 [None]> dependency 'Trigger Rule' PASSED: False, Task's trigger rule 'all_success' requires all upstream tasks to have succeeded, but found 1 non-success(es). upstream_states=_UpstreamTIStates(success=1, skipped=0, failed=0, upstream_failed=0, removed=0, done=1), upstream_task_ids={'model.dbt_btc_transform.stg_kaggle__btcusdt', 'wait_for_dbt_init'}
[2024-10-16T18:09:57.968+0000] {taskinstance.py:1093} DEBUG - Dependencies not met for <TaskInstance: run_dbt_models.model.dbt_btc_transform.int_hourly_trades manual__2024-10-16T18:09:56.711102+00:00 [None]>, dependency 'Trigger Rule' FAILED: Task's trigger rule 'all_success' requires all upstream tasks to have succeeded, but found 1 non-success(es). upstream_states=_UpstreamTIStates(success=1, skipped=0, failed=0, upstream_failed=0, removed=0, done=1), upstream_task_ids={'model.dbt_btc_transform.stg_kaggle__btcusdt', 'wait_for_dbt_init'}
[2024-10-16T18:09:57.976+0000] {taskinstance.py:2651} INFO - 1 downstream tasks scheduled from follow-on schedule check
