[2024-10-18T18:59:53.809+0000] {taskinstance.py:1037} DEBUG - previous_execution_date was called
[2024-10-18T18:59:53.832+0000] {__init__.py:51} DEBUG - Loading core task runner: StandardTaskRunner
[2024-10-18T18:59:53.848+0000] {taskinstance.py:1037} DEBUG - previous_execution_date was called
[2024-10-18T18:59:53.856+0000] {base_task_runner.py:68} DEBUG - Planning to run as the  user
[2024-10-18T18:59:53.859+0000] {taskinstance.py:789} DEBUG - Refreshing TaskInstance <TaskInstance: btcusdt_data_ingestion.delete_btcusdt manual__2024-10-18T18:59:49.566391+00:00 [queued]> from DB
[2024-10-18T18:59:53.885+0000] {taskinstance.py:1112} DEBUG - <TaskInstance: btcusdt_data_ingestion.delete_btcusdt manual__2024-10-18T18:59:49.566391+00:00 [queued]> dependency 'Task Instance Not Running' PASSED: True, Task is not in running state.
[2024-10-18T18:59:53.886+0000] {taskinstance.py:1112} DEBUG - <TaskInstance: btcusdt_data_ingestion.delete_btcusdt manual__2024-10-18T18:59:49.566391+00:00 [queued]> dependency 'Previous Dagrun State' PASSED: True, The task did not have depends_on_past set.
[2024-10-18T18:59:53.886+0000] {taskinstance.py:1112} DEBUG - <TaskInstance: btcusdt_data_ingestion.delete_btcusdt manual__2024-10-18T18:59:49.566391+00:00 [queued]> dependency 'Not In Retry Period' PASSED: True, The task instance was not marked for retrying.
[2024-10-18T18:59:53.886+0000] {taskinstance.py:1112} DEBUG - <TaskInstance: btcusdt_data_ingestion.delete_btcusdt manual__2024-10-18T18:59:49.566391+00:00 [queued]> dependency 'Task Instance State' PASSED: True, Task state queued was valid.
[2024-10-18T18:59:53.887+0000] {taskinstance.py:1103} INFO - Dependencies all met for dep_context=non-requeueable deps ti=<TaskInstance: btcusdt_data_ingestion.delete_btcusdt manual__2024-10-18T18:59:49.566391+00:00 [queued]>
[2024-10-18T18:59:53.889+0000] {taskinstance.py:1112} DEBUG - <TaskInstance: btcusdt_data_ingestion.delete_btcusdt manual__2024-10-18T18:59:49.566391+00:00 [queued]> dependency 'Previous Dagrun State' PASSED: True, The task did not have depends_on_past set.
[2024-10-18T18:59:53.889+0000] {taskinstance.py:1112} DEBUG - <TaskInstance: btcusdt_data_ingestion.delete_btcusdt manual__2024-10-18T18:59:49.566391+00:00 [queued]> dependency 'Task Concurrency' PASSED: True, Task concurrency is not set.
[2024-10-18T18:59:53.894+0000] {taskinstance.py:1112} DEBUG - <TaskInstance: btcusdt_data_ingestion.delete_btcusdt manual__2024-10-18T18:59:49.566391+00:00 [queued]> dependency 'Pool Slots Available' PASSED: True, There are enough open slots in default_pool to execute the task
[2024-10-18T18:59:53.896+0000] {taskinstance.py:1112} DEBUG - <TaskInstance: btcusdt_data_ingestion.delete_btcusdt manual__2024-10-18T18:59:49.566391+00:00 [queued]> dependency 'Not In Retry Period' PASSED: True, The task instance was not marked for retrying.
[2024-10-18T18:59:53.896+0000] {taskinstance.py:1103} INFO - Dependencies all met for dep_context=requeueable deps ti=<TaskInstance: btcusdt_data_ingestion.delete_btcusdt manual__2024-10-18T18:59:49.566391+00:00 [queued]>
[2024-10-18T18:59:53.897+0000] {taskinstance.py:1308} INFO - Starting attempt 1 of 2
[2024-10-18T18:59:53.910+0000] {taskinstance.py:1327} INFO - Executing <Task(PythonOperator): delete_btcusdt> on 2024-10-18 18:59:49.566391+00:00
[2024-10-18T18:59:53.915+0000] {standard_task_runner.py:57} INFO - Started process 163 to run task
[2024-10-18T18:59:53.919+0000] {standard_task_runner.py:84} INFO - Running: ['airflow', 'tasks', 'run', 'btcusdt_data_ingestion', 'delete_btcusdt', 'manual__2024-10-18T18:59:49.566391+00:00', '--job-id', '158', '--raw', '--subdir', 'DAGS_FOLDER/ingest_btcusdt_data.py', '--cfg-path', '/tmp/tmprurujj_k']
[2024-10-18T18:59:53.923+0000] {standard_task_runner.py:85} INFO - Job 158: Subtask delete_btcusdt
[2024-10-18T18:59:53.924+0000] {cli_action_loggers.py:65} DEBUG - Calling callbacks: [<function default_action_log at 0x7fb8145ae550>]
[2024-10-18T18:59:53.991+0000] {taskinstance.py:1037} DEBUG - previous_execution_date was called
[2024-10-18T18:59:54.000+0000] {task_command.py:410} INFO - Running <TaskInstance: btcusdt_data_ingestion.delete_btcusdt manual__2024-10-18T18:59:49.566391+00:00 [running]> on host cd6dcf6990b1
[2024-10-18T18:59:54.001+0000] {settings.py:353} DEBUG - Disposing DB connection pool (PID 163)
[2024-10-18T18:59:54.001+0000] {settings.py:212} DEBUG - Setting up DB connection pool (PID 163)
[2024-10-18T18:59:54.002+0000] {settings.py:285} DEBUG - settings.prepare_engine_args(): Using NullPool
[2024-10-18T18:59:54.004+0000] {taskinstance.py:789} DEBUG - Refreshing TaskInstance <TaskInstance: btcusdt_data_ingestion.delete_btcusdt manual__2024-10-18T18:59:49.566391+00:00 [running]> from DB
[2024-10-18T18:59:54.049+0000] {taskinstance.py:1037} DEBUG - previous_execution_date was called
[2024-10-18T18:59:54.057+0000] {taskinstance.py:868} DEBUG - Clearing XCom data
[2024-10-18T18:59:54.091+0000] {retries.py:80} DEBUG - Running RenderedTaskInstanceFields._do_delete_old_records with retries. Try 1 of 3
[2024-10-18T18:59:54.107+0000] {taskinstance.py:1545} INFO - Exporting env vars: AIRFLOW_CTX_DAG_OWNER='airflow' AIRFLOW_CTX_DAG_ID='btcusdt_data_ingestion' AIRFLOW_CTX_TASK_ID='delete_btcusdt' AIRFLOW_CTX_EXECUTION_DATE='2024-10-18T18:59:49.566391+00:00' AIRFLOW_CTX_TRY_NUMBER='1' AIRFLOW_CTX_DAG_RUN_ID='manual__2024-10-18T18:59:49.566391+00:00'
[2024-10-18T18:59:54.107+0000] {__init__.py:117} DEBUG - Preparing lineage inlets and outlets
[2024-10-18T18:59:54.108+0000] {__init__.py:155} DEBUG - inlets: [], outlets: []
[2024-10-18T18:59:54.117+0000] {base.py:73} INFO - Using connection ID 'company_dw' for task execution.
[2024-10-18T18:59:54.122+0000] {python.py:183} INFO - Done. Returned value was: None
[2024-10-18T18:59:54.123+0000] {__init__.py:75} DEBUG - Lineage called with inlets: [], outlets: []
[2024-10-18T18:59:54.124+0000] {taskinstance.py:789} DEBUG - Refreshing TaskInstance <TaskInstance: btcusdt_data_ingestion.delete_btcusdt manual__2024-10-18T18:59:49.566391+00:00 [running]> from DB
[2024-10-18T18:59:54.139+0000] {taskinstance.py:1356} DEBUG - Clearing next_method and next_kwargs.
[2024-10-18T18:59:54.139+0000] {taskinstance.py:1345} INFO - Marking task as SUCCESS. dag_id=btcusdt_data_ingestion, task_id=delete_btcusdt, execution_date=20241018T185949, start_date=20241018T185953, end_date=20241018T185954
[2024-10-18T18:59:54.139+0000] {taskinstance.py:2305} DEBUG - Task Duration set to 0.25218
[2024-10-18T18:59:55.605+0000] {cli_action_loggers.py:83} DEBUG - Calling callbacks: []
[2024-10-18T18:59:55.628+0000] {local_task_job_runner.py:225} INFO - Task exited with return code 0
[2024-10-18T18:59:55.657+0000] {dagrun.py:697} DEBUG - number of tis tasks for <DagRun btcusdt_data_ingestion @ 2024-10-18 18:59:49.566391+00:00: manual__2024-10-18T18:59:49.566391+00:00, state:running, queued_at: 2024-10-18 18:59:49.574846+00:00. externally triggered: True>: 3 task(s)
[2024-10-18T18:59:55.658+0000] {dagrun.py:718} DEBUG - number of scheduleable tasks for <DagRun btcusdt_data_ingestion @ 2024-10-18 18:59:49.566391+00:00: manual__2024-10-18T18:59:49.566391+00:00, state:running, queued_at: 2024-10-18 18:59:49.574846+00:00. externally triggered: True>: 2 task(s)
[2024-10-18T18:59:55.658+0000] {taskinstance.py:1112} DEBUG - <TaskInstance: btcusdt_data_ingestion.split_btcusdt manual__2024-10-18T18:59:49.566391+00:00 [None]> dependency 'Previous Dagrun State' PASSED: True, The task did not have depends_on_past set.
[2024-10-18T18:59:55.659+0000] {taskinstance.py:1112} DEBUG - <TaskInstance: btcusdt_data_ingestion.split_btcusdt manual__2024-10-18T18:59:49.566391+00:00 [None]> dependency 'Not In Retry Period' PASSED: True, The task instance was not marked for retrying.
[2024-10-18T18:59:55.659+0000] {taskinstance.py:1103} DEBUG - Dependencies all met for dep_context=None ti=<TaskInstance: btcusdt_data_ingestion.split_btcusdt manual__2024-10-18T18:59:49.566391+00:00 [None]>
[2024-10-18T18:59:55.660+0000] {taskinstance.py:1112} DEBUG - <TaskInstance: btcusdt_data_ingestion.ingest_btcusdt manual__2024-10-18T18:59:49.566391+00:00 [None]> dependency 'Previous Dagrun State' PASSED: True, The task did not have depends_on_past set.
[2024-10-18T18:59:55.660+0000] {taskinstance.py:1112} DEBUG - <TaskInstance: btcusdt_data_ingestion.ingest_btcusdt manual__2024-10-18T18:59:49.566391+00:00 [None]> dependency 'Trigger Rule' PASSED: False, Task's trigger rule 'all_success' requires all upstream tasks to have succeeded, but found 1 non-success(es). upstream_states=_UpstreamTIStates(success=0, skipped=0, failed=0, upstream_failed=0, removed=0, done=0), upstream_task_ids={'split_btcusdt'}
[2024-10-18T18:59:55.660+0000] {taskinstance.py:1093} DEBUG - Dependencies not met for <TaskInstance: btcusdt_data_ingestion.ingest_btcusdt manual__2024-10-18T18:59:49.566391+00:00 [None]>, dependency 'Trigger Rule' FAILED: Task's trigger rule 'all_success' requires all upstream tasks to have succeeded, but found 1 non-success(es). upstream_states=_UpstreamTIStates(success=0, skipped=0, failed=0, upstream_failed=0, removed=0, done=0), upstream_task_ids={'split_btcusdt'}
[2024-10-18T18:59:55.661+0000] {taskinstance.py:1112} DEBUG - <TaskInstance: btcusdt_data_ingestion.ingest_btcusdt manual__2024-10-18T18:59:49.566391+00:00 [None]> dependency 'Not In Retry Period' PASSED: True, The task instance was not marked for retrying.
[2024-10-18T18:59:55.669+0000] {taskinstance.py:2651} INFO - 1 downstream tasks scheduled from follow-on schedule check
