[2024-10-18T17:19:21.256+0000] {taskinstance.py:1037} DEBUG - previous_execution_date was called
[2024-10-18T17:19:21.285+0000] {__init__.py:51} DEBUG - Loading core task runner: StandardTaskRunner
[2024-10-18T17:19:21.303+0000] {taskinstance.py:1037} DEBUG - previous_execution_date was called
[2024-10-18T17:19:21.314+0000] {base_task_runner.py:68} DEBUG - Planning to run as the  user
[2024-10-18T17:19:21.317+0000] {taskinstance.py:789} DEBUG - Refreshing TaskInstance <TaskInstance: btcusdt_data_ingestion.delete_btcusdt manual__2024-10-18T17:19:13.185064+00:00 [queued]> from DB
[2024-10-18T17:19:21.343+0000] {taskinstance.py:1112} DEBUG - <TaskInstance: btcusdt_data_ingestion.delete_btcusdt manual__2024-10-18T17:19:13.185064+00:00 [queued]> dependency 'Task Instance State' PASSED: True, Task state queued was valid.
[2024-10-18T17:19:21.344+0000] {taskinstance.py:1112} DEBUG - <TaskInstance: btcusdt_data_ingestion.delete_btcusdt manual__2024-10-18T17:19:13.185064+00:00 [queued]> dependency 'Previous Dagrun State' PASSED: True, The task did not have depends_on_past set.
[2024-10-18T17:19:21.344+0000] {taskinstance.py:1112} DEBUG - <TaskInstance: btcusdt_data_ingestion.delete_btcusdt manual__2024-10-18T17:19:13.185064+00:00 [queued]> dependency 'Task Instance Not Running' PASSED: True, Task is not in running state.
[2024-10-18T17:19:21.357+0000] {taskinstance.py:1112} DEBUG - <TaskInstance: btcusdt_data_ingestion.delete_btcusdt manual__2024-10-18T17:19:13.185064+00:00 [queued]> dependency 'Not In Retry Period' PASSED: True, The task instance was not marked for retrying.
[2024-10-18T17:19:21.358+0000] {taskinstance.py:1103} INFO - Dependencies all met for dep_context=non-requeueable deps ti=<TaskInstance: btcusdt_data_ingestion.delete_btcusdt manual__2024-10-18T17:19:13.185064+00:00 [queued]>
[2024-10-18T17:19:21.358+0000] {taskinstance.py:1112} DEBUG - <TaskInstance: btcusdt_data_ingestion.delete_btcusdt manual__2024-10-18T17:19:13.185064+00:00 [queued]> dependency 'Task Concurrency' PASSED: True, Task concurrency is not set.
[2024-10-18T17:19:21.358+0000] {taskinstance.py:1112} DEBUG - <TaskInstance: btcusdt_data_ingestion.delete_btcusdt manual__2024-10-18T17:19:13.185064+00:00 [queued]> dependency 'Previous Dagrun State' PASSED: True, The task did not have depends_on_past set.
[2024-10-18T17:19:21.364+0000] {taskinstance.py:1112} DEBUG - <TaskInstance: btcusdt_data_ingestion.delete_btcusdt manual__2024-10-18T17:19:13.185064+00:00 [queued]> dependency 'Not In Retry Period' PASSED: True, The task instance was not marked for retrying.
[2024-10-18T17:19:21.371+0000] {taskinstance.py:1112} DEBUG - <TaskInstance: btcusdt_data_ingestion.delete_btcusdt manual__2024-10-18T17:19:13.185064+00:00 [queued]> dependency 'Pool Slots Available' PASSED: True, There are enough open slots in default_pool to execute the task
[2024-10-18T17:19:21.371+0000] {taskinstance.py:1103} INFO - Dependencies all met for dep_context=requeueable deps ti=<TaskInstance: btcusdt_data_ingestion.delete_btcusdt manual__2024-10-18T17:19:13.185064+00:00 [queued]>
[2024-10-18T17:19:21.371+0000] {taskinstance.py:1308} INFO - Starting attempt 1 of 2
[2024-10-18T17:19:21.391+0000] {taskinstance.py:1327} INFO - Executing <Task(PythonOperator): delete_btcusdt> on 2024-10-18 17:19:13.185064+00:00
[2024-10-18T17:19:21.396+0000] {standard_task_runner.py:57} INFO - Started process 19212 to run task
[2024-10-18T17:19:21.424+0000] {standard_task_runner.py:84} INFO - Running: ['airflow', 'tasks', 'run', 'btcusdt_data_ingestion', 'delete_btcusdt', 'manual__2024-10-18T17:19:13.185064+00:00', '--job-id', '117', '--raw', '--subdir', 'DAGS_FOLDER/ingest_btcusdt_data.py', '--cfg-path', '/tmp/tmp7t2kvqbo']
[2024-10-18T17:19:21.440+0000] {standard_task_runner.py:85} INFO - Job 117: Subtask delete_btcusdt
[2024-10-18T17:19:21.443+0000] {cli_action_loggers.py:65} DEBUG - Calling callbacks: [<function default_action_log at 0x7f7ca9505550>]
[2024-10-18T17:19:21.573+0000] {taskinstance.py:1037} DEBUG - previous_execution_date was called
[2024-10-18T17:19:21.582+0000] {task_command.py:410} INFO - Running <TaskInstance: btcusdt_data_ingestion.delete_btcusdt manual__2024-10-18T17:19:13.185064+00:00 [running]> on host 888d2c584607
[2024-10-18T17:19:21.583+0000] {settings.py:353} DEBUG - Disposing DB connection pool (PID 19212)
[2024-10-18T17:19:21.584+0000] {settings.py:212} DEBUG - Setting up DB connection pool (PID 19212)
[2024-10-18T17:19:21.584+0000] {settings.py:285} DEBUG - settings.prepare_engine_args(): Using NullPool
[2024-10-18T17:19:21.586+0000] {taskinstance.py:789} DEBUG - Refreshing TaskInstance <TaskInstance: btcusdt_data_ingestion.delete_btcusdt manual__2024-10-18T17:19:13.185064+00:00 [running]> from DB
[2024-10-18T17:19:21.632+0000] {taskinstance.py:1037} DEBUG - previous_execution_date was called
[2024-10-18T17:19:21.644+0000] {taskinstance.py:868} DEBUG - Clearing XCom data
[2024-10-18T17:19:21.695+0000] {retries.py:80} DEBUG - Running RenderedTaskInstanceFields._do_delete_old_records with retries. Try 1 of 3
[2024-10-18T17:19:21.714+0000] {taskinstance.py:1545} INFO - Exporting env vars: AIRFLOW_CTX_DAG_OWNER='airflow' AIRFLOW_CTX_DAG_ID='btcusdt_data_ingestion' AIRFLOW_CTX_TASK_ID='delete_btcusdt' AIRFLOW_CTX_EXECUTION_DATE='2024-10-18T17:19:13.185064+00:00' AIRFLOW_CTX_TRY_NUMBER='1' AIRFLOW_CTX_DAG_RUN_ID='manual__2024-10-18T17:19:13.185064+00:00'
[2024-10-18T17:19:21.715+0000] {__init__.py:117} DEBUG - Preparing lineage inlets and outlets
[2024-10-18T17:19:21.716+0000] {__init__.py:155} DEBUG - inlets: [], outlets: []
[2024-10-18T17:19:21.726+0000] {base.py:73} INFO - Using connection ID 'company_dw' for task execution.
[2024-10-18T17:19:21.733+0000] {python.py:183} INFO - Done. Returned value was: None
[2024-10-18T17:19:21.734+0000] {__init__.py:75} DEBUG - Lineage called with inlets: [], outlets: []
[2024-10-18T17:19:21.734+0000] {taskinstance.py:789} DEBUG - Refreshing TaskInstance <TaskInstance: btcusdt_data_ingestion.delete_btcusdt manual__2024-10-18T17:19:13.185064+00:00 [running]> from DB
[2024-10-18T17:19:21.751+0000] {taskinstance.py:1356} DEBUG - Clearing next_method and next_kwargs.
[2024-10-18T17:19:21.752+0000] {taskinstance.py:1345} INFO - Marking task as SUCCESS. dag_id=btcusdt_data_ingestion, task_id=delete_btcusdt, execution_date=20241018T171913, start_date=20241018T171921, end_date=20241018T171921
[2024-10-18T17:19:21.752+0000] {taskinstance.py:2305} DEBUG - Task Duration set to 0.393807
[2024-10-18T17:19:21.766+0000] {cli_action_loggers.py:83} DEBUG - Calling callbacks: []
[2024-10-18T17:19:21.799+0000] {local_task_job_runner.py:225} INFO - Task exited with return code 0
[2024-10-18T17:19:21.830+0000] {dagrun.py:697} DEBUG - number of tis tasks for <DagRun btcusdt_data_ingestion @ 2024-10-18 17:19:13.185064+00:00: manual__2024-10-18T17:19:13.185064+00:00, state:running, queued_at: 2024-10-18 17:19:13.201739+00:00. externally triggered: True>: 2 task(s)
[2024-10-18T17:19:21.830+0000] {dagrun.py:718} DEBUG - number of scheduleable tasks for <DagRun btcusdt_data_ingestion @ 2024-10-18 17:19:13.185064+00:00: manual__2024-10-18T17:19:13.185064+00:00, state:running, queued_at: 2024-10-18 17:19:13.201739+00:00. externally triggered: True>: 1 task(s)
[2024-10-18T17:19:21.831+0000] {taskinstance.py:1112} DEBUG - <TaskInstance: btcusdt_data_ingestion.ingest_btcusdt manual__2024-10-18T17:19:13.185064+00:00 [None]> dependency 'Previous Dagrun State' PASSED: True, The task did not have depends_on_past set.
[2024-10-18T17:19:21.831+0000] {taskinstance.py:1112} DEBUG - <TaskInstance: btcusdt_data_ingestion.ingest_btcusdt manual__2024-10-18T17:19:13.185064+00:00 [None]> dependency 'Not In Retry Period' PASSED: True, The task instance was not marked for retrying.
[2024-10-18T17:19:21.832+0000] {taskinstance.py:1103} DEBUG - Dependencies all met for dep_context=None ti=<TaskInstance: btcusdt_data_ingestion.ingest_btcusdt manual__2024-10-18T17:19:13.185064+00:00 [None]>
[2024-10-18T17:19:21.835+0000] {taskinstance.py:2651} INFO - 1 downstream tasks scheduled from follow-on schedule check
